2022-04-29 21:04:11.288839: I tensorflow/core/platform/cpu_feature_guard.cc:137] Your CPU supports instructions that this TensorFlow binary was not compiled to use: SSE4.1 SSE4.2 AVX AVX2 FMA
2022-04-29 21:04:11.564096: I tensorflow/core/common_runtime/gpu/gpu_device.cc:1105] Found device 0 with properties: 
name: NVIDIA GeForce GTX 1080 major: 6 minor: 1 memoryClockRate(GHz): 1.797
pciBusID: 0000:83:00.0
totalMemory: 7.93GiB freeMemory: 7.82GiB
2022-04-29 21:04:11.564153: I tensorflow/core/common_runtime/gpu/gpu_device.cc:1195] Creating TensorFlow device (/device:GPU:0) -> (device: 0, name: NVIDIA GeForce GTX 1080, pci bus id: 0000:83:00.0, compute capability: 6.1)
hidden_units:128
item_emb(graph):False
gnn_layer:4
gnn_method:gcn_att4_rn
gcl:False
gcl_ran_num:3000
gcl_w:1.0
user_emb:False
gnn_user_emb:False
gcl_user_emb:False
start constructing adjcent table
loading adjcent table from adj folder
ready
128
logloss: 0.8473	 test_gauc: 0.4783	 test_auc: 0.4926
Epoch 0 Global_step 1000	Train_loss: 0.6518	Trainlogloss: 0.6518	logloss: 0.6156	Eval_GAUC: 0.7184	Eval_AUC: 0.7208	Inference_time: 37.8924
Epoch 0 Global_step 2000	Train_loss: 0.6090	Trainlogloss: 0.6090	logloss: 0.5933	Eval_GAUC: 0.7363	Eval_AUC: 0.7454	Inference_time: 38.6303
Epoch 0 Global_step 3000	Train_loss: 0.5917	Trainlogloss: 0.5917	logloss: 0.5735	Eval_GAUC: 0.7545	Eval_AUC: 0.7658	Inference_time: 44.9791
Epoch 0 Global_step 4000	Train_loss: 0.5721	Trainlogloss: 0.5721	logloss: 0.5585	Eval_GAUC: 0.7670	Eval_AUC: 0.7805	Inference_time: 43.9618
Epoch 0 Global_step 5000	Train_loss: 0.5551	Trainlogloss: 0.5551	logloss: 0.5477	Eval_GAUC: 0.7758	Eval_AUC: 0.7915	Inference_time: 39.5055
Epoch 0 Global_step 6000	Train_loss: 0.5438	Trainlogloss: 0.5438	logloss: 0.5441	Eval_GAUC: 0.7797	Eval_AUC: 0.7950	Inference_time: 43.7494
Epoch 0 Global_step 7000	Train_loss: 0.5442	Trainlogloss: 0.5442	logloss: 0.5434	Eval_GAUC: 0.7841	Eval_AUC: 0.8001	Inference_time: 40.9799
Epoch 0 Global_step 8000	Train_loss: 0.5341	Trainlogloss: 0.5341	logloss: 0.5362	Eval_GAUC: 0.7875	Eval_AUC: 0.8036	Inference_time: 43.7518
Epoch 0 Global_step 9000	Train_loss: 0.5312	Trainlogloss: 0.5312	logloss: 0.5336	Eval_GAUC: 0.7911	Eval_AUC: 0.8067	Inference_time: 45.6284
Epoch 0 Global_step 10000	Train_loss: 0.5295	Trainlogloss: 0.5295	logloss: 0.5295	Eval_GAUC: 0.7942	Eval_AUC: 0.8125	Inference_time: 40.4706
Epoch 0 Global_step 11000	Train_loss: 0.5230	Trainlogloss: 0.5230	logloss: 0.5220	Eval_GAUC: 0.7969	Eval_AUC: 0.8162	Inference_time: 45.6611
Epoch 0 Global_step 12000	Train_loss: 0.5163	Trainlogloss: 0.5163	logloss: 0.5266	Eval_GAUC: 0.7949	Eval_AUC: 0.8136	Inference_time: 34.2867
Epoch 0 Global_step 13000	Train_loss: 0.5212	Trainlogloss: 0.5212	logloss: 0.5193	Eval_GAUC: 0.8000	Eval_AUC: 0.8191	Inference_time: 45.3009
Epoch 0 Global_step 14000	Train_loss: 0.5161	Trainlogloss: 0.5161	logloss: 0.5170	Eval_GAUC: 0.8024	Eval_AUC: 0.8214	Inference_time: 46.2500
Epoch 0 Global_step 15000	Train_loss: 0.5099	Trainlogloss: 0.5099	logloss: 0.5154	Eval_GAUC: 0.8049	Eval_AUC: 0.8236	Inference_time: 47.3642
Epoch 0 Global_step 16000	Train_loss: 0.5089	Trainlogloss: 0.5089	logloss: 0.5120	Eval_GAUC: 0.8061	Eval_AUC: 0.8255	Inference_time: 43.2101
Epoch 0 Global_step 17000	Train_loss: 0.5041	Trainlogloss: 0.5041	logloss: 0.5159	Eval_GAUC: 0.8073	Eval_AUC: 0.8252	Inference_time: 46.1196
Epoch 0 Global_step 18000	Train_loss: 0.5082	Trainlogloss: 0.5082	logloss: 0.5072	Eval_GAUC: 0.8095	Eval_AUC: 0.8287	Inference_time: 48.8102
Epoch 0 Global_step 19000	Train_loss: 0.5016	Trainlogloss: 0.5016	logloss: 0.5124	Eval_GAUC: 0.8090	Eval_AUC: 0.8285	Inference_time: 33.9931
Epoch 0 Global_step 20000	Train_loss: 0.4997	Trainlogloss: 0.4997	logloss: 0.5062	Eval_GAUC: 0.8124	Eval_AUC: 0.8310	Inference_time: 48.2163
Epoch 0 Global_step 21000	Train_loss: 0.5015	Trainlogloss: 0.5015	logloss: 0.5060	Eval_GAUC: 0.8120	Eval_AUC: 0.8306	Inference_time: 33.5238
Epoch 0 Global_step 22000	Train_loss: 0.4952	Trainlogloss: 0.4952	logloss: 0.5051	Eval_GAUC: 0.8132	Eval_AUC: 0.8331	Inference_time: 49.2940
Epoch 0 Global_step 23000	Train_loss: 0.4932	Trainlogloss: 0.4932	logloss: 0.5053	Eval_GAUC: 0.8144	Eval_AUC: 0.8346	Inference_time: 53.2817
Epoch 0 Global_step 24000	Train_loss: 0.4929	Trainlogloss: 0.4929	logloss: 0.5075	Eval_GAUC: 0.8145	Eval_AUC: 0.8343	Inference_time: 44.6114
Epoch 0 Global_step 25000	Train_loss: 0.4904	Trainlogloss: 0.4904	logloss: 0.5028	Eval_GAUC: 0.8177	Eval_AUC: 0.8363	Inference_time: 49.5269
Epoch 0 Global_step 26000	Train_loss: 0.4872	Trainlogloss: 0.4872	logloss: 0.4991	Eval_GAUC: 0.8183	Eval_AUC: 0.8366	Inference_time: 52.1362
Epoch 0 Global_step 27000	Train_loss: 0.4911	Trainlogloss: 0.4911	logloss: 0.5002	Eval_GAUC: 0.8184	Eval_AUC: 0.8365	Inference_time: 49.7404
Epoch 0 Global_step 28000	Train_loss: 0.4879	Trainlogloss: 0.4879	logloss: 0.4985	Eval_GAUC: 0.8193	Eval_AUC: 0.8368	Inference_time: 50.0720
Epoch 0 Global_step 29000	Train_loss: 0.4871	Trainlogloss: 0.4871	logloss: 0.4971	Eval_GAUC: 0.8207	Eval_AUC: 0.8387	Inference_time: 45.9757
Epoch 0 Global_step 30000	Train_loss: 0.4904	Trainlogloss: 0.4904	logloss: 0.4946	Eval_GAUC: 0.8218	Eval_AUC: 0.8387	Inference_time: 54.5129
Epoch 0 Global_step 31000	Train_loss: 0.4867	Trainlogloss: 0.4867	logloss: 0.4972	Eval_GAUC: 0.8231	Eval_AUC: 0.8396	Inference_time: 50.2887
Epoch 0 Global_step 32000	Train_loss: 0.4791	Trainlogloss: 0.4791	logloss: 0.4958	Eval_GAUC: 0.8233	Eval_AUC: 0.8397	Inference_time: 51.0836
Epoch 0 Global_step 33000	Train_loss: 0.4786	Trainlogloss: 0.4786	logloss: 0.4910	Eval_GAUC: 0.8242	Eval_AUC: 0.8420	Inference_time: 51.5464
Epoch 0 Global_step 34000	Train_loss: 0.4854	Trainlogloss: 0.4854	logloss: 0.4910	Eval_GAUC: 0.8249	Eval_AUC: 0.8423	Inference_time: 51.6507
Epoch 0 Global_step 35000	Train_loss: 0.4811	Trainlogloss: 0.4811	logloss: 0.4936	Eval_GAUC: 0.8246	Eval_AUC: 0.8422	Inference_time: 34.1579
Epoch 0 Global_step 36000	Train_loss: 0.4765	Trainlogloss: 0.4765	logloss: 0.4909	Eval_GAUC: 0.8245	Eval_AUC: 0.8423	Inference_time: 33.7441
Epoch 0 Global_step 37000	Train_loss: 0.4800	Trainlogloss: 0.4800	logloss: 0.4870	Eval_GAUC: 0.8271	Eval_AUC: 0.8445	Inference_time: 55.7044
Epoch 0 Global_step 38000	Train_loss: 0.4742	Trainlogloss: 0.4742	logloss: 0.4881	Eval_GAUC: 0.8284	Eval_AUC: 0.8454	Inference_time: 51.5652
Epoch 0 Global_step 39000	Train_loss: 0.4764	Trainlogloss: 0.4764	logloss: 0.4852	Eval_GAUC: 0.8290	Eval_AUC: 0.8463	Inference_time: 52.9229
Epoch 0 Global_step 40000	Train_loss: 0.4787	Trainlogloss: 0.4787	logloss: 0.4873	Eval_GAUC: 0.8288	Eval_AUC: 0.8447	Inference_time: 33.9618
Epoch 0 Global_step 41000	Train_loss: 0.4721	Trainlogloss: 0.4721	logloss: 0.4848	Eval_GAUC: 0.8304	Eval_AUC: 0.8471	Inference_time: 52.7096
Epoch 0 Global_step 42000	Train_loss: 0.4709	Trainlogloss: 0.4709	logloss: 0.4870	Eval_GAUC: 0.8308	Eval_AUC: 0.8456	Inference_time: 52.9667
Epoch 0 Global_step 43000	Train_loss: 0.4715	Trainlogloss: 0.4715	logloss: 0.4870	Eval_GAUC: 0.8323	Eval_AUC: 0.8491	Inference_time: 56.4070
Epoch 0 Global_step 44000	Train_loss: 0.4738	Trainlogloss: 0.4738	logloss: 0.4833	Eval_GAUC: 0.8320	Eval_AUC: 0.8479	Inference_time: 33.6044
Epoch 0 Global_step 45000	Train_loss: 0.4709	Trainlogloss: 0.4709	logloss: 0.4823	Eval_GAUC: 0.8330	Eval_AUC: 0.8487	Inference_time: 53.8397
Epoch 0 Global_step 46000	Train_loss: 0.4673	Trainlogloss: 0.4673	logloss: 0.4811	Eval_GAUC: 0.8336	Eval_AUC: 0.8499	Inference_time: 57.2337
Epoch 0 Global_step 47000	Train_loss: 0.4664	Trainlogloss: 0.4664	logloss: 0.4827	Eval_GAUC: 0.8324	Eval_AUC: 0.8494	Inference_time: 33.7524
Epoch 0 Global_step 48000	Train_loss: 0.4733	Trainlogloss: 0.4733	logloss: 0.4791	Eval_GAUC: 0.8352	Eval_AUC: 0.8508	Inference_time: 54.6962
Epoch 0 Global_step 49000	Train_loss: 0.4694	Trainlogloss: 0.4694	logloss: 0.4784	Eval_GAUC: 0.8362	Eval_AUC: 0.8510	Inference_time: 54.3564
Epoch 0 Global_step 50000	Train_loss: 0.4685	Trainlogloss: 0.4685	logloss: 0.4777	Eval_GAUC: 0.8367	Eval_AUC: 0.8519	Inference_time: 58.4563
Epoch 0 Global_step 51000	Train_loss: 0.4626	Trainlogloss: 0.4626	logloss: 0.4761	Eval_GAUC: 0.8380	Eval_AUC: 0.8535	Inference_time: 55.9209
Epoch 0 Global_step 52000	Train_loss: 0.4635	Trainlogloss: 0.4635	logloss: 0.4750	Eval_GAUC: 0.8382	Eval_AUC: 0.8535	Inference_time: 57.9371
Epoch 0 Global_step 53000	Train_loss: 0.4608	Trainlogloss: 0.4608	logloss: 0.4788	Eval_GAUC: 0.8370	Eval_AUC: 0.8526	Inference_time: 33.3413
Epoch 0 Global_step 54000	Train_loss: 0.4632	Trainlogloss: 0.4632	logloss: 0.4763	Eval_GAUC: 0.8396	Eval_AUC: 0.8544	Inference_time: 59.0739
Epoch 0 Global_step 55000	Train_loss: 0.4628	Trainlogloss: 0.4628	logloss: 0.4753	Eval_GAUC: 0.8404	Eval_AUC: 0.8553	Inference_time: 55.9121
Epoch 0 Global_step 56000	Train_loss: 0.4620	Trainlogloss: 0.4620	logloss: 0.4755	Eval_GAUC: 0.8395	Eval_AUC: 0.8544	Inference_time: 33.7092
Epoch 0 Global_step 57000	Train_loss: 0.4644	Trainlogloss: 0.4644	logloss: 0.4734	Eval_GAUC: 0.8415	Eval_AUC: 0.8565	Inference_time: 58.7649
Epoch 0 Global_step 58000	Train_loss: 0.4568	Trainlogloss: 0.4568	logloss: 0.4740	Eval_GAUC: 0.8396	Eval_AUC: 0.8552	Inference_time: 32.6652
Epoch 0 Global_step 59000	Train_loss: 0.4578	Trainlogloss: 0.4578	logloss: 0.4750	Eval_GAUC: 0.8399	Eval_AUC: 0.8556	Inference_time: 33.0581
Epoch 0 Global_step 60000	Train_loss: 0.4586	Trainlogloss: 0.4586	logloss: 0.4702	Eval_GAUC: 0.8431	Eval_AUC: 0.8581	Inference_time: 58.2816
Epoch 0 Global_step 61000	Train_loss: 0.4567	Trainlogloss: 0.4567	logloss: 0.4724	Eval_GAUC: 0.8413	Eval_AUC: 0.8562	Inference_time: 33.3872
Epoch 0 Global_step 62000	Train_loss: 0.4543	Trainlogloss: 0.4543	logloss: 0.4765	Eval_GAUC: 0.8428	Eval_AUC: 0.8572	Inference_time: 33.6337
Epoch 0 Global_step 63000	Train_loss: 0.4582	Trainlogloss: 0.4582	logloss: 0.4672	Eval_GAUC: 0.8451	Eval_AUC: 0.8594	Inference_time: 61.0578
Epoch 0 Global_step 64000	Train_loss: 0.4566	Trainlogloss: 0.4566	logloss: 0.4662	Eval_GAUC: 0.8450	Eval_AUC: 0.8594	Inference_time: 33.8180
Epoch 0 Global_step 65000	Train_loss: 0.4517	Trainlogloss: 0.4517	logloss: 0.4677	Eval_GAUC: 0.8455	Eval_AUC: 0.8597	Inference_time: 60.5626
Epoch 0 Global_step 66000	Train_loss: 0.4497	Trainlogloss: 0.4497	logloss: 0.4674	Eval_GAUC: 0.8468	Eval_AUC: 0.8611	Inference_time: 57.7173
Epoch 0 Global_step 67000	Train_loss: 0.4528	Trainlogloss: 0.4528	logloss: 0.4669	Eval_GAUC: 0.8467	Eval_AUC: 0.8609	Inference_time: 33.6826
Epoch 0 Global_step 68000	Train_loss: 0.4517	Trainlogloss: 0.4517	logloss: 0.4657	Eval_GAUC: 0.8467	Eval_AUC: 0.8605	Inference_time: 38.9053
Epoch 0 Global_step 69000	Train_loss: 0.4483	Trainlogloss: 0.4483	logloss: 0.4682	Eval_GAUC: 0.8476	Eval_AUC: 0.8622	Inference_time: 58.0767
Epoch 0 Global_step 70000	Train_loss: 0.4534	Trainlogloss: 0.4534	logloss: 0.4648	Eval_GAUC: 0.8486	Eval_AUC: 0.8629	Inference_time: 62.3292
Epoch 0 Global_step 71000	Train_loss: 0.4536	Trainlogloss: 0.4536	logloss: 0.4612	Eval_GAUC: 0.8481	Eval_AUC: 0.8628	Inference_time: 34.5499
Epoch 0 Global_step 72000	Train_loss: 0.4520	Trainlogloss: 0.4520	logloss: 0.4619	Eval_GAUC: 0.8488	Eval_AUC: 0.8628	Inference_time: 56.9211
Epoch 0 Global_step 73000	Train_loss: 0.4513	Trainlogloss: 0.4513	logloss: 0.4606	Eval_GAUC: 0.8501	Eval_AUC: 0.8634	Inference_time: 65.5133
Epoch 0 Global_step 74000	Train_loss: 0.4477	Trainlogloss: 0.4477	logloss: 0.4596	Eval_GAUC: 0.8509	Eval_AUC: 0.8647	Inference_time: 63.2630
Epoch 0 Global_step 75000	Train_loss: 0.4493	Trainlogloss: 0.4493	logloss: 0.4596	Eval_GAUC: 0.8501	Eval_AUC: 0.8639	Inference_time: 33.6804
Epoch 0 Global_step 76000	Train_loss: 0.4423	Trainlogloss: 0.4423	logloss: 0.4609	Eval_GAUC: 0.8510	Eval_AUC: 0.8650	Inference_time: 69.3744
Epoch 0 Global_step 77000	Train_loss: 0.4460	Trainlogloss: 0.4460	logloss: 0.4582	Eval_GAUC: 0.8503	Eval_AUC: 0.8644	Inference_time: 33.7505
Epoch 0 Global_step 78000	Train_loss: 0.4435	Trainlogloss: 0.4435	logloss: 0.4579	Eval_GAUC: 0.8508	Eval_AUC: 0.8649	Inference_time: 34.6011
Epoch 0 Global_step 79000	Train_loss: 0.4418	Trainlogloss: 0.4418	logloss: 0.4584	Eval_GAUC: 0.8508	Eval_AUC: 0.8649	Inference_time: 33.8386
Epoch 0 Global_step 80000	Train_loss: 0.4403	Trainlogloss: 0.4403	logloss: 0.4552	Eval_GAUC: 0.8531	Eval_AUC: 0.8670	Inference_time: 62.9381
Epoch 0 Global_step 81000	Train_loss: 0.4417	Trainlogloss: 0.4417	logloss: 0.4589	Eval_GAUC: 0.8527	Eval_AUC: 0.8662	Inference_time: 39.2014
Epoch 0 Global_step 82000	Train_loss: 0.4418	Trainlogloss: 0.4418	logloss: 0.4562	Eval_GAUC: 0.8530	Eval_AUC: 0.8668	Inference_time: 33.9091
Epoch 0 Global_step 83000	Train_loss: 0.4405	Trainlogloss: 0.4405	logloss: 0.4561	Eval_GAUC: 0.8546	Eval_AUC: 0.8681	Inference_time: 69.7494
Epoch 0 Global_step 84000	Train_loss: 0.4377	Trainlogloss: 0.4377	logloss: 0.4573	Eval_GAUC: 0.8533	Eval_AUC: 0.8665	Inference_time: 34.0159
Epoch 0 Global_step 85000	Train_loss: 0.4353	Trainlogloss: 0.4353	logloss: 0.4538	Eval_GAUC: 0.8550	Eval_AUC: 0.8690	Inference_time: 61.9144
Epoch 0 Global_step 86000	Train_loss: 0.4388	Trainlogloss: 0.4388	logloss: 0.4534	Eval_GAUC: 0.8562	Eval_AUC: 0.8689	Inference_time: 64.6115
Epoch 0 Global_step 87000	Train_loss: 0.4395	Trainlogloss: 0.4395	logloss: 0.4499	Eval_GAUC: 0.8565	Eval_AUC: 0.8702	Inference_time: 61.2249
Epoch 0 Global_step 88000	Train_loss: 0.4320	Trainlogloss: 0.4320	logloss: 0.4501	Eval_GAUC: 0.8568	Eval_AUC: 0.8705	Inference_time: 63.9840
Epoch 0 Global_step 89000	Train_loss: 0.4357	Trainlogloss: 0.4357	logloss: 0.4485	Eval_GAUC: 0.8586	Eval_AUC: 0.8715	Inference_time: 65.4591
Epoch 0 Global_step 90000	Train_loss: 0.4354	Trainlogloss: 0.4354	logloss: 0.4542	Eval_GAUC: 0.8563	Eval_AUC: 0.8685	Inference_time: 34.0462
Epoch 0 DONE	Cost time: 58123.03
Epoch 1 Global_step 91000	Train_loss: 0.1581	Trainlogloss: 0.1581	logloss: 0.4582	Eval_GAUC: 0.8567	Eval_AUC: 0.8706	Inference_time: 34.5730
Epoch 1 Global_step 92000	Train_loss: 0.3939	Trainlogloss: 0.3939	logloss: 0.4543	Eval_GAUC: 0.8570	Eval_AUC: 0.8699	Inference_time: 33.5937
Epoch 1 Global_step 93000	Train_loss: 0.4010	Trainlogloss: 0.4010	logloss: 0.4514	Eval_GAUC: 0.8589	Eval_AUC: 0.8732	Inference_time: 66.6528
Epoch 1 Global_step 94000	Train_loss: 0.3938	Trainlogloss: 0.3938	logloss: 0.4542	Eval_GAUC: 0.8578	Eval_AUC: 0.8719	Inference_time: 33.9590
Epoch 1 Global_step 95000	Train_loss: 0.4021	Trainlogloss: 0.4021	logloss: 0.4556	Eval_GAUC: 0.8569	Eval_AUC: 0.8702	Inference_time: 34.4672
Epoch 1 Global_step 96000	Train_loss: 0.4002	Trainlogloss: 0.4002	logloss: 0.4511	Eval_GAUC: 0.8589	Eval_AUC: 0.8714	Inference_time: 38.6507
Epoch 1 Global_step 97000	Train_loss: 0.3997	Trainlogloss: 0.3997	logloss: 0.4479	Eval_GAUC: 0.8591	Eval_AUC: 0.8725	Inference_time: 64.3098
Epoch 1 Global_step 98000	Train_loss: 0.3935	Trainlogloss: 0.3935	logloss: 0.4543	Eval_GAUC: 0.8577	Eval_AUC: 0.8712	Inference_time: 40.3476
Epoch 1 Global_step 99000	Train_loss: 0.3997	Trainlogloss: 0.3997	logloss: 0.4514	Eval_GAUC: 0.8597	Eval_AUC: 0.8723	Inference_time: 68.6575
Epoch 1 Global_step 100000	Train_loss: 0.4002	Trainlogloss: 0.4002	logloss: 0.4534	Eval_GAUC: 0.8604	Eval_AUC: 0.8724	Inference_time: 65.8321
Epoch 1 Global_step 101000	Train_loss: 0.4042	Trainlogloss: 0.4042	logloss: 0.4492	Eval_GAUC: 0.8596	Eval_AUC: 0.8732	Inference_time: 33.4054
Epoch 1 Global_step 102000	Train_loss: 0.3951	Trainlogloss: 0.3951	logloss: 0.4481	Eval_GAUC: 0.8617	Eval_AUC: 0.8743	Inference_time: 66.8003
Epoch 1 Global_step 103000	Train_loss: 0.4061	Trainlogloss: 0.4061	logloss: 0.4438	Eval_GAUC: 0.8621	Eval_AUC: 0.8753	Inference_time: 67.8113
Epoch 1 Global_step 104000	Train_loss: 0.3982	Trainlogloss: 0.3982	logloss: 0.4502	Eval_GAUC: 0.8619	Eval_AUC: 0.8744	Inference_time: 33.9041
Epoch 1 Global_step 105000	Train_loss: 0.3948	Trainlogloss: 0.3948	logloss: 0.4474	Eval_GAUC: 0.8617	Eval_AUC: 0.8743	Inference_time: 33.5174
Epoch 1 Global_step 106000	Train_loss: 0.3935	Trainlogloss: 0.3935	logloss: 0.4496	Eval_GAUC: 0.8613	Eval_AUC: 0.8733	Inference_time: 33.9842
Epoch 1 Global_step 107000	Train_loss: 0.3956	Trainlogloss: 0.3956	logloss: 0.4499	Eval_GAUC: 0.8610	Eval_AUC: 0.8737	Inference_time: 33.5793
Epoch 1 Global_step 108000	Train_loss: 0.3955	Trainlogloss: 0.3955	logloss: 0.4471	Eval_GAUC: 0.8613	Eval_AUC: 0.8737	Inference_time: 33.9439
Epoch 1 Global_step 109000	Train_loss: 0.4036	Trainlogloss: 0.4036	logloss: 0.4513	Eval_GAUC: 0.8616	Eval_AUC: 0.8750	Inference_time: 33.6169
Epoch 1 Global_step 110000	Train_loss: 0.3973	Trainlogloss: 0.3973	logloss: 0.4506	Eval_GAUC: 0.8602	Eval_AUC: 0.8734	Inference_time: 33.7304
Epoch 1 Global_step 111000	Train_loss: 0.3978	Trainlogloss: 0.3978	logloss: 0.4505	Eval_GAUC: 0.8623	Eval_AUC: 0.8742	Inference_time: 68.7047
Epoch 1 Global_step 112000	Train_loss: 0.3975	Trainlogloss: 0.3975	logloss: 0.4419	Eval_GAUC: 0.8646	Eval_AUC: 0.8773	Inference_time: 68.0420
Epoch 1 Global_step 113000	Train_loss: 0.3980	Trainlogloss: 0.3980	logloss: 0.4423	Eval_GAUC: 0.8647	Eval_AUC: 0.8774	Inference_time: 68.2368
Epoch 1 Global_step 114000	Train_loss: 0.4005	Trainlogloss: 0.4005	logloss: 0.4422	Eval_GAUC: 0.8642	Eval_AUC: 0.8771	Inference_time: 33.9852
Epoch 1 Global_step 115000	Train_loss: 0.3964	Trainlogloss: 0.3964	logloss: 0.4483	Eval_GAUC: 0.8638	Eval_AUC: 0.8762	Inference_time: 33.7422
Epoch 1 Global_step 116000	Train_loss: 0.3994	Trainlogloss: 0.3994	logloss: 0.4409	Eval_GAUC: 0.8638	Eval_AUC: 0.8767	Inference_time: 33.9744
Epoch 1 Global_step 117000	Train_loss: 0.3991	Trainlogloss: 0.3991	logloss: 0.4413	Eval_GAUC: 0.8654	Eval_AUC: 0.8782	Inference_time: 68.2554
Epoch 1 Global_step 118000	Train_loss: 0.3927	Trainlogloss: 0.3927	logloss: 0.4447	Eval_GAUC: 0.8645	Eval_AUC: 0.8760	Inference_time: 33.8454
Epoch 1 Global_step 119000	Train_loss: 0.3947	Trainlogloss: 0.3947	logloss: 0.4512	Eval_GAUC: 0.8641	Eval_AUC: 0.8770	Inference_time: 33.5604
Epoch 1 Global_step 120000	Train_loss: 0.3989	Trainlogloss: 0.3989	logloss: 0.4381	Eval_GAUC: 0.8667	Eval_AUC: 0.8792	Inference_time: 69.9755
Epoch 1 Global_step 121000	Train_loss: 0.3937	Trainlogloss: 0.3937	logloss: 0.4418	Eval_GAUC: 0.8657	Eval_AUC: 0.8782	Inference_time: 33.3833
Epoch 1 Global_step 122000	Train_loss: 0.3974	Trainlogloss: 0.3974	logloss: 0.4390	Eval_GAUC: 0.8671	Eval_AUC: 0.8793	Inference_time: 67.7665
Epoch 1 Global_step 123000	Train_loss: 0.3922	Trainlogloss: 0.3922	logloss: 0.4442	Eval_GAUC: 0.8655	Eval_AUC: 0.8779	Inference_time: 33.5083
Epoch 1 Global_step 124000	Train_loss: 0.3939	Trainlogloss: 0.3939	logloss: 0.4405	Eval_GAUC: 0.8669	Eval_AUC: 0.8794	Inference_time: 38.7835
Epoch 1 Global_step 125000	Train_loss: 0.3895	Trainlogloss: 0.3895	logloss: 0.4467	Eval_GAUC: 0.8663	Eval_AUC: 0.8789	Inference_time: 33.9831
Epoch 1 Global_step 126000	Train_loss: 0.3973	Trainlogloss: 0.3973	logloss: 0.4375	Eval_GAUC: 0.8666	Eval_AUC: 0.8790	Inference_time: 33.9695
Epoch 1 Global_step 127000	Train_loss: 0.3946	Trainlogloss: 0.3946	logloss: 0.4385	Eval_GAUC: 0.8672	Eval_AUC: 0.8799	Inference_time: 68.8298
Epoch 1 Global_step 128000	Train_loss: 0.3957	Trainlogloss: 0.3957	logloss: 0.4379	Eval_GAUC: 0.8670	Eval_AUC: 0.8795	Inference_time: 34.1963
Epoch 1 Global_step 129000	Train_loss: 0.3896	Trainlogloss: 0.3896	logloss: 0.4396	Eval_GAUC: 0.8692	Eval_AUC: 0.8808	Inference_time: 71.0208
Epoch 1 Global_step 130000	Train_loss: 0.3907	Trainlogloss: 0.3907	logloss: 0.4385	Eval_GAUC: 0.8672	Eval_AUC: 0.8790	Inference_time: 33.6250
Epoch 1 Global_step 131000	Train_loss: 0.3978	Trainlogloss: 0.3978	logloss: 0.4355	Eval_GAUC: 0.8692	Eval_AUC: 0.8812	Inference_time: 33.5738
Epoch 1 Global_step 132000	Train_loss: 0.3935	Trainlogloss: 0.3935	logloss: 0.4329	Eval_GAUC: 0.8705	Eval_AUC: 0.8828	Inference_time: 70.0256
Epoch 1 Global_step 133000	Train_loss: 0.3951	Trainlogloss: 0.3951	logloss: 0.4350	Eval_GAUC: 0.8693	Eval_AUC: 0.8817	Inference_time: 33.6720
Epoch 1 Global_step 134000	Train_loss: 0.3909	Trainlogloss: 0.3909	logloss: 0.4415	Eval_GAUC: 0.8682	Eval_AUC: 0.8797	Inference_time: 33.9474
Epoch 1 Global_step 135000	Train_loss: 0.3916	Trainlogloss: 0.3916	logloss: 0.4418	Eval_GAUC: 0.8676	Eval_AUC: 0.8793	Inference_time: 34.0297
Epoch 1 Global_step 136000	Train_loss: 0.3903	Trainlogloss: 0.3903	logloss: 0.4360	Eval_GAUC: 0.8690	Eval_AUC: 0.8811	Inference_time: 33.9126
Epoch 1 Global_step 137000	Train_loss: 0.3924	Trainlogloss: 0.3924	logloss: 0.4418	Eval_GAUC: 0.8689	Eval_AUC: 0.8815	Inference_time: 33.7356
Epoch 1 Global_step 138000	Train_loss: 0.3862	Trainlogloss: 0.3862	logloss: 0.4341	Eval_GAUC: 0.8707	Eval_AUC: 0.8827	Inference_time: 69.2843
Epoch 1 Global_step 139000	Train_loss: 0.3930	Trainlogloss: 0.3930	logloss: 0.4426	Eval_GAUC: 0.8687	Eval_AUC: 0.8818	Inference_time: 33.0726
Epoch 1 Global_step 140000	Train_loss: 0.3969	Trainlogloss: 0.3969	logloss: 0.4365	Eval_GAUC: 0.8689	Eval_AUC: 0.8809	Inference_time: 33.1973
Epoch 1 Global_step 141000	Train_loss: 0.3956	Trainlogloss: 0.3956	logloss: 0.4354	Eval_GAUC: 0.8699	Eval_AUC: 0.8823	Inference_time: 33.8083
Epoch 1 Global_step 142000	Train_loss: 0.3944	Trainlogloss: 0.3944	logloss: 0.4342	Eval_GAUC: 0.8712	Eval_AUC: 0.8838	Inference_time: 72.8183
Epoch 1 Global_step 143000	Train_loss: 0.3879	Trainlogloss: 0.3879	logloss: 0.4318	Eval_GAUC: 0.8724	Eval_AUC: 0.8847	Inference_time: 73.1719
Epoch 1 Global_step 144000	Train_loss: 0.3842	Trainlogloss: 0.3842	logloss: 0.4333	Eval_GAUC: 0.8720	Eval_AUC: 0.8837	Inference_time: 34.6936
Epoch 1 Global_step 145000	Train_loss: 0.3892	Trainlogloss: 0.3892	logloss: 0.4301	Eval_GAUC: 0.8726	Eval_AUC: 0.8851	Inference_time: 78.6288
Epoch 1 Global_step 146000	Train_loss: 0.3865	Trainlogloss: 0.3865	logloss: 0.4270	Eval_GAUC: 0.8741	Eval_AUC: 0.8860	Inference_time: 84.5615
Epoch 1 Global_step 147000	Train_loss: 0.3965	Trainlogloss: 0.3965	logloss: 0.4333	Eval_GAUC: 0.8721	Eval_AUC: 0.8837	Inference_time: 35.1073
Epoch 1 Global_step 148000	Train_loss: 0.3885	Trainlogloss: 0.3885	logloss: 0.4255	Eval_GAUC: 0.8738	Eval_AUC: 0.8867	Inference_time: 35.2331
Epoch 1 Global_step 149000	Train_loss: 0.3859	Trainlogloss: 0.3859	logloss: 0.4286	Eval_GAUC: 0.8738	Eval_AUC: 0.8857	Inference_time: 35.7461
Epoch 1 Global_step 150000	Train_loss: 0.3919	Trainlogloss: 0.3919	logloss: 0.4267	Eval_GAUC: 0.8742	Eval_AUC: 0.8868	Inference_time: 83.3910
Epoch 1 Global_step 151000	Train_loss: 0.3864	Trainlogloss: 0.3864	logloss: 0.4356	Eval_GAUC: 0.8720	Eval_AUC: 0.8837	Inference_time: 34.1758
Epoch 1 Global_step 152000	Train_loss: 0.3875	Trainlogloss: 0.3875	logloss: 0.4248	Eval_GAUC: 0.8756	Eval_AUC: 0.8865	Inference_time: 82.0118
Epoch 1 Global_step 153000	Train_loss: 0.3810	Trainlogloss: 0.3810	logloss: 0.4311	Eval_GAUC: 0.8747	Eval_AUC: 0.8856	Inference_time: 34.2439
Epoch 1 Global_step 154000	Train_loss: 0.3901	Trainlogloss: 0.3901	logloss: 0.4256	Eval_GAUC: 0.8752	Eval_AUC: 0.8866	Inference_time: 33.5715
Epoch 1 Global_step 155000	Train_loss: 0.3868	Trainlogloss: 0.3868	logloss: 0.4242	Eval_GAUC: 0.8756	Eval_AUC: 0.8874	Inference_time: 77.2527
Epoch 1 Global_step 156000	Train_loss: 0.3874	Trainlogloss: 0.3874	logloss: 0.4261	Eval_GAUC: 0.8747	Eval_AUC: 0.8861	Inference_time: 33.9171
Epoch 1 Global_step 157000	Train_loss: 0.3810	Trainlogloss: 0.3810	logloss: 0.4228	Eval_GAUC: 0.8778	Eval_AUC: 0.8891	Inference_time: 76.8764
Epoch 1 Global_step 158000	Train_loss: 0.3870	Trainlogloss: 0.3870	logloss: 0.4295	Eval_GAUC: 0.8745	Eval_AUC: 0.8868	Inference_time: 33.8217
Epoch 1 Global_step 159000	Train_loss: 0.3812	Trainlogloss: 0.3812	logloss: 0.4243	Eval_GAUC: 0.8758	Eval_AUC: 0.8879	Inference_time: 34.0987
Epoch 1 Global_step 160000	Train_loss: 0.3841	Trainlogloss: 0.3841	logloss: 0.4227	Eval_GAUC: 0.8789	Eval_AUC: 0.8901	Inference_time: 78.9248
Epoch 1 Global_step 161000	Train_loss: 0.3841	Trainlogloss: 0.3841	logloss: 0.4273	Eval_GAUC: 0.8765	Eval_AUC: 0.8888	Inference_time: 33.0462
Epoch 1 Global_step 162000	Train_loss: 0.3821	Trainlogloss: 0.3821	logloss: 0.4245	Eval_GAUC: 0.8764	Eval_AUC: 0.8881	Inference_time: 33.5937
Epoch 1 Global_step 163000	Train_loss: 0.3803	Trainlogloss: 0.3803	logloss: 0.4293	Eval_GAUC: 0.8768	Eval_AUC: 0.8885	Inference_time: 33.4590
Epoch 1 Global_step 164000	Train_loss: 0.3815	Trainlogloss: 0.3815	logloss: 0.4253	Eval_GAUC: 0.8776	Eval_AUC: 0.8896	Inference_time: 33.4919
Epoch 1 Global_step 165000	Train_loss: 0.3895	Trainlogloss: 0.3895	logloss: 0.4190	Eval_GAUC: 0.8781	Eval_AUC: 0.8899	Inference_time: 33.1385
Epoch 1 Global_step 166000	Train_loss: 0.3847	Trainlogloss: 0.3847	logloss: 0.4262	Eval_GAUC: 0.8772	Eval_AUC: 0.8889	Inference_time: 33.9951
Epoch 1 Global_step 167000	Train_loss: 0.3817	Trainlogloss: 0.3817	logloss: 0.4190	Eval_GAUC: 0.8801	Eval_AUC: 0.8912	Inference_time: 79.1783
Epoch 1 Global_step 168000	Train_loss: 0.3804	Trainlogloss: 0.3804	logloss: 0.4230	Eval_GAUC: 0.8781	Eval_AUC: 0.8894	Inference_time: 32.7775
Epoch 1 Global_step 169000	Train_loss: 0.3777	Trainlogloss: 0.3777	logloss: 0.4246	Eval_GAUC: 0.8792	Eval_AUC: 0.8909	Inference_time: 33.6437
Epoch 1 Global_step 170000	Train_loss: 0.3789	Trainlogloss: 0.3789	logloss: 0.4246	Eval_GAUC: 0.8792	Eval_AUC: 0.8895	Inference_time: 33.6380
Epoch 1 Global_step 171000	Train_loss: 0.3823	Trainlogloss: 0.3823	logloss: 0.4246	Eval_GAUC: 0.8785	Eval_AUC: 0.8893	Inference_time: 34.0445
Epoch 1 Global_step 172000	Train_loss: 0.3857	Trainlogloss: 0.3857	logloss: 0.4167	Eval_GAUC: 0.8811	Eval_AUC: 0.8926	Inference_time: 79.5886
Epoch 1 Global_step 173000	Train_loss: 0.3806	Trainlogloss: 0.3806	logloss: 0.4246	Eval_GAUC: 0.8796	Eval_AUC: 0.8892	Inference_time: 33.4133
Epoch 1 Global_step 174000	Train_loss: 0.3818	Trainlogloss: 0.3818	logloss: 0.4225	Eval_GAUC: 0.8797	Eval_AUC: 0.8906	Inference_time: 37.7779
Epoch 1 Global_step 175000	Train_loss: 0.3775	Trainlogloss: 0.3775	logloss: 0.4243	Eval_GAUC: 0.8794	Eval_AUC: 0.8909	Inference_time: 33.1117
Epoch 1 Global_step 176000	Train_loss: 0.3862	Trainlogloss: 0.3862	logloss: 0.4197	Eval_GAUC: 0.8804	Eval_AUC: 0.8913	Inference_time: 33.0181
Epoch 1 Global_step 177000	Train_loss: 0.3787	Trainlogloss: 0.3787	logloss: 0.4198	Eval_GAUC: 0.8808	Eval_AUC: 0.8911	Inference_time: 33.2371
Epoch 1 Global_step 178000	Train_loss: 0.3755	Trainlogloss: 0.3755	logloss: 0.4225	Eval_GAUC: 0.8796	Eval_AUC: 0.8906	Inference_time: 33.8176
Epoch 1 Global_step 179000	Train_loss: 0.3760	Trainlogloss: 0.3760	logloss: 0.4179	Eval_GAUC: 0.8818	Eval_AUC: 0.8921	Inference_time: 78.6636
Epoch 1 Global_step 180000	Train_loss: 0.3787	Trainlogloss: 0.3787	logloss: 0.4158	Eval_GAUC: 0.8823	Eval_AUC: 0.8936	Inference_time: 86.0942
Epoch 1 Global_step 181000	Train_loss: 0.3809	Trainlogloss: 0.3809	logloss: 0.4158	Eval_GAUC: 0.8812	Eval_AUC: 0.8925	Inference_time: 33.0528
Epoch 1 DONE	Cost time: 116591.36
Epoch 2 Global_step 182000	Train_loss: 0.2664	Trainlogloss: 0.2664	logloss: 0.4237	Eval_GAUC: 0.8832	Eval_AUC: 0.8937	Inference_time: 80.7298
Epoch 2 Global_step 183000	Train_loss: 0.3311	Trainlogloss: 0.3311	logloss: 0.4280	Eval_GAUC: 0.8821	Eval_AUC: 0.8926	Inference_time: 33.9368
Epoch 2 Global_step 184000	Train_loss: 0.3299	Trainlogloss: 0.3299	logloss: 0.4252	Eval_GAUC: 0.8825	Eval_AUC: 0.8930	Inference_time: 33.5356
Epoch 2 Global_step 185000	Train_loss: 0.3290	Trainlogloss: 0.3290	logloss: 0.4221	Eval_GAUC: 0.8828	Eval_AUC: 0.8936	Inference_time: 32.7987
Epoch 2 Global_step 186000	Train_loss: 0.3301	Trainlogloss: 0.3301	logloss: 0.4274	Eval_GAUC: 0.8818	Eval_AUC: 0.8922	Inference_time: 34.1886
Epoch 2 Global_step 187000	Train_loss: 0.3298	Trainlogloss: 0.3298	logloss: 0.4297	Eval_GAUC: 0.8808	Eval_AUC: 0.8914	Inference_time: 33.7028
Epoch 2 Global_step 188000	Train_loss: 0.3344	Trainlogloss: 0.3344	logloss: 0.4250	Eval_GAUC: 0.8819	Eval_AUC: 0.8923	Inference_time: 33.7355
Epoch 2 Global_step 189000	Train_loss: 0.3377	Trainlogloss: 0.3377	logloss: 0.4236	Eval_GAUC: 0.8814	Eval_AUC: 0.8921	Inference_time: 33.5741
Epoch 2 Global_step 190000	Train_loss: 0.3352	Trainlogloss: 0.3352	logloss: 0.4317	Eval_GAUC: 0.8797	Eval_AUC: 0.8904	Inference_time: 33.2403
Epoch 2 Global_step 191000	Train_loss: 0.3325	Trainlogloss: 0.3325	logloss: 0.4327	Eval_GAUC: 0.8795	Eval_AUC: 0.8901	Inference_time: 33.0409
Epoch 2 Global_step 192000	Train_loss: 0.3327	Trainlogloss: 0.3327	logloss: 0.4248	Eval_GAUC: 0.8818	Eval_AUC: 0.8918	Inference_time: 33.3988
Epoch 2 Global_step 193000	Train_loss: 0.3329	Trainlogloss: 0.3329	logloss: 0.4314	Eval_GAUC: 0.8806	Eval_AUC: 0.8909	Inference_time: 38.0814
Epoch 2 Global_step 194000	Train_loss: 0.3330	Trainlogloss: 0.3330	logloss: 0.4278	Eval_GAUC: 0.8820	Eval_AUC: 0.8923	Inference_time: 33.8429
Epoch 2 Global_step 195000	Train_loss: 0.3346	Trainlogloss: 0.3346	logloss: 0.4282	Eval_GAUC: 0.8814	Eval_AUC: 0.8919	Inference_time: 33.0479
Epoch 2 Global_step 196000	Train_loss: 0.3360	Trainlogloss: 0.3360	logloss: 0.4302	Eval_GAUC: 0.8799	Eval_AUC: 0.8905	Inference_time: 33.3423
Epoch 2 Global_step 197000	Train_loss: 0.3420	Trainlogloss: 0.3420	logloss: 0.4320	Eval_GAUC: 0.8782	Eval_AUC: 0.8888	Inference_time: 32.6353
Epoch 2 Global_step 198000	Train_loss: 0.3325	Trainlogloss: 0.3325	logloss: 0.4273	Eval_GAUC: 0.8821	Eval_AUC: 0.8914	Inference_time: 32.8622
Epoch 2 Global_step 199000	Train_loss: 0.3392	Trainlogloss: 0.3392	logloss: 0.4286	Eval_GAUC: 0.8815	Eval_AUC: 0.8920	Inference_time: 33.9285
Epoch 2 Global_step 200000	Train_loss: 0.3339	Trainlogloss: 0.3339	logloss: 0.4263	Eval_GAUC: 0.8818	Eval_AUC: 0.8932	Inference_time: 33.2535
Epoch 2 Global_step 201000	Train_loss: 0.3405	Trainlogloss: 0.3405	logloss: 0.4246	Eval_GAUC: 0.8821	Eval_AUC: 0.8928	Inference_time: 38.0420
Epoch 2 Global_step 202000	Train_loss: 0.3347	Trainlogloss: 0.3347	logloss: 0.4276	Eval_GAUC: 0.8807	Eval_AUC: 0.8912	Inference_time: 32.9900
Epoch 2 Global_step 203000	Train_loss: 0.3369	Trainlogloss: 0.3369	logloss: 0.4219	Eval_GAUC: 0.8831	Eval_AUC: 0.8939	Inference_time: 33.1550
Epoch 2 Global_step 204000	Train_loss: 0.3356	Trainlogloss: 0.3356	logloss: 0.4267	Eval_GAUC: 0.8827	Eval_AUC: 0.8930	Inference_time: 33.3809
Epoch 2 Global_step 205000	Train_loss: 0.3396	Trainlogloss: 0.3396	logloss: 0.4228	Eval_GAUC: 0.8810	Eval_AUC: 0.8921	Inference_time: 32.8692
Epoch 2 Global_step 206000	Train_loss: 0.3337	Trainlogloss: 0.3337	logloss: 0.4269	Eval_GAUC: 0.8825	Eval_AUC: 0.8924	Inference_time: 33.6042
Epoch 2 Global_step 207000	Train_loss: 0.3376	Trainlogloss: 0.3376	logloss: 0.4320	Eval_GAUC: 0.8806	Eval_AUC: 0.8913	Inference_time: 33.8672
Epoch 2 Global_step 208000	Train_loss: 0.3387	Trainlogloss: 0.3387	logloss: 0.4253	Eval_GAUC: 0.8833	Eval_AUC: 0.8937	Inference_time: 87.7525
Epoch 2 Global_step 209000	Train_loss: 0.3392	Trainlogloss: 0.3392	logloss: 0.4228	Eval_GAUC: 0.8833	Eval_AUC: 0.8935	Inference_time: 33.9010
Epoch 2 Global_step 210000	Train_loss: 0.3379	Trainlogloss: 0.3379	logloss: 0.4301	Eval_GAUC: 0.8811	Eval_AUC: 0.8919	Inference_time: 32.9535
Epoch 2 Global_step 211000	Train_loss: 0.3384	Trainlogloss: 0.3384	logloss: 0.4224	Eval_GAUC: 0.8832	Eval_AUC: 0.8937	Inference_time: 32.8395
Epoch 2 Global_step 212000	Train_loss: 0.3428	Trainlogloss: 0.3428	logloss: 0.4233	Eval_GAUC: 0.8815	Eval_AUC: 0.8925	Inference_time: 33.4734
Epoch 2 Global_step 213000	Train_loss: 0.3420	Trainlogloss: 0.3420	logloss: 0.4195	Eval_GAUC: 0.8839	Eval_AUC: 0.8936	Inference_time: 83.1969
Epoch 2 Global_step 214000	Train_loss: 0.3360	Trainlogloss: 0.3360	logloss: 0.4251	Eval_GAUC: 0.8834	Eval_AUC: 0.8931	Inference_time: 33.2467
Epoch 2 Global_step 215000	Train_loss: 0.3366	Trainlogloss: 0.3366	logloss: 0.4255	Eval_GAUC: 0.8835	Eval_AUC: 0.8936	Inference_time: 33.5984
Epoch 2 Global_step 216000	Train_loss: 0.3436	Trainlogloss: 0.3436	logloss: 0.4241	Eval_GAUC: 0.8837	Eval_AUC: 0.8940	Inference_time: 33.6551
Epoch 2 Global_step 217000	Train_loss: 0.3414	Trainlogloss: 0.3414	logloss: 0.4261	Eval_GAUC: 0.8827	Eval_AUC: 0.8934	Inference_time: 33.1009
Epoch 2 Global_step 218000	Train_loss: 0.3424	Trainlogloss: 0.3424	logloss: 0.4261	Eval_GAUC: 0.8839	Eval_AUC: 0.8939	Inference_time: 80.5220
Epoch 2 Global_step 219000	Train_loss: 0.3452	Trainlogloss: 0.3452	logloss: 0.4177	Eval_GAUC: 0.8843	Eval_AUC: 0.8941	Inference_time: 84.9030
Epoch 2 Global_step 220000	Train_loss: 0.3329	Trainlogloss: 0.3329	logloss: 0.4277	Eval_GAUC: 0.8819	Eval_AUC: 0.8922	Inference_time: 32.9582
Epoch 2 Global_step 221000	Train_loss: 0.3426	Trainlogloss: 0.3426	logloss: 0.4229	Eval_GAUC: 0.8831	Eval_AUC: 0.8928	Inference_time: 33.6150
Epoch 2 Global_step 222000	Train_loss: 0.3406	Trainlogloss: 0.3406	logloss: 0.4225	Eval_GAUC: 0.8844	Eval_AUC: 0.8947	Inference_time: 83.9617
Epoch 2 Global_step 223000	Train_loss: 0.3458	Trainlogloss: 0.3458	logloss: 0.4220	Eval_GAUC: 0.8822	Eval_AUC: 0.8925	Inference_time: 32.7443
Epoch 2 Global_step 224000	Train_loss: 0.3418	Trainlogloss: 0.3418	logloss: 0.4238	Eval_GAUC: 0.8829	Eval_AUC: 0.8929	Inference_time: 33.6450
Epoch 2 Global_step 225000	Train_loss: 0.3413	Trainlogloss: 0.3413	logloss: 0.4207	Eval_GAUC: 0.8843	Eval_AUC: 0.8947	Inference_time: 32.9913
Epoch 2 Global_step 226000	Train_loss: 0.3404	Trainlogloss: 0.3404	logloss: 0.4243	Eval_GAUC: 0.8839	Eval_AUC: 0.8942	Inference_time: 33.1308
Epoch 2 Global_step 227000	Train_loss: 0.3413	Trainlogloss: 0.3413	logloss: 0.4240	Eval_GAUC: 0.8855	Eval_AUC: 0.8959	Inference_time: 82.2985
Epoch 2 Global_step 228000	Train_loss: 0.3405	Trainlogloss: 0.3405	logloss: 0.4242	Eval_GAUC: 0.8828	Eval_AUC: 0.8934	Inference_time: 32.7754
Epoch 2 Global_step 229000	Train_loss: 0.3428	Trainlogloss: 0.3428	logloss: 0.4240	Eval_GAUC: 0.8824	Eval_AUC: 0.8936	Inference_time: 37.9215
Epoch 2 Global_step 230000	Train_loss: 0.3440	Trainlogloss: 0.3440	logloss: 0.4182	Eval_GAUC: 0.8843	Eval_AUC: 0.8955	Inference_time: 33.6872
Epoch 2 Global_step 231000	Train_loss: 0.3414	Trainlogloss: 0.3414	logloss: 0.4223	Eval_GAUC: 0.8842	Eval_AUC: 0.8950	Inference_time: 33.7836
Epoch 2 Global_step 232000	Train_loss: 0.3432	Trainlogloss: 0.3432	logloss: 0.4118	Eval_GAUC: 0.8854	Eval_AUC: 0.8966	Inference_time: 33.1109
Epoch 2 Global_step 233000	Train_loss: 0.3485	Trainlogloss: 0.3485	logloss: 0.4273	Eval_GAUC: 0.8826	Eval_AUC: 0.8939	Inference_time: 32.6130
Epoch 2 Global_step 234000	Train_loss: 0.3449	Trainlogloss: 0.3449	logloss: 0.4181	Eval_GAUC: 0.8856	Eval_AUC: 0.8963	Inference_time: 82.7589
Epoch 2 Global_step 235000	Train_loss: 0.3465	Trainlogloss: 0.3465	logloss: 0.4199	Eval_GAUC: 0.8852	Eval_AUC: 0.8946	Inference_time: 33.8256
Epoch 2 Global_step 236000	Train_loss: 0.3447	Trainlogloss: 0.3447	logloss: 0.4202	Eval_GAUC: 0.8836	Eval_AUC: 0.8936	Inference_time: 38.2269
Epoch 2 Global_step 237000	Train_loss: 0.3487	Trainlogloss: 0.3487	logloss: 0.4119	Eval_GAUC: 0.8853	Eval_AUC: 0.8968	Inference_time: 33.6011
Epoch 2 Global_step 238000	Train_loss: 0.3416	Trainlogloss: 0.3416	logloss: 0.4243	Eval_GAUC: 0.8849	Eval_AUC: 0.8952	Inference_time: 33.4526
Epoch 2 Global_step 239000	Train_loss: 0.3415	Trainlogloss: 0.3415	logloss: 0.4203	Eval_GAUC: 0.8858	Eval_AUC: 0.8962	Inference_time: 84.5165
Epoch 2 Global_step 240000	Train_loss: 0.3519	Trainlogloss: 0.3519	logloss: 0.4116	Eval_GAUC: 0.8872	Eval_AUC: 0.8976	Inference_time: 85.4237
Epoch 2 Global_step 241000	Train_loss: 0.3409	Trainlogloss: 0.3409	logloss: 0.4136	Eval_GAUC: 0.8881	Eval_AUC: 0.8980	Inference_time: 84.6322
Epoch 2 Global_step 242000	Train_loss: 0.3408	Trainlogloss: 0.3408	logloss: 0.4255	Eval_GAUC: 0.8857	Eval_AUC: 0.8954	Inference_time: 38.3193
Epoch 2 Global_step 243000	Train_loss: 0.3468	Trainlogloss: 0.3468	logloss: 0.4172	Eval_GAUC: 0.8872	Eval_AUC: 0.8964	Inference_time: 33.8830
Epoch 2 Global_step 244000	Train_loss: 0.3435	Trainlogloss: 0.3435	logloss: 0.4165	Eval_GAUC: 0.8869	Eval_AUC: 0.8966	Inference_time: 33.1865
Epoch 2 Global_step 245000	Train_loss: 0.3443	Trainlogloss: 0.3443	logloss: 0.4175	Eval_GAUC: 0.8879	Eval_AUC: 0.8979	Inference_time: 33.1100
Epoch 2 Global_step 246000	Train_loss: 0.3455	Trainlogloss: 0.3455	logloss: 0.4172	Eval_GAUC: 0.8868	Eval_AUC: 0.8963	Inference_time: 33.6017
Epoch 2 Global_step 247000	Train_loss: 0.3443	Trainlogloss: 0.3443	logloss: 0.4169	Eval_GAUC: 0.8849	Eval_AUC: 0.8954	Inference_time: 33.6818
Epoch 2 Global_step 248000	Train_loss: 0.3448	Trainlogloss: 0.3448	logloss: 0.4124	Eval_GAUC: 0.8875	Eval_AUC: 0.8973	Inference_time: 34.0993
Epoch 2 Global_step 249000	Train_loss: 0.3475	Trainlogloss: 0.3475	logloss: 0.4138	Eval_GAUC: 0.8875	Eval_AUC: 0.8974	Inference_time: 33.5238
Epoch 2 Global_step 250000	Train_loss: 0.3416	Trainlogloss: 0.3416	logloss: 0.4149	Eval_GAUC: 0.8874	Eval_AUC: 0.8973	Inference_time: 37.6301
Epoch 2 Global_step 251000	Train_loss: 0.3445	Trainlogloss: 0.3445	logloss: 0.4226	Eval_GAUC: 0.8859	Eval_AUC: 0.8953	Inference_time: 33.4226
Epoch 2 Global_step 252000	Train_loss: 0.3471	Trainlogloss: 0.3471	logloss: 0.4173	Eval_GAUC: 0.8864	Eval_AUC: 0.8967	Inference_time: 33.2344
Epoch 2 Global_step 253000	Train_loss: 0.3439	Trainlogloss: 0.3439	logloss: 0.4191	Eval_GAUC: 0.8864	Eval_AUC: 0.8961	Inference_time: 33.2833
Epoch 2 Global_step 254000	Train_loss: 0.3408	Trainlogloss: 0.3408	logloss: 0.4169	Eval_GAUC: 0.8875	Eval_AUC: 0.8973	Inference_time: 33.3468
Epoch 2 Global_step 255000	Train_loss: 0.3452	Trainlogloss: 0.3452	logloss: 0.4127	Eval_GAUC: 0.8888	Eval_AUC: 0.8995	Inference_time: 88.5535
Epoch 2 Global_step 256000	Train_loss: 0.3467	Trainlogloss: 0.3467	logloss: 0.4162	Eval_GAUC: 0.8876	Eval_AUC: 0.8975	Inference_time: 33.6427
Epoch 2 Global_step 257000	Train_loss: 0.3483	Trainlogloss: 0.3483	logloss: 0.4180	Eval_GAUC: 0.8879	Eval_AUC: 0.8977	Inference_time: 33.6277
Epoch 2 Global_step 258000	Train_loss: 0.3457	Trainlogloss: 0.3457	logloss: 0.4190	Eval_GAUC: 0.8886	Eval_AUC: 0.8978	Inference_time: 33.7466
Epoch 2 Global_step 259000	Train_loss: 0.3461	Trainlogloss: 0.3461	logloss: 0.4166	Eval_GAUC: 0.8866	Eval_AUC: 0.8954	Inference_time: 33.8573
Epoch 2 Global_step 260000	Train_loss: 0.3412	Trainlogloss: 0.3412	logloss: 0.4136	Eval_GAUC: 0.8891	Eval_AUC: 0.8974	Inference_time: 79.3503
Epoch 2 Global_step 261000	Train_loss: 0.3445	Trainlogloss: 0.3445	logloss: 0.4113	Eval_GAUC: 0.8887	Eval_AUC: 0.8985	Inference_time: 33.4735
Epoch 2 Global_step 262000	Train_loss: 0.3413	Trainlogloss: 0.3413	logloss: 0.4129	Eval_GAUC: 0.8899	Eval_AUC: 0.8996	Inference_time: 77.8961
Epoch 2 Global_step 263000	Train_loss: 0.3424	Trainlogloss: 0.3424	logloss: 0.4141	Eval_GAUC: 0.8891	Eval_AUC: 0.8985	Inference_time: 33.6246
Epoch 2 Global_step 264000	Train_loss: 0.3405	Trainlogloss: 0.3405	logloss: 0.4184	Eval_GAUC: 0.8895	Eval_AUC: 0.8985	Inference_time: 34.0674
Epoch 2 Global_step 265000	Train_loss: 0.3472	Trainlogloss: 0.3472	logloss: 0.4156	Eval_GAUC: 0.8901	Eval_AUC: 0.8992	Inference_time: 80.9758
Epoch 2 Global_step 266000	Train_loss: 0.3509	Trainlogloss: 0.3509	logloss: 0.4087	Eval_GAUC: 0.8907	Eval_AUC: 0.8997	Inference_time: 83.2270
Epoch 2 Global_step 267000	Train_loss: 0.3480	Trainlogloss: 0.3480	logloss: 0.4166	Eval_GAUC: 0.8887	Eval_AUC: 0.8981	Inference_time: 33.5762
Epoch 2 Global_step 268000	Train_loss: 0.3460	Trainlogloss: 0.3460	logloss: 0.4170	Eval_GAUC: 0.8881	Eval_AUC: 0.8983	Inference_time: 32.9289
Epoch 2 Global_step 269000	Train_loss: 0.3456	Trainlogloss: 0.3456	logloss: 0.4075	Eval_GAUC: 0.8910	Eval_AUC: 0.9004	Inference_time: 92.2987
