2022-04-29 20:29:04.093660: I tensorflow/core/platform/cpu_feature_guard.cc:137] Your CPU supports instructions that this TensorFlow binary was not compiled to use: SSE4.1 SSE4.2 AVX AVX2 FMA
2022-04-29 20:29:04.365530: I tensorflow/core/common_runtime/gpu/gpu_device.cc:1105] Found device 0 with properties: 
name: NVIDIA GeForce GTX 1080 major: 6 minor: 1 memoryClockRate(GHz): 1.797
pciBusID: 0000:02:00.0
totalMemory: 7.93GiB freeMemory: 7.82GiB
2022-04-29 20:29:04.365589: I tensorflow/core/common_runtime/gpu/gpu_device.cc:1195] Creating TensorFlow device (/device:GPU:0) -> (device: 0, name: NVIDIA GeForce GTX 1080, pci bus id: 0000:02:00.0, compute capability: 6.1)
hidden_units:128
numHist:0
item_emb(graph):True
gnn_layer:4
gnn_method:gcn_att4_rn
gcl:False
gcl_ran_num:3000
gcl_w:0.01
user_emb:False
gnn_user_emb:False
gcl_user_emb:False
start constructing adjcent table
loading adjcent table from adj folder
ready
128
logloss: 0.7316	 test_gauc: 0.5106	 test_auc: 0.5104
Epoch 0 Global_step 1000	Train_loss: 0.5728	Trainlogloss: 0.5728	logloss: 0.5485	Eval_GAUC: 0.7816	Eval_AUC: 0.7832	Inference_time: 33.4028
Epoch 0 Global_step 2000	Train_loss: 0.5437	Trainlogloss: 0.5437	logloss: 0.5444	Eval_GAUC: 0.7869	Eval_AUC: 0.7887	Inference_time: 32.5122
Epoch 0 Global_step 3000	Train_loss: 0.5350	Trainlogloss: 0.5350	logloss: 0.5452	Eval_GAUC: 0.7918	Eval_AUC: 0.7937	Inference_time: 34.1944
Epoch 0 Global_step 4000	Train_loss: 0.5299	Trainlogloss: 0.5299	logloss: 0.5278	Eval_GAUC: 0.8094	Eval_AUC: 0.8101	Inference_time: 35.3482
Epoch 0 Global_step 5000	Train_loss: 0.4925	Trainlogloss: 0.4925	logloss: 0.5034	Eval_GAUC: 0.8288	Eval_AUC: 0.8302	Inference_time: 34.9394
Epoch 0 Global_step 6000	Train_loss: 0.4788	Trainlogloss: 0.4788	logloss: 0.5081	Eval_GAUC: 0.8259	Eval_AUC: 0.8275	Inference_time: 27.6302
Epoch 0 Global_step 7000	Train_loss: 0.4659	Trainlogloss: 0.4659	logloss: 0.4979	Eval_GAUC: 0.8345	Eval_AUC: 0.8364	Inference_time: 35.3144
Epoch 0 Global_step 8000	Train_loss: 0.4688	Trainlogloss: 0.4688	logloss: 0.5055	Eval_GAUC: 0.8360	Eval_AUC: 0.8380	Inference_time: 36.5383
Epoch 0 Global_step 9000	Train_loss: 0.4653	Trainlogloss: 0.4653	logloss: 0.4922	Eval_GAUC: 0.8424	Eval_AUC: 0.8439	Inference_time: 39.0339
Epoch 0 Global_step 10000	Train_loss: 0.4600	Trainlogloss: 0.4600	logloss: 0.4873	Eval_GAUC: 0.8468	Eval_AUC: 0.8498	Inference_time: 39.5484
Epoch 0 Global_step 11000	Train_loss: 0.4564	Trainlogloss: 0.4564	logloss: 0.4788	Eval_GAUC: 0.8462	Eval_AUC: 0.8498	Inference_time: 29.2459
Epoch 0 Global_step 12000	Train_loss: 0.4523	Trainlogloss: 0.4523	logloss: 0.4865	Eval_GAUC: 0.8448	Eval_AUC: 0.8479	Inference_time: 48.4143
Epoch 0 Global_step 13000	Train_loss: 0.4510	Trainlogloss: 0.4510	logloss: 0.4736	Eval_GAUC: 0.8516	Eval_AUC: 0.8546	Inference_time: 59.1285
Epoch 0 Global_step 14000	Train_loss: 0.4483	Trainlogloss: 0.4483	logloss: 0.4687	Eval_GAUC: 0.8537	Eval_AUC: 0.8562	Inference_time: 60.5272
Epoch 0 Global_step 15000	Train_loss: 0.4470	Trainlogloss: 0.4470	logloss: 0.4700	Eval_GAUC: 0.8541	Eval_AUC: 0.8563	Inference_time: 58.4930
Epoch 0 Global_step 16000	Train_loss: 0.4496	Trainlogloss: 0.4496	logloss: 0.4623	Eval_GAUC: 0.8608	Eval_AUC: 0.8626	Inference_time: 61.0876
Epoch 0 Global_step 17000	Train_loss: 0.4379	Trainlogloss: 0.4379	logloss: 0.4856	Eval_GAUC: 0.8490	Eval_AUC: 0.8518	Inference_time: 50.5818
Epoch 0 Global_step 18000	Train_loss: 0.4276	Trainlogloss: 0.4276	logloss: 0.4472	Eval_GAUC: 0.8696	Eval_AUC: 0.8720	Inference_time: 62.4830
Epoch 0 Global_step 19000	Train_loss: 0.4278	Trainlogloss: 0.4278	logloss: 0.4518	Eval_GAUC: 0.8703	Eval_AUC: 0.8722	Inference_time: 61.2862
Epoch 0 Global_step 20000	Train_loss: 0.4212	Trainlogloss: 0.4212	logloss: 0.4561	Eval_GAUC: 0.8661	Eval_AUC: 0.8679	Inference_time: 48.5058
Epoch 0 Global_step 21000	Train_loss: 0.4181	Trainlogloss: 0.4181	logloss: 0.4428	Eval_GAUC: 0.8736	Eval_AUC: 0.8754	Inference_time: 63.8696
Epoch 0 Global_step 22000	Train_loss: 0.4203	Trainlogloss: 0.4203	logloss: 0.4530	Eval_GAUC: 0.8659	Eval_AUC: 0.8689	Inference_time: 49.8745
Epoch 0 Global_step 23000	Train_loss: 0.4181	Trainlogloss: 0.4181	logloss: 0.4469	Eval_GAUC: 0.8699	Eval_AUC: 0.8722	Inference_time: 48.8767
Epoch 0 Global_step 24000	Train_loss: 0.4160	Trainlogloss: 0.4160	logloss: 0.4417	Eval_GAUC: 0.8745	Eval_AUC: 0.8767	Inference_time: 62.3158
Epoch 0 Global_step 25000	Train_loss: 0.4105	Trainlogloss: 0.4105	logloss: 0.4360	Eval_GAUC: 0.8775	Eval_AUC: 0.8800	Inference_time: 67.4362
Epoch 0 Global_step 26000	Train_loss: 0.4144	Trainlogloss: 0.4144	logloss: 0.4479	Eval_GAUC: 0.8753	Eval_AUC: 0.8780	Inference_time: 48.0654
Epoch 0 Global_step 27000	Train_loss: 0.4052	Trainlogloss: 0.4052	logloss: 0.4430	Eval_GAUC: 0.8718	Eval_AUC: 0.8755	Inference_time: 49.3065
Epoch 0 Global_step 28000	Train_loss: 0.4049	Trainlogloss: 0.4049	logloss: 0.4433	Eval_GAUC: 0.8732	Eval_AUC: 0.8755	Inference_time: 50.3796
Epoch 0 Global_step 29000	Train_loss: 0.4006	Trainlogloss: 0.4006	logloss: 0.4311	Eval_GAUC: 0.8795	Eval_AUC: 0.8818	Inference_time: 65.5445
Epoch 0 Global_step 30000	Train_loss: 0.4059	Trainlogloss: 0.4059	logloss: 0.4334	Eval_GAUC: 0.8784	Eval_AUC: 0.8807	Inference_time: 49.1541
Epoch 0 Global_step 31000	Train_loss: 0.4027	Trainlogloss: 0.4027	logloss: 0.4305	Eval_GAUC: 0.8808	Eval_AUC: 0.8833	Inference_time: 67.0904
Epoch 0 Global_step 32000	Train_loss: 0.3965	Trainlogloss: 0.3965	logloss: 0.4254	Eval_GAUC: 0.8827	Eval_AUC: 0.8854	Inference_time: 66.1562
Epoch 0 Global_step 33000	Train_loss: 0.3976	Trainlogloss: 0.3976	logloss: 0.4302	Eval_GAUC: 0.8804	Eval_AUC: 0.8831	Inference_time: 48.1738
Epoch 0 Global_step 34000	Train_loss: 0.3890	Trainlogloss: 0.3890	logloss: 0.4335	Eval_GAUC: 0.8817	Eval_AUC: 0.8842	Inference_time: 48.7429
Epoch 0 Global_step 35000	Train_loss: 0.3954	Trainlogloss: 0.3954	logloss: 0.4337	Eval_GAUC: 0.8801	Eval_AUC: 0.8826	Inference_time: 48.7040
Epoch 0 Global_step 36000	Train_loss: 0.3929	Trainlogloss: 0.3929	logloss: 0.4259	Eval_GAUC: 0.8843	Eval_AUC: 0.8865	Inference_time: 64.4347
Epoch 0 Global_step 37000	Train_loss: 0.3940	Trainlogloss: 0.3940	logloss: 0.4322	Eval_GAUC: 0.8818	Eval_AUC: 0.8844	Inference_time: 49.7394
Epoch 0 Global_step 38000	Train_loss: 0.3967	Trainlogloss: 0.3967	logloss: 0.4344	Eval_GAUC: 0.8829	Eval_AUC: 0.8850	Inference_time: 48.2153
Epoch 0 Global_step 39000	Train_loss: 0.3982	Trainlogloss: 0.3982	logloss: 0.4150	Eval_GAUC: 0.8896	Eval_AUC: 0.8917	Inference_time: 67.1084
Epoch 0 Global_step 40000	Train_loss: 0.3946	Trainlogloss: 0.3946	logloss: 0.4217	Eval_GAUC: 0.8864	Eval_AUC: 0.8881	Inference_time: 48.0643
Epoch 0 Global_step 41000	Train_loss: 0.3955	Trainlogloss: 0.3955	logloss: 0.4241	Eval_GAUC: 0.8855	Eval_AUC: 0.8878	Inference_time: 43.1443
Epoch 0 Global_step 42000	Train_loss: 0.3961	Trainlogloss: 0.3961	logloss: 0.4184	Eval_GAUC: 0.8902	Eval_AUC: 0.8925	Inference_time: 66.0372
Epoch 0 Global_step 43000	Train_loss: 0.3877	Trainlogloss: 0.3877	logloss: 0.4348	Eval_GAUC: 0.8789	Eval_AUC: 0.8818	Inference_time: 48.5928
Epoch 0 Global_step 44000	Train_loss: 0.3935	Trainlogloss: 0.3935	logloss: 0.4108	Eval_GAUC: 0.8914	Eval_AUC: 0.8938	Inference_time: 69.9532
Epoch 0 Global_step 45000	Train_loss: 0.3860	Trainlogloss: 0.3860	logloss: 0.4253	Eval_GAUC: 0.8845	Eval_AUC: 0.8873	Inference_time: 48.6083
Epoch 0 Global_step 46000	Train_loss: 0.3895	Trainlogloss: 0.3895	logloss: 0.4178	Eval_GAUC: 0.8881	Eval_AUC: 0.8904	Inference_time: 48.6324
Epoch 0 Global_step 47000	Train_loss: 0.3914	Trainlogloss: 0.3914	logloss: 0.4223	Eval_GAUC: 0.8896	Eval_AUC: 0.8906	Inference_time: 52.6815
Epoch 0 Global_step 48000	Train_loss: 0.3881	Trainlogloss: 0.3881	logloss: 0.4139	Eval_GAUC: 0.8921	Eval_AUC: 0.8944	Inference_time: 66.7700
Epoch 0 Global_step 49000	Train_loss: 0.3911	Trainlogloss: 0.3911	logloss: 0.4132	Eval_GAUC: 0.8923	Eval_AUC: 0.8942	Inference_time: 70.2761
Epoch 0 Global_step 50000	Train_loss: 0.3880	Trainlogloss: 0.3880	logloss: 0.4244	Eval_GAUC: 0.8897	Eval_AUC: 0.8916	Inference_time: 51.4808
Epoch 0 Global_step 51000	Train_loss: 0.3860	Trainlogloss: 0.3860	logloss: 0.4303	Eval_GAUC: 0.8851	Eval_AUC: 0.8866	Inference_time: 48.4134
Epoch 0 Global_step 52000	Train_loss: 0.3841	Trainlogloss: 0.3841	logloss: 0.4116	Eval_GAUC: 0.8915	Eval_AUC: 0.8938	Inference_time: 48.9387
Epoch 0 Global_step 53000	Train_loss: 0.3825	Trainlogloss: 0.3825	logloss: 0.4204	Eval_GAUC: 0.8892	Eval_AUC: 0.8905	Inference_time: 49.9301
Epoch 0 Global_step 54000	Train_loss: 0.3905	Trainlogloss: 0.3905	logloss: 0.4197	Eval_GAUC: 0.8902	Eval_AUC: 0.8926	Inference_time: 48.2515
Epoch 0 Global_step 55000	Train_loss: 0.3843	Trainlogloss: 0.3843	logloss: 0.4186	Eval_GAUC: 0.8892	Eval_AUC: 0.8908	Inference_time: 48.5975
Epoch 0 Global_step 56000	Train_loss: 0.3834	Trainlogloss: 0.3834	logloss: 0.4219	Eval_GAUC: 0.8861	Eval_AUC: 0.8884	Inference_time: 48.6746
Epoch 0 Global_step 57000	Train_loss: 0.3891	Trainlogloss: 0.3891	logloss: 0.4162	Eval_GAUC: 0.8888	Eval_AUC: 0.8910	Inference_time: 51.4566
Epoch 0 Global_step 58000	Train_loss: 0.3836	Trainlogloss: 0.3836	logloss: 0.4214	Eval_GAUC: 0.8881	Eval_AUC: 0.8898	Inference_time: 48.1637
Epoch 0 Global_step 59000	Train_loss: 0.3841	Trainlogloss: 0.3841	logloss: 0.4210	Eval_GAUC: 0.8890	Eval_AUC: 0.8904	Inference_time: 48.3676
Epoch 0 Global_step 60000	Train_loss: 0.3816	Trainlogloss: 0.3816	logloss: 0.4124	Eval_GAUC: 0.8947	Eval_AUC: 0.8970	Inference_time: 73.1320
Epoch 0 Global_step 61000	Train_loss: 0.3861	Trainlogloss: 0.3861	logloss: 0.4126	Eval_GAUC: 0.8934	Eval_AUC: 0.8962	Inference_time: 48.6838
Epoch 0 Global_step 62000	Train_loss: 0.3805	Trainlogloss: 0.3805	logloss: 0.4140	Eval_GAUC: 0.8912	Eval_AUC: 0.8938	Inference_time: 48.1911
Epoch 0 Global_step 63000	Train_loss: 0.3798	Trainlogloss: 0.3798	logloss: 0.4090	Eval_GAUC: 0.8949	Eval_AUC: 0.8966	Inference_time: 71.5151
Epoch 0 Global_step 64000	Train_loss: 0.3795	Trainlogloss: 0.3795	logloss: 0.4125	Eval_GAUC: 0.8921	Eval_AUC: 0.8934	Inference_time: 48.7674
Epoch 0 Global_step 65000	Train_loss: 0.3815	Trainlogloss: 0.3815	logloss: 0.4128	Eval_GAUC: 0.8925	Eval_AUC: 0.8942	Inference_time: 47.9055
Epoch 0 Global_step 66000	Train_loss: 0.3754	Trainlogloss: 0.3754	logloss: 0.4144	Eval_GAUC: 0.8925	Eval_AUC: 0.8939	Inference_time: 52.6404
Epoch 0 Global_step 67000	Train_loss: 0.3807	Trainlogloss: 0.3807	logloss: 0.4222	Eval_GAUC: 0.8882	Eval_AUC: 0.8899	Inference_time: 50.7482
Epoch 0 Global_step 68000	Train_loss: 0.3803	Trainlogloss: 0.3803	logloss: 0.4110	Eval_GAUC: 0.8931	Eval_AUC: 0.8949	Inference_time: 48.1641
Epoch 0 Global_step 69000	Train_loss: 0.3739	Trainlogloss: 0.3739	logloss: 0.3983	Eval_GAUC: 0.9014	Eval_AUC: 0.9033	Inference_time: 71.4351
Epoch 0 Global_step 70000	Train_loss: 0.3839	Trainlogloss: 0.3839	logloss: 0.4043	Eval_GAUC: 0.8954	Eval_AUC: 0.8976	Inference_time: 48.4922
Epoch 0 Global_step 71000	Train_loss: 0.3769	Trainlogloss: 0.3769	logloss: 0.4052	Eval_GAUC: 0.8948	Eval_AUC: 0.8970	Inference_time: 48.4329
Epoch 0 Global_step 72000	Train_loss: 0.3752	Trainlogloss: 0.3752	logloss: 0.4071	Eval_GAUC: 0.8972	Eval_AUC: 0.8986	Inference_time: 48.8827
Epoch 0 Global_step 73000	Train_loss: 0.3737	Trainlogloss: 0.3737	logloss: 0.4079	Eval_GAUC: 0.8961	Eval_AUC: 0.8977	Inference_time: 47.6037
Epoch 0 Global_step 74000	Train_loss: 0.3773	Trainlogloss: 0.3773	logloss: 0.4032	Eval_GAUC: 0.8963	Eval_AUC: 0.8989	Inference_time: 50.1115
Epoch 0 Global_step 75000	Train_loss: 0.3733	Trainlogloss: 0.3733	logloss: 0.4107	Eval_GAUC: 0.8931	Eval_AUC: 0.8950	Inference_time: 48.9900
Epoch 0 Global_step 76000	Train_loss: 0.3732	Trainlogloss: 0.3732	logloss: 0.4113	Eval_GAUC: 0.8925	Eval_AUC: 0.8948	Inference_time: 48.7642
Epoch 0 Global_step 77000	Train_loss: 0.3759	Trainlogloss: 0.3759	logloss: 0.4046	Eval_GAUC: 0.8971	Eval_AUC: 0.8989	Inference_time: 48.7384
Epoch 0 Global_step 78000	Train_loss: 0.3697	Trainlogloss: 0.3697	logloss: 0.4035	Eval_GAUC: 0.8982	Eval_AUC: 0.9001	Inference_time: 50.5860
Epoch 0 Global_step 79000	Train_loss: 0.3738	Trainlogloss: 0.3738	logloss: 0.4030	Eval_GAUC: 0.8981	Eval_AUC: 0.8995	Inference_time: 48.2671
Epoch 0 Global_step 80000	Train_loss: 0.3738	Trainlogloss: 0.3738	logloss: 0.4034	Eval_GAUC: 0.8965	Eval_AUC: 0.8990	Inference_time: 48.8366
Epoch 0 Global_step 81000	Train_loss: 0.3734	Trainlogloss: 0.3734	logloss: 0.3935	Eval_GAUC: 0.9033	Eval_AUC: 0.9042	Inference_time: 70.4142
Epoch 0 DONE	Cost time: 35943.49
Epoch 1 Global_step 82000	Train_loss: 0.1654	Trainlogloss: 0.1654	logloss: 0.3974	Eval_GAUC: 0.9010	Eval_AUC: 0.9031	Inference_time: 49.0789
Epoch 1 Global_step 83000	Train_loss: 0.3499	Trainlogloss: 0.3499	logloss: 0.4002	Eval_GAUC: 0.9004	Eval_AUC: 0.9021	Inference_time: 48.4589
Epoch 1 Global_step 84000	Train_loss: 0.3512	Trainlogloss: 0.3512	logloss: 0.4030	Eval_GAUC: 0.8990	Eval_AUC: 0.9001	Inference_time: 50.7329
Epoch 1 Global_step 85000	Train_loss: 0.3553	Trainlogloss: 0.3553	logloss: 0.4094	Eval_GAUC: 0.8983	Eval_AUC: 0.8997	Inference_time: 48.2518
Epoch 1 Global_step 86000	Train_loss: 0.3500	Trainlogloss: 0.3500	logloss: 0.4010	Eval_GAUC: 0.8982	Eval_AUC: 0.9001	Inference_time: 51.4704
Epoch 1 Global_step 87000	Train_loss: 0.3483	Trainlogloss: 0.3483	logloss: 0.4032	Eval_GAUC: 0.9011	Eval_AUC: 0.9025	Inference_time: 48.1402
Epoch 1 Global_step 88000	Train_loss: 0.3521	Trainlogloss: 0.3521	logloss: 0.4142	Eval_GAUC: 0.8933	Eval_AUC: 0.8945	Inference_time: 50.2549
Epoch 1 Global_step 89000	Train_loss: 0.3535	Trainlogloss: 0.3535	logloss: 0.4089	Eval_GAUC: 0.8956	Eval_AUC: 0.8973	Inference_time: 51.7921
Epoch 1 Global_step 90000	Train_loss: 0.3564	Trainlogloss: 0.3564	logloss: 0.4051	Eval_GAUC: 0.8978	Eval_AUC: 0.8999	Inference_time: 48.1718
Epoch 1 Global_step 91000	Train_loss: 0.3496	Trainlogloss: 0.3496	logloss: 0.4097	Eval_GAUC: 0.8952	Eval_AUC: 0.8975	Inference_time: 48.1229
Epoch 1 Global_step 92000	Train_loss: 0.3537	Trainlogloss: 0.3537	logloss: 0.4009	Eval_GAUC: 0.8976	Eval_AUC: 0.9005	Inference_time: 52.6918
Epoch 1 Global_step 93000	Train_loss: 0.3517	Trainlogloss: 0.3517	logloss: 0.4031	Eval_GAUC: 0.8963	Eval_AUC: 0.8986	Inference_time: 48.7144
Epoch 1 Global_step 94000	Train_loss: 0.3519	Trainlogloss: 0.3519	logloss: 0.4079	Eval_GAUC: 0.8950	Eval_AUC: 0.8974	Inference_time: 48.8616
Epoch 1 Global_step 95000	Train_loss: 0.3471	Trainlogloss: 0.3471	logloss: 0.4000	Eval_GAUC: 0.8994	Eval_AUC: 0.9015	Inference_time: 48.2928
Epoch 1 Global_step 96000	Train_loss: 0.3521	Trainlogloss: 0.3521	logloss: 0.3976	Eval_GAUC: 0.8999	Eval_AUC: 0.9021	Inference_time: 52.5645
Epoch 1 Global_step 97000	Train_loss: 0.3565	Trainlogloss: 0.3565	logloss: 0.4069	Eval_GAUC: 0.8955	Eval_AUC: 0.8969	Inference_time: 48.9664
Epoch 1 Global_step 98000	Train_loss: 0.3508	Trainlogloss: 0.3508	logloss: 0.4054	Eval_GAUC: 0.8979	Eval_AUC: 0.8998	Inference_time: 48.4521
Epoch 1 Global_step 99000	Train_loss: 0.3543	Trainlogloss: 0.3543	logloss: 0.4003	Eval_GAUC: 0.9000	Eval_AUC: 0.9024	Inference_time: 50.8511
Epoch 1 Global_step 100000	Train_loss: 0.3540	Trainlogloss: 0.3540	logloss: 0.3929	Eval_GAUC: 0.9018	Eval_AUC: 0.9048	Inference_time: 50.5852
Epoch 1 Global_step 101000	Train_loss: 0.3507	Trainlogloss: 0.3507	logloss: 0.3966	Eval_GAUC: 0.9013	Eval_AUC: 0.9035	Inference_time: 48.6473
Epoch 1 Global_step 102000	Train_loss: 0.3506	Trainlogloss: 0.3506	logloss: 0.4032	Eval_GAUC: 0.8977	Eval_AUC: 0.8999	Inference_time: 51.2694
Epoch 1 Global_step 103000	Train_loss: 0.3500	Trainlogloss: 0.3500	logloss: 0.4073	Eval_GAUC: 0.8964	Eval_AUC: 0.8982	Inference_time: 50.3208
Epoch 1 Global_step 104000	Train_loss: 0.3592	Trainlogloss: 0.3592	logloss: 0.4023	Eval_GAUC: 0.8982	Eval_AUC: 0.8996	Inference_time: 48.7406
Epoch 1 Global_step 105000	Train_loss: 0.3516	Trainlogloss: 0.3516	logloss: 0.4002	Eval_GAUC: 0.8993	Eval_AUC: 0.9009	Inference_time: 51.4689
Epoch 1 Global_step 106000	Train_loss: 0.3539	Trainlogloss: 0.3539	logloss: 0.3949	Eval_GAUC: 0.9025	Eval_AUC: 0.9045	Inference_time: 48.4046
Epoch 1 Global_step 107000	Train_loss: 0.3531	Trainlogloss: 0.3531	logloss: 0.3995	Eval_GAUC: 0.9004	Eval_AUC: 0.9024	Inference_time: 50.8872
Epoch 1 Global_step 108000	Train_loss: 0.3512	Trainlogloss: 0.3512	logloss: 0.3936	Eval_GAUC: 0.9025	Eval_AUC: 0.9041	Inference_time: 51.2801
Epoch 1 Global_step 109000	Train_loss: 0.3459	Trainlogloss: 0.3459	logloss: 0.3945	Eval_GAUC: 0.9009	Eval_AUC: 0.9032	Inference_time: 48.1102
Epoch 1 Global_step 110000	Train_loss: 0.3499	Trainlogloss: 0.3499	logloss: 0.4048	Eval_GAUC: 0.8960	Eval_AUC: 0.8986	Inference_time: 49.1183
Epoch 1 Global_step 111000	Train_loss: 0.3537	Trainlogloss: 0.3537	logloss: 0.3901	Eval_GAUC: 0.9044	Eval_AUC: 0.9069	Inference_time: 74.8201
Epoch 1 Global_step 112000	Train_loss: 0.3491	Trainlogloss: 0.3491	logloss: 0.4032	Eval_GAUC: 0.9006	Eval_AUC: 0.9024	Inference_time: 48.3991
Epoch 1 Global_step 113000	Train_loss: 0.3530	Trainlogloss: 0.3530	logloss: 0.4029	Eval_GAUC: 0.8992	Eval_AUC: 0.9015	Inference_time: 48.3723
Epoch 1 Global_step 114000	Train_loss: 0.3552	Trainlogloss: 0.3552	logloss: 0.3939	Eval_GAUC: 0.9034	Eval_AUC: 0.9049	Inference_time: 53.8467
Epoch 1 Global_step 115000	Train_loss: 0.3517	Trainlogloss: 0.3517	logloss: 0.3983	Eval_GAUC: 0.9013	Eval_AUC: 0.9034	Inference_time: 48.1627
Epoch 1 Global_step 116000	Train_loss: 0.3490	Trainlogloss: 0.3490	logloss: 0.4010	Eval_GAUC: 0.9011	Eval_AUC: 0.9030	Inference_time: 48.2918
Epoch 1 Global_step 117000	Train_loss: 0.3524	Trainlogloss: 0.3524	logloss: 0.3990	Eval_GAUC: 0.9009	Eval_AUC: 0.9028	Inference_time: 48.4413
Epoch 1 Global_step 118000	Train_loss: 0.3531	Trainlogloss: 0.3531	logloss: 0.4013	Eval_GAUC: 0.8990	Eval_AUC: 0.9006	Inference_time: 50.8267
Epoch 1 Global_step 119000	Train_loss: 0.3539	Trainlogloss: 0.3539	logloss: 0.4084	Eval_GAUC: 0.8980	Eval_AUC: 0.8999	Inference_time: 48.7975
Epoch 1 Global_step 120000	Train_loss: 0.3501	Trainlogloss: 0.3501	logloss: 0.3981	Eval_GAUC: 0.8999	Eval_AUC: 0.9021	Inference_time: 49.2788
Epoch 1 Global_step 121000	Train_loss: 0.3534	Trainlogloss: 0.3534	logloss: 0.3948	Eval_GAUC: 0.9021	Eval_AUC: 0.9041	Inference_time: 48.7538
Epoch 1 Global_step 122000	Train_loss: 0.3468	Trainlogloss: 0.3468	logloss: 0.4096	Eval_GAUC: 0.8972	Eval_AUC: 0.8985	Inference_time: 50.0740
Epoch 1 Global_step 123000	Train_loss: 0.3476	Trainlogloss: 0.3476	logloss: 0.4016	Eval_GAUC: 0.9001	Eval_AUC: 0.9017	Inference_time: 48.7548
Epoch 1 Global_step 124000	Train_loss: 0.3535	Trainlogloss: 0.3535	logloss: 0.4079	Eval_GAUC: 0.8967	Eval_AUC: 0.8983	Inference_time: 47.8146
Epoch 1 Global_step 125000	Train_loss: 0.3463	Trainlogloss: 0.3463	logloss: 0.3978	Eval_GAUC: 0.9005	Eval_AUC: 0.9026	Inference_time: 50.5802
Epoch 1 Global_step 126000	Train_loss: 0.3532	Trainlogloss: 0.3532	logloss: 0.3935	Eval_GAUC: 0.9028	Eval_AUC: 0.9052	Inference_time: 48.7619
Epoch 1 Global_step 127000	Train_loss: 0.3497	Trainlogloss: 0.3497	logloss: 0.3943	Eval_GAUC: 0.9027	Eval_AUC: 0.9051	Inference_time: 49.3940
Epoch 1 Global_step 128000	Train_loss: 0.3567	Trainlogloss: 0.3567	logloss: 0.4012	Eval_GAUC: 0.8989	Eval_AUC: 0.9015	Inference_time: 48.6399
Epoch 1 Global_step 129000	Train_loss: 0.3522	Trainlogloss: 0.3522	logloss: 0.4061	Eval_GAUC: 0.8958	Eval_AUC: 0.8985	Inference_time: 50.7229
Epoch 1 Global_step 130000	Train_loss: 0.3517	Trainlogloss: 0.3517	logloss: 0.4021	Eval_GAUC: 0.9037	Eval_AUC: 0.9057	Inference_time: 48.5065
Epoch 1 Global_step 131000	Train_loss: 0.3541	Trainlogloss: 0.3541	logloss: 0.4033	Eval_GAUC: 0.8976	Eval_AUC: 0.9001	Inference_time: 48.5519
Epoch 1 Global_step 132000	Train_loss: 0.3510	Trainlogloss: 0.3510	logloss: 0.3975	Eval_GAUC: 0.9007	Eval_AUC: 0.9030	Inference_time: 48.1265
Epoch 1 Global_step 133000	Train_loss: 0.3543	Trainlogloss: 0.3543	logloss: 0.3928	Eval_GAUC: 0.9034	Eval_AUC: 0.9049	Inference_time: 53.1877
Epoch 1 Global_step 134000	Train_loss: 0.3545	Trainlogloss: 0.3545	logloss: 0.3955	Eval_GAUC: 0.9008	Eval_AUC: 0.9029	Inference_time: 48.7708
Epoch 1 Global_step 135000	Train_loss: 0.3547	Trainlogloss: 0.3547	logloss: 0.3884	Eval_GAUC: 0.9042	Eval_AUC: 0.9067	Inference_time: 47.8758
Epoch 1 Global_step 136000	Train_loss: 0.3486	Trainlogloss: 0.3486	logloss: 0.4002	Eval_GAUC: 0.9024	Eval_AUC: 0.9045	Inference_time: 48.6027
Epoch 1 Global_step 137000	Train_loss: 0.3512	Trainlogloss: 0.3512	logloss: 0.3871	Eval_GAUC: 0.9052	Eval_AUC: 0.9075	Inference_time: 74.6868
Epoch 1 Global_step 138000	Train_loss: 0.3522	Trainlogloss: 0.3522	logloss: 0.3992	Eval_GAUC: 0.8982	Eval_AUC: 0.9012	Inference_time: 48.9107
Epoch 1 Global_step 139000	Train_loss: 0.3485	Trainlogloss: 0.3485	logloss: 0.3957	Eval_GAUC: 0.9037	Eval_AUC: 0.9061	Inference_time: 49.2628
Epoch 1 Global_step 140000	Train_loss: 0.3544	Trainlogloss: 0.3544	logloss: 0.4021	Eval_GAUC: 0.9005	Eval_AUC: 0.9020	Inference_time: 50.1397
Epoch 1 Global_step 141000	Train_loss: 0.3489	Trainlogloss: 0.3489	logloss: 0.3925	Eval_GAUC: 0.9044	Eval_AUC: 0.9063	Inference_time: 48.6350
Epoch 1 Global_step 142000	Train_loss: 0.3546	Trainlogloss: 0.3546	logloss: 0.3953	Eval_GAUC: 0.9021	Eval_AUC: 0.9050	Inference_time: 49.0363
Epoch 1 Global_step 143000	Train_loss: 0.3425	Trainlogloss: 0.3425	logloss: 0.3934	Eval_GAUC: 0.9035	Eval_AUC: 0.9060	Inference_time: 53.9051
Epoch 1 Global_step 144000	Train_loss: 0.3524	Trainlogloss: 0.3524	logloss: 0.3946	Eval_GAUC: 0.9035	Eval_AUC: 0.9058	Inference_time: 48.2358
Epoch 1 Global_step 145000	Train_loss: 0.3489	Trainlogloss: 0.3489	logloss: 0.3948	Eval_GAUC: 0.9056	Eval_AUC: 0.9077	Inference_time: 72.2715
Epoch 1 Global_step 146000	Train_loss: 0.3513	Trainlogloss: 0.3513	logloss: 0.3874	Eval_GAUC: 0.9052	Eval_AUC: 0.9078	Inference_time: 49.4712
Epoch 1 Global_step 147000	Train_loss: 0.3487	Trainlogloss: 0.3487	logloss: 0.3844	Eval_GAUC: 0.9063	Eval_AUC: 0.9086	Inference_time: 70.9823
Epoch 1 Global_step 148000	Train_loss: 0.3479	Trainlogloss: 0.3479	logloss: 0.3904	Eval_GAUC: 0.9031	Eval_AUC: 0.9055	Inference_time: 48.1670
Epoch 1 Global_step 149000	Train_loss: 0.3513	Trainlogloss: 0.3513	logloss: 0.3900	Eval_GAUC: 0.9043	Eval_AUC: 0.9056	Inference_time: 52.4558
Epoch 1 Global_step 150000	Train_loss: 0.3488	Trainlogloss: 0.3488	logloss: 0.3895	Eval_GAUC: 0.9061	Eval_AUC: 0.9071	Inference_time: 48.1488
Epoch 1 Global_step 151000	Train_loss: 0.3517	Trainlogloss: 0.3517	logloss: 0.3940	Eval_GAUC: 0.9020	Eval_AUC: 0.9042	Inference_time: 48.4158
Epoch 1 Global_step 152000	Train_loss: 0.3500	Trainlogloss: 0.3500	logloss: 0.3887	Eval_GAUC: 0.9059	Eval_AUC: 0.9076	Inference_time: 50.8829
Epoch 1 Global_step 153000	Train_loss: 0.3489	Trainlogloss: 0.3489	logloss: 0.3869	Eval_GAUC: 0.9064	Eval_AUC: 0.9078	Inference_time: 74.8863
Epoch 1 Global_step 154000	Train_loss: 0.3476	Trainlogloss: 0.3476	logloss: 0.3943	Eval_GAUC: 0.9043	Eval_AUC: 0.9052	Inference_time: 48.6219
Epoch 1 Global_step 155000	Train_loss: 0.3429	Trainlogloss: 0.3429	logloss: 0.3904	Eval_GAUC: 0.9052	Eval_AUC: 0.9069	Inference_time: 52.7501
Epoch 1 Global_step 156000	Train_loss: 0.3444	Trainlogloss: 0.3444	logloss: 0.3892	Eval_GAUC: 0.9045	Eval_AUC: 0.9069	Inference_time: 48.6147
Epoch 1 Global_step 157000	Train_loss: 0.3493	Trainlogloss: 0.3493	logloss: 0.3951	Eval_GAUC: 0.9050	Eval_AUC: 0.9064	Inference_time: 48.8839
Epoch 1 Global_step 158000	Train_loss: 0.3468	Trainlogloss: 0.3468	logloss: 0.3905	Eval_GAUC: 0.9043	Eval_AUC: 0.9055	Inference_time: 48.6061
Epoch 1 Global_step 159000	Train_loss: 0.3506	Trainlogloss: 0.3506	logloss: 0.3899	Eval_GAUC: 0.9055	Eval_AUC: 0.9067	Inference_time: 50.2429
Epoch 1 Global_step 160000	Train_loss: 0.3473	Trainlogloss: 0.3473	logloss: 0.3916	Eval_GAUC: 0.9056	Eval_AUC: 0.9073	Inference_time: 49.0512
Epoch 1 Global_step 161000	Train_loss: 0.3508	Trainlogloss: 0.3508	logloss: 0.3873	Eval_GAUC: 0.9067	Eval_AUC: 0.9088	Inference_time: 73.8112
Epoch 1 Global_step 162000	Train_loss: 0.3522	Trainlogloss: 0.3522	logloss: 0.3924	Eval_GAUC: 0.9019	Eval_AUC: 0.9043	Inference_time: 48.1212
Epoch 1 Global_step 163000	Train_loss: 0.3471	Trainlogloss: 0.3471	logloss: 0.3868	Eval_GAUC: 0.9083	Eval_AUC: 0.9103	Inference_time: 71.8099
Epoch 1 DONE	Cost time: 75105.25
Epoch 2 Global_step 164000	Train_loss: 0.3012	Trainlogloss: 0.3012	logloss: 0.3914	Eval_GAUC: 0.9082	Eval_AUC: 0.9100	Inference_time: 50.1364
Epoch 2 Global_step 165000	Train_loss: 0.3127	Trainlogloss: 0.3127	logloss: 0.4019	Eval_GAUC: 0.9031	Eval_AUC: 0.9049	Inference_time: 49.5001
Epoch 2 Global_step 166000	Train_loss: 0.3143	Trainlogloss: 0.3143	logloss: 0.3975	Eval_GAUC: 0.9052	Eval_AUC: 0.9071	Inference_time: 48.2401
Epoch 2 Global_step 167000	Train_loss: 0.3159	Trainlogloss: 0.3159	logloss: 0.4028	Eval_GAUC: 0.9033	Eval_AUC: 0.9050	Inference_time: 48.4321
Epoch 2 Global_step 168000	Train_loss: 0.3165	Trainlogloss: 0.3165	logloss: 0.4091	Eval_GAUC: 0.9003	Eval_AUC: 0.9012	Inference_time: 50.6066
Epoch 2 Global_step 169000	Train_loss: 0.3158	Trainlogloss: 0.3158	logloss: 0.3926	Eval_GAUC: 0.9049	Eval_AUC: 0.9069	Inference_time: 49.1359
Epoch 2 Global_step 170000	Train_loss: 0.3154	Trainlogloss: 0.3154	logloss: 0.4045	Eval_GAUC: 0.9017	Eval_AUC: 0.9037	Inference_time: 48.7816
Epoch 2 Global_step 171000	Train_loss: 0.3122	Trainlogloss: 0.3122	logloss: 0.3941	Eval_GAUC: 0.9053	Eval_AUC: 0.9075	Inference_time: 50.2633
Epoch 2 Global_step 172000	Train_loss: 0.3123	Trainlogloss: 0.3123	logloss: 0.4005	Eval_GAUC: 0.9041	Eval_AUC: 0.9057	Inference_time: 50.7353
Epoch 2 Global_step 173000	Train_loss: 0.3145	Trainlogloss: 0.3145	logloss: 0.3965	Eval_GAUC: 0.9051	Eval_AUC: 0.9064	Inference_time: 48.5121
Epoch 2 Global_step 174000	Train_loss: 0.3154	Trainlogloss: 0.3154	logloss: 0.3997	Eval_GAUC: 0.9057	Eval_AUC: 0.9065	Inference_time: 51.9223
Epoch 2 Global_step 175000	Train_loss: 0.3168	Trainlogloss: 0.3168	logloss: 0.3976	Eval_GAUC: 0.9048	Eval_AUC: 0.9056	Inference_time: 48.5476
Epoch 2 Global_step 176000	Train_loss: 0.3140	Trainlogloss: 0.3140	logloss: 0.3996	Eval_GAUC: 0.9048	Eval_AUC: 0.9064	Inference_time: 49.8217
Epoch 2 Global_step 177000	Train_loss: 0.3153	Trainlogloss: 0.3153	logloss: 0.4002	Eval_GAUC: 0.9051	Eval_AUC: 0.9063	Inference_time: 51.2764
Epoch 2 Global_step 178000	Train_loss: 0.3158	Trainlogloss: 0.3158	logloss: 0.4026	Eval_GAUC: 0.9021	Eval_AUC: 0.9042	Inference_time: 49.3293
Epoch 2 Global_step 179000	Train_loss: 0.3216	Trainlogloss: 0.3216	logloss: 0.3947	Eval_GAUC: 0.9053	Eval_AUC: 0.9068	Inference_time: 48.3439
Epoch 2 Global_step 180000	Train_loss: 0.3226	Trainlogloss: 0.3226	logloss: 0.3971	Eval_GAUC: 0.9046	Eval_AUC: 0.9062	Inference_time: 51.1240
Epoch 2 Global_step 181000	Train_loss: 0.3166	Trainlogloss: 0.3166	logloss: 0.4040	Eval_GAUC: 0.9024	Eval_AUC: 0.9044	Inference_time: 48.6534
Epoch 2 Global_step 182000	Train_loss: 0.3175	Trainlogloss: 0.3175	logloss: 0.4028	Eval_GAUC: 0.9035	Eval_AUC: 0.9054	Inference_time: 48.8223
Epoch 2 Global_step 183000	Train_loss: 0.3133	Trainlogloss: 0.3133	logloss: 0.4043	Eval_GAUC: 0.9025	Eval_AUC: 0.9037	Inference_time: 48.2698
Epoch 2 Global_step 184000	Train_loss: 0.3190	Trainlogloss: 0.3190	logloss: 0.4154	Eval_GAUC: 0.8985	Eval_AUC: 0.9006	Inference_time: 50.7930
Epoch 2 Global_step 185000	Train_loss: 0.3178	Trainlogloss: 0.3178	logloss: 0.3937	Eval_GAUC: 0.9054	Eval_AUC: 0.9069	Inference_time: 48.8694
Epoch 2 Global_step 186000	Train_loss: 0.3236	Trainlogloss: 0.3236	logloss: 0.4000	Eval_GAUC: 0.9055	Eval_AUC: 0.9073	Inference_time: 49.0222
Epoch 2 Global_step 187000	Train_loss: 0.3167	Trainlogloss: 0.3167	logloss: 0.3921	Eval_GAUC: 0.9057	Eval_AUC: 0.9072	Inference_time: 50.0551
Epoch 2 Global_step 188000	Train_loss: 0.3198	Trainlogloss: 0.3198	logloss: 0.4014	Eval_GAUC: 0.9031	Eval_AUC: 0.9050	Inference_time: 50.7787
Epoch 2 Global_step 189000	Train_loss: 0.3236	Trainlogloss: 0.3236	logloss: 0.3926	Eval_GAUC: 0.9060	Eval_AUC: 0.9075	Inference_time: 48.5434
Epoch 2 Global_step 190000	Train_loss: 0.3180	Trainlogloss: 0.3180	logloss: 0.3966	Eval_GAUC: 0.9029	Eval_AUC: 0.9048	Inference_time: 48.0636
Epoch 2 Global_step 191000	Train_loss: 0.3207	Trainlogloss: 0.3207	logloss: 0.4105	Eval_GAUC: 0.9021	Eval_AUC: 0.9037	Inference_time: 49.3044
Epoch 2 Global_step 192000	Train_loss: 0.3179	Trainlogloss: 0.3179	logloss: 0.3948	Eval_GAUC: 0.9040	Eval_AUC: 0.9061	Inference_time: 50.5665
Epoch 2 Global_step 193000	Train_loss: 0.3173	Trainlogloss: 0.3173	logloss: 0.4032	Eval_GAUC: 0.9054	Eval_AUC: 0.9066	Inference_time: 48.8276
Epoch 2 Global_step 194000	Train_loss: 0.3174	Trainlogloss: 0.3174	logloss: 0.3961	Eval_GAUC: 0.9050	Eval_AUC: 0.9068	Inference_time: 48.6463
Epoch 2 Global_step 195000	Train_loss: 0.3180	Trainlogloss: 0.3180	logloss: 0.3966	Eval_GAUC: 0.9063	Eval_AUC: 0.9076	Inference_time: 48.4419
Epoch 2 Global_step 196000	Train_loss: 0.3146	Trainlogloss: 0.3146	logloss: 0.3922	Eval_GAUC: 0.9068	Eval_AUC: 0.9081	Inference_time: 49.7586
Epoch 2 Global_step 197000	Train_loss: 0.3165	Trainlogloss: 0.3165	logloss: 0.3859	Eval_GAUC: 0.9090	Eval_AUC: 0.9108	Inference_time: 72.7167
Epoch 2 Global_step 198000	Train_loss: 0.3234	Trainlogloss: 0.3234	logloss: 0.3868	Eval_GAUC: 0.9074	Eval_AUC: 0.9094	Inference_time: 48.5025
Epoch 2 Global_step 199000	Train_loss: 0.3173	Trainlogloss: 0.3173	logloss: 0.3958	Eval_GAUC: 0.9040	Eval_AUC: 0.9059	Inference_time: 46.6589
Epoch 2 Global_step 200000	Train_loss: 0.3158	Trainlogloss: 0.3158	logloss: 0.4047	Eval_GAUC: 0.9058	Eval_AUC: 0.9065	Inference_time: 46.4643
Epoch 2 Global_step 201000	Train_loss: 0.3213	Trainlogloss: 0.3213	logloss: 0.3980	Eval_GAUC: 0.9057	Eval_AUC: 0.9073	Inference_time: 46.6476
Epoch 2 Global_step 202000	Train_loss: 0.3213	Trainlogloss: 0.3213	logloss: 0.3908	Eval_GAUC: 0.9071	Eval_AUC: 0.9092	Inference_time: 48.2201
Epoch 2 Global_step 203000	Train_loss: 0.3217	Trainlogloss: 0.3217	logloss: 0.3986	Eval_GAUC: 0.9052	Eval_AUC: 0.9065	Inference_time: 47.6684
Epoch 2 Global_step 204000	Train_loss: 0.3176	Trainlogloss: 0.3176	logloss: 0.3928	Eval_GAUC: 0.9079	Eval_AUC: 0.9098	Inference_time: 53.4997
Epoch 2 Global_step 205000	Train_loss: 0.3234	Trainlogloss: 0.3234	logloss: 0.3899	Eval_GAUC: 0.9078	Eval_AUC: 0.9099	Inference_time: 53.7996
Epoch 2 Global_step 206000	Train_loss: 0.3193	Trainlogloss: 0.3193	logloss: 0.3928	Eval_GAUC: 0.9050	Eval_AUC: 0.9071	Inference_time: 51.2414
Epoch 2 Global_step 207000	Train_loss: 0.3167	Trainlogloss: 0.3167	logloss: 0.3898	Eval_GAUC: 0.9077	Eval_AUC: 0.9097	Inference_time: 51.3013
Epoch 2 Global_step 208000	Train_loss: 0.3215	Trainlogloss: 0.3215	logloss: 0.3893	Eval_GAUC: 0.9062	Eval_AUC: 0.9080	Inference_time: 50.1347
Epoch 2 Global_step 209000	Train_loss: 0.3197	Trainlogloss: 0.3197	logloss: 0.3869	Eval_GAUC: 0.9078	Eval_AUC: 0.9097	Inference_time: 50.6108
Epoch 2 Global_step 210000	Train_loss: 0.3204	Trainlogloss: 0.3204	logloss: 0.3855	Eval_GAUC: 0.9089	Eval_AUC: 0.9104	Inference_time: 54.3056
Epoch 2 Global_step 211000	Train_loss: 0.3243	Trainlogloss: 0.3243	logloss: 0.4020	Eval_GAUC: 0.9073	Eval_AUC: 0.9082	Inference_time: 50.1638
Epoch 2 Global_step 212000	Train_loss: 0.3192	Trainlogloss: 0.3192	logloss: 0.3856	Eval_GAUC: 0.9086	Eval_AUC: 0.9097	Inference_time: 52.6297
Epoch 2 Global_step 213000	Train_loss: 0.3247	Trainlogloss: 0.3247	logloss: 0.3904	Eval_GAUC: 0.9051	Eval_AUC: 0.9069	Inference_time: 54.9123
Epoch 2 Global_step 214000	Train_loss: 0.3198	Trainlogloss: 0.3198	logloss: 0.3953	Eval_GAUC: 0.9077	Eval_AUC: 0.9094	Inference_time: 52.8303
Epoch 2 Global_step 215000	Train_loss: 0.3155	Trainlogloss: 0.3155	logloss: 0.3896	Eval_GAUC: 0.9108	Eval_AUC: 0.9125	Inference_time: 81.4702
Epoch 2 Global_step 216000	Train_loss: 0.3243	Trainlogloss: 0.3243	logloss: 0.3888	Eval_GAUC: 0.9084	Eval_AUC: 0.9098	Inference_time: 51.6186
Epoch 2 Global_step 217000	Train_loss: 0.3209	Trainlogloss: 0.3209	logloss: 0.3838	Eval_GAUC: 0.9095	Eval_AUC: 0.9114	Inference_time: 51.7530
Epoch 2 Global_step 218000	Train_loss: 0.3215	Trainlogloss: 0.3215	logloss: 0.3859	Eval_GAUC: 0.9071	Eval_AUC: 0.9091	Inference_time: 51.6991
Epoch 2 Global_step 219000	Train_loss: 0.3263	Trainlogloss: 0.3263	logloss: 0.3912	Eval_GAUC: 0.9055	Eval_AUC: 0.9070	Inference_time: 52.1801
Epoch 2 Global_step 220000	Train_loss: 0.3227	Trainlogloss: 0.3227	logloss: 0.3928	Eval_GAUC: 0.9066	Eval_AUC: 0.9080	Inference_time: 52.1098
Epoch 2 Global_step 221000	Train_loss: 0.3225	Trainlogloss: 0.3225	logloss: 0.3890	Eval_GAUC: 0.9084	Eval_AUC: 0.9106	Inference_time: 54.3758
Epoch 2 Global_step 222000	Train_loss: 0.3215	Trainlogloss: 0.3215	logloss: 0.3877	Eval_GAUC: 0.9087	Eval_AUC: 0.9113	Inference_time: 51.8990
Epoch 2 Global_step 223000	Train_loss: 0.3213	Trainlogloss: 0.3213	logloss: 0.3842	Eval_GAUC: 0.9094	Eval_AUC: 0.9115	Inference_time: 52.2527
Epoch 2 Global_step 224000	Train_loss: 0.3244	Trainlogloss: 0.3244	logloss: 0.3869	Eval_GAUC: 0.9083	Eval_AUC: 0.9103	Inference_time: 52.0919
Epoch 2 Global_step 225000	Train_loss: 0.3198	Trainlogloss: 0.3198	logloss: 0.3903	Eval_GAUC: 0.9076	Eval_AUC: 0.9092	Inference_time: 53.7886
Epoch 2 Global_step 226000	Train_loss: 0.3258	Trainlogloss: 0.3258	logloss: 0.3907	Eval_GAUC: 0.9102	Eval_AUC: 0.9117	Inference_time: 51.6771
Epoch 2 Global_step 227000	Train_loss: 0.3217	Trainlogloss: 0.3217	logloss: 0.3860	Eval_GAUC: 0.9098	Eval_AUC: 0.9112	Inference_time: 51.8951
Epoch 2 Global_step 228000	Train_loss: 0.3224	Trainlogloss: 0.3224	logloss: 0.3836	Eval_GAUC: 0.9092	Eval_AUC: 0.9109	Inference_time: 56.1942
Epoch 2 Global_step 229000	Train_loss: 0.3178	Trainlogloss: 0.3178	logloss: 0.3848	Eval_GAUC: 0.9102	Eval_AUC: 0.9117	Inference_time: 51.5772
Epoch 2 Global_step 230000	Train_loss: 0.3250	Trainlogloss: 0.3250	logloss: 0.3816	Eval_GAUC: 0.9116	Eval_AUC: 0.9133	Inference_time: 84.2637
Epoch 2 Global_step 231000	Train_loss: 0.3239	Trainlogloss: 0.3239	logloss: 0.3896	Eval_GAUC: 0.9068	Eval_AUC: 0.9088	Inference_time: 51.8820
Epoch 2 Global_step 232000	Train_loss: 0.3247	Trainlogloss: 0.3247	logloss: 0.3875	Eval_GAUC: 0.9084	Eval_AUC: 0.9106	Inference_time: 52.8705
Epoch 2 Global_step 233000	Train_loss: 0.3217	Trainlogloss: 0.3217	logloss: 0.3954	Eval_GAUC: 0.9074	Eval_AUC: 0.9091	Inference_time: 51.9135
Epoch 2 Global_step 234000	Train_loss: 0.3183	Trainlogloss: 0.3183	logloss: 0.3848	Eval_GAUC: 0.9114	Eval_AUC: 0.9130	Inference_time: 52.4056
Epoch 2 Global_step 235000	Train_loss: 0.3211	Trainlogloss: 0.3211	logloss: 0.3869	Eval_GAUC: 0.9091	Eval_AUC: 0.9107	Inference_time: 51.9617
Epoch 2 Global_step 236000	Train_loss: 0.3229	Trainlogloss: 0.3229	logloss: 0.3892	Eval_GAUC: 0.9067	Eval_AUC: 0.9085	Inference_time: 55.1662
Epoch 2 Global_step 237000	Train_loss: 0.3223	Trainlogloss: 0.3223	logloss: 0.3846	Eval_GAUC: 0.9102	Eval_AUC: 0.9118	Inference_time: 51.8810
Epoch 2 Global_step 238000	Train_loss: 0.3237	Trainlogloss: 0.3237	logloss: 0.3838	Eval_GAUC: 0.9088	Eval_AUC: 0.9108	Inference_time: 52.3969
Epoch 2 Global_step 239000	Train_loss: 0.3283	Trainlogloss: 0.3283	logloss: 0.3926	Eval_GAUC: 0.9071	Eval_AUC: 0.9090	Inference_time: 54.1189
Epoch 2 Global_step 240000	Train_loss: 0.3260	Trainlogloss: 0.3260	logloss: 0.3838	Eval_GAUC: 0.9090	Eval_AUC: 0.9108	Inference_time: 54.0122
Epoch 2 Global_step 241000	Train_loss: 0.3210	Trainlogloss: 0.3210	logloss: 0.3837	Eval_GAUC: 0.9117	Eval_AUC: 0.9133	Inference_time: 82.6399
Epoch 2 Global_step 242000	Train_loss: 0.3206	Trainlogloss: 0.3206	logloss: 0.3880	Eval_GAUC: 0.9089	Eval_AUC: 0.9106	Inference_time: 52.4047
Epoch 2 Global_step 243000	Train_loss: 0.3244	Trainlogloss: 0.3244	logloss: 0.3988	Eval_GAUC: 0.9097	Eval_AUC: 0.9116	Inference_time: 52.0705
Epoch 2 Global_step 244000	Train_loss: 0.3240	Trainlogloss: 0.3240	logloss: 0.3860	Eval_GAUC: 0.9083	Eval_AUC: 0.9102	Inference_time: 53.8323
Epoch 2 DONE	Cost time: 113133.87
Epoch 3 Global_step 245000	Train_loss: 0.1192	Trainlogloss: 0.1192	logloss: 0.3970	Eval_GAUC: 0.9100	Eval_AUC: 0.9107	Inference_time: 51.5800
Epoch 3 Global_step 246000	Train_loss: 0.2775	Trainlogloss: 0.2775	logloss: 0.3993	Eval_GAUC: 0.9084	Eval_AUC: 0.9100	Inference_time: 53.8187
Epoch 3 Global_step 247000	Train_loss: 0.2814	Trainlogloss: 0.2814	logloss: 0.3930	Eval_GAUC: 0.9081	Eval_AUC: 0.9097	Inference_time: 52.0533
Epoch 3 Global_step 248000	Train_loss: 0.2750	Trainlogloss: 0.2750	logloss: 0.4089	Eval_GAUC: 0.9081	Eval_AUC: 0.9095	Inference_time: 54.1501
Epoch 3 Global_step 249000	Train_loss: 0.2817	Trainlogloss: 0.2817	logloss: 0.4011	Eval_GAUC: 0.9090	Eval_AUC: 0.9100	Inference_time: 52.1389
Epoch 3 Global_step 250000	Train_loss: 0.2802	Trainlogloss: 0.2802	logloss: 0.4068	Eval_GAUC: 0.9067	Eval_AUC: 0.9090	Inference_time: 51.8903
Epoch 3 Global_step 251000	Train_loss: 0.2833	Trainlogloss: 0.2833	logloss: 0.4020	Eval_GAUC: 0.9069	Eval_AUC: 0.9091	Inference_time: 53.9414
Epoch 3 Global_step 252000	Train_loss: 0.2807	Trainlogloss: 0.2807	logloss: 0.4057	Eval_GAUC: 0.9076	Eval_AUC: 0.9085	Inference_time: 51.8814
Epoch 3 Global_step 253000	Train_loss: 0.2763	Trainlogloss: 0.2763	logloss: 0.3982	Eval_GAUC: 0.9076	Eval_AUC: 0.9089	Inference_time: 52.7545
Epoch 3 Global_step 254000	Train_loss: 0.2809	Trainlogloss: 0.2809	logloss: 0.4032	Eval_GAUC: 0.9088	Eval_AUC: 0.9104	Inference_time: 51.7281
Epoch 3 Global_step 255000	Train_loss: 0.2824	Trainlogloss: 0.2824	logloss: 0.4025	Eval_GAUC: 0.9088	Eval_AUC: 0.9096	Inference_time: 54.1758
Epoch 3 Global_step 256000	Train_loss: 0.2836	Trainlogloss: 0.2836	logloss: 0.4026	Eval_GAUC: 0.9081	Eval_AUC: 0.9098	Inference_time: 52.0642
Epoch 3 Global_step 257000	Train_loss: 0.2813	Trainlogloss: 0.2813	logloss: 0.4127	Eval_GAUC: 0.9071	Eval_AUC: 0.9084	Inference_time: 53.2690
Epoch 3 Global_step 258000	Train_loss: 0.2758	Trainlogloss: 0.2758	logloss: 0.4085	Eval_GAUC: 0.9049	Eval_AUC: 0.9067	Inference_time: 51.7729
Epoch 3 Global_step 259000	Train_loss: 0.2823	Trainlogloss: 0.2823	logloss: 0.4036	Eval_GAUC: 0.9059	Eval_AUC: 0.9078	Inference_time: 53.8321
Epoch 3 Global_step 260000	Train_loss: 0.2833	Trainlogloss: 0.2833	logloss: 0.4143	Eval_GAUC: 0.9068	Eval_AUC: 0.9071	Inference_time: 52.1998
Epoch 3 Global_step 261000	Train_loss: 0.2831	Trainlogloss: 0.2831	logloss: 0.3945	Eval_GAUC: 0.9095	Eval_AUC: 0.9108	Inference_time: 51.4641
Epoch 3 Global_step 262000	Train_loss: 0.2885	Trainlogloss: 0.2885	logloss: 0.3970	Eval_GAUC: 0.9085	Eval_AUC: 0.9100	Inference_time: 52.7130
Epoch 3 Global_step 263000	Train_loss: 0.2777	Trainlogloss: 0.2777	logloss: 0.4051	Eval_GAUC: 0.9095	Eval_AUC: 0.9102	Inference_time: 54.6055
Epoch 3 Global_step 264000	Train_loss: 0.2881	Trainlogloss: 0.2881	logloss: 0.3908	Eval_GAUC: 0.9107	Eval_AUC: 0.9122	Inference_time: 51.1894
Epoch 3 Global_step 265000	Train_loss: 0.2792	Trainlogloss: 0.2792	logloss: 0.3957	Eval_GAUC: 0.9091	Eval_AUC: 0.9103	Inference_time: 52.0181
Epoch 3 Global_step 266000	Train_loss: 0.2854	Trainlogloss: 0.2854	logloss: 0.3949	Eval_GAUC: 0.9114	Eval_AUC: 0.9126	Inference_time: 54.2244
Epoch 3 Global_step 267000	Train_loss: 0.2847	Trainlogloss: 0.2847	logloss: 0.4076	Eval_GAUC: 0.9080	Eval_AUC: 0.9096	Inference_time: 54.4353
Epoch 3 Global_step 268000	Train_loss: 0.2887	Trainlogloss: 0.2887	logloss: 0.4006	Eval_GAUC: 0.9095	Eval_AUC: 0.9106	Inference_time: 51.8142
Epoch 3 Global_step 269000	Train_loss: 0.2832	Trainlogloss: 0.2832	logloss: 0.3991	Eval_GAUC: 0.9081	Eval_AUC: 0.9090	Inference_time: 52.0441
Epoch 3 Global_step 270000	Train_loss: 0.2860	Trainlogloss: 0.2860	logloss: 0.3939	Eval_GAUC: 0.9091	Eval_AUC: 0.9105	Inference_time: 55.3191
Epoch 3 Global_step 271000	Train_loss: 0.2881	Trainlogloss: 0.2881	logloss: 0.3922	Eval_GAUC: 0.9092	Eval_AUC: 0.9110	Inference_time: 51.8944
Epoch 3 Global_step 272000	Train_loss: 0.2932	Trainlogloss: 0.2932	logloss: 0.3971	Eval_GAUC: 0.9082	Eval_AUC: 0.9095	Inference_time: 52.3311
Epoch 3 Global_step 273000	Train_loss: 0.2874	Trainlogloss: 0.2874	logloss: 0.4026	Eval_GAUC: 0.9073	Eval_AUC: 0.9083	Inference_time: 51.6998
Epoch 3 Global_step 274000	Train_loss: 0.2869	Trainlogloss: 0.2869	logloss: 0.3987	Eval_GAUC: 0.9068	Eval_AUC: 0.9089	Inference_time: 51.1945
Epoch 3 Global_step 275000	Train_loss: 0.2827	Trainlogloss: 0.2827	logloss: 0.3962	Eval_GAUC: 0.9085	Eval_AUC: 0.9100	Inference_time: 56.2307
Epoch 3 Global_step 276000	Train_loss: 0.2888	Trainlogloss: 0.2888	logloss: 0.3956	Eval_GAUC: 0.9085	Eval_AUC: 0.9098	Inference_time: 51.5367
Epoch 3 Global_step 277000	Train_loss: 0.2890	Trainlogloss: 0.2890	logloss: 0.3901	Eval_GAUC: 0.9110	Eval_AUC: 0.9122	Inference_time: 51.9145
Epoch 3 Global_step 278000	Train_loss: 0.2901	Trainlogloss: 0.2901	logloss: 0.3945	Eval_GAUC: 0.9109	Eval_AUC: 0.9125	Inference_time: 51.9898
Epoch 3 Global_step 279000	Train_loss: 0.2894	Trainlogloss: 0.2894	logloss: 0.4005	Eval_GAUC: 0.9073	Eval_AUC: 0.9083	Inference_time: 54.1321
Epoch 3 Global_step 280000	Train_loss: 0.2868	Trainlogloss: 0.2868	logloss: 0.3969	Eval_GAUC: 0.9081	Eval_AUC: 0.9098	Inference_time: 51.8454
Epoch 3 Global_step 281000	Train_loss: 0.2891	Trainlogloss: 0.2891	logloss: 0.3908	Eval_GAUC: 0.9117	Eval_AUC: 0.9130	Inference_time: 87.0182
Epoch 3 Global_step 282000	Train_loss: 0.2906	Trainlogloss: 0.2906	logloss: 0.3910	Eval_GAUC: 0.9093	Eval_AUC: 0.9110	Inference_time: 52.2053
Epoch 3 Global_step 283000	Train_loss: 0.2840	Trainlogloss: 0.2840	logloss: 0.4082	Eval_GAUC: 0.9094	Eval_AUC: 0.9103	Inference_time: 53.2611
Epoch 3 Global_step 284000	Train_loss: 0.2889	Trainlogloss: 0.2889	logloss: 0.3948	Eval_GAUC: 0.9087	Eval_AUC: 0.9100	Inference_time: 51.7369
Epoch 3 Global_step 285000	Train_loss: 0.2950	Trainlogloss: 0.2950	logloss: 0.3911	Eval_GAUC: 0.9105	Eval_AUC: 0.9117	Inference_time: 54.3157
Epoch 3 Global_step 286000	Train_loss: 0.2902	Trainlogloss: 0.2902	logloss: 0.4070	Eval_GAUC: 0.9081	Eval_AUC: 0.9098	Inference_time: 52.0452
Epoch 3 Global_step 287000	Train_loss: 0.2856	Trainlogloss: 0.2856	logloss: 0.3905	Eval_GAUC: 0.9105	Eval_AUC: 0.9123	Inference_time: 52.0872
Epoch 3 Global_step 288000	Train_loss: 0.2949	Trainlogloss: 0.2949	logloss: 0.3884	Eval_GAUC: 0.9120	Eval_AUC: 0.9137	Inference_time: 85.6494
Epoch 3 Global_step 289000	Train_loss: 0.2875	Trainlogloss: 0.2875	logloss: 0.3905	Eval_GAUC: 0.9101	Eval_AUC: 0.9119	Inference_time: 51.9245
Epoch 3 Global_step 290000	Train_loss: 0.2889	Trainlogloss: 0.2889	logloss: 0.3896	Eval_GAUC: 0.9108	Eval_AUC: 0.9121	Inference_time: 52.2317
Epoch 3 Global_step 291000	Train_loss: 0.2837	Trainlogloss: 0.2837	logloss: 0.3927	Eval_GAUC: 0.9114	Eval_AUC: 0.9129	Inference_time: 56.1701
Epoch 3 Global_step 292000	Train_loss: 0.2943	Trainlogloss: 0.2943	logloss: 0.3905	Eval_GAUC: 0.9093	Eval_AUC: 0.9108	Inference_time: 52.0246
Epoch 3 Global_step 293000	Train_loss: 0.2909	Trainlogloss: 0.2909	logloss: 0.3924	Eval_GAUC: 0.9089	Eval_AUC: 0.9116	Inference_time: 52.1153
Epoch 3 Global_step 294000	Train_loss: 0.2928	Trainlogloss: 0.2928	logloss: 0.3899	Eval_GAUC: 0.9094	Eval_AUC: 0.9119	Inference_time: 51.5662
Epoch 3 Global_step 295000	Train_loss: 0.2909	Trainlogloss: 0.2909	logloss: 0.3867	Eval_GAUC: 0.9116	Eval_AUC: 0.9132	Inference_time: 55.8703
Epoch 3 Global_step 296000	Train_loss: 0.2975	Trainlogloss: 0.2975	logloss: 0.3906	Eval_GAUC: 0.9120	Eval_AUC: 0.9138	Inference_time: 51.9614
Epoch 3 Global_step 297000	Train_loss: 0.2948	Trainlogloss: 0.2948	logloss: 0.3892	Eval_GAUC: 0.9093	Eval_AUC: 0.9118	Inference_time: 51.7304
Epoch 3 Global_step 298000	Train_loss: 0.2971	Trainlogloss: 0.2971	logloss: 0.3835	Eval_GAUC: 0.9122	Eval_AUC: 0.9129	Inference_time: 86.8413
Epoch 3 Global_step 299000	Train_loss: 0.2949	Trainlogloss: 0.2949	logloss: 0.3935	Eval_GAUC: 0.9091	Eval_AUC: 0.9104	Inference_time: 53.7638
Epoch 3 Global_step 300000	Train_loss: 0.2936	Trainlogloss: 0.2936	logloss: 0.3867	Eval_GAUC: 0.9103	Eval_AUC: 0.9117	Inference_time: 53.6667
Epoch 3 Global_step 301000	Train_loss: 0.2909	Trainlogloss: 0.2909	logloss: 0.3940	Eval_GAUC: 0.9103	Eval_AUC: 0.9128	Inference_time: 52.3670
Epoch 3 Global_step 302000	Train_loss: 0.2887	Trainlogloss: 0.2887	logloss: 0.3837	Eval_GAUC: 0.9113	Eval_AUC: 0.9131	Inference_time: 52.1334
Epoch 3 Global_step 303000	Train_loss: 0.2901	Trainlogloss: 0.2901	logloss: 0.3902	Eval_GAUC: 0.9113	Eval_AUC: 0.9134	Inference_time: 54.0242
Epoch 3 Global_step 304000	Train_loss: 0.2904	Trainlogloss: 0.2904	logloss: 0.3818	Eval_GAUC: 0.9121	Eval_AUC: 0.9145	Inference_time: 54.6805
Epoch 3 Global_step 305000	Train_loss: 0.2913	Trainlogloss: 0.2913	logloss: 0.3936	Eval_GAUC: 0.9102	Eval_AUC: 0.9117	Inference_time: 51.6854
Epoch 3 Global_step 306000	Train_loss: 0.2909	Trainlogloss: 0.2909	logloss: 0.3899	Eval_GAUC: 0.9112	Eval_AUC: 0.9130	Inference_time: 52.1806
Epoch 3 Global_step 307000	Train_loss: 0.2889	Trainlogloss: 0.2889	logloss: 0.3921	Eval_GAUC: 0.9127	Eval_AUC: 0.9147	Inference_time: 86.1157
Epoch 3 Global_step 308000	Train_loss: 0.2962	Trainlogloss: 0.2962	logloss: 0.3798	Eval_GAUC: 0.9117	Eval_AUC: 0.9142	Inference_time: 51.9070
Epoch 3 Global_step 309000	Train_loss: 0.2914	Trainlogloss: 0.2914	logloss: 0.3830	Eval_GAUC: 0.9117	Eval_AUC: 0.9142	Inference_time: 51.9710
Epoch 3 Global_step 310000	Train_loss: 0.2921	Trainlogloss: 0.2921	logloss: 0.3808	Eval_GAUC: 0.9130	Eval_AUC: 0.9152	Inference_time: 86.9958
Epoch 3 Global_step 311000	Train_loss: 0.2980	Trainlogloss: 0.2980	logloss: 0.3809	Eval_GAUC: 0.9140	Eval_AUC: 0.9159	Inference_time: 89.3996
Epoch 3 Global_step 312000	Train_loss: 0.2890	Trainlogloss: 0.2890	logloss: 0.3940	Eval_GAUC: 0.9129	Eval_AUC: 0.9149	Inference_time: 53.8971
Epoch 3 Global_step 313000	Train_loss: 0.2933	Trainlogloss: 0.2933	logloss: 0.3886	Eval_GAUC: 0.9122	Eval_AUC: 0.9142	Inference_time: 51.8988
Epoch 3 Global_step 314000	Train_loss: 0.2900	Trainlogloss: 0.2900	logloss: 0.3799	Eval_GAUC: 0.9143	Eval_AUC: 0.9168	Inference_time: 86.8893
Epoch 3 Global_step 315000	Train_loss: 0.3002	Trainlogloss: 0.3002	logloss: 0.3815	Eval_GAUC: 0.9115	Eval_AUC: 0.9140	Inference_time: 51.3170
Epoch 3 Global_step 316000	Train_loss: 0.3020	Trainlogloss: 0.3020	logloss: 0.3800	Eval_GAUC: 0.9132	Eval_AUC: 0.9161	Inference_time: 51.9134
Epoch 3 Global_step 317000	Train_loss: 0.2969	Trainlogloss: 0.2969	logloss: 0.3827	Eval_GAUC: 0.9112	Eval_AUC: 0.9135	Inference_time: 51.6332
Epoch 3 Global_step 318000	Train_loss: 0.2879	Trainlogloss: 0.2879	logloss: 0.3920	Eval_GAUC: 0.9107	Eval_AUC: 0.9124	Inference_time: 54.3124
Epoch 3 Global_step 319000	Train_loss: 0.2938	Trainlogloss: 0.2938	logloss: 0.3847	Eval_GAUC: 0.9120	Eval_AUC: 0.9139	Inference_time: 53.9531
Epoch 3 Global_step 320000	Train_loss: 0.2915	Trainlogloss: 0.2915	logloss: 0.3813	Eval_GAUC: 0.9133	Eval_AUC: 0.9156	Inference_time: 51.7326
Epoch 3 Global_step 321000	Train_loss: 0.2956	Trainlogloss: 0.2956	logloss: 0.3770	Eval_GAUC: 0.9153	Eval_AUC: 0.9178	Inference_time: 87.0977
Epoch 3 Global_step 322000	Train_loss: 0.2936	Trainlogloss: 0.2936	logloss: 0.3840	Eval_GAUC: 0.9126	Eval_AUC: 0.9146	Inference_time: 51.4306
Epoch 3 Global_step 323000	Train_loss: 0.2967	Trainlogloss: 0.2967	logloss: 0.3785	Eval_GAUC: 0.9129	Eval_AUC: 0.9153	Inference_time: 54.0332
Epoch 3 Global_step 324000	Train_loss: 0.2929	Trainlogloss: 0.2929	logloss: 0.3815	Eval_GAUC: 0.9131	Eval_AUC: 0.9151	Inference_time: 52.2643
Epoch 3 Global_step 325000	Train_loss: 0.2922	Trainlogloss: 0.2922	logloss: 0.3852	Eval_GAUC: 0.9134	Eval_AUC: 0.9153	Inference_time: 52.2364
Epoch 3 Global_step 326000	Train_loss: 0.2914	Trainlogloss: 0.2914	logloss: 0.3919	Eval_GAUC: 0.9114	Eval_AUC: 0.9132	Inference_time: 51.9752
Epoch 3 DONE	Cost time: 152071.47
Epoch 4 Global_step 327000	Train_loss: 0.2153	Trainlogloss: 0.2153	logloss: 0.4089	Eval_GAUC: 0.9094	Eval_AUC: 0.9106	Inference_time: 56.0958
Epoch 4 Global_step 328000	Train_loss: 0.2433	Trainlogloss: 0.2433	logloss: 0.4044	Eval_GAUC: 0.9118	Eval_AUC: 0.9134	Inference_time: 51.9969
Epoch 4 Global_step 329000	Train_loss: 0.2451	Trainlogloss: 0.2451	logloss: 0.4197	Eval_GAUC: 0.9093	Eval_AUC: 0.9105	Inference_time: 52.3532
Epoch 4 Global_step 330000	Train_loss: 0.2461	Trainlogloss: 0.2461	logloss: 0.3985	Eval_GAUC: 0.9120	Eval_AUC: 0.9137	Inference_time: 51.9402
Epoch 4 Global_step 331000	Train_loss: 0.2428	Trainlogloss: 0.2428	logloss: 0.4126	Eval_GAUC: 0.9088	Eval_AUC: 0.9111	Inference_time: 53.1954
Epoch 4 Global_step 332000	Train_loss: 0.2494	Trainlogloss: 0.2494	logloss: 0.3991	Eval_GAUC: 0.9110	Eval_AUC: 0.9130	Inference_time: 54.1267
Epoch 4 Global_step 333000	Train_loss: 0.2439	Trainlogloss: 0.2439	logloss: 0.4009	Eval_GAUC: 0.9108	Eval_AUC: 0.9130	Inference_time: 51.7885
Epoch 4 Global_step 334000	Train_loss: 0.2433	Trainlogloss: 0.2433	logloss: 0.4161	Eval_GAUC: 0.9084	Eval_AUC: 0.9101	Inference_time: 51.7885
Epoch 4 Global_step 335000	Train_loss: 0.2497	Trainlogloss: 0.2497	logloss: 0.4038	Eval_GAUC: 0.9111	Eval_AUC: 0.9131	Inference_time: 51.8869
Epoch 4 Global_step 336000	Train_loss: 0.2438	Trainlogloss: 0.2438	logloss: 0.4177	Eval_GAUC: 0.9105	Eval_AUC: 0.9126	Inference_time: 54.5526
Epoch 4 Global_step 337000	Train_loss: 0.2445	Trainlogloss: 0.2445	logloss: 0.4120	Eval_GAUC: 0.9102	Eval_AUC: 0.9121	Inference_time: 51.9234
Epoch 4 Global_step 338000	Train_loss: 0.2474	Trainlogloss: 0.2474	logloss: 0.4123	Eval_GAUC: 0.9086	Eval_AUC: 0.9109	Inference_time: 52.6010
Epoch 4 Global_step 339000	Train_loss: 0.2424	Trainlogloss: 0.2424	logloss: 0.4140	Eval_GAUC: 0.9108	Eval_AUC: 0.9122	Inference_time: 51.7604
Epoch 4 Global_step 340000	Train_loss: 0.2412	Trainlogloss: 0.2412	logloss: 0.4090	Eval_GAUC: 0.9112	Eval_AUC: 0.9133	Inference_time: 54.9143
Epoch 4 Global_step 341000	Train_loss: 0.2548	Trainlogloss: 0.2548	logloss: 0.3992	Eval_GAUC: 0.9118	Eval_AUC: 0.9134	Inference_time: 52.1906
Epoch 4 Global_step 342000	Train_loss: 0.2473	Trainlogloss: 0.2473	logloss: 0.4010	Eval_GAUC: 0.9122	Eval_AUC: 0.9137	Inference_time: 51.7292
Epoch 4 Global_step 343000	Train_loss: 0.2475	Trainlogloss: 0.2475	logloss: 0.4138	Eval_GAUC: 0.9124	Eval_AUC: 0.9143	Inference_time: 51.4429
Epoch 4 Global_step 344000	Train_loss: 0.2465	Trainlogloss: 0.2465	logloss: 0.4097	Eval_GAUC: 0.9121	Eval_AUC: 0.9135	Inference_time: 54.0135
Epoch 4 Global_step 345000	Train_loss: 0.2494	Trainlogloss: 0.2494	logloss: 0.4051	Eval_GAUC: 0.9118	Eval_AUC: 0.9131	Inference_time: 53.9580
Epoch 4 Global_step 346000	Train_loss: 0.2497	Trainlogloss: 0.2497	logloss: 0.3982	Eval_GAUC: 0.9142	Eval_AUC: 0.9156	Inference_time: 52.3088
Epoch 4 Global_step 347000	Train_loss: 0.2506	Trainlogloss: 0.2506	logloss: 0.4066	Eval_GAUC: 0.9116	Eval_AUC: 0.9130	Inference_time: 51.8556
Epoch 4 Global_step 348000	Train_loss: 0.2539	Trainlogloss: 0.2539	logloss: 0.4032	Eval_GAUC: 0.9103	Eval_AUC: 0.9124	Inference_time: 54.4563
Epoch 4 Global_step 349000	Train_loss: 0.2522	Trainlogloss: 0.2522	logloss: 0.4059	Eval_GAUC: 0.9109	Eval_AUC: 0.9127	Inference_time: 52.3139
Epoch 4 Global_step 350000	Train_loss: 0.2526	Trainlogloss: 0.2526	logloss: 0.3983	Eval_GAUC: 0.9116	Eval_AUC: 0.9135	Inference_time: 52.2687
Epoch 4 Global_step 351000	Train_loss: 0.2559	Trainlogloss: 0.2559	logloss: 0.4064	Eval_GAUC: 0.9114	Eval_AUC: 0.9136	Inference_time: 51.5209
Epoch 4 Global_step 352000	Train_loss: 0.2513	Trainlogloss: 0.2513	logloss: 0.4072	Eval_GAUC: 0.9104	Eval_AUC: 0.9118	Inference_time: 52.8224
Epoch 4 Global_step 353000	Train_loss: 0.2532	Trainlogloss: 0.2532	logloss: 0.4015	Eval_GAUC: 0.9132	Eval_AUC: 0.9151	Inference_time: 51.9143
Epoch 4 Global_step 354000	Train_loss: 0.2551	Trainlogloss: 0.2551	logloss: 0.4040	Eval_GAUC: 0.9108	Eval_AUC: 0.9126	Inference_time: 52.9621
Epoch 4 Global_step 355000	Train_loss: 0.2536	Trainlogloss: 0.2536	logloss: 0.3982	Eval_GAUC: 0.9131	Eval_AUC: 0.9151	Inference_time: 52.1084
Epoch 4 Global_step 356000	Train_loss: 0.2504	Trainlogloss: 0.2504	logloss: 0.4012	Eval_GAUC: 0.9104	Eval_AUC: 0.9121	Inference_time: 51.8509
Epoch 4 Global_step 357000	Train_loss: 0.2523	Trainlogloss: 0.2523	logloss: 0.4025	Eval_GAUC: 0.9120	Eval_AUC: 0.9133	Inference_time: 51.9654
Epoch 4 Global_step 358000	Train_loss: 0.2579	Trainlogloss: 0.2579	logloss: 0.3934	Eval_GAUC: 0.9117	Eval_AUC: 0.9143	Inference_time: 49.8486
Epoch 4 Global_step 359000	Train_loss: 0.2541	Trainlogloss: 0.2541	logloss: 0.4055	Eval_GAUC: 0.9103	Eval_AUC: 0.9126	Inference_time: 50.8421
Epoch 4 Global_step 360000	Train_loss: 0.2554	Trainlogloss: 0.2554	logloss: 0.4040	Eval_GAUC: 0.9127	Eval_AUC: 0.9146	Inference_time: 49.9840
Epoch 4 Global_step 361000	Train_loss: 0.2568	Trainlogloss: 0.2568	logloss: 0.4128	Eval_GAUC: 0.9104	Eval_AUC: 0.9121	Inference_time: 51.7109
Epoch 4 Global_step 362000	Train_loss: 0.2621	Trainlogloss: 0.2621	logloss: 0.3977	Eval_GAUC: 0.9120	Eval_AUC: 0.9141	Inference_time: 49.7467
Epoch 4 Global_step 363000	Train_loss: 0.2519	Trainlogloss: 0.2519	logloss: 0.4017	Eval_GAUC: 0.9128	Eval_AUC: 0.9150	Inference_time: 49.8417
Epoch 4 Global_step 364000	Train_loss: 0.2561	Trainlogloss: 0.2561	logloss: 0.4027	Eval_GAUC: 0.9116	Eval_AUC: 0.9140	Inference_time: 49.3596
Epoch 4 Global_step 365000	Train_loss: 0.2564	Trainlogloss: 0.2564	logloss: 0.4002	Eval_GAUC: 0.9106	Eval_AUC: 0.9128	Inference_time: 51.3903
Epoch 4 Global_step 366000	Train_loss: 0.2519	Trainlogloss: 0.2519	logloss: 0.4021	Eval_GAUC: 0.9112	Eval_AUC: 0.9129	Inference_time: 50.1106
Epoch 4 Global_step 367000	Train_loss: 0.2491	Trainlogloss: 0.2491	logloss: 0.4062	Eval_GAUC: 0.9125	Eval_AUC: 0.9149	Inference_time: 54.0504
Epoch 4 Global_step 368000	Train_loss: 0.2546	Trainlogloss: 0.2546	logloss: 0.3968	Eval_GAUC: 0.9105	Eval_AUC: 0.9131	Inference_time: 51.7414
Epoch 4 Global_step 369000	Train_loss: 0.2540	Trainlogloss: 0.2540	logloss: 0.4035	Eval_GAUC: 0.9112	Eval_AUC: 0.9128	Inference_time: 34.7174
Epoch 4 Global_step 370000	Train_loss: 0.2564	Trainlogloss: 0.2564	logloss: 0.4065	Eval_GAUC: 0.9102	Eval_AUC: 0.9121	Inference_time: 32.6311
Epoch 4 Global_step 371000	Train_loss: 0.2612	Trainlogloss: 0.2612	logloss: 0.4006	Eval_GAUC: 0.9111	Eval_AUC: 0.9136	Inference_time: 31.3930
Epoch 4 Global_step 372000	Train_loss: 0.2601	Trainlogloss: 0.2601	logloss: 0.4023	Eval_GAUC: 0.9110	Eval_AUC: 0.9135	Inference_time: 31.6508
Epoch 4 Global_step 373000	Train_loss: 0.2599	Trainlogloss: 0.2599	logloss: 0.3944	Eval_GAUC: 0.9125	Eval_AUC: 0.9153	Inference_time: 30.1750
Epoch 4 Global_step 374000	Train_loss: 0.2569	Trainlogloss: 0.2569	logloss: 0.3967	Eval_GAUC: 0.9109	Eval_AUC: 0.9138	Inference_time: 33.1281
Epoch 4 Global_step 375000	Train_loss: 0.2548	Trainlogloss: 0.2548	logloss: 0.3971	Eval_GAUC: 0.9114	Eval_AUC: 0.9139	Inference_time: 32.7889
Epoch 4 Global_step 376000	Train_loss: 0.2593	Trainlogloss: 0.2593	logloss: 0.4071	Eval_GAUC: 0.9114	Eval_AUC: 0.9131	Inference_time: 30.9218
Epoch 4 Global_step 377000	Train_loss: 0.2564	Trainlogloss: 0.2564	logloss: 0.4064	Eval_GAUC: 0.9111	Eval_AUC: 0.9130	Inference_time: 33.0225
Epoch 4 Global_step 378000	Train_loss: 0.2577	Trainlogloss: 0.2577	logloss: 0.4099	Eval_GAUC: 0.9120	Eval_AUC: 0.9140	Inference_time: 35.1870
Epoch 4 Global_step 379000	Train_loss: 0.2643	Trainlogloss: 0.2643	logloss: 0.3960	Eval_GAUC: 0.9121	Eval_AUC: 0.9141	Inference_time: 32.1178
Epoch 4 Global_step 380000	Train_loss: 0.2631	Trainlogloss: 0.2631	logloss: 0.3990	Eval_GAUC: 0.9108	Eval_AUC: 0.9130	Inference_time: 31.5950
Epoch 4 Global_step 381000	Train_loss: 0.2662	Trainlogloss: 0.2662	logloss: 0.3896	Eval_GAUC: 0.9118	Eval_AUC: 0.9149	Inference_time: 32.9073
Epoch 4 Global_step 382000	Train_loss: 0.2580	Trainlogloss: 0.2580	logloss: 0.4031	Eval_GAUC: 0.9102	Eval_AUC: 0.9127	Inference_time: 34.9341
Epoch 4 Global_step 383000	Train_loss: 0.2636	Trainlogloss: 0.2636	logloss: 0.4015	Eval_GAUC: 0.9100	Eval_AUC: 0.9125	Inference_time: 29.0112
