2022-04-29 20:59:59.932738: I tensorflow/core/platform/cpu_feature_guard.cc:137] Your CPU supports instructions that this TensorFlow binary was not compiled to use: SSE4.1 SSE4.2 AVX AVX2 FMA
2022-04-29 21:00:00.289313: I tensorflow/core/common_runtime/gpu/gpu_device.cc:1105] Found device 0 with properties: 
name: NVIDIA GeForce GTX 1080 major: 6 minor: 1 memoryClockRate(GHz): 1.797
pciBusID: 0000:02:00.0
totalMemory: 7.93GiB freeMemory: 5.61GiB
2022-04-29 21:00:00.331343: I tensorflow/core/common_runtime/gpu/gpu_device.cc:1195] Creating TensorFlow device (/device:GPU:0) -> (device: 0, name: NVIDIA GeForce GTX 1080, pci bus id: 0000:02:00.0, compute capability: 6.1)
hidden_units:128
numHot:40
pruning:0
item_emb(graph):False
gnn_layer:4
gnn_method:gcn_att4_rn
gcl:False
gcl_ran_num:1000
gcl_w:2.0
user_emb:False
gnn_user_emb:False
gcl_user_emb:False
start constructing adjcent table
cnt-> 10000   time per interval:  83.18355393409729
cnt-> 20000   time per interval:  80.65757966041565
cnt-> 30000   time per interval:  78.27857565879822
cnt-> 40000   time per interval:  75.6454451084137
cnt-> 50000   time per interval:  76.77182936668396
cnt-> 60000   time per interval:  79.13256692886353
cnt-> 70000   time per interval:  77.76472592353821
cnt-> 80000   time per interval:  79.53897309303284
cnt-> 90000   time per interval:  77.07700991630554
cnt-> 100000   time per interval:  77.36497402191162
cnt-> 110000   time per interval:  76.69914436340332
cnt-> 120000   time per interval:  81.8646514415741
cnt-> 130000   time per interval:  79.23890233039856
cnt1-> 10000   time per interval:  161.88374495506287
18908
user_len_ls
[6024. 3495. 1696. 1062.  786.  594.  478.  425.  364.  302.  282.  217.
  232.  208.  178.  162.  173.  159.  138.  137.  114.  121.  129.  111.
  106.   93.   97.  114.   79.   79.   81.   73.   67.   66.   71.   68.
   65.   78.   78.   58.   48.]
ready
128
logloss: 0.8432	 test_gauc: 0.5352	 test_auc: 0.5297
Epoch 0 Global_step 1000	Train_loss: 0.6707	logloss: 0.6909	Eval_GAUC: 0.6296	Eval_AUC: 0.6275
Epoch 0 Global_step 2000	Train_loss: 0.6555	logloss: 0.6538	Eval_GAUC: 0.6416	Eval_AUC: 0.6499
Epoch 0 Global_step 3000	Train_loss: 0.6460	logloss: 0.6548	Eval_GAUC: 0.6439	Eval_AUC: 0.6521
Epoch 0 Global_step 4000	Train_loss: 0.6359	logloss: 0.6500	Eval_GAUC: 0.6484	Eval_AUC: 0.6562
Epoch 0 Global_step 5000	Train_loss: 0.6279	logloss: 0.6498	Eval_GAUC: 0.6514	Eval_AUC: 0.6580
Epoch 0 Global_step 6000	Train_loss: 0.6261	logloss: 0.6538	Eval_GAUC: 0.6545	Eval_AUC: 0.6588
Epoch 0 Global_step 7000	Train_loss: 0.6270	logloss: 0.6486	Eval_GAUC: 0.6548	Eval_AUC: 0.6643
Epoch 0 Global_step 8000	Train_loss: 0.6285	logloss: 0.6601	Eval_GAUC: 0.6567	Eval_AUC: 0.6561
Epoch 0 Global_step 9000	Train_loss: 0.6225	logloss: 0.6495	Eval_GAUC: 0.6563	Eval_AUC: 0.6658
Epoch 0 Global_step 10000	Train_loss: 0.6167	logloss: 0.6466	Eval_GAUC: 0.6608	Eval_AUC: 0.6688
Epoch 0 Global_step 11000	Train_loss: 0.6221	logloss: 0.6421	Eval_GAUC: 0.6664	Eval_AUC: 0.6706
Epoch 0 Global_step 12000	Train_loss: 0.6194	logloss: 0.6410	Eval_GAUC: 0.6652	Eval_AUC: 0.6742
Epoch 0 Global_step 13000	Train_loss: 0.6174	logloss: 0.6390	Eval_GAUC: 0.6675	Eval_AUC: 0.6759
Epoch 0 Global_step 14000	Train_loss: 0.6129	logloss: 0.6396	Eval_GAUC: 0.6692	Eval_AUC: 0.6772
Epoch 0 Global_step 15000	Train_loss: 0.6129	logloss: 0.6395	Eval_GAUC: 0.6730	Eval_AUC: 0.6782
Epoch 0 Global_step 16000	Train_loss: 0.6112	logloss: 0.6380	Eval_GAUC: 0.6709	Eval_AUC: 0.6796
Epoch 0 Global_step 17000	Train_loss: 0.6138	logloss: 0.6391	Eval_GAUC: 0.6728	Eval_AUC: 0.6786
Epoch 0 Global_step 18000	Train_loss: 0.6087	logloss: 0.6448	Eval_GAUC: 0.6715	Eval_AUC: 0.6718
Epoch 0 Global_step 19000	Train_loss: 0.6122	logloss: 0.6382	Eval_GAUC: 0.6734	Eval_AUC: 0.6788
Epoch 0 Global_step 20000	Train_loss: 0.6110	logloss: 0.6367	Eval_GAUC: 0.6765	Eval_AUC: 0.6826
Epoch 0 Global_step 21000	Train_loss: 0.6094	logloss: 0.6398	Eval_GAUC: 0.6754	Eval_AUC: 0.6807
Epoch 0 Global_step 22000	Train_loss: 0.6089	logloss: 0.6400	Eval_GAUC: 0.6748	Eval_AUC: 0.6801
Epoch 0 Global_step 23000	Train_loss: 0.6055	logloss: 0.6371	Eval_GAUC: 0.6764	Eval_AUC: 0.6823
Epoch 0 Global_step 24000	Train_loss: 0.6040	logloss: 0.6376	Eval_GAUC: 0.6785	Eval_AUC: 0.6841
Epoch 0 Global_step 25000	Train_loss: 0.6075	logloss: 0.6344	Eval_GAUC: 0.6785	Eval_AUC: 0.6861
Epoch 0 Global_step 26000	Train_loss: 0.6076	logloss: 0.6345	Eval_GAUC: 0.6800	Eval_AUC: 0.6858
Epoch 0 Global_step 27000	Train_loss: 0.6074	logloss: 0.6339	Eval_GAUC: 0.6846	Eval_AUC: 0.6881
Epoch 0 Global_step 28000	Train_loss: 0.6010	logloss: 0.6343	Eval_GAUC: 0.6845	Eval_AUC: 0.6875
Epoch 0 Global_step 29000	Train_loss: 0.6059	logloss: 0.6371	Eval_GAUC: 0.6808	Eval_AUC: 0.6865
Epoch 0 Global_step 30000	Train_loss: 0.5957	logloss: 0.6365	Eval_GAUC: 0.6825	Eval_AUC: 0.6867
Epoch 0 Global_step 31000	Train_loss: 0.6006	logloss: 0.6319	Eval_GAUC: 0.6846	Eval_AUC: 0.6904
Epoch 0 Global_step 32000	Train_loss: 0.6019	logloss: 0.6301	Eval_GAUC: 0.6870	Eval_AUC: 0.6928
Epoch 0 Global_step 33000	Train_loss: 0.6020	logloss: 0.6314	Eval_GAUC: 0.6864	Eval_AUC: 0.6902
Epoch 0 Global_step 34000	Train_loss: 0.5972	logloss: 0.6310	Eval_GAUC: 0.6885	Eval_AUC: 0.6935
Epoch 0 Global_step 35000	Train_loss: 0.5972	logloss: 0.6382	Eval_GAUC: 0.6829	Eval_AUC: 0.6863
Epoch 0 Global_step 36000	Train_loss: 0.5961	logloss: 0.6374	Eval_GAUC: 0.6812	Eval_AUC: 0.6869
Epoch 0 Global_step 37000	Train_loss: 0.5981	logloss: 0.6345	Eval_GAUC: 0.6863	Eval_AUC: 0.6883
Epoch 0 Global_step 38000	Train_loss: 0.5959	logloss: 0.6349	Eval_GAUC: 0.6859	Eval_AUC: 0.6907
Epoch 0 Global_step 39000	Train_loss: 0.5976	logloss: 0.6330	Eval_GAUC: 0.6839	Eval_AUC: 0.6890
Epoch 0 Global_step 40000	Train_loss: 0.5968	logloss: 0.6357	Eval_GAUC: 0.6821	Eval_AUC: 0.6884
Epoch 0 Global_step 41000	Train_loss: 0.5983	logloss: 0.6339	Eval_GAUC: 0.6833	Eval_AUC: 0.6881
Epoch 0 Global_step 42000	Train_loss: 0.5977	logloss: 0.6321	Eval_GAUC: 0.6857	Eval_AUC: 0.6902
Epoch 0 Global_step 43000	Train_loss: 0.5945	logloss: 0.6337	Eval_GAUC: 0.6831	Eval_AUC: 0.6904
Epoch 0 Global_step 44000	Train_loss: 0.5936	logloss: 0.6338	Eval_GAUC: 0.6874	Eval_AUC: 0.6905
Epoch 0 Global_step 45000	Train_loss: 0.5912	logloss: 0.6326	Eval_GAUC: 0.6853	Eval_AUC: 0.6890
Epoch 0 Global_step 46000	Train_loss: 0.5943	logloss: 0.6326	Eval_GAUC: 0.6830	Eval_AUC: 0.6888
Epoch 0 Global_step 47000	Train_loss: 0.5930	logloss: 0.6346	Eval_GAUC: 0.6861	Eval_AUC: 0.6879
Epoch 0 Global_step 48000	Train_loss: 0.5941	logloss: 0.6315	Eval_GAUC: 0.6859	Eval_AUC: 0.6920
Epoch 0 Global_step 49000	Train_loss: 0.5940	logloss: 0.6298	Eval_GAUC: 0.6880	Eval_AUC: 0.6920
Epoch 0 Global_step 50000	Train_loss: 0.5978	logloss: 0.6318	Eval_GAUC: 0.6875	Eval_AUC: 0.6900
Epoch 0 Global_step 51000	Train_loss: 0.5912	logloss: 0.6318	Eval_GAUC: 0.6884	Eval_AUC: 0.6930
Epoch 0 Global_step 52000	Train_loss: 0.5919	logloss: 0.6315	Eval_GAUC: 0.6886	Eval_AUC: 0.6930
Epoch 0 Global_step 53000	Train_loss: 0.5910	logloss: 0.6292	Eval_GAUC: 0.6876	Eval_AUC: 0.6930
Epoch 0 Global_step 54000	Train_loss: 0.5956	logloss: 0.6319	Eval_GAUC: 0.6908	Eval_AUC: 0.6908
Epoch 0 Global_step 55000	Train_loss: 0.5889	logloss: 0.6277	Eval_GAUC: 0.6910	Eval_AUC: 0.6966
Epoch 0 Global_step 56000	Train_loss: 0.5880	logloss: 0.6326	Eval_GAUC: 0.6861	Eval_AUC: 0.6907
Epoch 0 Global_step 57000	Train_loss: 0.5911	logloss: 0.6370	Eval_GAUC: 0.6862	Eval_AUC: 0.6838
Epoch 0 Global_step 58000	Train_loss: 0.6136	logloss: 0.6508	Eval_GAUC: 0.6893	Eval_AUC: 0.6886
Epoch 0 Global_step 59000	Train_loss: 0.6110	logloss: 0.6577	Eval_GAUC: 0.6978	Eval_AUC: 0.6890
Epoch 0 Global_step 60000	Train_loss: 0.6016	logloss: 0.6270	Eval_GAUC: 0.6962	Eval_AUC: 0.6992
Epoch 0 Global_step 61000	Train_loss: 0.6023	logloss: 0.6239	Eval_GAUC: 0.6976	Eval_AUC: 0.7005
Epoch 0 Global_step 62000	Train_loss: 0.6009	logloss: 0.6272	Eval_GAUC: 0.7010	Eval_AUC: 0.7037
Epoch 0 Global_step 63000	Train_loss: 0.5994	logloss: 0.6238	Eval_GAUC: 0.6966	Eval_AUC: 0.7021
Epoch 0 Global_step 64000	Train_loss: 0.5947	logloss: 0.6231	Eval_GAUC: 0.6990	Eval_AUC: 0.7018
Epoch 0 Global_step 65000	Train_loss: 0.5949	logloss: 0.6231	Eval_GAUC: 0.6978	Eval_AUC: 0.7025
Epoch 0 Global_step 66000	Train_loss: 0.5928	logloss: 0.6237	Eval_GAUC: 0.6992	Eval_AUC: 0.7018
Epoch 0 Global_step 67000	Train_loss: 0.5949	logloss: 0.6221	Eval_GAUC: 0.6988	Eval_AUC: 0.7051
Epoch 0 Global_step 68000	Train_loss: 0.5921	logloss: 0.6283	Eval_GAUC: 0.6920	Eval_AUC: 0.6972
Epoch 0 Global_step 69000	Train_loss: 0.5912	logloss: 0.6262	Eval_GAUC: 0.6938	Eval_AUC: 0.6983
Epoch 0 Global_step 70000	Train_loss: 0.5939	logloss: 0.6261	Eval_GAUC: 0.6936	Eval_AUC: 0.6985
Epoch 0 Global_step 71000	Train_loss: 0.5920	logloss: 0.6288	Eval_GAUC: 0.6927	Eval_AUC: 0.6973
Epoch 0 Global_step 72000	Train_loss: 0.5892	logloss: 0.6271	Eval_GAUC: 0.6939	Eval_AUC: 0.6990
Epoch 0 Global_step 73000	Train_loss: 0.5908	logloss: 0.6247	Eval_GAUC: 0.6981	Eval_AUC: 0.7034
Epoch 0 Global_step 74000	Train_loss: 0.5896	logloss: 0.6261	Eval_GAUC: 0.6954	Eval_AUC: 0.7003
Epoch 0 Global_step 75000	Train_loss: 0.5903	logloss: 0.6266	Eval_GAUC: 0.6957	Eval_AUC: 0.6998
Epoch 0 Global_step 76000	Train_loss: 0.5916	logloss: 0.6235	Eval_GAUC: 0.6985	Eval_AUC: 0.7017
Epoch 0 Global_step 77000	Train_loss: 0.5854	logloss: 0.6289	Eval_GAUC: 0.6961	Eval_AUC: 0.6983
Epoch 0 Global_step 78000	Train_loss: 0.5910	logloss: 0.6275	Eval_GAUC: 0.6922	Eval_AUC: 0.6956
Epoch 0 Global_step 79000	Train_loss: 0.5853	logloss: 0.6276	Eval_GAUC: 0.6977	Eval_AUC: 0.7017
Epoch 0 Global_step 80000	Train_loss: 0.5896	logloss: 0.6261	Eval_GAUC: 0.6972	Eval_AUC: 0.6999
Epoch 0 DONE	Cost time: 14297.11
Epoch 1 Global_step 81000	Train_loss: 0.5495	logloss: 0.6259	Eval_GAUC: 0.6963	Eval_AUC: 0.7005
Epoch 1 Global_step 82000	Train_loss: 0.5856	logloss: 0.6270	Eval_GAUC: 0.6964	Eval_AUC: 0.6994
Epoch 1 Global_step 83000	Train_loss: 0.5814	logloss: 0.6269	Eval_GAUC: 0.6961	Eval_AUC: 0.6996
Epoch 1 Global_step 84000	Train_loss: 0.5855	logloss: 0.6252	Eval_GAUC: 0.6960	Eval_AUC: 0.7005
Epoch 1 Global_step 85000	Train_loss: 0.5803	logloss: 0.6260	Eval_GAUC: 0.6960	Eval_AUC: 0.7020
Epoch 1 Global_step 86000	Train_loss: 0.5832	logloss: 0.6256	Eval_GAUC: 0.6971	Eval_AUC: 0.7011
Epoch 1 Global_step 87000	Train_loss: 0.5857	logloss: 0.6286	Eval_GAUC: 0.6956	Eval_AUC: 0.7001
Epoch 1 Global_step 88000	Train_loss: 0.5850	logloss: 0.6257	Eval_GAUC: 0.6974	Eval_AUC: 0.7016
Epoch 1 Global_step 89000	Train_loss: 0.5827	logloss: 0.6270	Eval_GAUC: 0.6975	Eval_AUC: 0.6999
Epoch 1 Global_step 90000	Train_loss: 0.5785	logloss: 0.6275	Eval_GAUC: 0.6974	Eval_AUC: 0.7000
Epoch 1 Global_step 91000	Train_loss: 0.5834	logloss: 0.6266	Eval_GAUC: 0.6970	Eval_AUC: 0.7003
Epoch 1 Global_step 92000	Train_loss: 0.5816	logloss: 0.6265	Eval_GAUC: 0.6979	Eval_AUC: 0.7008
Epoch 1 Global_step 93000	Train_loss: 0.5811	logloss: 0.6253	Eval_GAUC: 0.6980	Eval_AUC: 0.7021
Epoch 1 Global_step 94000	Train_loss: 0.5785	logloss: 0.6286	Eval_GAUC: 0.6968	Eval_AUC: 0.7007
Epoch 1 Global_step 95000	Train_loss: 0.5798	logloss: 0.6287	Eval_GAUC: 0.6969	Eval_AUC: 0.6989
Epoch 1 Global_step 96000	Train_loss: 0.5797	logloss: 0.6278	Eval_GAUC: 0.6951	Eval_AUC: 0.6985
Epoch 1 Global_step 97000	Train_loss: 0.5821	logloss: 0.6250	Eval_GAUC: 0.6999	Eval_AUC: 0.7020
Epoch 1 Global_step 98000	Train_loss: 0.5747	logloss: 0.6270	Eval_GAUC: 0.6988	Eval_AUC: 0.6991
Epoch 1 Global_step 99000	Train_loss: 0.5800	logloss: 0.6280	Eval_GAUC: 0.6956	Eval_AUC: 0.6992
Epoch 1 Global_step 100000	Train_loss: 0.5794	logloss: 0.6287	Eval_GAUC: 0.6972	Eval_AUC: 0.7005
Epoch 1 Global_step 101000	Train_loss: 0.5805	logloss: 0.6274	Eval_GAUC: 0.6980	Eval_AUC: 0.7013
Epoch 1 Global_step 102000	Train_loss: 0.5807	logloss: 0.6273	Eval_GAUC: 0.6970	Eval_AUC: 0.7000
Epoch 1 Global_step 103000	Train_loss: 0.5776	logloss: 0.6276	Eval_GAUC: 0.6960	Eval_AUC: 0.7002
Epoch 1 Global_step 104000	Train_loss: 0.5782	logloss: 0.6272	Eval_GAUC: 0.6981	Eval_AUC: 0.7013
Epoch 1 Global_step 105000	Train_loss: 0.5786	logloss: 0.6247	Eval_GAUC: 0.6984	Eval_AUC: 0.7025
Epoch 1 Global_step 106000	Train_loss: 0.5872	logloss: 0.6222	Eval_GAUC: 0.7017	Eval_AUC: 0.7034
Epoch 1 Global_step 107000	Train_loss: 0.5812	logloss: 0.6247	Eval_GAUC: 0.7006	Eval_AUC: 0.7022
Epoch 1 Global_step 108000	Train_loss: 0.5780	logloss: 0.6236	Eval_GAUC: 0.7017	Eval_AUC: 0.7038
Epoch 1 Global_step 109000	Train_loss: 0.5788	logloss: 0.6235	Eval_GAUC: 0.7016	Eval_AUC: 0.7049
Epoch 1 Global_step 110000	Train_loss: 0.5712	logloss: 0.6298	Eval_GAUC: 0.6994	Eval_AUC: 0.6998
Epoch 1 Global_step 111000	Train_loss: 0.5777	logloss: 0.6276	Eval_GAUC: 0.7005	Eval_AUC: 0.7033
Epoch 1 Global_step 112000	Train_loss: 0.5763	logloss: 0.6250	Eval_GAUC: 0.6993	Eval_AUC: 0.7030
Epoch 1 Global_step 113000	Train_loss: 0.5781	logloss: 0.6238	Eval_GAUC: 0.7002	Eval_AUC: 0.7028
Epoch 1 Global_step 114000	Train_loss: 0.5770	logloss: 0.6266	Eval_GAUC: 0.7009	Eval_AUC: 0.7024
Epoch 1 Global_step 115000	Train_loss: 0.5747	logloss: 0.6285	Eval_GAUC: 0.6991	Eval_AUC: 0.7010
Epoch 1 Global_step 116000	Train_loss: 0.5734	logloss: 0.6244	Eval_GAUC: 0.7006	Eval_AUC: 0.7046
Epoch 1 Global_step 117000	Train_loss: 0.5759	logloss: 0.6239	Eval_GAUC: 0.6995	Eval_AUC: 0.7039
Epoch 1 Global_step 118000	Train_loss: 0.5765	logloss: 0.6238	Eval_GAUC: 0.7030	Eval_AUC: 0.7054
Epoch 1 Global_step 119000	Train_loss: 0.5762	logloss: 0.6267	Eval_GAUC: 0.6981	Eval_AUC: 0.6992
Epoch 1 Global_step 120000	Train_loss: 0.5759	logloss: 0.6280	Eval_GAUC: 0.6999	Eval_AUC: 0.7004
Epoch 1 Global_step 121000	Train_loss: 0.5770	logloss: 0.6256	Eval_GAUC: 0.7001	Eval_AUC: 0.7015
Epoch 1 Global_step 122000	Train_loss: 0.5769	logloss: 0.6248	Eval_GAUC: 0.6984	Eval_AUC: 0.7019
Epoch 1 Global_step 123000	Train_loss: 0.5752	logloss: 0.6242	Eval_GAUC: 0.7015	Eval_AUC: 0.7047
Epoch 1 Global_step 124000	Train_loss: 0.5711	logloss: 0.6280	Eval_GAUC: 0.7005	Eval_AUC: 0.7014
Epoch 1 Global_step 125000	Train_loss: 0.5718	logloss: 0.6276	Eval_GAUC: 0.6997	Eval_AUC: 0.7011
Epoch 1 Global_step 126000	Train_loss: 0.5719	logloss: 0.6274	Eval_GAUC: 0.6987	Eval_AUC: 0.7008
Epoch 1 Global_step 127000	Train_loss: 0.5769	logloss: 0.6282	Eval_GAUC: 0.6968	Eval_AUC: 0.6994
Epoch 1 Global_step 128000	Train_loss: 0.5764	logloss: 0.6272	Eval_GAUC: 0.6977	Eval_AUC: 0.7013
Epoch 1 Global_step 129000	Train_loss: 0.5749	logloss: 0.6277	Eval_GAUC: 0.6991	Eval_AUC: 0.7006
Epoch 1 Global_step 130000	Train_loss: 0.5794	logloss: 0.6246	Eval_GAUC: 0.7006	Eval_AUC: 0.7029
Epoch 1 Global_step 131000	Train_loss: 0.5750	logloss: 0.6257	Eval_GAUC: 0.7005	Eval_AUC: 0.7038
Epoch 1 Global_step 132000	Train_loss: 0.5751	logloss: 0.6291	Eval_GAUC: 0.6977	Eval_AUC: 0.6997
Epoch 1 Global_step 133000	Train_loss: 0.5725	logloss: 0.6279	Eval_GAUC: 0.7016	Eval_AUC: 0.7033
Epoch 1 Global_step 134000	Train_loss: 0.5763	logloss: 0.6249	Eval_GAUC: 0.7044	Eval_AUC: 0.7048
Epoch 1 Global_step 135000	Train_loss: 0.5714	logloss: 0.6271	Eval_GAUC: 0.7007	Eval_AUC: 0.7038
Epoch 1 Global_step 136000	Train_loss: 0.5711	logloss: 0.6259	Eval_GAUC: 0.6988	Eval_AUC: 0.7026
Epoch 1 Global_step 137000	Train_loss: 0.5695	logloss: 0.6295	Eval_GAUC: 0.6980	Eval_AUC: 0.7005
Epoch 1 Global_step 138000	Train_loss: 0.5743	logloss: 0.6222	Eval_GAUC: 0.7025	Eval_AUC: 0.7062
Epoch 1 Global_step 139000	Train_loss: 0.5738	logloss: 0.6266	Eval_GAUC: 0.7020	Eval_AUC: 0.7024
Epoch 1 Global_step 140000	Train_loss: 0.5673	logloss: 0.6251	Eval_GAUC: 0.7022	Eval_AUC: 0.7054
Epoch 1 Global_step 141000	Train_loss: 0.5728	logloss: 0.6261	Eval_GAUC: 0.7011	Eval_AUC: 0.7047
Epoch 1 Global_step 142000	Train_loss: 0.5730	logloss: 0.6253	Eval_GAUC: 0.7032	Eval_AUC: 0.7067
Epoch 1 Global_step 143000	Train_loss: 0.5748	logloss: 0.6261	Eval_GAUC: 0.6988	Eval_AUC: 0.7032
Epoch 1 Global_step 144000	Train_loss: 0.5692	logloss: 0.6248	Eval_GAUC: 0.7013	Eval_AUC: 0.7050
Epoch 1 Global_step 145000	Train_loss: 0.5719	logloss: 0.6278	Eval_GAUC: 0.7022	Eval_AUC: 0.7038
Epoch 1 Global_step 146000	Train_loss: 0.5700	logloss: 0.6262	Eval_GAUC: 0.7009	Eval_AUC: 0.7028
Epoch 1 Global_step 147000	Train_loss: 0.5731	logloss: 0.6228	Eval_GAUC: 0.7008	Eval_AUC: 0.7059
Epoch 1 Global_step 148000	Train_loss: 0.5691	logloss: 0.6270	Eval_GAUC: 0.7001	Eval_AUC: 0.7020
Epoch 1 Global_step 149000	Train_loss: 0.5691	logloss: 0.6248	Eval_GAUC: 0.6996	Eval_AUC: 0.7024
Epoch 1 Global_step 150000	Train_loss: 0.5759	logloss: 0.6261	Eval_GAUC: 0.6971	Eval_AUC: 0.7018
Epoch 1 Global_step 151000	Train_loss: 0.5724	logloss: 0.6238	Eval_GAUC: 0.7022	Eval_AUC: 0.7046
Epoch 1 Global_step 152000	Train_loss: 0.5677	logloss: 0.6249	Eval_GAUC: 0.7012	Eval_AUC: 0.7044
Epoch 1 Global_step 153000	Train_loss: 0.5722	logloss: 0.6231	Eval_GAUC: 0.7001	Eval_AUC: 0.7039
Epoch 1 Global_step 154000	Train_loss: 0.5696	logloss: 0.6252	Eval_GAUC: 0.6996	Eval_AUC: 0.7035
Epoch 1 Global_step 155000	Train_loss: 0.5712	logloss: 0.6316	Eval_GAUC: 0.6949	Eval_AUC: 0.6986
Epoch 1 Global_step 156000	Train_loss: 0.5711	logloss: 0.6274	Eval_GAUC: 0.6988	Eval_AUC: 0.7012
Epoch 1 Global_step 157000	Train_loss: 0.5671	logloss: 0.6261	Eval_GAUC: 0.6987	Eval_AUC: 0.7028
Epoch 1 Global_step 158000	Train_loss: 0.5707	logloss: 0.6270	Eval_GAUC: 0.6981	Eval_AUC: 0.7008
Epoch 1 Global_step 159000	Train_loss: 0.5703	logloss: 0.6247	Eval_GAUC: 0.7007	Eval_AUC: 0.7047
Epoch 1 Global_step 160000	Train_loss: 0.5722	logloss: 0.6260	Eval_GAUC: 0.7036	Eval_AUC: 0.7043
Epoch 1 DONE	Cost time: 29439.88
Epoch 2 Global_step 161000	Train_loss: 0.4952	logloss: 0.6276	Eval_GAUC: 0.6998	Eval_AUC: 0.7014
Epoch 2 Global_step 162000	Train_loss: 0.5727	logloss: 0.6270	Eval_GAUC: 0.6999	Eval_AUC: 0.7017
Epoch 2 Global_step 163000	Train_loss: 0.5678	logloss: 0.6256	Eval_GAUC: 0.7011	Eval_AUC: 0.7038
Epoch 2 Global_step 164000	Train_loss: 0.5679	logloss: 0.6267	Eval_GAUC: 0.6981	Eval_AUC: 0.7015
Epoch 2 Global_step 165000	Train_loss: 0.5648	logloss: 0.6264	Eval_GAUC: 0.7031	Eval_AUC: 0.7050
Epoch 2 Global_step 166000	Train_loss: 0.5661	logloss: 0.6269	Eval_GAUC: 0.7001	Eval_AUC: 0.7019
Epoch 2 Global_step 167000	Train_loss: 0.5696	logloss: 0.6289	Eval_GAUC: 0.7007	Eval_AUC: 0.7025
Epoch 2 Global_step 168000	Train_loss: 0.5666	logloss: 0.6257	Eval_GAUC: 0.7014	Eval_AUC: 0.7031
Epoch 2 Global_step 169000	Train_loss: 0.5675	logloss: 0.6296	Eval_GAUC: 0.6991	Eval_AUC: 0.6999
Epoch 2 Global_step 170000	Train_loss: 0.5624	logloss: 0.6274	Eval_GAUC: 0.7037	Eval_AUC: 0.7041
Epoch 2 Global_step 171000	Train_loss: 0.5676	logloss: 0.6297	Eval_GAUC: 0.7019	Eval_AUC: 0.7030
Epoch 2 Global_step 172000	Train_loss: 0.5640	logloss: 0.6277	Eval_GAUC: 0.7030	Eval_AUC: 0.7056
Epoch 2 Global_step 173000	Train_loss: 0.5647	logloss: 0.6308	Eval_GAUC: 0.7014	Eval_AUC: 0.7016
Epoch 2 Global_step 174000	Train_loss: 0.5649	logloss: 0.6280	Eval_GAUC: 0.7008	Eval_AUC: 0.7034
Epoch 2 Global_step 175000	Train_loss: 0.5631	logloss: 0.6336	Eval_GAUC: 0.7001	Eval_AUC: 0.7001
Epoch 2 Global_step 176000	Train_loss: 0.5623	logloss: 0.6292	Eval_GAUC: 0.7021	Eval_AUC: 0.7030
Epoch 2 Global_step 177000	Train_loss: 0.5657	logloss: 0.6269	Eval_GAUC: 0.6986	Eval_AUC: 0.7012
Epoch 2 Global_step 178000	Train_loss: 0.5621	logloss: 0.6333	Eval_GAUC: 0.6990	Eval_AUC: 0.6979
Epoch 2 Global_step 179000	Train_loss: 0.5674	logloss: 0.6304	Eval_GAUC: 0.7002	Eval_AUC: 0.7021
Epoch 2 Global_step 180000	Train_loss: 0.5647	logloss: 0.6279	Eval_GAUC: 0.7017	Eval_AUC: 0.7039
Epoch 2 Global_step 181000	Train_loss: 0.5656	logloss: 0.6269	Eval_GAUC: 0.7014	Eval_AUC: 0.7032
Epoch 2 Global_step 182000	Train_loss: 0.5633	logloss: 0.6280	Eval_GAUC: 0.7032	Eval_AUC: 0.7035
Epoch 2 Global_step 183000	Train_loss: 0.5618	logloss: 0.6303	Eval_GAUC: 0.7016	Eval_AUC: 0.7039
Epoch 2 Global_step 184000	Train_loss: 0.5612	logloss: 0.6310	Eval_GAUC: 0.7012	Eval_AUC: 0.7011
Epoch 2 Global_step 185000	Train_loss: 0.5609	logloss: 0.6330	Eval_GAUC: 0.7021	Eval_AUC: 0.7015
Epoch 2 Global_step 186000	Train_loss: 0.5666	logloss: 0.6288	Eval_GAUC: 0.7019	Eval_AUC: 0.7020
Epoch 2 Global_step 187000	Train_loss: 0.5679	logloss: 0.6323	Eval_GAUC: 0.7048	Eval_AUC: 0.7018
Epoch 2 Global_step 188000	Train_loss: 0.5615	logloss: 0.6273	Eval_GAUC: 0.7023	Eval_AUC: 0.7051
Epoch 2 Global_step 189000	Train_loss: 0.5660	logloss: 0.6242	Eval_GAUC: 0.7034	Eval_AUC: 0.7057
Epoch 2 Global_step 190000	Train_loss: 0.5541	logloss: 0.6266	Eval_GAUC: 0.7046	Eval_AUC: 0.7062
Epoch 2 Global_step 191000	Train_loss: 0.5618	logloss: 0.6266	Eval_GAUC: 0.7029	Eval_AUC: 0.7035
Epoch 2 Global_step 192000	Train_loss: 0.5582	logloss: 0.6292	Eval_GAUC: 0.7043	Eval_AUC: 0.7045
Epoch 2 Global_step 193000	Train_loss: 0.5629	logloss: 0.6263	Eval_GAUC: 0.7051	Eval_AUC: 0.7068
Epoch 2 Global_step 194000	Train_loss: 0.5618	logloss: 0.6252	Eval_GAUC: 0.7044	Eval_AUC: 0.7063
Epoch 2 Global_step 195000	Train_loss: 0.5585	logloss: 0.6271	Eval_GAUC: 0.7026	Eval_AUC: 0.7050
Epoch 2 Global_step 196000	Train_loss: 0.5566	logloss: 0.6295	Eval_GAUC: 0.7034	Eval_AUC: 0.7041
Epoch 2 Global_step 197000	Train_loss: 0.5593	logloss: 0.6260	Eval_GAUC: 0.7070	Eval_AUC: 0.7076
Epoch 2 Global_step 198000	Train_loss: 0.5594	logloss: 0.6275	Eval_GAUC: 0.7054	Eval_AUC: 0.7061
Epoch 2 Global_step 199000	Train_loss: 0.5602	logloss: 0.6355	Eval_GAUC: 0.7024	Eval_AUC: 0.7004
Epoch 2 Global_step 200000	Train_loss: 0.5633	logloss: 0.6298	Eval_GAUC: 0.7034	Eval_AUC: 0.7025
Epoch 2 Global_step 201000	Train_loss: 0.5619	logloss: 0.6276	Eval_GAUC: 0.7033	Eval_AUC: 0.7050
Epoch 2 Global_step 202000	Train_loss: 0.5625	logloss: 0.6274	Eval_GAUC: 0.7011	Eval_AUC: 0.7022
Epoch 2 Global_step 203000	Train_loss: 0.5644	logloss: 0.6256	Eval_GAUC: 0.7036	Eval_AUC: 0.7052
Epoch 2 Global_step 204000	Train_loss: 0.5584	logloss: 0.6329	Eval_GAUC: 0.7014	Eval_AUC: 0.7005
Epoch 2 Global_step 205000	Train_loss: 0.5583	logloss: 0.6299	Eval_GAUC: 0.7018	Eval_AUC: 0.7021
Epoch 2 Global_step 206000	Train_loss: 0.5574	logloss: 0.6358	Eval_GAUC: 0.7002	Eval_AUC: 0.6982
Epoch 2 Global_step 207000	Train_loss: 0.5616	logloss: 0.6318	Eval_GAUC: 0.7010	Eval_AUC: 0.7006
Epoch 2 Global_step 208000	Train_loss: 0.5626	logloss: 0.6283	Eval_GAUC: 0.7016	Eval_AUC: 0.7032
Epoch 2 Global_step 209000	Train_loss: 0.5604	logloss: 0.6289	Eval_GAUC: 0.7045	Eval_AUC: 0.7039
Epoch 2 Global_step 210000	Train_loss: 0.5639	logloss: 0.6284	Eval_GAUC: 0.7011	Eval_AUC: 0.7023
Epoch 2 Global_step 211000	Train_loss: 0.5634	logloss: 0.6291	Eval_GAUC: 0.7039	Eval_AUC: 0.7042
Epoch 2 Global_step 212000	Train_loss: 0.5615	logloss: 0.6302	Eval_GAUC: 0.6978	Eval_AUC: 0.7004
Epoch 2 Global_step 213000	Train_loss: 0.5609	logloss: 0.6266	Eval_GAUC: 0.7017	Eval_AUC: 0.7046
Epoch 2 Global_step 214000	Train_loss: 0.5634	logloss: 0.6250	Eval_GAUC: 0.7040	Eval_AUC: 0.7063
Epoch 2 Global_step 215000	Train_loss: 0.5585	logloss: 0.6245	Eval_GAUC: 0.7037	Eval_AUC: 0.7061
Epoch 2 Global_step 216000	Train_loss: 0.5573	logloss: 0.6289	Eval_GAUC: 0.7044	Eval_AUC: 0.7057
Epoch 2 Global_step 217000	Train_loss: 0.5567	logloss: 0.6292	Eval_GAUC: 0.7036	Eval_AUC: 0.7040
Epoch 2 Global_step 218000	Train_loss: 0.5603	logloss: 0.6285	Eval_GAUC: 0.7018	Eval_AUC: 0.7031
Epoch 2 Global_step 219000	Train_loss: 0.5598	logloss: 0.6366	Eval_GAUC: 0.6997	Eval_AUC: 0.6977
Epoch 2 Global_step 220000	Train_loss: 0.5530	logloss: 0.6297	Eval_GAUC: 0.7043	Eval_AUC: 0.7048
Epoch 2 Global_step 221000	Train_loss: 0.5566	logloss: 0.6273	Eval_GAUC: 0.7047	Eval_AUC: 0.7054
Epoch 2 Global_step 222000	Train_loss: 0.5619	logloss: 0.6283	Eval_GAUC: 0.7048	Eval_AUC: 0.7048
Epoch 2 Global_step 223000	Train_loss: 0.5618	logloss: 0.6271	Eval_GAUC: 0.7042	Eval_AUC: 0.7043
Epoch 2 Global_step 224000	Train_loss: 0.5555	logloss: 0.6351	Eval_GAUC: 0.7029	Eval_AUC: 0.7004
Epoch 2 Global_step 225000	Train_loss: 0.5564	logloss: 0.6307	Eval_GAUC: 0.7050	Eval_AUC: 0.7040
Epoch 2 Global_step 226000	Train_loss: 0.5576	logloss: 0.6276	Eval_GAUC: 0.7047	Eval_AUC: 0.7045
Epoch 2 Global_step 227000	Train_loss: 0.5607	logloss: 0.6322	Eval_GAUC: 0.7032	Eval_AUC: 0.7034
Epoch 2 Global_step 228000	Train_loss: 0.5618	logloss: 0.6273	Eval_GAUC: 0.7024	Eval_AUC: 0.7037
Epoch 2 Global_step 229000	Train_loss: 0.5564	logloss: 0.6309	Eval_GAUC: 0.7011	Eval_AUC: 0.7013
Epoch 2 Global_step 230000	Train_loss: 0.5620	logloss: 0.6292	Eval_GAUC: 0.7012	Eval_AUC: 0.7025
Epoch 2 Global_step 231000	Train_loss: 0.5598	logloss: 0.6292	Eval_GAUC: 0.7061	Eval_AUC: 0.7052
Epoch 2 Global_step 232000	Train_loss: 0.5582	logloss: 0.6279	Eval_GAUC: 0.7047	Eval_AUC: 0.7045
Epoch 2 Global_step 233000	Train_loss: 0.5565	logloss: 0.6310	Eval_GAUC: 0.7018	Eval_AUC: 0.7010
Epoch 2 Global_step 234000	Train_loss: 0.5561	logloss: 0.6327	Eval_GAUC: 0.7051	Eval_AUC: 0.7029
Epoch 2 Global_step 235000	Train_loss: 0.5580	logloss: 0.6333	Eval_GAUC: 0.6996	Eval_AUC: 0.7004
Epoch 2 Global_step 236000	Train_loss: 0.5579	logloss: 0.6276	Eval_GAUC: 0.7040	Eval_AUC: 0.7040
Epoch 2 Global_step 237000	Train_loss: 0.5550	logloss: 0.6282	Eval_GAUC: 0.7045	Eval_AUC: 0.7053
Epoch 2 Global_step 238000	Train_loss: 0.5581	logloss: 0.6298	Eval_GAUC: 0.7060	Eval_AUC: 0.7053
Epoch 2 Global_step 239000	Train_loss: 0.5586	logloss: 0.6277	Eval_GAUC: 0.7074	Eval_AUC: 0.7075
Epoch 2 Global_step 240000	Train_loss: 0.5564	logloss: 0.6303	Eval_GAUC: 0.7064	Eval_AUC: 0.7048
Epoch 2 DONE	Cost time: 44720.71
Epoch 3 Global_step 241000	Train_loss: 0.4441	logloss: 0.6315	Eval_GAUC: 0.7044	Eval_AUC: 0.7046
Epoch 3 Global_step 242000	Train_loss: 0.5602	logloss: 0.6242	Eval_GAUC: 0.7075	Eval_AUC: 0.7085
Epoch 3 Global_step 243000	Train_loss: 0.5545	logloss: 0.6332	Eval_GAUC: 0.7008	Eval_AUC: 0.7006
Epoch 3 Global_step 244000	Train_loss: 0.5556	logloss: 0.6301	Eval_GAUC: 0.7061	Eval_AUC: 0.7058
Epoch 3 Global_step 245000	Train_loss: 0.5494	logloss: 0.6320	Eval_GAUC: 0.7062	Eval_AUC: 0.7062
Epoch 3 Global_step 246000	Train_loss: 0.5535	logloss: 0.6284	Eval_GAUC: 0.7035	Eval_AUC: 0.7036
Epoch 3 Global_step 247000	Train_loss: 0.5589	logloss: 0.6240	Eval_GAUC: 0.7033	Eval_AUC: 0.7063
Epoch 3 Global_step 248000	Train_loss: 0.5557	logloss: 0.6306	Eval_GAUC: 0.7048	Eval_AUC: 0.7036
Epoch 3 Global_step 249000	Train_loss: 0.5565	logloss: 0.6246	Eval_GAUC: 0.7054	Eval_AUC: 0.7069
Epoch 3 Global_step 250000	Train_loss: 0.5521	logloss: 0.6276	Eval_GAUC: 0.7041	Eval_AUC: 0.7042
Epoch 3 Global_step 251000	Train_loss: 0.5560	logloss: 0.6323	Eval_GAUC: 0.7040	Eval_AUC: 0.7022
Epoch 3 Global_step 252000	Train_loss: 0.5536	logloss: 0.6320	Eval_GAUC: 0.7046	Eval_AUC: 0.7028
Epoch 3 Global_step 253000	Train_loss: 0.5542	logloss: 0.6317	Eval_GAUC: 0.7032	Eval_AUC: 0.7026
Epoch 3 Global_step 254000	Train_loss: 0.5561	logloss: 0.6303	Eval_GAUC: 0.7045	Eval_AUC: 0.7042
Epoch 3 Global_step 255000	Train_loss: 0.5525	logloss: 0.6340	Eval_GAUC: 0.7034	Eval_AUC: 0.7007
Epoch 3 Global_step 256000	Train_loss: 0.5544	logloss: 0.6285	Eval_GAUC: 0.7050	Eval_AUC: 0.7060
Epoch 3 Global_step 257000	Train_loss: 0.5548	logloss: 0.6319	Eval_GAUC: 0.7024	Eval_AUC: 0.7017
Epoch 3 Global_step 258000	Train_loss: 0.5500	logloss: 0.6320	Eval_GAUC: 0.7052	Eval_AUC: 0.7038
Epoch 3 Global_step 259000	Train_loss: 0.5573	logloss: 0.6302	Eval_GAUC: 0.7004	Eval_AUC: 0.7019
Epoch 3 Global_step 260000	Train_loss: 0.5551	logloss: 0.6293	Eval_GAUC: 0.7030	Eval_AUC: 0.7034
Epoch 3 Global_step 261000	Train_loss: 0.5552	logloss: 0.6328	Eval_GAUC: 0.7023	Eval_AUC: 0.7020
Epoch 3 Global_step 262000	Train_loss: 0.5546	logloss: 0.6364	Eval_GAUC: 0.7039	Eval_AUC: 0.7012
Epoch 3 Global_step 263000	Train_loss: 0.5517	logloss: 0.6337	Eval_GAUC: 0.7042	Eval_AUC: 0.7038
Epoch 3 Global_step 264000	Train_loss: 0.5522	logloss: 0.6300	Eval_GAUC: 0.7033	Eval_AUC: 0.7038
Epoch 3 Global_step 265000	Train_loss: 0.5533	logloss: 0.6351	Eval_GAUC: 0.7009	Eval_AUC: 0.6990
Epoch 3 Global_step 266000	Train_loss: 0.5552	logloss: 0.6299	Eval_GAUC: 0.7061	Eval_AUC: 0.7048
Epoch 3 Global_step 267000	Train_loss: 0.5609	logloss: 0.6271	Eval_GAUC: 0.7046	Eval_AUC: 0.7045
Epoch 3 Global_step 268000	Train_loss: 0.5519	logloss: 0.6304	Eval_GAUC: 0.7028	Eval_AUC: 0.7018
Epoch 3 Global_step 269000	Train_loss: 0.5559	logloss: 0.6310	Eval_GAUC: 0.7045	Eval_AUC: 0.7049
Epoch 3 Global_step 270000	Train_loss: 0.5483	logloss: 0.6266	Eval_GAUC: 0.7073	Eval_AUC: 0.7084
Epoch 3 Global_step 271000	Train_loss: 0.5522	logloss: 0.6287	Eval_GAUC: 0.7092	Eval_AUC: 0.7072
Epoch 3 Global_step 272000	Train_loss: 0.5500	logloss: 0.6337	Eval_GAUC: 0.7046	Eval_AUC: 0.7035
Epoch 3 Global_step 273000	Train_loss: 0.5573	logloss: 0.6272	Eval_GAUC: 0.7101	Eval_AUC: 0.7099
Epoch 3 Global_step 274000	Train_loss: 0.5556	logloss: 0.6287	Eval_GAUC: 0.7061	Eval_AUC: 0.7065
Epoch 3 Global_step 275000	Train_loss: 0.5547	logloss: 0.6312	Eval_GAUC: 0.7032	Eval_AUC: 0.7019
Epoch 3 Global_step 276000	Train_loss: 0.5497	logloss: 0.6337	Eval_GAUC: 0.7066	Eval_AUC: 0.7035
Epoch 3 Global_step 277000	Train_loss: 0.5525	logloss: 0.6235	Eval_GAUC: 0.7081	Eval_AUC: 0.7106
Epoch 3 Global_step 278000	Train_loss: 0.5524	logloss: 0.6264	Eval_GAUC: 0.7077	Eval_AUC: 0.7079
Epoch 3 Global_step 279000	Train_loss: 0.5503	logloss: 0.6339	Eval_GAUC: 0.7054	Eval_AUC: 0.7032
Epoch 3 Global_step 280000	Train_loss: 0.5511	logloss: 0.6376	Eval_GAUC: 0.7041	Eval_AUC: 0.6996
Epoch 3 Global_step 281000	Train_loss: 0.5530	logloss: 0.6289	Eval_GAUC: 0.7061	Eval_AUC: 0.7061
Epoch 3 Global_step 282000	Train_loss: 0.5534	logloss: 0.6350	Eval_GAUC: 0.7037	Eval_AUC: 0.7015
Epoch 3 Global_step 283000	Train_loss: 0.5515	logloss: 0.6289	Eval_GAUC: 0.7066	Eval_AUC: 0.7058
Epoch 3 Global_step 284000	Train_loss: 0.5497	logloss: 0.6292	Eval_GAUC: 0.7064	Eval_AUC: 0.7067
Epoch 3 Global_step 285000	Train_loss: 0.5501	logloss: 0.6304	Eval_GAUC: 0.7037	Eval_AUC: 0.7051
Epoch 3 Global_step 286000	Train_loss: 0.5471	logloss: 0.6376	Eval_GAUC: 0.7024	Eval_AUC: 0.7002
Epoch 3 Global_step 287000	Train_loss: 0.5538	logloss: 0.6425	Eval_GAUC: 0.7027	Eval_AUC: 0.6987
Epoch 3 Global_step 288000	Train_loss: 0.5538	logloss: 0.6334	Eval_GAUC: 0.7049	Eval_AUC: 0.7043
Epoch 3 Global_step 289000	Train_loss: 0.5521	logloss: 0.6303	Eval_GAUC: 0.7054	Eval_AUC: 0.7046
Epoch 3 Global_step 290000	Train_loss: 0.5526	logloss: 0.6314	Eval_GAUC: 0.7040	Eval_AUC: 0.7043
Epoch 3 Global_step 291000	Train_loss: 0.5556	logloss: 0.6294	Eval_GAUC: 0.7066	Eval_AUC: 0.7062
Epoch 3 Global_step 292000	Train_loss: 0.5536	logloss: 0.6290	Eval_GAUC: 0.7026	Eval_AUC: 0.7034
Epoch 3 Global_step 293000	Train_loss: 0.5547	logloss: 0.6312	Eval_GAUC: 0.7039	Eval_AUC: 0.7034
Epoch 3 Global_step 294000	Train_loss: 0.5553	logloss: 0.6339	Eval_GAUC: 0.7022	Eval_AUC: 0.7013
Epoch 3 Global_step 295000	Train_loss: 0.5537	logloss: 0.6311	Eval_GAUC: 0.7051	Eval_AUC: 0.7041
Epoch 3 Global_step 296000	Train_loss: 0.5476	logloss: 0.6369	Eval_GAUC: 0.7073	Eval_AUC: 0.7034
Epoch 3 Global_step 297000	Train_loss: 0.5480	logloss: 0.6396	Eval_GAUC: 0.7072	Eval_AUC: 0.7026
Epoch 3 Global_step 298000	Train_loss: 0.5489	logloss: 0.6391	Eval_GAUC: 0.7047	Eval_AUC: 0.7019
Epoch 3 Global_step 299000	Train_loss: 0.5526	logloss: 0.6399	Eval_GAUC: 0.7034	Eval_AUC: 0.6995
Epoch 3 Global_step 300000	Train_loss: 0.5485	logloss: 0.6300	Eval_GAUC: 0.7080	Eval_AUC: 0.7077
Epoch 3 Global_step 301000	Train_loss: 0.5480	logloss: 0.6301	Eval_GAUC: 0.7063	Eval_AUC: 0.7050
Epoch 3 Global_step 302000	Train_loss: 0.5535	logloss: 0.6315	Eval_GAUC: 0.7057	Eval_AUC: 0.7041
Epoch 3 Global_step 303000	Train_loss: 0.5520	logloss: 0.6344	Eval_GAUC: 0.7039	Eval_AUC: 0.7032
Epoch 3 Global_step 304000	Train_loss: 0.5460	logloss: 0.6269	Eval_GAUC: 0.7079	Eval_AUC: 0.7105
Epoch 3 Global_step 305000	Train_loss: 0.5514	logloss: 0.6361	Eval_GAUC: 0.7062	Eval_AUC: 0.7030
Epoch 3 Global_step 306000	Train_loss: 0.5512	logloss: 0.6340	Eval_GAUC: 0.7039	Eval_AUC: 0.7038
Epoch 3 Global_step 307000	Train_loss: 0.5533	logloss: 0.6382	Eval_GAUC: 0.7031	Eval_AUC: 0.7007
Epoch 3 Global_step 308000	Train_loss: 0.5503	logloss: 0.6371	Eval_GAUC: 0.7050	Eval_AUC: 0.7026
Epoch 3 Global_step 309000	Train_loss: 0.5496	logloss: 0.6370	Eval_GAUC: 0.7017	Eval_AUC: 0.6999
Epoch 3 Global_step 310000	Train_loss: 0.5548	logloss: 0.6337	Eval_GAUC: 0.7046	Eval_AUC: 0.7025
Epoch 3 Global_step 311000	Train_loss: 0.5554	logloss: 0.6341	Eval_GAUC: 0.7062	Eval_AUC: 0.7041
Epoch 3 Global_step 312000	Train_loss: 0.5556	logloss: 0.6312	Eval_GAUC: 0.7049	Eval_AUC: 0.7041
Epoch 3 Global_step 313000	Train_loss: 0.5537	logloss: 0.6321	Eval_GAUC: 0.7037	Eval_AUC: 0.7047
Epoch 3 Global_step 314000	Train_loss: 0.5534	logloss: 0.6389	Eval_GAUC: 0.7034	Eval_AUC: 0.7000
Epoch 3 Global_step 315000	Train_loss: 0.5530	logloss: 0.6368	Eval_GAUC: 0.6998	Eval_AUC: 0.6987
Epoch 3 Global_step 316000	Train_loss: 0.5530	logloss: 0.6340	Eval_GAUC: 0.7039	Eval_AUC: 0.7014
Epoch 3 Global_step 317000	Train_loss: 0.5504	logloss: 0.6335	Eval_GAUC: 0.7043	Eval_AUC: 0.7045
Epoch 3 Global_step 318000	Train_loss: 0.5514	logloss: 0.6370	Eval_GAUC: 0.7039	Eval_AUC: 0.7020
Epoch 3 Global_step 319000	Train_loss: 0.5503	logloss: 0.6300	Eval_GAUC: 0.7069	Eval_AUC: 0.7056
Epoch 3 Global_step 320000	Train_loss: 0.5503	logloss: 0.6367	Eval_GAUC: 0.7062	Eval_AUC: 0.7001
Epoch 3 DONE	Cost time: 60038.95
Epoch 4 Global_step 321000	Train_loss: 0.4017	logloss: 0.6348	Eval_GAUC: 0.7067	Eval_AUC: 0.7044
Epoch 4 Global_step 322000	Train_loss: 0.5542	logloss: 0.6342	Eval_GAUC: 0.7039	Eval_AUC: 0.7024
Epoch 4 Global_step 323000	Train_loss: 0.5477	logloss: 0.6371	Eval_GAUC: 0.7045	Eval_AUC: 0.7022
Epoch 4 Global_step 324000	Train_loss: 0.5509	logloss: 0.6333	Eval_GAUC: 0.7072	Eval_AUC: 0.7052
Epoch 4 Global_step 325000	Train_loss: 0.5445	logloss: 0.6395	Eval_GAUC: 0.7053	Eval_AUC: 0.7026
Epoch 4 Global_step 326000	Train_loss: 0.5479	logloss: 0.6344	Eval_GAUC: 0.7042	Eval_AUC: 0.7012
Epoch 4 Global_step 327000	Train_loss: 0.5524	logloss: 0.6363	Eval_GAUC: 0.7033	Eval_AUC: 0.7010
Epoch 4 Global_step 328000	Train_loss: 0.5513	logloss: 0.6296	Eval_GAUC: 0.7066	Eval_AUC: 0.7065
Epoch 4 Global_step 329000	Train_loss: 0.5505	logloss: 0.6329	Eval_GAUC: 0.7047	Eval_AUC: 0.7024
Epoch 4 Global_step 330000	Train_loss: 0.5470	logloss: 0.6326	Eval_GAUC: 0.7069	Eval_AUC: 0.7064
Epoch 4 Global_step 331000	Train_loss: 0.5486	logloss: 0.6392	Eval_GAUC: 0.7048	Eval_AUC: 0.7006
Epoch 4 Global_step 332000	Train_loss: 0.5485	logloss: 0.6327	Eval_GAUC: 0.7059	Eval_AUC: 0.7053
Epoch 4 Global_step 333000	Train_loss: 0.5503	logloss: 0.6349	Eval_GAUC: 0.7042	Eval_AUC: 0.7036
Epoch 4 Global_step 334000	Train_loss: 0.5488	logloss: 0.6345	Eval_GAUC: 0.7050	Eval_AUC: 0.7035
Epoch 4 Global_step 335000	Train_loss: 0.5449	logloss: 0.6298	Eval_GAUC: 0.7073	Eval_AUC: 0.7074
Epoch 4 Global_step 336000	Train_loss: 0.5450	logloss: 0.6323	Eval_GAUC: 0.7065	Eval_AUC: 0.7060
Epoch 4 Global_step 337000	Train_loss: 0.5460	logloss: 0.6390	Eval_GAUC: 0.7059	Eval_AUC: 0.7026
Epoch 4 Global_step 338000	Train_loss: 0.5468	logloss: 0.6456	Eval_GAUC: 0.7034	Eval_AUC: 0.6991
Epoch 4 Global_step 339000	Train_loss: 0.5510	logloss: 0.6360	Eval_GAUC: 0.7028	Eval_AUC: 0.7016
Epoch 4 Global_step 340000	Train_loss: 0.5477	logloss: 0.6364	Eval_GAUC: 0.7052	Eval_AUC: 0.7027
Epoch 4 Global_step 341000	Train_loss: 0.5499	logloss: 0.6303	Eval_GAUC: 0.7066	Eval_AUC: 0.7073
Epoch 4 Global_step 342000	Train_loss: 0.5498	logloss: 0.6382	Eval_GAUC: 0.7065	Eval_AUC: 0.7033
Epoch 4 Global_step 343000	Train_loss: 0.5474	logloss: 0.6345	Eval_GAUC: 0.7050	Eval_AUC: 0.7043
Epoch 4 Global_step 344000	Train_loss: 0.5464	logloss: 0.6359	Eval_GAUC: 0.7058	Eval_AUC: 0.7046
Epoch 4 Global_step 345000	Train_loss: 0.5498	logloss: 0.6348	Eval_GAUC: 0.7064	Eval_AUC: 0.7040
Epoch 4 Global_step 346000	Train_loss: 0.5488	logloss: 0.6455	Eval_GAUC: 0.7045	Eval_AUC: 0.6986
Epoch 4 Global_step 347000	Train_loss: 0.5546	logloss: 0.6371	Eval_GAUC: 0.7045	Eval_AUC: 0.7022
Epoch 4 Global_step 348000	Train_loss: 0.5470	logloss: 0.6380	Eval_GAUC: 0.7051	Eval_AUC: 0.7019
Epoch 4 Global_step 349000	Train_loss: 0.5466	logloss: 0.6369	Eval_GAUC: 0.7054	Eval_AUC: 0.7041
Epoch 4 Global_step 350000	Train_loss: 0.5453	logloss: 0.6292	Eval_GAUC: 0.7067	Eval_AUC: 0.7089
Epoch 4 Global_step 351000	Train_loss: 0.5456	logloss: 0.6274	Eval_GAUC: 0.7070	Eval_AUC: 0.7083
Epoch 4 Global_step 352000	Train_loss: 0.5405	logloss: 0.6372	Eval_GAUC: 0.7065	Eval_AUC: 0.7036
Epoch 4 Global_step 353000	Train_loss: 0.5475	logloss: 0.6285	Eval_GAUC: 0.7091	Eval_AUC: 0.7089
Epoch 4 Global_step 354000	Train_loss: 0.5491	logloss: 0.6349	Eval_GAUC: 0.7061	Eval_AUC: 0.7036
Epoch 4 Global_step 355000	Train_loss: 0.5483	logloss: 0.6374	Eval_GAUC: 0.7048	Eval_AUC: 0.7008
Epoch 4 Global_step 356000	Train_loss: 0.5438	logloss: 0.6409	Eval_GAUC: 0.7040	Eval_AUC: 0.7004
Epoch 4 Global_step 357000	Train_loss: 0.5479	logloss: 0.6335	Eval_GAUC: 0.7056	Eval_AUC: 0.7039
Epoch 4 Global_step 358000	Train_loss: 0.5409	logloss: 0.6368	Eval_GAUC: 0.7062	Eval_AUC: 0.7035
Epoch 4 Global_step 359000	Train_loss: 0.5429	logloss: 0.6397	Eval_GAUC: 0.7053	Eval_AUC: 0.7015
Epoch 4 Global_step 360000	Train_loss: 0.5465	logloss: 0.6367	Eval_GAUC: 0.7068	Eval_AUC: 0.7037
Epoch 4 Global_step 361000	Train_loss: 0.5425	logloss: 0.6384	Eval_GAUC: 0.7052	Eval_AUC: 0.7030
Epoch 4 Global_step 362000	Train_loss: 0.5428	logloss: 0.6409	Eval_GAUC: 0.7070	Eval_AUC: 0.7004
Epoch 4 Global_step 363000	Train_loss: 0.5460	logloss: 0.6339	Eval_GAUC: 0.7065	Eval_AUC: 0.7046
Epoch 4 Global_step 364000	Train_loss: 0.5411	logloss: 0.6381	Eval_GAUC: 0.7064	Eval_AUC: 0.7020
Epoch 4 Global_step 365000	Train_loss: 0.5425	logloss: 0.6388	Eval_GAUC: 0.7050	Eval_AUC: 0.7005
Epoch 4 Global_step 366000	Train_loss: 0.5416	logloss: 0.6387	Eval_GAUC: 0.7058	Eval_AUC: 0.7018
Epoch 4 Global_step 367000	Train_loss: 0.5478	logloss: 0.6364	Eval_GAUC: 0.7068	Eval_AUC: 0.7038
Epoch 4 Global_step 368000	Train_loss: 0.5482	logloss: 0.6367	Eval_GAUC: 0.7079	Eval_AUC: 0.7028
Epoch 4 Global_step 369000	Train_loss: 0.5426	logloss: 0.6394	Eval_GAUC: 0.7075	Eval_AUC: 0.7038
Epoch 4 Global_step 370000	Train_loss: 0.5445	logloss: 0.6389	Eval_GAUC: 0.7057	Eval_AUC: 0.7026
Epoch 4 Global_step 371000	Train_loss: 0.5468	logloss: 0.6346	Eval_GAUC: 0.7060	Eval_AUC: 0.7042
Epoch 4 Global_step 372000	Train_loss: 0.5482	logloss: 0.6420	Eval_GAUC: 0.7013	Eval_AUC: 0.6979
Epoch 4 Global_step 373000	Train_loss: 0.5438	logloss: 0.6388	Eval_GAUC: 0.7034	Eval_AUC: 0.7013
Epoch 4 Global_step 374000	Train_loss: 0.5477	logloss: 0.6338	Eval_GAUC: 0.7059	Eval_AUC: 0.7035
Epoch 4 Global_step 375000	Train_loss: 0.5452	logloss: 0.6342	Eval_GAUC: 0.7064	Eval_AUC: 0.7050
Epoch 4 Global_step 376000	Train_loss: 0.5423	logloss: 0.6361	Eval_GAUC: 0.7073	Eval_AUC: 0.7039
Epoch 4 Global_step 377000	Train_loss: 0.5410	logloss: 0.6419	Eval_GAUC: 0.7034	Eval_AUC: 0.6995
Epoch 4 Global_step 378000	Train_loss: 0.5438	logloss: 0.6421	Eval_GAUC: 0.7053	Eval_AUC: 0.7012
Epoch 4 Global_step 379000	Train_loss: 0.5460	logloss: 0.6472	Eval_GAUC: 0.7049	Eval_AUC: 0.6978
Epoch 4 Global_step 380000	Train_loss: 0.5418	logloss: 0.6360	Eval_GAUC: 0.7064	Eval_AUC: 0.7043
Epoch 4 Global_step 381000	Train_loss: 0.5411	logloss: 0.6354	Eval_GAUC: 0.7053	Eval_AUC: 0.7023
Epoch 4 Global_step 382000	Train_loss: 0.5457	logloss: 0.6327	Eval_GAUC: 0.7078	Eval_AUC: 0.7062
Epoch 4 Global_step 383000	Train_loss: 0.5441	logloss: 0.6334	Eval_GAUC: 0.7063	Eval_AUC: 0.7049
Epoch 4 Global_step 384000	Train_loss: 0.5383	logloss: 0.6393	Eval_GAUC: 0.7044	Eval_AUC: 0.7025
Epoch 4 Global_step 385000	Train_loss: 0.5439	logloss: 0.6405	Eval_GAUC: 0.7037	Eval_AUC: 0.7008
Epoch 4 Global_step 386000	Train_loss: 0.5427	logloss: 0.6403	Eval_GAUC: 0.7048	Eval_AUC: 0.6997
Epoch 4 Global_step 387000	Train_loss: 0.5453	logloss: 0.6397	Eval_GAUC: 0.7033	Eval_AUC: 0.6988
Epoch 4 Global_step 388000	Train_loss: 0.5441	logloss: 0.6340	Eval_GAUC: 0.7059	Eval_AUC: 0.7040
Epoch 4 Global_step 389000	Train_loss: 0.5412	logloss: 0.6448	Eval_GAUC: 0.7040	Eval_AUC: 0.7004
Epoch 4 Global_step 390000	Train_loss: 0.5469	logloss: 0.6393	Eval_GAUC: 0.7044	Eval_AUC: 0.7010
Epoch 4 Global_step 391000	Train_loss: 0.5449	logloss: 0.6375	Eval_GAUC: 0.7068	Eval_AUC: 0.7029
Epoch 4 Global_step 392000	Train_loss: 0.5417	logloss: 0.6362	Eval_GAUC: 0.7054	Eval_AUC: 0.7025
Epoch 4 Global_step 393000	Train_loss: 0.5459	logloss: 0.6390	Eval_GAUC: 0.7068	Eval_AUC: 0.7029
Epoch 4 Global_step 394000	Train_loss: 0.5462	logloss: 0.6369	Eval_GAUC: 0.7073	Eval_AUC: 0.7022
Epoch 4 Global_step 395000	Train_loss: 0.5458	logloss: 0.6397	Eval_GAUC: 0.7031	Eval_AUC: 0.6997
Epoch 4 Global_step 396000	Train_loss: 0.5463	logloss: 0.6394	Eval_GAUC: 0.7033	Eval_AUC: 0.6996
Epoch 4 Global_step 397000	Train_loss: 0.5448	logloss: 0.6425	Eval_GAUC: 0.7047	Eval_AUC: 0.7005
Epoch 4 Global_step 398000	Train_loss: 0.5412	logloss: 0.6416	Eval_GAUC: 0.7070	Eval_AUC: 0.7028
Epoch 4 Global_step 399000	Train_loss: 0.5426	logloss: 0.6340	Eval_GAUC: 0.7074	Eval_AUC: 0.7062
Epoch 4 Global_step 400000	Train_loss: 0.5419	logloss: 0.6390	Eval_GAUC: 0.7095	Eval_AUC: 0.7038
Epoch 4 DONE	Cost time: 75186.11
Epoch 5 Global_step 401000	Train_loss: 0.3574	logloss: 0.6406	Eval_GAUC: 0.7075	Eval_AUC: 0.7028
Epoch 5 Global_step 402000	Train_loss: 0.5490	logloss: 0.6360	Eval_GAUC: 0.7074	Eval_AUC: 0.7042
Epoch 5 Global_step 403000	Train_loss: 0.5387	logloss: 0.6404	Eval_GAUC: 0.7090	Eval_AUC: 0.7046
Epoch 5 Global_step 404000	Train_loss: 0.5450	logloss: 0.6374	Eval_GAUC: 0.7090	Eval_AUC: 0.7059
Epoch 5 Global_step 405000	Train_loss: 0.5386	logloss: 0.6398	Eval_GAUC: 0.7085	Eval_AUC: 0.7058
Epoch 5 Global_step 406000	Train_loss: 0.5369	logloss: 0.6409	Eval_GAUC: 0.7055	Eval_AUC: 0.7026
Epoch 5 Global_step 407000	Train_loss: 0.5418	logloss: 0.6393	Eval_GAUC: 0.7045	Eval_AUC: 0.7013
Epoch 5 Global_step 408000	Train_loss: 0.5467	logloss: 0.6393	Eval_GAUC: 0.7066	Eval_AUC: 0.7034
Epoch 5 Global_step 409000	Train_loss: 0.5412	logloss: 0.6489	Eval_GAUC: 0.7057	Eval_AUC: 0.6982
Epoch 5 Global_step 410000	Train_loss: 0.5391	logloss: 0.6464	Eval_GAUC: 0.7074	Eval_AUC: 0.7016
Epoch 5 Global_step 411000	Train_loss: 0.5422	logloss: 0.6477	Eval_GAUC: 0.7043	Eval_AUC: 0.6987
Epoch 5 Global_step 412000	Train_loss: 0.5400	logloss: 0.6330	Eval_GAUC: 0.7088	Eval_AUC: 0.7094
Epoch 5 Global_step 413000	Train_loss: 0.5413	logloss: 0.6433	Eval_GAUC: 0.7082	Eval_AUC: 0.7045
Epoch 5 Global_step 414000	Train_loss: 0.5444	logloss: 0.6367	Eval_GAUC: 0.7070	Eval_AUC: 0.7037
Epoch 5 Global_step 415000	Train_loss: 0.5409	logloss: 0.6404	Eval_GAUC: 0.7057	Eval_AUC: 0.7027
Epoch 5 Global_step 416000	Train_loss: 0.5383	logloss: 0.6392	Eval_GAUC: 0.7071	Eval_AUC: 0.7049
Epoch 5 Global_step 417000	Train_loss: 0.5410	logloss: 0.6396	Eval_GAUC: 0.7062	Eval_AUC: 0.7043
Epoch 5 Global_step 418000	Train_loss: 0.5435	logloss: 0.6399	Eval_GAUC: 0.7077	Eval_AUC: 0.7052
Epoch 5 Global_step 419000	Train_loss: 0.5457	logloss: 0.6414	Eval_GAUC: 0.7048	Eval_AUC: 0.7027
Epoch 5 Global_step 420000	Train_loss: 0.5429	logloss: 0.6399	Eval_GAUC: 0.7061	Eval_AUC: 0.7028
Epoch 5 Global_step 421000	Train_loss: 0.5474	logloss: 0.6423	Eval_GAUC: 0.7046	Eval_AUC: 0.7018
Epoch 5 Global_step 422000	Train_loss: 0.5440	logloss: 0.6411	Eval_GAUC: 0.7068	Eval_AUC: 0.7035
Epoch 5 Global_step 423000	Train_loss: 0.5452	logloss: 0.6454	Eval_GAUC: 0.7049	Eval_AUC: 0.7018
Epoch 5 Global_step 424000	Train_loss: 0.5428	logloss: 0.6445	Eval_GAUC: 0.7044	Eval_AUC: 0.7006
Epoch 5 Global_step 425000	Train_loss: 0.5474	logloss: 0.6437	Eval_GAUC: 0.7048	Eval_AUC: 0.7012
Epoch 5 Global_step 426000	Train_loss: 0.5459	logloss: 0.6439	Eval_GAUC: 0.7074	Eval_AUC: 0.7023
Epoch 5 Global_step 427000	Train_loss: 0.5477	logloss: 0.6461	Eval_GAUC: 0.7077	Eval_AUC: 0.7019
Epoch 5 Global_step 428000	Train_loss: 0.5400	logloss: 0.6431	Eval_GAUC: 0.7091	Eval_AUC: 0.7040
Epoch 5 Global_step 429000	Train_loss: 0.5405	logloss: 0.6384	Eval_GAUC: 0.7084	Eval_AUC: 0.7049
Epoch 5 Global_step 430000	Train_loss: 0.5347	logloss: 0.6409	Eval_GAUC: 0.7075	Eval_AUC: 0.7058
Epoch 5 Global_step 431000	Train_loss: 0.5405	logloss: 0.6367	Eval_GAUC: 0.7074	Eval_AUC: 0.7061
Epoch 5 Global_step 432000	Train_loss: 0.5390	logloss: 0.6431	Eval_GAUC: 0.7077	Eval_AUC: 0.7050
Epoch 5 Global_step 433000	Train_loss: 0.5436	logloss: 0.6374	Eval_GAUC: 0.7084	Eval_AUC: 0.7060
Epoch 5 Global_step 434000	Train_loss: 0.5457	logloss: 0.6409	Eval_GAUC: 0.7058	Eval_AUC: 0.7027
Epoch 5 Global_step 435000	Train_loss: 0.5419	logloss: 0.6460	Eval_GAUC: 0.7063	Eval_AUC: 0.6996
Epoch 5 Global_step 436000	Train_loss: 0.5375	logloss: 0.6474	Eval_GAUC: 0.7039	Eval_AUC: 0.6989
Epoch 5 Global_step 437000	Train_loss: 0.5505	logloss: 0.6389	Eval_GAUC: 0.7066	Eval_AUC: 0.7043
Epoch 5 Global_step 438000	Train_loss: 0.5500	logloss: 0.6392	Eval_GAUC: 0.7060	Eval_AUC: 0.7042
Epoch 5 Global_step 439000	Train_loss: 0.5433	logloss: 0.6402	Eval_GAUC: 0.7060	Eval_AUC: 0.7038
Epoch 5 Global_step 440000	Train_loss: 0.5453	logloss: 0.6407	Eval_GAUC: 0.7051	Eval_AUC: 0.7031
Epoch 5 Global_step 441000	Train_loss: 0.5412	logloss: 0.6475	Eval_GAUC: 0.7039	Eval_AUC: 0.6998
Epoch 5 Global_step 442000	Train_loss: 0.5385	logloss: 0.6357	Eval_GAUC: 0.7064	Eval_AUC: 0.7056
Epoch 5 Global_step 443000	Train_loss: 0.5426	logloss: 0.6390	Eval_GAUC: 0.7072	Eval_AUC: 0.7054
Epoch 5 Global_step 444000	Train_loss: 0.5363	logloss: 0.6389	Eval_GAUC: 0.7075	Eval_AUC: 0.7053
Epoch 5 Global_step 445000	Train_loss: 0.5372	logloss: 0.6432	Eval_GAUC: 0.7058	Eval_AUC: 0.7017
Epoch 5 Global_step 446000	Train_loss: 0.5325	logloss: 0.6400	Eval_GAUC: 0.7061	Eval_AUC: 0.7040
Epoch 5 Global_step 447000	Train_loss: 0.5395	logloss: 0.6383	Eval_GAUC: 0.7087	Eval_AUC: 0.7054
Epoch 5 Global_step 448000	Train_loss: 0.5418	logloss: 0.6384	Eval_GAUC: 0.7070	Eval_AUC: 0.7048
Epoch 5 Global_step 449000	Train_loss: 0.5364	logloss: 0.6521	Eval_GAUC: 0.7051	Eval_AUC: 0.6992
Epoch 5 Global_step 450000	Train_loss: 0.5412	logloss: 0.6459	Eval_GAUC: 0.7046	Eval_AUC: 0.6997
Epoch 5 Global_step 451000	Train_loss: 0.5397	logloss: 0.6399	Eval_GAUC: 0.7069	Eval_AUC: 0.7038
Epoch 5 Global_step 452000	Train_loss: 0.5418	logloss: 0.6374	Eval_GAUC: 0.7083	Eval_AUC: 0.7058
Epoch 5 Global_step 453000	Train_loss: 0.5404	logloss: 0.6418	Eval_GAUC: 0.7046	Eval_AUC: 0.7017
Epoch 5 Global_step 454000	Train_loss: 0.5395	logloss: 0.6436	Eval_GAUC: 0.7060	Eval_AUC: 0.7012
Epoch 5 Global_step 455000	Train_loss: 0.5474	logloss: 0.6457	Eval_GAUC: 0.7066	Eval_AUC: 0.7019
Epoch 5 Global_step 456000	Train_loss: 0.5476	logloss: 0.6465	Eval_GAUC: 0.7050	Eval_AUC: 0.6991
Epoch 5 Global_step 457000	Train_loss: 0.5540	logloss: 0.6451	Eval_GAUC: 0.7047	Eval_AUC: 0.6995
Epoch 5 Global_step 458000	Train_loss: 0.5487	logloss: 0.6493	Eval_GAUC: 0.7036	Eval_AUC: 0.6987
Epoch 5 Global_step 459000	Train_loss: 0.5515	logloss: 0.6511	Eval_GAUC: 0.7040	Eval_AUC: 0.6981
Epoch 5 Global_step 460000	Train_loss: 0.5525	logloss: 0.6431	Eval_GAUC: 0.7051	Eval_AUC: 0.7016
Epoch 5 Global_step 461000	Train_loss: 0.5531	logloss: 0.6417	Eval_GAUC: 0.7046	Eval_AUC: 0.7026
Epoch 5 Global_step 462000	Train_loss: 0.5568	logloss: 0.6434	Eval_GAUC: 0.7039	Eval_AUC: 0.7013
Epoch 5 Global_step 463000	Train_loss: 0.5559	logloss: 0.6397	Eval_GAUC: 0.7063	Eval_AUC: 0.7039
Epoch 5 Global_step 464000	Train_loss: 0.5541	logloss: 0.6449	Eval_GAUC: 0.7057	Eval_AUC: 0.7015
Epoch 5 Global_step 465000	Train_loss: 0.5514	logloss: 0.6431	Eval_GAUC: 0.7039	Eval_AUC: 0.7016
Epoch 5 Global_step 466000	Train_loss: 0.5498	logloss: 0.6421	Eval_GAUC: 0.7041	Eval_AUC: 0.6993
Epoch 5 Global_step 467000	Train_loss: 0.5526	logloss: 0.6418	Eval_GAUC: 0.7047	Eval_AUC: 0.7015
Epoch 5 Global_step 468000	Train_loss: 0.5551	logloss: 0.6480	Eval_GAUC: 0.7063	Eval_AUC: 0.6996
Epoch 5 Global_step 469000	Train_loss: 0.5504	logloss: 0.6430	Eval_GAUC: 0.7052	Eval_AUC: 0.7014
Epoch 5 Global_step 470000	Train_loss: 0.5552	logloss: 0.6483	Eval_GAUC: 0.7038	Eval_AUC: 0.6982
Epoch 5 Global_step 471000	Train_loss: 0.5538	logloss: 0.6433	Eval_GAUC: 0.7075	Eval_AUC: 0.7039
Epoch 5 Global_step 472000	Train_loss: 0.5542	logloss: 0.6376	Eval_GAUC: 0.7051	Eval_AUC: 0.7030
Epoch 5 Global_step 473000	Train_loss: 0.5549	logloss: 0.6385	Eval_GAUC: 0.7055	Eval_AUC: 0.7043
Epoch 5 Global_step 474000	Train_loss: 0.5547	logloss: 0.6413	Eval_GAUC: 0.7044	Eval_AUC: 0.7009
Epoch 5 Global_step 475000	Train_loss: 0.5554	logloss: 0.6413	Eval_GAUC: 0.7032	Eval_AUC: 0.7003
Epoch 5 Global_step 476000	Train_loss: 0.5495	logloss: 0.6484	Eval_GAUC: 0.7046	Eval_AUC: 0.6989
