2022-04-29 21:09:45.179238: I tensorflow/core/platform/cpu_feature_guard.cc:137] Your CPU supports instructions that this TensorFlow binary was not compiled to use: SSE4.1 SSE4.2 AVX AVX2 FMA
2022-04-29 21:09:45.436967: I tensorflow/core/common_runtime/gpu/gpu_device.cc:1105] Found device 0 with properties: 
name: NVIDIA GeForce GTX 1080 major: 6 minor: 1 memoryClockRate(GHz): 1.797
pciBusID: 0000:02:00.0
totalMemory: 7.93GiB freeMemory: 4.93GiB
2022-04-29 21:09:45.437028: I tensorflow/core/common_runtime/gpu/gpu_device.cc:1195] Creating TensorFlow device (/device:GPU:0) -> (device: 0, name: NVIDIA GeForce GTX 1080, pci bus id: 0000:02:00.0, compute capability: 6.1)
hidden_units:128
numHot:40
pruning:0
item_emb(graph):False
gnn_layer:4
gnn_method:gcn_att4_rn
gcl:False
gcl_ran_num:1000
gcl_w:2.0
user_emb:True
gnn_user_emb:False
gcl_user_emb:False
start constructing adjcent table
loading item table from adj folder
loading user table from adj folder
ready
128
logloss: 0.8434	 test_gauc: 0.5358	 test_auc: 0.5339
Epoch 0 Global_step 1000	Train_loss: 0.6706	logloss: 0.6774	Eval_GAUC: 0.6295	Eval_AUC: 0.6294
Epoch 0 Global_step 2000	Train_loss: 0.6522	logloss: 0.6635	Eval_GAUC: 0.6413	Eval_AUC: 0.6475
Epoch 0 Global_step 3000	Train_loss: 0.6466	logloss: 0.6639	Eval_GAUC: 0.6455	Eval_AUC: 0.6539
Epoch 0 Global_step 4000	Train_loss: 0.6377	logloss: 0.6489	Eval_GAUC: 0.6491	Eval_AUC: 0.6578
Epoch 0 Global_step 5000	Train_loss: 0.6269	logloss: 0.6475	Eval_GAUC: 0.6514	Eval_AUC: 0.6591
Epoch 0 Global_step 6000	Train_loss: 0.6258	logloss: 0.6492	Eval_GAUC: 0.6558	Eval_AUC: 0.6628
Epoch 0 Global_step 7000	Train_loss: 0.6278	logloss: 0.6467	Eval_GAUC: 0.6542	Eval_AUC: 0.6649
Epoch 0 Global_step 8000	Train_loss: 0.6238	logloss: 0.6440	Eval_GAUC: 0.6558	Eval_AUC: 0.6648
Epoch 0 Global_step 9000	Train_loss: 0.6227	logloss: 0.6472	Eval_GAUC: 0.6570	Eval_AUC: 0.6678
Epoch 0 Global_step 10000	Train_loss: 0.6176	logloss: 0.6442	Eval_GAUC: 0.6594	Eval_AUC: 0.6696
Epoch 0 Global_step 11000	Train_loss: 0.6213	logloss: 0.6396	Eval_GAUC: 0.6614	Eval_AUC: 0.6726
Epoch 0 Global_step 12000	Train_loss: 0.6189	logloss: 0.6394	Eval_GAUC: 0.6633	Eval_AUC: 0.6754
Epoch 0 Global_step 13000	Train_loss: 0.6170	logloss: 0.6364	Eval_GAUC: 0.6676	Eval_AUC: 0.6788
Epoch 0 Global_step 14000	Train_loss: 0.6133	logloss: 0.6386	Eval_GAUC: 0.6698	Eval_AUC: 0.6778
Epoch 0 Global_step 15000	Train_loss: 0.6108	logloss: 0.6367	Eval_GAUC: 0.6727	Eval_AUC: 0.6807
Epoch 0 Global_step 16000	Train_loss: 0.6106	logloss: 0.6350	Eval_GAUC: 0.6741	Eval_AUC: 0.6825
Epoch 0 Global_step 17000	Train_loss: 0.6124	logloss: 0.6357	Eval_GAUC: 0.6749	Eval_AUC: 0.6819
Epoch 0 Global_step 18000	Train_loss: 0.6062	logloss: 0.6357	Eval_GAUC: 0.6741	Eval_AUC: 0.6813
Epoch 0 Global_step 19000	Train_loss: 0.6089	logloss: 0.6382	Eval_GAUC: 0.6757	Eval_AUC: 0.6805
Epoch 0 Global_step 20000	Train_loss: 0.6075	logloss: 0.6326	Eval_GAUC: 0.6795	Eval_AUC: 0.6848
Epoch 0 Global_step 21000	Train_loss: 0.6068	logloss: 0.6348	Eval_GAUC: 0.6787	Eval_AUC: 0.6851
Epoch 0 Global_step 22000	Train_loss: 0.6059	logloss: 0.6333	Eval_GAUC: 0.6803	Eval_AUC: 0.6866
Epoch 0 Global_step 23000	Train_loss: 0.6017	logloss: 0.6318	Eval_GAUC: 0.6814	Eval_AUC: 0.6874
Epoch 0 Global_step 24000	Train_loss: 0.6016	logloss: 0.6332	Eval_GAUC: 0.6816	Eval_AUC: 0.6877
Epoch 0 Global_step 25000	Train_loss: 0.6028	logloss: 0.6308	Eval_GAUC: 0.6804	Eval_AUC: 0.6884
Epoch 0 Global_step 26000	Train_loss: 0.6129	logloss: 0.6326	Eval_GAUC: 0.6828	Eval_AUC: 0.6871
Epoch 0 Global_step 27000	Train_loss: 0.6082	logloss: 0.6414	Eval_GAUC: 0.6840	Eval_AUC: 0.6832
Epoch 0 Global_step 28000	Train_loss: 0.6018	logloss: 0.6304	Eval_GAUC: 0.6848	Eval_AUC: 0.6919
Epoch 0 Global_step 29000	Train_loss: 0.6044	logloss: 0.6328	Eval_GAUC: 0.6826	Eval_AUC: 0.6897
Epoch 0 Global_step 30000	Train_loss: 0.5942	logloss: 0.6317	Eval_GAUC: 0.6822	Eval_AUC: 0.6894
Epoch 0 Global_step 31000	Train_loss: 0.5952	logloss: 0.6287	Eval_GAUC: 0.6865	Eval_AUC: 0.6934
Epoch 0 Global_step 32000	Train_loss: 0.5971	logloss: 0.6280	Eval_GAUC: 0.6866	Eval_AUC: 0.6932
Epoch 0 Global_step 33000	Train_loss: 0.5964	logloss: 0.6278	Eval_GAUC: 0.6892	Eval_AUC: 0.6935
Epoch 0 Global_step 34000	Train_loss: 0.5924	logloss: 0.6281	Eval_GAUC: 0.6900	Eval_AUC: 0.6952
Epoch 0 Global_step 35000	Train_loss: 0.5938	logloss: 0.6309	Eval_GAUC: 0.6878	Eval_AUC: 0.6935
Epoch 0 Global_step 36000	Train_loss: 0.5908	logloss: 0.6298	Eval_GAUC: 0.6872	Eval_AUC: 0.6940
Epoch 0 Global_step 37000	Train_loss: 0.5926	logloss: 0.6279	Eval_GAUC: 0.6893	Eval_AUC: 0.6950
Epoch 0 Global_step 38000	Train_loss: 0.5906	logloss: 0.6292	Eval_GAUC: 0.6899	Eval_AUC: 0.6954
Epoch 0 Global_step 39000	Train_loss: 0.5915	logloss: 0.6316	Eval_GAUC: 0.6865	Eval_AUC: 0.6918
Epoch 0 Global_step 40000	Train_loss: 0.5911	logloss: 0.6290	Eval_GAUC: 0.6882	Eval_AUC: 0.6947
Epoch 0 Global_step 41000	Train_loss: 0.5911	logloss: 0.6268	Eval_GAUC: 0.6888	Eval_AUC: 0.6961
Epoch 0 Global_step 42000	Train_loss: 0.5905	logloss: 0.6257	Eval_GAUC: 0.6895	Eval_AUC: 0.6979
Epoch 0 Global_step 43000	Train_loss: 0.5865	logloss: 0.6276	Eval_GAUC: 0.6899	Eval_AUC: 0.6977
Epoch 0 Global_step 44000	Train_loss: 0.5877	logloss: 0.6302	Eval_GAUC: 0.6921	Eval_AUC: 0.6966
Epoch 0 Global_step 45000	Train_loss: 0.5858	logloss: 0.6279	Eval_GAUC: 0.6880	Eval_AUC: 0.6957
Epoch 0 Global_step 46000	Train_loss: 0.5871	logloss: 0.6262	Eval_GAUC: 0.6897	Eval_AUC: 0.6963
Epoch 0 Global_step 47000	Train_loss: 0.5874	logloss: 0.6275	Eval_GAUC: 0.6891	Eval_AUC: 0.6953
Epoch 0 Global_step 48000	Train_loss: 0.5837	logloss: 0.6271	Eval_GAUC: 0.6918	Eval_AUC: 0.6977
Epoch 0 Global_step 49000	Train_loss: 0.5880	logloss: 0.6262	Eval_GAUC: 0.6940	Eval_AUC: 0.6975
Epoch 0 Global_step 50000	Train_loss: 0.5938	logloss: 0.6285	Eval_GAUC: 0.6885	Eval_AUC: 0.6942
Epoch 0 Global_step 51000	Train_loss: 0.5847	logloss: 0.6265	Eval_GAUC: 0.6916	Eval_AUC: 0.6986
Epoch 0 Global_step 52000	Train_loss: 0.5840	logloss: 0.6263	Eval_GAUC: 0.6903	Eval_AUC: 0.6976
Epoch 0 Global_step 53000	Train_loss: 0.5846	logloss: 0.6240	Eval_GAUC: 0.6924	Eval_AUC: 0.7001
Epoch 0 Global_step 54000	Train_loss: 0.5890	logloss: 0.6228	Eval_GAUC: 0.6965	Eval_AUC: 0.7019
Epoch 0 Global_step 55000	Train_loss: 0.5810	logloss: 0.6228	Eval_GAUC: 0.6942	Eval_AUC: 0.7016
Epoch 0 Global_step 56000	Train_loss: 0.5798	logloss: 0.6267	Eval_GAUC: 0.6911	Eval_AUC: 0.6985
Epoch 0 Global_step 57000	Train_loss: 0.5811	logloss: 0.6251	Eval_GAUC: 0.6917	Eval_AUC: 0.6985
Epoch 0 Global_step 58000	Train_loss: 0.5839	logloss: 0.6246	Eval_GAUC: 0.6938	Eval_AUC: 0.6997
Epoch 0 Global_step 59000	Train_loss: 0.5832	logloss: 0.6289	Eval_GAUC: 0.6942	Eval_AUC: 0.6976
Epoch 0 Global_step 60000	Train_loss: 0.5780	logloss: 0.6250	Eval_GAUC: 0.6947	Eval_AUC: 0.7008
Epoch 0 Global_step 61000	Train_loss: 0.5829	logloss: 0.6266	Eval_GAUC: 0.6965	Eval_AUC: 0.7023
Epoch 0 Global_step 62000	Train_loss: 0.5827	logloss: 0.6280	Eval_GAUC: 0.6936	Eval_AUC: 0.6997
Epoch 0 Global_step 63000	Train_loss: 0.5831	logloss: 0.6246	Eval_GAUC: 0.6955	Eval_AUC: 0.7030
Epoch 0 Global_step 64000	Train_loss: 0.5807	logloss: 0.6253	Eval_GAUC: 0.6947	Eval_AUC: 0.6983
Epoch 0 Global_step 65000	Train_loss: 0.5795	logloss: 0.6239	Eval_GAUC: 0.6955	Eval_AUC: 0.7004
Epoch 0 Global_step 66000	Train_loss: 0.5793	logloss: 0.6247	Eval_GAUC: 0.6962	Eval_AUC: 0.7004
Epoch 0 Global_step 67000	Train_loss: 0.5811	logloss: 0.6229	Eval_GAUC: 0.6945	Eval_AUC: 0.7018
Epoch 0 Global_step 68000	Train_loss: 0.5792	logloss: 0.6260	Eval_GAUC: 0.6917	Eval_AUC: 0.6988
Epoch 0 Global_step 69000	Train_loss: 0.5764	logloss: 0.6261	Eval_GAUC: 0.6936	Eval_AUC: 0.6981
Epoch 0 Global_step 70000	Train_loss: 0.5806	logloss: 0.6227	Eval_GAUC: 0.6950	Eval_AUC: 0.7036
Epoch 0 Global_step 71000	Train_loss: 0.5778	logloss: 0.6239	Eval_GAUC: 0.6973	Eval_AUC: 0.7037
Epoch 0 Global_step 72000	Train_loss: 0.5769	logloss: 0.6222	Eval_GAUC: 0.6972	Eval_AUC: 0.7040
Epoch 0 Global_step 73000	Train_loss: 0.5758	logloss: 0.6222	Eval_GAUC: 0.6977	Eval_AUC: 0.7059
Epoch 0 Global_step 74000	Train_loss: 0.5823	logloss: 0.6201	Eval_GAUC: 0.6985	Eval_AUC: 0.7061
Epoch 0 Global_step 75000	Train_loss: 0.5760	logloss: 0.6237	Eval_GAUC: 0.6952	Eval_AUC: 0.7015
Epoch 0 Global_step 76000	Train_loss: 0.5788	logloss: 0.6238	Eval_GAUC: 0.6964	Eval_AUC: 0.7027
Epoch 0 Global_step 77000	Train_loss: 0.5731	logloss: 0.6247	Eval_GAUC: 0.6998	Eval_AUC: 0.7054
Epoch 0 Global_step 78000	Train_loss: 0.5767	logloss: 0.6207	Eval_GAUC: 0.6980	Eval_AUC: 0.7043
Epoch 0 Global_step 79000	Train_loss: 0.5738	logloss: 0.6255	Eval_GAUC: 0.6981	Eval_AUC: 0.7058
Epoch 0 Global_step 80000	Train_loss: 0.5772	logloss: 0.6191	Eval_GAUC: 0.7030	Eval_AUC: 0.7092
Epoch 0 DONE	Cost time: 15279.15
Epoch 1 Global_step 81000	Train_loss: 0.5377	logloss: 0.6216	Eval_GAUC: 0.6984	Eval_AUC: 0.7051
Epoch 1 Global_step 82000	Train_loss: 0.5424	logloss: 0.7249	Eval_GAUC: 0.6873	Eval_AUC: 0.6454
Epoch 1 Global_step 83000	Train_loss: 0.5382	logloss: 0.6449	Eval_GAUC: 0.6905	Eval_AUC: 0.6877
Epoch 1 Global_step 84000	Train_loss: 0.4987	logloss: 0.7205	Eval_GAUC: 0.6854	Eval_AUC: 0.6463
Epoch 1 Global_step 85000	Train_loss: 0.4749	logloss: 0.7193	Eval_GAUC: 0.6757	Eval_AUC: 0.6480
Epoch 1 Global_step 86000	Train_loss: 0.4520	logloss: 0.7238	Eval_GAUC: 0.6649	Eval_AUC: 0.6445
Epoch 1 Global_step 87000	Train_loss: 0.4487	logloss: 0.7575	Eval_GAUC: 0.6644	Eval_AUC: 0.6382
Epoch 1 Global_step 88000	Train_loss: 0.4554	logloss: 0.7255	Eval_GAUC: 0.6575	Eval_AUC: 0.6334
Epoch 1 Global_step 89000	Train_loss: 0.4614	logloss: 0.7652	Eval_GAUC: 0.6624	Eval_AUC: 0.6337
Epoch 1 Global_step 90000	Train_loss: 0.4526	logloss: 0.7233	Eval_GAUC: 0.6559	Eval_AUC: 0.6383
Epoch 1 Global_step 91000	Train_loss: 0.4774	logloss: 0.7897	Eval_GAUC: 0.6700	Eval_AUC: 0.6436
Epoch 1 Global_step 92000	Train_loss: 0.4715	logloss: 0.7065	Eval_GAUC: 0.6689	Eval_AUC: 0.6493
Epoch 1 Global_step 93000	Train_loss: 0.4911	logloss: 0.7102	Eval_GAUC: 0.6704	Eval_AUC: 0.6523
Epoch 1 Global_step 94000	Train_loss: 0.4749	logloss: 0.7292	Eval_GAUC: 0.6799	Eval_AUC: 0.6562
Epoch 1 Global_step 95000	Train_loss: 0.4747	logloss: 0.7366	Eval_GAUC: 0.6827	Eval_AUC: 0.6517
Epoch 1 Global_step 96000	Train_loss: 0.4977	logloss: 0.6978	Eval_GAUC: 0.6823	Eval_AUC: 0.6623
Epoch 1 Global_step 97000	Train_loss: 0.4996	logloss: 0.6936	Eval_GAUC: 0.6727	Eval_AUC: 0.6528
Epoch 1 Global_step 98000	Train_loss: 0.4792	logloss: 0.7173	Eval_GAUC: 0.6765	Eval_AUC: 0.6491
Epoch 1 Global_step 99000	Train_loss: 0.4934	logloss: 0.7081	Eval_GAUC: 0.6769	Eval_AUC: 0.6598
Epoch 1 Global_step 100000	Train_loss: 0.5036	logloss: 0.6833	Eval_GAUC: 0.6833	Eval_AUC: 0.6714
Epoch 1 Global_step 101000	Train_loss: 0.5039	logloss: 0.6931	Eval_GAUC: 0.6852	Eval_AUC: 0.6699
Epoch 1 Global_step 102000	Train_loss: 0.4981	logloss: 0.6874	Eval_GAUC: 0.6872	Eval_AUC: 0.6724
Epoch 1 Global_step 103000	Train_loss: 0.5004	logloss: 0.6956	Eval_GAUC: 0.6876	Eval_AUC: 0.6744
Epoch 1 Global_step 104000	Train_loss: 0.5057	logloss: 0.6904	Eval_GAUC: 0.6794	Eval_AUC: 0.6677
Epoch 1 Global_step 105000	Train_loss: 0.4971	logloss: 0.7029	Eval_GAUC: 0.6764	Eval_AUC: 0.6562
Epoch 1 Global_step 106000	Train_loss: 0.5165	logloss: 0.6764	Eval_GAUC: 0.6885	Eval_AUC: 0.6714
Epoch 1 Global_step 107000	Train_loss: 0.5138	logloss: 0.6779	Eval_GAUC: 0.6824	Eval_AUC: 0.6704
Epoch 1 Global_step 108000	Train_loss: 0.5090	logloss: 0.6797	Eval_GAUC: 0.6833	Eval_AUC: 0.6699
Epoch 1 Global_step 109000	Train_loss: 0.5124	logloss: 0.6735	Eval_GAUC: 0.6865	Eval_AUC: 0.6757
Epoch 1 Global_step 110000	Train_loss: 0.5057	logloss: 0.6814	Eval_GAUC: 0.6846	Eval_AUC: 0.6704
Epoch 1 Global_step 111000	Train_loss: 0.4996	logloss: 0.6906	Eval_GAUC: 0.6876	Eval_AUC: 0.6776
Epoch 1 Global_step 112000	Train_loss: 0.5023	logloss: 0.6793	Eval_GAUC: 0.6831	Eval_AUC: 0.6704
Epoch 1 Global_step 113000	Train_loss: 0.5071	logloss: 0.6915	Eval_GAUC: 0.6850	Eval_AUC: 0.6712
Epoch 1 Global_step 114000	Train_loss: 0.5040	logloss: 0.6842	Eval_GAUC: 0.6816	Eval_AUC: 0.6730
Epoch 1 Global_step 115000	Train_loss: 0.5009	logloss: 0.6867	Eval_GAUC: 0.6785	Eval_AUC: 0.6716
Epoch 1 Global_step 116000	Train_loss: 0.4997	logloss: 0.6808	Eval_GAUC: 0.6800	Eval_AUC: 0.6705
Epoch 1 Global_step 117000	Train_loss: 0.4929	logloss: 0.6868	Eval_GAUC: 0.6745	Eval_AUC: 0.6608
Epoch 1 Global_step 118000	Train_loss: 0.4936	logloss: 0.6855	Eval_GAUC: 0.6868	Eval_AUC: 0.6725
Epoch 1 Global_step 119000	Train_loss: 0.4989	logloss: 0.6756	Eval_GAUC: 0.6817	Eval_AUC: 0.6670
Epoch 1 Global_step 120000	Train_loss: 0.5079	logloss: 0.6684	Eval_GAUC: 0.6868	Eval_AUC: 0.6779
Epoch 1 Global_step 121000	Train_loss: 0.5113	logloss: 0.6758	Eval_GAUC: 0.6819	Eval_AUC: 0.6746
Epoch 1 Global_step 122000	Train_loss: 0.5035	logloss: 0.6794	Eval_GAUC: 0.6863	Eval_AUC: 0.6778
Epoch 1 Global_step 123000	Train_loss: 0.5066	logloss: 0.6758	Eval_GAUC: 0.6824	Eval_AUC: 0.6758
Epoch 1 Global_step 124000	Train_loss: 0.5131	logloss: 0.6816	Eval_GAUC: 0.6805	Eval_AUC: 0.6754
Epoch 1 Global_step 125000	Train_loss: 0.5058	logloss: 0.6852	Eval_GAUC: 0.6816	Eval_AUC: 0.6743
Epoch 1 Global_step 126000	Train_loss: 0.4957	logloss: 0.6887	Eval_GAUC: 0.6873	Eval_AUC: 0.6777
Epoch 1 Global_step 127000	Train_loss: 0.5013	logloss: 0.6761	Eval_GAUC: 0.6922	Eval_AUC: 0.6796
Epoch 1 Global_step 128000	Train_loss: 0.4984	logloss: 0.6847	Eval_GAUC: 0.6876	Eval_AUC: 0.6778
Epoch 1 Global_step 129000	Train_loss: 0.5044	logloss: 0.6659	Eval_GAUC: 0.6890	Eval_AUC: 0.6787
Epoch 1 Global_step 130000	Train_loss: 0.5137	logloss: 0.6687	Eval_GAUC: 0.6788	Eval_AUC: 0.6731
Epoch 1 Global_step 131000	Train_loss: 0.5099	logloss: 0.6716	Eval_GAUC: 0.6841	Eval_AUC: 0.6776
Epoch 1 Global_step 132000	Train_loss: 0.5072	logloss: 0.6759	Eval_GAUC: 0.6811	Eval_AUC: 0.6740
Epoch 1 Global_step 133000	Train_loss: 0.5109	logloss: 0.6814	Eval_GAUC: 0.6839	Eval_AUC: 0.6741
Epoch 1 Global_step 134000	Train_loss: 0.5126	logloss: 0.6773	Eval_GAUC: 0.6841	Eval_AUC: 0.6788
Epoch 1 Global_step 135000	Train_loss: 0.5089	logloss: 0.6741	Eval_GAUC: 0.6865	Eval_AUC: 0.6814
Epoch 1 Global_step 136000	Train_loss: 0.5014	logloss: 0.6810	Eval_GAUC: 0.6795	Eval_AUC: 0.6738
Epoch 1 Global_step 137000	Train_loss: 0.4995	logloss: 0.6871	Eval_GAUC: 0.6791	Eval_AUC: 0.6729
Epoch 1 Global_step 138000	Train_loss: 0.5076	logloss: 0.6661	Eval_GAUC: 0.6905	Eval_AUC: 0.6853
Epoch 1 Global_step 139000	Train_loss: 0.5136	logloss: 0.6649	Eval_GAUC: 0.6857	Eval_AUC: 0.6837
Epoch 1 Global_step 140000	Train_loss: 0.5068	logloss: 0.6687	Eval_GAUC: 0.6901	Eval_AUC: 0.6869
Epoch 1 Global_step 141000	Train_loss: 0.5093	logloss: 0.6726	Eval_GAUC: 0.6823	Eval_AUC: 0.6772
Epoch 1 Global_step 142000	Train_loss: 0.5060	logloss: 0.6716	Eval_GAUC: 0.6843	Eval_AUC: 0.6795
Epoch 1 Global_step 143000	Train_loss: 0.5082	logloss: 0.6766	Eval_GAUC: 0.6794	Eval_AUC: 0.6727
Epoch 1 Global_step 144000	Train_loss: 0.4992	logloss: 0.6687	Eval_GAUC: 0.6803	Eval_AUC: 0.6742
Epoch 1 Global_step 145000	Train_loss: 0.5036	logloss: 0.6802	Eval_GAUC: 0.6760	Eval_AUC: 0.6700
Epoch 1 Global_step 146000	Train_loss: 0.5004	logloss: 0.6727	Eval_GAUC: 0.6790	Eval_AUC: 0.6713
Epoch 1 Global_step 147000	Train_loss: 0.5150	logloss: 0.6688	Eval_GAUC: 0.6812	Eval_AUC: 0.6778
Epoch 1 Global_step 148000	Train_loss: 0.5095	logloss: 0.6661	Eval_GAUC: 0.6809	Eval_AUC: 0.6785
Epoch 1 Global_step 149000	Train_loss: 0.5053	logloss: 0.6663	Eval_GAUC: 0.6848	Eval_AUC: 0.6771
Epoch 1 Global_step 150000	Train_loss: 0.5095	logloss: 0.6742	Eval_GAUC: 0.6861	Eval_AUC: 0.6816
Epoch 1 Global_step 151000	Train_loss: 0.5023	logloss: 0.6783	Eval_GAUC: 0.6847	Eval_AUC: 0.6770
Epoch 1 Global_step 152000	Train_loss: 0.5020	logloss: 0.6769	Eval_GAUC: 0.6858	Eval_AUC: 0.6812
Epoch 1 Global_step 153000	Train_loss: 0.5026	logloss: 0.6694	Eval_GAUC: 0.6903	Eval_AUC: 0.6831
Epoch 1 Global_step 154000	Train_loss: 0.5020	logloss: 0.6748	Eval_GAUC: 0.6810	Eval_AUC: 0.6776
Epoch 1 Global_step 155000	Train_loss: 0.5024	logloss: 0.6835	Eval_GAUC: 0.6882	Eval_AUC: 0.6834
Epoch 1 Global_step 156000	Train_loss: 0.4994	logloss: 0.6783	Eval_GAUC: 0.6826	Eval_AUC: 0.6734
Epoch 1 Global_step 157000	Train_loss: 0.4980	logloss: 0.6838	Eval_GAUC: 0.6801	Eval_AUC: 0.6725
Epoch 1 Global_step 158000	Train_loss: 0.5000	logloss: 0.6841	Eval_GAUC: 0.6851	Eval_AUC: 0.6757
Epoch 1 Global_step 159000	Train_loss: 0.4963	logloss: 0.6886	Eval_GAUC: 0.6838	Eval_AUC: 0.6759
Epoch 1 Global_step 160000	Train_loss: 0.4989	logloss: 0.6774	Eval_GAUC: 0.6942	Eval_AUC: 0.6857
Epoch 1 DONE	Cost time: 30353.71
Epoch 2 Global_step 161000	Train_loss: 0.4154	logloss: 0.6872	Eval_GAUC: 0.6868	Eval_AUC: 0.6682
Epoch 2 Global_step 162000	Train_loss: 0.4388	logloss: 0.9826	Eval_GAUC: 0.6631	Eval_AUC: 0.6007
Epoch 2 Global_step 163000	Train_loss: 0.3654	logloss: 0.7309	Eval_GAUC: 0.6878	Eval_AUC: 0.6554
Epoch 2 Global_step 164000	Train_loss: 0.3264	logloss: 0.9233	Eval_GAUC: 0.6673	Eval_AUC: 0.5981
Epoch 2 Global_step 165000	Train_loss: 0.3180	logloss: 0.8778	Eval_GAUC: 0.6795	Eval_AUC: 0.6134
Epoch 2 Global_step 166000	Train_loss: 0.3072	logloss: 0.8889	Eval_GAUC: 0.6781	Eval_AUC: 0.6197
Epoch 2 Global_step 167000	Train_loss: 0.3028	logloss: 0.9883	Eval_GAUC: 0.6548	Eval_AUC: 0.6019
Epoch 2 Global_step 168000	Train_loss: 0.3078	logloss: 0.9431	Eval_GAUC: 0.6462	Eval_AUC: 0.6026
Epoch 2 Global_step 169000	Train_loss: 0.3251	logloss: 0.9030	Eval_GAUC: 0.6567	Eval_AUC: 0.6046
Epoch 2 Global_step 170000	Train_loss: 0.3054	logloss: 0.9204	Eval_GAUC: 0.6660	Eval_AUC: 0.6196
Epoch 2 Global_step 171000	Train_loss: 0.3253	logloss: 0.9134	Eval_GAUC: 0.6549	Eval_AUC: 0.6120
Epoch 2 Global_step 172000	Train_loss: 0.3187	logloss: 0.8819	Eval_GAUC: 0.6670	Eval_AUC: 0.6192
Epoch 2 Global_step 173000	Train_loss: 0.3585	logloss: 0.8551	Eval_GAUC: 0.6626	Eval_AUC: 0.6231
Epoch 2 Global_step 174000	Train_loss: 0.3480	logloss: 0.8855	Eval_GAUC: 0.6592	Eval_AUC: 0.6143
Epoch 2 Global_step 175000	Train_loss: 0.3424	logloss: 0.8577	Eval_GAUC: 0.6747	Eval_AUC: 0.6237
Epoch 2 Global_step 176000	Train_loss: 0.3542	logloss: 0.8594	Eval_GAUC: 0.6703	Eval_AUC: 0.6209
Epoch 2 Global_step 177000	Train_loss: 0.3571	logloss: 0.8573	Eval_GAUC: 0.6682	Eval_AUC: 0.6187
Epoch 2 Global_step 178000	Train_loss: 0.3406	logloss: 0.8946	Eval_GAUC: 0.6575	Eval_AUC: 0.6113
Epoch 2 Global_step 179000	Train_loss: 0.3532	logloss: 0.8464	Eval_GAUC: 0.6555	Eval_AUC: 0.6177
Epoch 2 Global_step 180000	Train_loss: 0.3521	logloss: 0.8496	Eval_GAUC: 0.6682	Eval_AUC: 0.6300
Epoch 2 Global_step 181000	Train_loss: 0.3510	logloss: 0.8549	Eval_GAUC: 0.6672	Eval_AUC: 0.6230
Epoch 2 Global_step 182000	Train_loss: 0.3484	logloss: 0.8512	Eval_GAUC: 0.6759	Eval_AUC: 0.6307
Epoch 2 Global_step 183000	Train_loss: 0.3754	logloss: 0.8323	Eval_GAUC: 0.6595	Eval_AUC: 0.6291
Epoch 2 Global_step 184000	Train_loss: 0.3745	logloss: 0.8867	Eval_GAUC: 0.6688	Eval_AUC: 0.6379
Epoch 2 Global_step 185000	Train_loss: 0.3483	logloss: 0.8721	Eval_GAUC: 0.6770	Eval_AUC: 0.6384
Epoch 2 Global_step 186000	Train_loss: 0.3708	logloss: 0.8277	Eval_GAUC: 0.6774	Eval_AUC: 0.6370
Epoch 2 Global_step 187000	Train_loss: 0.3816	logloss: 0.8686	Eval_GAUC: 0.6749	Eval_AUC: 0.6389
Epoch 2 Global_step 188000	Train_loss: 0.3722	logloss: 0.8492	Eval_GAUC: 0.6665	Eval_AUC: 0.6316
Epoch 2 Global_step 189000	Train_loss: 0.3796	logloss: 0.8550	Eval_GAUC: 0.6545	Eval_AUC: 0.6207
Epoch 2 Global_step 190000	Train_loss: 0.3790	logloss: 0.8305	Eval_GAUC: 0.6599	Eval_AUC: 0.6289
Epoch 2 Global_step 191000	Train_loss: 0.3851	logloss: 0.8192	Eval_GAUC: 0.6683	Eval_AUC: 0.6373
Epoch 2 Global_step 192000	Train_loss: 0.3807	logloss: 0.8351	Eval_GAUC: 0.6655	Eval_AUC: 0.6358
Epoch 2 Global_step 193000	Train_loss: 0.3811	logloss: 0.8339	Eval_GAUC: 0.6632	Eval_AUC: 0.6317
Epoch 2 Global_step 194000	Train_loss: 0.3803	logloss: 0.8217	Eval_GAUC: 0.6554	Eval_AUC: 0.6259
Epoch 2 Global_step 195000	Train_loss: 0.3784	logloss: 0.8542	Eval_GAUC: 0.6681	Eval_AUC: 0.6334
Epoch 2 Global_step 196000	Train_loss: 0.3814	logloss: 0.8195	Eval_GAUC: 0.6672	Eval_AUC: 0.6381
Epoch 2 Global_step 197000	Train_loss: 0.3802	logloss: 0.8267	Eval_GAUC: 0.6708	Eval_AUC: 0.6333
Epoch 2 Global_step 198000	Train_loss: 0.3703	logloss: 0.8388	Eval_GAUC: 0.6664	Eval_AUC: 0.6265
Epoch 2 Global_step 199000	Train_loss: 0.3715	logloss: 0.8420	Eval_GAUC: 0.6581	Eval_AUC: 0.6275
Epoch 2 Global_step 200000	Train_loss: 0.3909	logloss: 0.8034	Eval_GAUC: 0.6657	Eval_AUC: 0.6395
Epoch 2 Global_step 201000	Train_loss: 0.3928	logloss: 0.8333	Eval_GAUC: 0.6579	Eval_AUC: 0.6261
Epoch 2 Global_step 202000	Train_loss: 0.3721	logloss: 0.8280	Eval_GAUC: 0.6658	Eval_AUC: 0.6320
Epoch 2 Global_step 203000	Train_loss: 0.3809	logloss: 0.8142	Eval_GAUC: 0.6698	Eval_AUC: 0.6387
Epoch 2 Global_step 204000	Train_loss: 0.4008	logloss: 0.8108	Eval_GAUC: 0.6639	Eval_AUC: 0.6410
Epoch 2 Global_step 205000	Train_loss: 0.3905	logloss: 0.8034	Eval_GAUC: 0.6635	Eval_AUC: 0.6380
Epoch 2 Global_step 206000	Train_loss: 0.3733	logloss: 0.8502	Eval_GAUC: 0.6593	Eval_AUC: 0.6302
Epoch 2 Global_step 207000	Train_loss: 0.3868	logloss: 0.8188	Eval_GAUC: 0.6726	Eval_AUC: 0.6374
Epoch 2 Global_step 208000	Train_loss: 0.3906	logloss: 0.8220	Eval_GAUC: 0.6724	Eval_AUC: 0.6449
Epoch 2 Global_step 209000	Train_loss: 0.3881	logloss: 0.8139	Eval_GAUC: 0.6792	Eval_AUC: 0.6504
Epoch 2 Global_step 210000	Train_loss: 0.4041	logloss: 0.8009	Eval_GAUC: 0.6712	Eval_AUC: 0.6450
Epoch 2 Global_step 211000	Train_loss: 0.3993	logloss: 0.8048	Eval_GAUC: 0.6674	Eval_AUC: 0.6398
Epoch 2 Global_step 212000	Train_loss: 0.3828	logloss: 0.8243	Eval_GAUC: 0.6658	Eval_AUC: 0.6352
Epoch 2 Global_step 213000	Train_loss: 0.3950	logloss: 0.8189	Eval_GAUC: 0.6672	Eval_AUC: 0.6414
Epoch 2 Global_step 214000	Train_loss: 0.3995	logloss: 0.7900	Eval_GAUC: 0.6735	Eval_AUC: 0.6475
Epoch 2 Global_step 215000	Train_loss: 0.3936	logloss: 0.8160	Eval_GAUC: 0.6619	Eval_AUC: 0.6360
Epoch 2 Global_step 216000	Train_loss: 0.3904	logloss: 0.8220	Eval_GAUC: 0.6746	Eval_AUC: 0.6509
Epoch 2 Global_step 217000	Train_loss: 0.3849	logloss: 0.8102	Eval_GAUC: 0.6754	Eval_AUC: 0.6487
Epoch 2 Global_step 218000	Train_loss: 0.3944	logloss: 0.7957	Eval_GAUC: 0.6759	Eval_AUC: 0.6500
Epoch 2 Global_step 219000	Train_loss: 0.4086	logloss: 0.7853	Eval_GAUC: 0.6643	Eval_AUC: 0.6429
Epoch 2 Global_step 220000	Train_loss: 0.3953	logloss: 0.7992	Eval_GAUC: 0.6750	Eval_AUC: 0.6506
Epoch 2 Global_step 221000	Train_loss: 0.3945	logloss: 0.8048	Eval_GAUC: 0.6686	Eval_AUC: 0.6470
Epoch 2 Global_step 222000	Train_loss: 0.3983	logloss: 0.7993	Eval_GAUC: 0.6765	Eval_AUC: 0.6544
Epoch 2 Global_step 223000	Train_loss: 0.3936	logloss: 0.8124	Eval_GAUC: 0.6772	Eval_AUC: 0.6536
Epoch 2 Global_step 224000	Train_loss: 0.3855	logloss: 0.7994	Eval_GAUC: 0.6761	Eval_AUC: 0.6506
Epoch 2 Global_step 225000	Train_loss: 0.3892	logloss: 0.8088	Eval_GAUC: 0.6721	Eval_AUC: 0.6471
Epoch 2 Global_step 226000	Train_loss: 0.3864	logloss: 0.8003	Eval_GAUC: 0.6739	Eval_AUC: 0.6488
Epoch 2 Global_step 227000	Train_loss: 0.4036	logloss: 0.8054	Eval_GAUC: 0.6778	Eval_AUC: 0.6535
Epoch 2 Global_step 228000	Train_loss: 0.4023	logloss: 0.7858	Eval_GAUC: 0.6780	Eval_AUC: 0.6587
Epoch 2 Global_step 229000	Train_loss: 0.3974	logloss: 0.8037	Eval_GAUC: 0.6694	Eval_AUC: 0.6494
Epoch 2 Global_step 230000	Train_loss: 0.3951	logloss: 0.8151	Eval_GAUC: 0.6598	Eval_AUC: 0.6359
Epoch 2 Global_step 231000	Train_loss: 0.3893	logloss: 0.8155	Eval_GAUC: 0.6729	Eval_AUC: 0.6489
Epoch 2 Global_step 232000	Train_loss: 0.3912	logloss: 0.8113	Eval_GAUC: 0.6682	Eval_AUC: 0.6478
Epoch 2 Global_step 233000	Train_loss: 0.3911	logloss: 0.7939	Eval_GAUC: 0.6601	Eval_AUC: 0.6433
Epoch 2 Global_step 234000	Train_loss: 0.3920	logloss: 0.8136	Eval_GAUC: 0.6665	Eval_AUC: 0.6499
Epoch 2 Global_step 235000	Train_loss: 0.3872	logloss: 0.8090	Eval_GAUC: 0.6634	Eval_AUC: 0.6445
Epoch 2 Global_step 236000	Train_loss: 0.3837	logloss: 0.8071	Eval_GAUC: 0.6677	Eval_AUC: 0.6467
Epoch 2 Global_step 237000	Train_loss: 0.3859	logloss: 0.8096	Eval_GAUC: 0.6612	Eval_AUC: 0.6384
Epoch 2 Global_step 238000	Train_loss: 0.3906	logloss: 0.8020	Eval_GAUC: 0.6672	Eval_AUC: 0.6451
Epoch 2 Global_step 239000	Train_loss: 0.3809	logloss: 0.8183	Eval_GAUC: 0.6701	Eval_AUC: 0.6504
Epoch 2 Global_step 240000	Train_loss: 0.3827	logloss: 0.8060	Eval_GAUC: 0.6677	Eval_AUC: 0.6449
Epoch 2 DONE	Cost time: 45513.78
Epoch 3 Global_step 241000	Train_loss: 0.2874	logloss: 0.8197	Eval_GAUC: 0.6753	Eval_AUC: 0.6414
Epoch 3 Global_step 242000	Train_loss: 0.3233	logloss: 0.9362	Eval_GAUC: 0.6644	Eval_AUC: 0.6052
Epoch 3 Global_step 243000	Train_loss: 0.2564	logloss: 0.8738	Eval_GAUC: 0.6729	Eval_AUC: 0.6194
Epoch 3 Global_step 244000	Train_loss: 0.2615	logloss: 1.0005	Eval_GAUC: 0.6518	Eval_AUC: 0.5792
Epoch 3 Global_step 245000	Train_loss: 0.2534	logloss: 0.9539	Eval_GAUC: 0.6784	Eval_AUC: 0.6077
Epoch 3 Global_step 246000	Train_loss: 0.2529	logloss: 0.9474	Eval_GAUC: 0.6765	Eval_AUC: 0.6107
Epoch 3 Global_step 247000	Train_loss: 0.2467	logloss: 1.0318	Eval_GAUC: 0.6676	Eval_AUC: 0.6046
Epoch 3 Global_step 248000	Train_loss: 0.2475	logloss: 0.9755	Eval_GAUC: 0.6626	Eval_AUC: 0.6034
Epoch 3 Global_step 249000	Train_loss: 0.2557	logloss: 1.0008	Eval_GAUC: 0.6596	Eval_AUC: 0.6051
Epoch 3 Global_step 250000	Train_loss: 0.2555	logloss: 0.9997	Eval_GAUC: 0.6626	Eval_AUC: 0.6076
Epoch 3 Global_step 251000	Train_loss: 0.2723	logloss: 0.9659	Eval_GAUC: 0.6528	Eval_AUC: 0.6060
Epoch 3 Global_step 252000	Train_loss: 0.2517	logloss: 0.9878	Eval_GAUC: 0.6660	Eval_AUC: 0.6136
Epoch 3 Global_step 253000	Train_loss: 0.2743	logloss: 0.9737	Eval_GAUC: 0.6577	Eval_AUC: 0.6107
Epoch 3 Global_step 254000	Train_loss: 0.2766	logloss: 0.9926	Eval_GAUC: 0.6594	Eval_AUC: 0.6057
Epoch 3 Global_step 255000	Train_loss: 0.2714	logloss: 0.9651	Eval_GAUC: 0.6661	Eval_AUC: 0.6110
Epoch 3 Global_step 256000	Train_loss: 0.2724	logloss: 0.9891	Eval_GAUC: 0.6687	Eval_AUC: 0.6116
Epoch 3 Global_step 257000	Train_loss: 0.2906	logloss: 0.9255	Eval_GAUC: 0.6600	Eval_AUC: 0.6075
Epoch 3 Global_step 258000	Train_loss: 0.2742	logloss: 0.9927	Eval_GAUC: 0.6511	Eval_AUC: 0.5956
Epoch 3 Global_step 259000	Train_loss: 0.2788	logloss: 0.9584	Eval_GAUC: 0.6584	Eval_AUC: 0.6134
Epoch 3 Global_step 260000	Train_loss: 0.2751	logloss: 1.0006	Eval_GAUC: 0.6683	Eval_AUC: 0.6174
Epoch 3 Global_step 261000	Train_loss: 0.2796	logloss: 0.9451	Eval_GAUC: 0.6667	Eval_AUC: 0.6076
Epoch 3 Global_step 262000	Train_loss: 0.2955	logloss: 0.9687	Eval_GAUC: 0.6709	Eval_AUC: 0.6065
Epoch 3 Global_step 263000	Train_loss: 0.2925	logloss: 0.9650	Eval_GAUC: 0.6673	Eval_AUC: 0.6116
Epoch 3 Global_step 264000	Train_loss: 0.2961	logloss: 0.9768	Eval_GAUC: 0.6617	Eval_AUC: 0.6147
Epoch 3 Global_step 265000	Train_loss: 0.2751	logloss: 0.9683	Eval_GAUC: 0.6623	Eval_AUC: 0.6086
Epoch 3 Global_step 266000	Train_loss: 0.2897	logloss: 0.9057	Eval_GAUC: 0.6704	Eval_AUC: 0.6236
Epoch 3 Global_step 267000	Train_loss: 0.2935	logloss: 0.9583	Eval_GAUC: 0.6264	Eval_AUC: 0.5925
Epoch 3 Global_step 268000	Train_loss: 0.2941	logloss: 0.9355	Eval_GAUC: 0.6703	Eval_AUC: 0.6270
Epoch 3 Global_step 269000	Train_loss: 0.3015	logloss: 0.9271	Eval_GAUC: 0.6541	Eval_AUC: 0.6159
Epoch 3 Global_step 270000	Train_loss: 0.3147	logloss: 0.9528	Eval_GAUC: 0.6446	Eval_AUC: 0.6060
Epoch 3 Global_step 271000	Train_loss: 0.3077	logloss: 0.9167	Eval_GAUC: 0.6604	Eval_AUC: 0.6236
Epoch 3 Global_step 272000	Train_loss: 0.3025	logloss: 0.9591	Eval_GAUC: 0.6583	Eval_AUC: 0.6182
Epoch 3 Global_step 273000	Train_loss: 0.3031	logloss: 0.9338	Eval_GAUC: 0.6564	Eval_AUC: 0.6057
Epoch 3 Global_step 274000	Train_loss: 0.3171	logloss: 0.9184	Eval_GAUC: 0.6596	Eval_AUC: 0.6189
Epoch 3 Global_step 275000	Train_loss: 0.3118	logloss: 0.9181	Eval_GAUC: 0.6587	Eval_AUC: 0.6153
Epoch 3 Global_step 276000	Train_loss: 0.3043	logloss: 0.9600	Eval_GAUC: 0.6763	Eval_AUC: 0.6337
Epoch 3 Global_step 277000	Train_loss: 0.3128	logloss: 0.9292	Eval_GAUC: 0.6788	Eval_AUC: 0.6402
Epoch 3 Global_step 278000	Train_loss: 0.2980	logloss: 0.9500	Eval_GAUC: 0.6659	Eval_AUC: 0.6211
Epoch 3 Global_step 279000	Train_loss: 0.2912	logloss: 0.9599	Eval_GAUC: 0.6597	Eval_AUC: 0.6198
Epoch 3 Global_step 280000	Train_loss: 0.3161	logloss: 0.9049	Eval_GAUC: 0.6544	Eval_AUC: 0.6187
Epoch 3 Global_step 281000	Train_loss: 0.3274	logloss: 0.9243	Eval_GAUC: 0.6530	Eval_AUC: 0.6153
Epoch 3 Global_step 282000	Train_loss: 0.3060	logloss: 0.9355	Eval_GAUC: 0.6569	Eval_AUC: 0.6177
Epoch 3 Global_step 283000	Train_loss: 0.3080	logloss: 0.9139	Eval_GAUC: 0.6705	Eval_AUC: 0.6270
Epoch 3 Global_step 284000	Train_loss: 0.3315	logloss: 0.9169	Eval_GAUC: 0.6599	Eval_AUC: 0.6256
Epoch 3 Global_step 285000	Train_loss: 0.3180	logloss: 0.9342	Eval_GAUC: 0.6615	Eval_AUC: 0.6285
Epoch 3 Global_step 286000	Train_loss: 0.3008	logloss: 0.9343	Eval_GAUC: 0.6614	Eval_AUC: 0.6228
Epoch 3 Global_step 287000	Train_loss: 0.3155	logloss: 0.9273	Eval_GAUC: 0.6564	Eval_AUC: 0.6183
Epoch 3 Global_step 288000	Train_loss: 0.3148	logloss: 0.9398	Eval_GAUC: 0.6664	Eval_AUC: 0.6278
Epoch 3 Global_step 289000	Train_loss: 0.3072	logloss: 0.8980	Eval_GAUC: 0.6704	Eval_AUC: 0.6294
Epoch 3 Global_step 290000	Train_loss: 0.3291	logloss: 0.8851	Eval_GAUC: 0.6717	Eval_AUC: 0.6323
Epoch 3 Global_step 291000	Train_loss: 0.3221	logloss: 0.9194	Eval_GAUC: 0.6621	Eval_AUC: 0.6215
Epoch 3 Global_step 292000	Train_loss: 0.3031	logloss: 0.9259	Eval_GAUC: 0.6548	Eval_AUC: 0.6177
Epoch 3 Global_step 293000	Train_loss: 0.3143	logloss: 0.9012	Eval_GAUC: 0.6557	Eval_AUC: 0.6213
Epoch 3 Global_step 294000	Train_loss: 0.3235	logloss: 0.9206	Eval_GAUC: 0.6518	Eval_AUC: 0.6163
Epoch 3 Global_step 295000	Train_loss: 0.3163	logloss: 0.9281	Eval_GAUC: 0.6600	Eval_AUC: 0.6248
Epoch 3 Global_step 296000	Train_loss: 0.3176	logloss: 0.9209	Eval_GAUC: 0.6594	Eval_AUC: 0.6243
Epoch 3 Global_step 297000	Train_loss: 0.3162	logloss: 0.9207	Eval_GAUC: 0.6704	Eval_AUC: 0.6349
Epoch 3 Global_step 298000	Train_loss: 0.3187	logloss: 0.9419	Eval_GAUC: 0.6546	Eval_AUC: 0.6178
Epoch 3 Global_step 299000	Train_loss: 0.3359	logloss: 0.8992	Eval_GAUC: 0.6558	Eval_AUC: 0.6266
Epoch 3 Global_step 300000	Train_loss: 0.3293	logloss: 0.8783	Eval_GAUC: 0.6666	Eval_AUC: 0.6331
Epoch 3 Global_step 301000	Train_loss: 0.3310	logloss: 0.9029	Eval_GAUC: 0.6581	Eval_AUC: 0.6300
Epoch 3 Global_step 302000	Train_loss: 0.3345	logloss: 0.8855	Eval_GAUC: 0.6586	Eval_AUC: 0.6283
Epoch 3 Global_step 303000	Train_loss: 0.3315	logloss: 0.9503	Eval_GAUC: 0.6516	Eval_AUC: 0.6204
Epoch 3 Global_step 304000	Train_loss: 0.3247	logloss: 0.9044	Eval_GAUC: 0.6559	Eval_AUC: 0.6246
Epoch 3 Global_step 305000	Train_loss: 0.3311	logloss: 0.9035	Eval_GAUC: 0.6668	Eval_AUC: 0.6326
Epoch 3 Global_step 306000	Train_loss: 0.3215	logloss: 0.9033	Eval_GAUC: 0.6628	Eval_AUC: 0.6303
Epoch 3 Global_step 307000	Train_loss: 0.3306	logloss: 0.9149	Eval_GAUC: 0.6496	Eval_AUC: 0.6133
Epoch 3 Global_step 308000	Train_loss: 0.3381	logloss: 0.8739	Eval_GAUC: 0.6632	Eval_AUC: 0.6347
Epoch 3 Global_step 309000	Train_loss: 0.3352	logloss: 0.9026	Eval_GAUC: 0.6548	Eval_AUC: 0.6302
Epoch 3 Global_step 310000	Train_loss: 0.3263	logloss: 0.9189	Eval_GAUC: 0.6545	Eval_AUC: 0.6250
Epoch 3 Global_step 311000	Train_loss: 0.3205	logloss: 0.9261	Eval_GAUC: 0.6455	Eval_AUC: 0.6178
Epoch 3 Global_step 312000	Train_loss: 0.3227	logloss: 0.9144	Eval_GAUC: 0.6587	Eval_AUC: 0.6284
Epoch 3 Global_step 313000	Train_loss: 0.3239	logloss: 0.8645	Eval_GAUC: 0.6559	Eval_AUC: 0.6341
Epoch 3 Global_step 314000	Train_loss: 0.3273	logloss: 0.9135	Eval_GAUC: 0.6432	Eval_AUC: 0.6186
Epoch 3 Global_step 315000	Train_loss: 0.3178	logloss: 0.9352	Eval_GAUC: 0.6503	Eval_AUC: 0.6252
Epoch 3 Global_step 316000	Train_loss: 0.3198	logloss: 0.9342	Eval_GAUC: 0.6491	Eval_AUC: 0.6236
Epoch 3 Global_step 317000	Train_loss: 0.3244	logloss: 0.8981	Eval_GAUC: 0.6593	Eval_AUC: 0.6321
Epoch 3 Global_step 318000	Train_loss: 0.3227	logloss: 0.8985	Eval_GAUC: 0.6484	Eval_AUC: 0.6263
Epoch 3 Global_step 319000	Train_loss: 0.3116	logloss: 0.9306	Eval_GAUC: 0.6530	Eval_AUC: 0.6259
Epoch 3 Global_step 320000	Train_loss: 0.2989	logloss: 0.9574	Eval_GAUC: 0.6479	Eval_AUC: 0.6189
Epoch 3 DONE	Cost time: 60691.67
Epoch 4 Global_step 321000	Train_loss: 0.2022	logloss: 0.9810	Eval_GAUC: 0.6627	Eval_AUC: 0.6206
Epoch 4 Global_step 322000	Train_loss: 0.2606	logloss: 0.9393	Eval_GAUC: 0.6611	Eval_AUC: 0.6078
Epoch 4 Global_step 323000	Train_loss: 0.2232	logloss: 0.9564	Eval_GAUC: 0.6726	Eval_AUC: 0.6255
Epoch 4 Global_step 324000	Train_loss: 0.2303	logloss: 1.0818	Eval_GAUC: 0.6554	Eval_AUC: 0.5806
Epoch 4 Global_step 325000	Train_loss: 0.2169	logloss: 1.0418	Eval_GAUC: 0.6786	Eval_AUC: 0.6095
Epoch 4 Global_step 326000	Train_loss: 0.2227	logloss: 1.0436	Eval_GAUC: 0.6738	Eval_AUC: 0.6032
Epoch 4 Global_step 327000	Train_loss: 0.2204	logloss: 1.0762	Eval_GAUC: 0.6684	Eval_AUC: 0.6061
Epoch 4 Global_step 328000	Train_loss: 0.2316	logloss: 1.0549	Eval_GAUC: 0.6680	Eval_AUC: 0.6085
Epoch 4 Global_step 329000	Train_loss: 0.2306	logloss: 1.0227	Eval_GAUC: 0.6612	Eval_AUC: 0.5901
Epoch 4 Global_step 330000	Train_loss: 0.2243	logloss: 1.0622	Eval_GAUC: 0.6574	Eval_AUC: 0.6002
Epoch 4 Global_step 331000	Train_loss: 0.2266	logloss: 1.0376	Eval_GAUC: 0.6641	Eval_AUC: 0.6081
Epoch 4 Global_step 332000	Train_loss: 0.2190	logloss: 1.1142	Eval_GAUC: 0.6630	Eval_AUC: 0.6089
Epoch 4 Global_step 333000	Train_loss: 0.2463	logloss: 0.9767	Eval_GAUC: 0.6658	Eval_AUC: 0.6104
Epoch 4 Global_step 334000	Train_loss: 0.2476	logloss: 1.0234	Eval_GAUC: 0.6605	Eval_AUC: 0.6055
Epoch 4 Global_step 335000	Train_loss: 0.2431	logloss: 1.0228	Eval_GAUC: 0.6712	Eval_AUC: 0.6144
Epoch 4 Global_step 336000	Train_loss: 0.2390	logloss: 1.0306	Eval_GAUC: 0.6718	Eval_AUC: 0.6145
Epoch 4 Global_step 337000	Train_loss: 0.2460	logloss: 0.9608	Eval_GAUC: 0.6676	Eval_AUC: 0.6091
Epoch 4 Global_step 338000	Train_loss: 0.2602	logloss: 1.2384	Eval_GAUC: 0.6632	Eval_AUC: 0.5955
Epoch 4 Global_step 339000	Train_loss: 0.2305	logloss: 1.0150	Eval_GAUC: 0.6618	Eval_AUC: 0.5960
Epoch 4 Global_step 340000	Train_loss: 0.2610	logloss: 1.0540	Eval_GAUC: 0.6541	Eval_AUC: 0.5986
Epoch 4 Global_step 341000	Train_loss: 0.2299	logloss: 1.0162	Eval_GAUC: 0.6713	Eval_AUC: 0.6076
Epoch 4 Global_step 342000	Train_loss: 0.2789	logloss: 0.9693	Eval_GAUC: 0.6745	Eval_AUC: 0.6117
Epoch 4 Global_step 343000	Train_loss: 0.2451	logloss: 1.0308	Eval_GAUC: 0.6708	Eval_AUC: 0.6097
Epoch 4 Global_step 344000	Train_loss: 0.2625	logloss: 1.0210	Eval_GAUC: 0.6678	Eval_AUC: 0.6122
Epoch 4 Global_step 345000	Train_loss: 0.2540	logloss: 1.0223	Eval_GAUC: 0.6639	Eval_AUC: 0.6009
Epoch 4 Global_step 346000	Train_loss: 0.2614	logloss: 1.0155	Eval_GAUC: 0.6660	Eval_AUC: 0.6055
Epoch 4 Global_step 347000	Train_loss: 0.2700	logloss: 1.0516	Eval_GAUC: 0.6751	Eval_AUC: 0.6136
Epoch 4 Global_step 348000	Train_loss: 0.2591	logloss: 1.0107	Eval_GAUC: 0.6720	Eval_AUC: 0.6139
Epoch 4 Global_step 349000	Train_loss: 0.2589	logloss: 1.0302	Eval_GAUC: 0.6561	Eval_AUC: 0.6000
Epoch 4 Global_step 350000	Train_loss: 0.2703	logloss: 1.0239	Eval_GAUC: 0.6652	Eval_AUC: 0.6150
Epoch 4 Global_step 351000	Train_loss: 0.2529	logloss: 1.0253	Eval_GAUC: 0.6652	Eval_AUC: 0.6176
Epoch 4 Global_step 352000	Train_loss: 0.2696	logloss: 0.9919	Eval_GAUC: 0.6707	Eval_AUC: 0.6184
Epoch 4 Global_step 353000	Train_loss: 0.2611	logloss: 1.0263	Eval_GAUC: 0.6530	Eval_AUC: 0.5969
Epoch 4 Global_step 354000	Train_loss: 0.2605	logloss: 1.0262	Eval_GAUC: 0.6566	Eval_AUC: 0.6040
Epoch 4 Global_step 355000	Train_loss: 0.2904	logloss: 0.9732	Eval_GAUC: 0.6723	Eval_AUC: 0.6215
Epoch 4 Global_step 356000	Train_loss: 0.2630	logloss: 1.0212	Eval_GAUC: 0.6715	Eval_AUC: 0.6206
Epoch 4 Global_step 357000	Train_loss: 0.2632	logloss: 1.0075	Eval_GAUC: 0.6662	Eval_AUC: 0.6160
Epoch 4 Global_step 358000	Train_loss: 0.2655	logloss: 0.9998	Eval_GAUC: 0.6653	Eval_AUC: 0.6157
Epoch 4 Global_step 359000	Train_loss: 0.2552	logloss: 1.0097	Eval_GAUC: 0.6600	Eval_AUC: 0.6166
Epoch 4 Global_step 360000	Train_loss: 0.2720	logloss: 1.0035	Eval_GAUC: 0.6591	Eval_AUC: 0.6215
Epoch 4 Global_step 361000	Train_loss: 0.2760	logloss: 0.9901	Eval_GAUC: 0.6596	Eval_AUC: 0.6175
Epoch 4 Global_step 362000	Train_loss: 0.2580	logloss: 1.0386	Eval_GAUC: 0.6440	Eval_AUC: 0.5992
Epoch 4 Global_step 363000	Train_loss: 0.2688	logloss: 0.9390	Eval_GAUC: 0.6628	Eval_AUC: 0.6183
Epoch 4 Global_step 364000	Train_loss: 0.3009	logloss: 0.9744	Eval_GAUC: 0.6623	Eval_AUC: 0.6190
Epoch 4 Global_step 365000	Train_loss: 0.2807	logloss: 1.0386	Eval_GAUC: 0.6565	Eval_AUC: 0.6158
Epoch 4 Global_step 366000	Train_loss: 0.2578	logloss: 1.0015	Eval_GAUC: 0.6604	Eval_AUC: 0.6149
Epoch 4 Global_step 367000	Train_loss: 0.2753	logloss: 0.9631	Eval_GAUC: 0.6656	Eval_AUC: 0.6208
Epoch 4 Global_step 368000	Train_loss: 0.2899	logloss: 0.9761	Eval_GAUC: 0.6633	Eval_AUC: 0.6200
Epoch 4 Global_step 369000	Train_loss: 0.2699	logloss: 0.9766	Eval_GAUC: 0.6649	Eval_AUC: 0.6186
Epoch 4 Global_step 370000	Train_loss: 0.2872	logloss: 0.9748	Eval_GAUC: 0.6677	Eval_AUC: 0.6237
Epoch 4 Global_step 371000	Train_loss: 0.2795	logloss: 0.9932	Eval_GAUC: 0.6563	Eval_AUC: 0.6135
Epoch 4 Global_step 372000	Train_loss: 0.2567	logloss: 1.0147	Eval_GAUC: 0.6527	Eval_AUC: 0.6059
Epoch 4 Global_step 373000	Train_loss: 0.2704	logloss: 0.9697	Eval_GAUC: 0.6612	Eval_AUC: 0.6239
Epoch 4 Global_step 374000	Train_loss: 0.2740	logloss: 0.9933	Eval_GAUC: 0.6542	Eval_AUC: 0.6189
Epoch 4 Global_step 375000	Train_loss: 0.2745	logloss: 0.9805	Eval_GAUC: 0.6587	Eval_AUC: 0.6177
Epoch 4 Global_step 376000	Train_loss: 0.2718	logloss: 1.0054	Eval_GAUC: 0.6648	Eval_AUC: 0.6269
Epoch 4 Global_step 377000	Train_loss: 0.2725	logloss: 0.9789	Eval_GAUC: 0.6666	Eval_AUC: 0.6289
Epoch 4 Global_step 378000	Train_loss: 0.2769	logloss: 0.9797	Eval_GAUC: 0.6646	Eval_AUC: 0.6262
Epoch 4 Global_step 379000	Train_loss: 0.2828	logloss: 0.9627	Eval_GAUC: 0.6590	Eval_AUC: 0.6214
Epoch 4 Global_step 380000	Train_loss: 0.2730	logloss: 0.9459	Eval_GAUC: 0.6560	Eval_AUC: 0.6159
Epoch 4 Global_step 381000	Train_loss: 0.2857	logloss: 1.0030	Eval_GAUC: 0.6570	Eval_AUC: 0.6175
Epoch 4 Global_step 382000	Train_loss: 0.2821	logloss: 0.9645	Eval_GAUC: 0.6501	Eval_AUC: 0.6141
Epoch 4 Global_step 383000	Train_loss: 0.2829	logloss: 0.9910	Eval_GAUC: 0.6471	Eval_AUC: 0.6124
Epoch 4 Global_step 384000	Train_loss: 0.2691	logloss: 0.9912	Eval_GAUC: 0.6592	Eval_AUC: 0.6236
Epoch 4 Global_step 385000	Train_loss: 0.2845	logloss: 0.9712	Eval_GAUC: 0.6566	Eval_AUC: 0.6155
Epoch 4 Global_step 386000	Train_loss: 0.2754	logloss: 0.9920	Eval_GAUC: 0.6623	Eval_AUC: 0.6237
Epoch 4 Global_step 387000	Train_loss: 0.2716	logloss: 1.0304	Eval_GAUC: 0.6521	Eval_AUC: 0.6100
Epoch 4 Global_step 388000	Train_loss: 0.2772	logloss: 0.9594	Eval_GAUC: 0.6494	Eval_AUC: 0.6211
Epoch 4 Global_step 389000	Train_loss: 0.2927	logloss: 0.9582	Eval_GAUC: 0.6558	Eval_AUC: 0.6274
Epoch 4 Global_step 390000	Train_loss: 0.2838	logloss: 0.9958	Eval_GAUC: 0.6453	Eval_AUC: 0.6094
Epoch 4 Global_step 391000	Train_loss: 0.2836	logloss: 0.9842	Eval_GAUC: 0.6500	Eval_AUC: 0.6166
Epoch 4 Global_step 392000	Train_loss: 0.2805	logloss: 0.9399	Eval_GAUC: 0.6574	Eval_AUC: 0.6294
Epoch 4 Global_step 393000	Train_loss: 0.2802	logloss: 1.0062	Eval_GAUC: 0.6409	Eval_AUC: 0.6122
Epoch 4 Global_step 394000	Train_loss: 0.2817	logloss: 0.9869	Eval_GAUC: 0.6422	Eval_AUC: 0.6138
Epoch 4 Global_step 395000	Train_loss: 0.2740	logloss: 0.9861	Eval_GAUC: 0.6535	Eval_AUC: 0.6231
Epoch 4 Global_step 396000	Train_loss: 0.2742	logloss: 1.0002	Eval_GAUC: 0.6422	Eval_AUC: 0.6151
Epoch 4 Global_step 397000	Train_loss: 0.2800	logloss: 0.9717	Eval_GAUC: 0.6540	Eval_AUC: 0.6246
Epoch 4 Global_step 398000	Train_loss: 0.2731	logloss: 1.0087	Eval_GAUC: 0.6571	Eval_AUC: 0.6272
Epoch 4 Global_step 399000	Train_loss: 0.2635	logloss: 1.0126	Eval_GAUC: 0.6359	Eval_AUC: 0.6064
Epoch 4 Global_step 400000	Train_loss: 0.2467	logloss: 1.0231	Eval_GAUC: 0.6460	Eval_AUC: 0.6146
Epoch 4 DONE	Cost time: 75752.88
Epoch 5 Global_step 401000	Train_loss: 0.1524	logloss: 1.0965	Eval_GAUC: 0.6520	Eval_AUC: 0.6121
Epoch 5 Global_step 402000	Train_loss: 0.2219	logloss: 1.0355	Eval_GAUC: 0.6556	Eval_AUC: 0.6022
Epoch 5 Global_step 403000	Train_loss: 0.2108	logloss: 1.0336	Eval_GAUC: 0.6589	Eval_AUC: 0.6036
Epoch 5 Global_step 404000	Train_loss: 0.2391	logloss: 1.0546	Eval_GAUC: 0.6623	Eval_AUC: 0.5942
Epoch 5 Global_step 405000	Train_loss: 0.2355	logloss: 0.9627	Eval_GAUC: 0.6738	Eval_AUC: 0.6104
Epoch 5 Global_step 406000	Train_loss: 0.1911	logloss: 1.0928	Eval_GAUC: 0.6736	Eval_AUC: 0.6075
Epoch 5 Global_step 407000	Train_loss: 0.1846	logloss: 1.1717	Eval_GAUC: 0.6486	Eval_AUC: 0.5885
Epoch 5 Global_step 408000	Train_loss: 0.2103	logloss: 1.0952	Eval_GAUC: 0.6623	Eval_AUC: 0.6083
Epoch 5 Global_step 409000	Train_loss: 0.2140	logloss: 1.0848	Eval_GAUC: 0.6680	Eval_AUC: 0.6042
Epoch 5 Global_step 410000	Train_loss: 0.2238	logloss: 0.9797	Eval_GAUC: 0.6590	Eval_AUC: 0.5941
Epoch 5 Global_step 411000	Train_loss: 0.2042	logloss: 1.0877	Eval_GAUC: 0.6437	Eval_AUC: 0.5943
Epoch 5 Global_step 412000	Train_loss: 0.2035	logloss: 1.1187	Eval_GAUC: 0.6438	Eval_AUC: 0.5958
Epoch 5 Global_step 413000	Train_loss: 0.2156	logloss: 1.0724	Eval_GAUC: 0.6469	Eval_AUC: 0.5914
Epoch 5 Global_step 414000	Train_loss: 0.2199	logloss: 1.1007	Eval_GAUC: 0.6521	Eval_AUC: 0.5996
Epoch 5 Global_step 415000	Train_loss: 0.2153	logloss: 1.0731	Eval_GAUC: 0.6544	Eval_AUC: 0.6014
Epoch 5 Global_step 416000	Train_loss: 0.2122	logloss: 1.1837	Eval_GAUC: 0.6623	Eval_AUC: 0.6064
Epoch 5 Global_step 417000	Train_loss: 0.2126	logloss: 1.0771	Eval_GAUC: 0.6625	Eval_AUC: 0.5997
Epoch 5 Global_step 418000	Train_loss: 0.2199	logloss: 1.0958	Eval_GAUC: 0.6531	Eval_AUC: 0.5939
Epoch 5 Global_step 419000	Train_loss: 0.2226	logloss: 1.1238	Eval_GAUC: 0.6563	Eval_AUC: 0.5978
Epoch 5 Global_step 420000	Train_loss: 0.2390	logloss: 1.0283	Eval_GAUC: 0.6559	Eval_AUC: 0.5965
Epoch 5 Global_step 421000	Train_loss: 0.2253	logloss: 1.0836	Eval_GAUC: 0.6810	Eval_AUC: 0.6020
Epoch 5 Global_step 422000	Train_loss: 0.2471	logloss: 1.0337	Eval_GAUC: 0.6787	Eval_AUC: 0.6093
Epoch 5 Global_step 423000	Train_loss: 0.2571	logloss: 1.0185	Eval_GAUC: 0.6684	Eval_AUC: 0.6075
Epoch 5 Global_step 424000	Train_loss: 0.2585	logloss: 1.0293	Eval_GAUC: 0.6692	Eval_AUC: 0.6048
Epoch 5 Global_step 425000	Train_loss: 0.2239	logloss: 1.0635	Eval_GAUC: 0.6579	Eval_AUC: 0.5962
Epoch 5 Global_step 426000	Train_loss: 0.2285	logloss: 1.0157	Eval_GAUC: 0.6792	Eval_AUC: 0.6179
Epoch 5 Global_step 427000	Train_loss: 0.2318	logloss: 1.0865	Eval_GAUC: 0.6738	Eval_AUC: 0.6132
Epoch 5 Global_step 428000	Train_loss: 0.2284	logloss: 1.0221	Eval_GAUC: 0.6737	Eval_AUC: 0.6124
Epoch 5 Global_step 429000	Train_loss: 0.2357	logloss: 1.0302	Eval_GAUC: 0.6606	Eval_AUC: 0.6083
Epoch 5 Global_step 430000	Train_loss: 0.2680	logloss: 1.0177	Eval_GAUC: 0.6597	Eval_AUC: 0.6113
Epoch 5 Global_step 431000	Train_loss: 0.2506	logloss: 1.0784	Eval_GAUC: 0.6525	Eval_AUC: 0.6084
Epoch 5 Global_step 432000	Train_loss: 0.2467	logloss: 1.0674	Eval_GAUC: 0.6553	Eval_AUC: 0.6097
Epoch 5 Global_step 433000	Train_loss: 0.2371	logloss: 1.0924	Eval_GAUC: 0.6481	Eval_AUC: 0.5940
Epoch 5 Global_step 434000	Train_loss: 0.2380	logloss: 1.0652	Eval_GAUC: 0.6610	Eval_AUC: 0.6057
Epoch 5 Global_step 435000	Train_loss: 0.2442	logloss: 1.0729	Eval_GAUC: 0.6524	Eval_AUC: 0.6045
Epoch 5 Global_step 436000	Train_loss: 0.2418	logloss: 1.0526	Eval_GAUC: 0.6705	Eval_AUC: 0.6240
Epoch 5 Global_step 437000	Train_loss: 0.2331	logloss: 1.0632	Eval_GAUC: 0.6509	Eval_AUC: 0.6046
Epoch 5 Global_step 438000	Train_loss: 0.2386	logloss: 1.0322	Eval_GAUC: 0.6686	Eval_AUC: 0.6196
Epoch 5 Global_step 439000	Train_loss: 0.2325	logloss: 1.0755	Eval_GAUC: 0.6417	Eval_AUC: 0.5947
Epoch 5 Global_step 440000	Train_loss: 0.2416	logloss: 1.0624	Eval_GAUC: 0.6437	Eval_AUC: 0.6044
Epoch 5 Global_step 441000	Train_loss: 0.2468	logloss: 1.0635	Eval_GAUC: 0.6528	Eval_AUC: 0.6124
Epoch 5 Global_step 442000	Train_loss: 0.2318	logloss: 1.0465	Eval_GAUC: 0.6484	Eval_AUC: 0.6108
Epoch 5 Global_step 443000	Train_loss: 0.2315	logloss: 1.0279	Eval_GAUC: 0.6513	Eval_AUC: 0.6051
Epoch 5 Global_step 444000	Train_loss: 0.2626	logloss: 1.0542	Eval_GAUC: 0.6575	Eval_AUC: 0.6146
Epoch 5 Global_step 445000	Train_loss: 0.2553	logloss: 1.0557	Eval_GAUC: 0.6708	Eval_AUC: 0.6260
Epoch 5 Global_step 446000	Train_loss: 0.2343	logloss: 1.0943	Eval_GAUC: 0.6549	Eval_AUC: 0.6031
Epoch 5 Global_step 447000	Train_loss: 0.2369	logloss: 1.0541	Eval_GAUC: 0.6742	Eval_AUC: 0.6247
Epoch 5 Global_step 448000	Train_loss: 0.2482	logloss: 0.9799	Eval_GAUC: 0.6689	Eval_AUC: 0.6204
Epoch 5 Global_step 449000	Train_loss: 0.2493	logloss: 1.0484	Eval_GAUC: 0.6609	Eval_AUC: 0.6168
Epoch 5 Global_step 450000	Train_loss: 0.2611	logloss: 1.0419	Eval_GAUC: 0.6523	Eval_AUC: 0.6161
Epoch 5 Global_step 451000	Train_loss: 0.2540	logloss: 1.0692	Eval_GAUC: 0.6499	Eval_AUC: 0.6105
Epoch 5 Global_step 452000	Train_loss: 0.2370	logloss: 1.0794	Eval_GAUC: 0.6548	Eval_AUC: 0.6121
Epoch 5 Global_step 453000	Train_loss: 0.2376	logloss: 1.0702	Eval_GAUC: 0.6449	Eval_AUC: 0.6087
Epoch 5 Global_step 454000	Train_loss: 0.2400	logloss: 1.0503	Eval_GAUC: 0.6584	Eval_AUC: 0.6184
Epoch 5 Global_step 455000	Train_loss: 0.2433	logloss: 1.0435	Eval_GAUC: 0.6582	Eval_AUC: 0.6160
Epoch 5 Global_step 456000	Train_loss: 0.2511	logloss: 1.0125	Eval_GAUC: 0.6632	Eval_AUC: 0.6203
Epoch 5 Global_step 457000	Train_loss: 0.2456	logloss: 1.0463	Eval_GAUC: 0.6510	Eval_AUC: 0.6094
Epoch 5 Global_step 458000	Train_loss: 0.2387	logloss: 1.0731	Eval_GAUC: 0.6595	Eval_AUC: 0.6156
Epoch 5 Global_step 459000	Train_loss: 0.2507	logloss: 1.0323	Eval_GAUC: 0.6633	Eval_AUC: 0.6219
Epoch 5 Global_step 460000	Train_loss: 0.2510	logloss: 1.0498	Eval_GAUC: 0.6632	Eval_AUC: 0.6255
Epoch 5 Global_step 461000	Train_loss: 0.2579	logloss: 1.0613	Eval_GAUC: 0.6512	Eval_AUC: 0.6134
Epoch 5 Global_step 462000	Train_loss: 0.2537	logloss: 1.0568	Eval_GAUC: 0.6462	Eval_AUC: 0.6083
Epoch 5 Global_step 463000	Train_loss: 0.2594	logloss: 1.0880	Eval_GAUC: 0.6369	Eval_AUC: 0.6046
Epoch 5 Global_step 464000	Train_loss: 0.2448	logloss: 1.0402	Eval_GAUC: 0.6531	Eval_AUC: 0.6195
Epoch 5 Global_step 465000	Train_loss: 0.2481	logloss: 0.9964	Eval_GAUC: 0.6538	Eval_AUC: 0.6158
Epoch 5 Global_step 466000	Train_loss: 0.2459	logloss: 1.0299	Eval_GAUC: 0.6519	Eval_AUC: 0.6105
Epoch 5 Global_step 467000	Train_loss: 0.2577	logloss: 1.0233	Eval_GAUC: 0.6524	Eval_AUC: 0.6162
Epoch 5 Global_step 468000	Train_loss: 0.2637	logloss: 1.0139	Eval_GAUC: 0.6480	Eval_AUC: 0.6168
