2022-04-29 21:14:15.091971: I tensorflow/core/platform/cpu_feature_guard.cc:137] Your CPU supports instructions that this TensorFlow binary was not compiled to use: SSE4.1 SSE4.2 AVX AVX2 FMA
2022-04-29 21:14:15.348885: I tensorflow/core/common_runtime/gpu/gpu_device.cc:1105] Found device 0 with properties: 
name: NVIDIA GeForce GTX 1080 major: 6 minor: 1 memoryClockRate(GHz): 1.797
pciBusID: 0000:84:00.0
totalMemory: 7.93GiB freeMemory: 7.82GiB
2022-04-29 21:14:15.348969: I tensorflow/core/common_runtime/gpu/gpu_device.cc:1195] Creating TensorFlow device (/device:GPU:0) -> (device: 0, name: NVIDIA GeForce GTX 1080, pci bus id: 0000:84:00.0, compute capability: 6.1)
hidden_units:128
numHot:40
pruning:0
item_emb(graph):True
gnn_layer:4
gnn_method:gcn_att4_rn
gcl:False
gcl_ran_num:1000
gcl_w:2.0
user_emb:True
gnn_user_emb:True
gcl_user_emb:False
start constructing adjcent table
loading item table from adj folder
loading user table from adj folder
ready
128
logloss: 0.6933	 test_gauc: 0.4803	 test_auc: 0.4867
Epoch 0 Global_step 1000	Train_loss: 0.6455	logloss: 0.6678	Eval_GAUC: 0.6593	Eval_AUC: 0.6661
Epoch 0 Global_step 2000	Train_loss: 0.6291	logloss: 0.6448	Eval_GAUC: 0.6626	Eval_AUC: 0.6689
Epoch 0 Global_step 3000	Train_loss: 0.6223	logloss: 0.6443	Eval_GAUC: 0.6607	Eval_AUC: 0.6696
Epoch 0 Global_step 4000	Train_loss: 0.6181	logloss: 0.6354	Eval_GAUC: 0.6716	Eval_AUC: 0.6822
Epoch 0 Global_step 5000	Train_loss: 0.6103	logloss: 0.6363	Eval_GAUC: 0.6696	Eval_AUC: 0.6792
Epoch 0 Global_step 6000	Train_loss: 0.6079	logloss: 0.6318	Eval_GAUC: 0.6846	Eval_AUC: 0.6895
Epoch 0 Global_step 7000	Train_loss: 0.6101	logloss: 0.6351	Eval_GAUC: 0.6788	Eval_AUC: 0.6845
Epoch 0 Global_step 8000	Train_loss: 0.6060	logloss: 0.6384	Eval_GAUC: 0.6711	Eval_AUC: 0.6745
Epoch 0 Global_step 9000	Train_loss: 0.6054	logloss: 0.6383	Eval_GAUC: 0.6775	Eval_AUC: 0.6815
Epoch 0 Global_step 10000	Train_loss: 0.6004	logloss: 0.6335	Eval_GAUC: 0.6795	Eval_AUC: 0.6857
Epoch 0 Global_step 11000	Train_loss: 0.6053	logloss: 0.6266	Eval_GAUC: 0.6873	Eval_AUC: 0.6948
Epoch 0 Global_step 12000	Train_loss: 0.6006	logloss: 0.6344	Eval_GAUC: 0.6807	Eval_AUC: 0.6866
Epoch 0 Global_step 13000	Train_loss: 0.5993	logloss: 0.6275	Eval_GAUC: 0.6823	Eval_AUC: 0.6911
Epoch 0 Global_step 14000	Train_loss: 0.5959	logloss: 0.6295	Eval_GAUC: 0.6877	Eval_AUC: 0.6934
Epoch 0 Global_step 15000	Train_loss: 0.5963	logloss: 0.6263	Eval_GAUC: 0.6878	Eval_AUC: 0.6946
Epoch 0 Global_step 16000	Train_loss: 0.5950	logloss: 0.6247	Eval_GAUC: 0.6898	Eval_AUC: 0.6989
Epoch 0 Global_step 17000	Train_loss: 0.5975	logloss: 0.6304	Eval_GAUC: 0.6828	Eval_AUC: 0.6900
Epoch 0 Global_step 18000	Train_loss: 0.5919	logloss: 0.6259	Eval_GAUC: 0.6916	Eval_AUC: 0.6979
Epoch 0 Global_step 19000	Train_loss: 0.5938	logloss: 0.6286	Eval_GAUC: 0.6902	Eval_AUC: 0.6934
Epoch 0 Global_step 20000	Train_loss: 0.5933	logloss: 0.6256	Eval_GAUC: 0.6947	Eval_AUC: 0.6992
Epoch 0 Global_step 21000	Train_loss: 0.5951	logloss: 0.6279	Eval_GAUC: 0.6917	Eval_AUC: 0.6978
Epoch 0 Global_step 22000	Train_loss: 0.5937	logloss: 0.6256	Eval_GAUC: 0.6909	Eval_AUC: 0.6984
Epoch 0 Global_step 23000	Train_loss: 0.5908	logloss: 0.6232	Eval_GAUC: 0.6941	Eval_AUC: 0.7018
Epoch 0 Global_step 24000	Train_loss: 0.5907	logloss: 0.6308	Eval_GAUC: 0.6890	Eval_AUC: 0.6956
Epoch 0 Global_step 25000	Train_loss: 0.5921	logloss: 0.6233	Eval_GAUC: 0.6931	Eval_AUC: 0.7000
Epoch 0 Global_step 26000	Train_loss: 0.5928	logloss: 0.6200	Eval_GAUC: 0.7013	Eval_AUC: 0.7055
Epoch 0 Global_step 27000	Train_loss: 0.5932	logloss: 0.6184	Eval_GAUC: 0.7047	Eval_AUC: 0.7082
Epoch 0 Global_step 28000	Train_loss: 0.5940	logloss: 0.6187	Eval_GAUC: 0.7055	Eval_AUC: 0.7097
Epoch 0 Global_step 29000	Train_loss: 0.5907	logloss: 0.6224	Eval_GAUC: 0.6984	Eval_AUC: 0.7038
Epoch 0 Global_step 30000	Train_loss: 0.5814	logloss: 0.6266	Eval_GAUC: 0.6978	Eval_AUC: 0.7037
Epoch 0 Global_step 31000	Train_loss: 0.5857	logloss: 0.6214	Eval_GAUC: 0.6990	Eval_AUC: 0.7044
Epoch 0 Global_step 32000	Train_loss: 0.5860	logloss: 0.6190	Eval_GAUC: 0.7047	Eval_AUC: 0.7092
Epoch 0 Global_step 33000	Train_loss: 0.5869	logloss: 0.6209	Eval_GAUC: 0.7050	Eval_AUC: 0.7076
Epoch 0 Global_step 34000	Train_loss: 0.5820	logloss: 0.6243	Eval_GAUC: 0.7039	Eval_AUC: 0.7061
Epoch 0 Global_step 35000	Train_loss: 0.5845	logloss: 0.6254	Eval_GAUC: 0.7028	Eval_AUC: 0.7057
Epoch 0 Global_step 36000	Train_loss: 0.5802	logloss: 0.6181	Eval_GAUC: 0.7060	Eval_AUC: 0.7114
Epoch 0 Global_step 37000	Train_loss: 0.5851	logloss: 0.6235	Eval_GAUC: 0.7006	Eval_AUC: 0.7042
Epoch 0 Global_step 38000	Train_loss: 0.5812	logloss: 0.6203	Eval_GAUC: 0.7085	Eval_AUC: 0.7113
Epoch 0 Global_step 39000	Train_loss: 0.5810	logloss: 0.6176	Eval_GAUC: 0.7064	Eval_AUC: 0.7117
Epoch 0 Global_step 40000	Train_loss: 0.5810	logloss: 0.6183	Eval_GAUC: 0.7092	Eval_AUC: 0.7130
Epoch 0 Global_step 41000	Train_loss: 0.5831	logloss: 0.6188	Eval_GAUC: 0.7093	Eval_AUC: 0.7118
Epoch 0 Global_step 42000	Train_loss: 0.5813	logloss: 0.6161	Eval_GAUC: 0.7114	Eval_AUC: 0.7149
Epoch 0 Global_step 43000	Train_loss: 0.5788	logloss: 0.6246	Eval_GAUC: 0.7059	Eval_AUC: 0.7099
Epoch 0 Global_step 44000	Train_loss: 0.5784	logloss: 0.6178	Eval_GAUC: 0.7148	Eval_AUC: 0.7172
Epoch 0 Global_step 45000	Train_loss: 0.5770	logloss: 0.6142	Eval_GAUC: 0.7122	Eval_AUC: 0.7173
Epoch 0 Global_step 46000	Train_loss: 0.5794	logloss: 0.6346	Eval_GAUC: 0.7088	Eval_AUC: 0.7077
Epoch 0 Global_step 47000	Train_loss: 0.5802	logloss: 0.6147	Eval_GAUC: 0.7144	Eval_AUC: 0.7159
Epoch 0 Global_step 48000	Train_loss: 0.5805	logloss: 0.6146	Eval_GAUC: 0.7170	Eval_AUC: 0.7165
Epoch 0 Global_step 49000	Train_loss: 0.5795	logloss: 0.6102	Eval_GAUC: 0.7205	Eval_AUC: 0.7217
Epoch 0 Global_step 50000	Train_loss: 0.5827	logloss: 0.6134	Eval_GAUC: 0.7165	Eval_AUC: 0.7177
Epoch 0 Global_step 51000	Train_loss: 0.5779	logloss: 0.6109	Eval_GAUC: 0.7194	Eval_AUC: 0.7233
Epoch 0 Global_step 52000	Train_loss: 0.5765	logloss: 0.6176	Eval_GAUC: 0.7110	Eval_AUC: 0.7141
Epoch 0 Global_step 53000	Train_loss: 0.5769	logloss: 0.6167	Eval_GAUC: 0.7117	Eval_AUC: 0.7152
Epoch 0 Global_step 54000	Train_loss: 0.5786	logloss: 0.6161	Eval_GAUC: 0.7193	Eval_AUC: 0.7189
Epoch 0 Global_step 55000	Train_loss: 0.5749	logloss: 0.6099	Eval_GAUC: 0.7180	Eval_AUC: 0.7220
Epoch 0 Global_step 56000	Train_loss: 0.5711	logloss: 0.6198	Eval_GAUC: 0.7063	Eval_AUC: 0.7110
Epoch 0 Global_step 57000	Train_loss: 0.5721	logloss: 0.6210	Eval_GAUC: 0.7049	Eval_AUC: 0.7081
Epoch 0 Global_step 58000	Train_loss: 0.5757	logloss: 0.6202	Eval_GAUC: 0.7064	Eval_AUC: 0.7094
Epoch 0 Global_step 59000	Train_loss: 0.5744	logloss: 0.6154	Eval_GAUC: 0.7167	Eval_AUC: 0.7179
Epoch 0 Global_step 60000	Train_loss: 0.5702	logloss: 0.6163	Eval_GAUC: 0.7124	Eval_AUC: 0.7167
Epoch 0 Global_step 61000	Train_loss: 0.5748	logloss: 0.6125	Eval_GAUC: 0.7185	Eval_AUC: 0.7211
Epoch 0 Global_step 62000	Train_loss: 0.5749	logloss: 0.6198	Eval_GAUC: 0.7089	Eval_AUC: 0.7127
Epoch 0 Global_step 63000	Train_loss: 0.5734	logloss: 0.6172	Eval_GAUC: 0.7104	Eval_AUC: 0.7135
Epoch 0 Global_step 64000	Train_loss: 0.5706	logloss: 0.6136	Eval_GAUC: 0.7138	Eval_AUC: 0.7176
Epoch 0 Global_step 65000	Train_loss: 0.5737	logloss: 0.6146	Eval_GAUC: 0.7129	Eval_AUC: 0.7169
Epoch 0 Global_step 66000	Train_loss: 0.5720	logloss: 0.6162	Eval_GAUC: 0.7150	Eval_AUC: 0.7165
Epoch 0 Global_step 67000	Train_loss: 0.5721	logloss: 0.6144	Eval_GAUC: 0.7169	Eval_AUC: 0.7196
Epoch 0 Global_step 68000	Train_loss: 0.5715	logloss: 0.6168	Eval_GAUC: 0.7108	Eval_AUC: 0.7143
Epoch 0 Global_step 69000	Train_loss: 0.5686	logloss: 0.6144	Eval_GAUC: 0.7133	Eval_AUC: 0.7156
Epoch 0 Global_step 70000	Train_loss: 0.5729	logloss: 0.6096	Eval_GAUC: 0.7212	Eval_AUC: 0.7240
Epoch 0 Global_step 71000	Train_loss: 0.5698	logloss: 0.6150	Eval_GAUC: 0.7145	Eval_AUC: 0.7192
Epoch 0 Global_step 72000	Train_loss: 0.5694	logloss: 0.6154	Eval_GAUC: 0.7149	Eval_AUC: 0.7183
Epoch 0 Global_step 73000	Train_loss: 0.5692	logloss: 0.6086	Eval_GAUC: 0.7190	Eval_AUC: 0.7241
Epoch 0 Global_step 74000	Train_loss: 0.5694	logloss: 0.6100	Eval_GAUC: 0.7182	Eval_AUC: 0.7222
Epoch 0 Global_step 75000	Train_loss: 0.5671	logloss: 0.6143	Eval_GAUC: 0.7129	Eval_AUC: 0.7188
Epoch 0 Global_step 76000	Train_loss: 0.5688	logloss: 0.6148	Eval_GAUC: 0.7155	Eval_AUC: 0.7170
Epoch 0 Global_step 77000	Train_loss: 0.5630	logloss: 0.6145	Eval_GAUC: 0.7116	Eval_AUC: 0.7168
Epoch 0 Global_step 78000	Train_loss: 0.5695	logloss: 0.6111	Eval_GAUC: 0.7157	Eval_AUC: 0.7207
Epoch 0 Global_step 79000	Train_loss: 0.5661	logloss: 0.6125	Eval_GAUC: 0.7185	Eval_AUC: 0.7229
Epoch 0 Global_step 80000	Train_loss: 0.5665	logloss: 0.6108	Eval_GAUC: 0.7202	Eval_AUC: 0.7227
Epoch 0 DONE	Cost time: 34738.16
Epoch 1 Global_step 81000	Train_loss: 0.5127	logloss: 0.6495	Eval_GAUC: 0.7088	Eval_AUC: 0.6907
Epoch 1 Global_step 82000	Train_loss: 0.5501	logloss: 0.6975	Eval_GAUC: 0.7074	Eval_AUC: 0.6670
Epoch 1 Global_step 83000	Train_loss: 0.4618	logloss: 0.6994	Eval_GAUC: 0.7099	Eval_AUC: 0.6705
Epoch 1 Global_step 84000	Train_loss: 0.4869	logloss: 0.7110	Eval_GAUC: 0.7005	Eval_AUC: 0.6648
Epoch 1 Global_step 85000	Train_loss: 0.4487	logloss: 0.7175	Eval_GAUC: 0.6991	Eval_AUC: 0.6705
Epoch 1 Global_step 86000	Train_loss: 0.4324	logloss: 0.7243	Eval_GAUC: 0.6962	Eval_AUC: 0.6655
Epoch 1 Global_step 87000	Train_loss: 0.4667	logloss: 0.7239	Eval_GAUC: 0.6913	Eval_AUC: 0.6662
Epoch 1 Global_step 88000	Train_loss: 0.4547	logloss: 0.7598	Eval_GAUC: 0.6901	Eval_AUC: 0.6500
Epoch 1 Global_step 89000	Train_loss: 0.4391	logloss: 0.7436	Eval_GAUC: 0.6886	Eval_AUC: 0.6633
Epoch 1 Global_step 90000	Train_loss: 0.4721	logloss: 0.7147	Eval_GAUC: 0.6905	Eval_AUC: 0.6671
Epoch 1 Global_step 91000	Train_loss: 0.4738	logloss: 0.7304	Eval_GAUC: 0.6831	Eval_AUC: 0.6600
Epoch 1 Global_step 92000	Train_loss: 0.4595	logloss: 0.6904	Eval_GAUC: 0.6873	Eval_AUC: 0.6694
Epoch 1 Global_step 93000	Train_loss: 0.4550	logloss: 0.7294	Eval_GAUC: 0.6914	Eval_AUC: 0.6616
Epoch 1 Global_step 94000	Train_loss: 0.4359	logloss: 0.7231	Eval_GAUC: 0.6959	Eval_AUC: 0.6739
Epoch 1 Global_step 95000	Train_loss: 0.4665	logloss: 0.7214	Eval_GAUC: 0.6956	Eval_AUC: 0.6696
Epoch 1 Global_step 96000	Train_loss: 0.4640	logloss: 0.7033	Eval_GAUC: 0.6852	Eval_AUC: 0.6680
Epoch 1 Global_step 97000	Train_loss: 0.4756	logloss: 0.7045	Eval_GAUC: 0.6755	Eval_AUC: 0.6575
Epoch 1 Global_step 98000	Train_loss: 0.4602	logloss: 0.7072	Eval_GAUC: 0.6978	Eval_AUC: 0.6674
Epoch 1 Global_step 99000	Train_loss: 0.4555	logloss: 0.7279	Eval_GAUC: 0.6933	Eval_AUC: 0.6691
Epoch 1 Global_step 100000	Train_loss: 0.4764	logloss: 0.6833	Eval_GAUC: 0.7000	Eval_AUC: 0.6821
Epoch 1 Global_step 101000	Train_loss: 0.4746	logloss: 0.6974	Eval_GAUC: 0.6870	Eval_AUC: 0.6681
Epoch 1 Global_step 102000	Train_loss: 0.4704	logloss: 0.7105	Eval_GAUC: 0.6952	Eval_AUC: 0.6747
Epoch 1 Global_step 103000	Train_loss: 0.4764	logloss: 0.6795	Eval_GAUC: 0.6956	Eval_AUC: 0.6785
Epoch 1 Global_step 104000	Train_loss: 0.4917	logloss: 0.6866	Eval_GAUC: 0.6927	Eval_AUC: 0.6830
Epoch 1 Global_step 105000	Train_loss: 0.4712	logloss: 0.7011	Eval_GAUC: 0.6924	Eval_AUC: 0.6706
Epoch 1 Global_step 106000	Train_loss: 0.4679	logloss: 0.7118	Eval_GAUC: 0.6812	Eval_AUC: 0.6572
Epoch 1 Global_step 107000	Train_loss: 0.4772	logloss: 0.6869	Eval_GAUC: 0.6997	Eval_AUC: 0.6883
Epoch 1 Global_step 108000	Train_loss: 0.4875	logloss: 0.6796	Eval_GAUC: 0.6891	Eval_AUC: 0.6748
Epoch 1 Global_step 109000	Train_loss: 0.4766	logloss: 0.6992	Eval_GAUC: 0.6906	Eval_AUC: 0.6759
Epoch 1 Global_step 110000	Train_loss: 0.4812	logloss: 0.6765	Eval_GAUC: 0.6930	Eval_AUC: 0.6796
Epoch 1 Global_step 111000	Train_loss: 0.4884	logloss: 0.6840	Eval_GAUC: 0.7032	Eval_AUC: 0.6927
Epoch 1 Global_step 112000	Train_loss: 0.4889	logloss: 0.6752	Eval_GAUC: 0.6975	Eval_AUC: 0.6827
Epoch 1 Global_step 113000	Train_loss: 0.4802	logloss: 0.7035	Eval_GAUC: 0.6931	Eval_AUC: 0.6755
Epoch 1 Global_step 114000	Train_loss: 0.4736	logloss: 0.6945	Eval_GAUC: 0.6975	Eval_AUC: 0.6803
Epoch 1 Global_step 115000	Train_loss: 0.4809	logloss: 0.6773	Eval_GAUC: 0.7007	Eval_AUC: 0.6885
Epoch 1 Global_step 116000	Train_loss: 0.4801	logloss: 0.6831	Eval_GAUC: 0.7002	Eval_AUC: 0.6878
Epoch 1 Global_step 117000	Train_loss: 0.4832	logloss: 0.6870	Eval_GAUC: 0.6928	Eval_AUC: 0.6800
Epoch 1 Global_step 118000	Train_loss: 0.4784	logloss: 0.6814	Eval_GAUC: 0.7094	Eval_AUC: 0.6943
Epoch 1 Global_step 119000	Train_loss: 0.4825	logloss: 0.6688	Eval_GAUC: 0.7033	Eval_AUC: 0.6901
Epoch 1 Global_step 120000	Train_loss: 0.4841	logloss: 0.6736	Eval_GAUC: 0.7068	Eval_AUC: 0.6929
Epoch 1 Global_step 121000	Train_loss: 0.4743	logloss: 0.6941	Eval_GAUC: 0.6993	Eval_AUC: 0.6823
Epoch 1 Global_step 122000	Train_loss: 0.4788	logloss: 0.6748	Eval_GAUC: 0.7019	Eval_AUC: 0.6897
Epoch 1 Global_step 123000	Train_loss: 0.4806	logloss: 0.6832	Eval_GAUC: 0.6956	Eval_AUC: 0.6827
Epoch 1 Global_step 124000	Train_loss: 0.4832	logloss: 0.6953	Eval_GAUC: 0.7051	Eval_AUC: 0.6900
Epoch 1 Global_step 125000	Train_loss: 0.4844	logloss: 0.6750	Eval_GAUC: 0.6986	Eval_AUC: 0.6872
Epoch 1 Global_step 126000	Train_loss: 0.4768	logloss: 0.6970	Eval_GAUC: 0.7020	Eval_AUC: 0.6888
Epoch 1 Global_step 127000	Train_loss: 0.4809	logloss: 0.6868	Eval_GAUC: 0.6997	Eval_AUC: 0.6844
Epoch 1 Global_step 128000	Train_loss: 0.4807	logloss: 0.6776	Eval_GAUC: 0.6990	Eval_AUC: 0.6903
Epoch 1 Global_step 129000	Train_loss: 0.4838	logloss: 0.6723	Eval_GAUC: 0.7057	Eval_AUC: 0.6923
Epoch 1 Global_step 130000	Train_loss: 0.4879	logloss: 0.6616	Eval_GAUC: 0.7015	Eval_AUC: 0.6895
Epoch 1 Global_step 131000	Train_loss: 0.4866	logloss: 0.6671	Eval_GAUC: 0.7072	Eval_AUC: 0.6939
Epoch 1 Global_step 132000	Train_loss: 0.4831	logloss: 0.6745	Eval_GAUC: 0.7060	Eval_AUC: 0.6911
Epoch 1 Global_step 133000	Train_loss: 0.4810	logloss: 0.6806	Eval_GAUC: 0.7031	Eval_AUC: 0.6851
Epoch 1 Global_step 134000	Train_loss: 0.4876	logloss: 0.6698	Eval_GAUC: 0.7035	Eval_AUC: 0.6904
Epoch 1 Global_step 135000	Train_loss: 0.4839	logloss: 0.6686	Eval_GAUC: 0.7032	Eval_AUC: 0.6945
Epoch 1 Global_step 136000	Train_loss: 0.4816	logloss: 0.6886	Eval_GAUC: 0.6914	Eval_AUC: 0.6825
Epoch 1 Global_step 137000	Train_loss: 0.4796	logloss: 0.6821	Eval_GAUC: 0.6943	Eval_AUC: 0.6867
Epoch 1 Global_step 138000	Train_loss: 0.4900	logloss: 0.6765	Eval_GAUC: 0.6989	Eval_AUC: 0.6883
Epoch 1 Global_step 139000	Train_loss: 0.4870	logloss: 0.6645	Eval_GAUC: 0.7053	Eval_AUC: 0.6941
Epoch 1 Global_step 140000	Train_loss: 0.4774	logloss: 0.6769	Eval_GAUC: 0.7063	Eval_AUC: 0.6960
Epoch 1 Global_step 141000	Train_loss: 0.4839	logloss: 0.6678	Eval_GAUC: 0.7050	Eval_AUC: 0.6923
Epoch 1 Global_step 142000	Train_loss: 0.4842	logloss: 0.6769	Eval_GAUC: 0.6974	Eval_AUC: 0.6908
Epoch 1 Global_step 143000	Train_loss: 0.4820	logloss: 0.6596	Eval_GAUC: 0.7123	Eval_AUC: 0.6993
Epoch 1 Global_step 144000	Train_loss: 0.4814	logloss: 0.6723	Eval_GAUC: 0.6952	Eval_AUC: 0.6874
Epoch 1 Global_step 145000	Train_loss: 0.4865	logloss: 0.6684	Eval_GAUC: 0.6950	Eval_AUC: 0.6871
Epoch 1 Global_step 146000	Train_loss: 0.4853	logloss: 0.6721	Eval_GAUC: 0.6973	Eval_AUC: 0.6902
Epoch 1 Global_step 147000	Train_loss: 0.4831	logloss: 0.6827	Eval_GAUC: 0.6953	Eval_AUC: 0.6881
Epoch 1 Global_step 148000	Train_loss: 0.4799	logloss: 0.6758	Eval_GAUC: 0.6941	Eval_AUC: 0.6851
Epoch 1 Global_step 149000	Train_loss: 0.4785	logloss: 0.6637	Eval_GAUC: 0.7023	Eval_AUC: 0.6877
Epoch 1 Global_step 150000	Train_loss: 0.4851	logloss: 0.6660	Eval_GAUC: 0.7091	Eval_AUC: 0.6999
Epoch 1 Global_step 151000	Train_loss: 0.4817	logloss: 0.6743	Eval_GAUC: 0.6974	Eval_AUC: 0.6887
Epoch 1 Global_step 152000	Train_loss: 0.4791	logloss: 0.6701	Eval_GAUC: 0.7033	Eval_AUC: 0.6981
Epoch 1 Global_step 153000	Train_loss: 0.4851	logloss: 0.6687	Eval_GAUC: 0.7071	Eval_AUC: 0.7020
Epoch 1 Global_step 154000	Train_loss: 0.4753	logloss: 0.6775	Eval_GAUC: 0.7040	Eval_AUC: 0.6956
Epoch 1 Global_step 155000	Train_loss: 0.4773	logloss: 0.6867	Eval_GAUC: 0.7030	Eval_AUC: 0.6965
Epoch 1 Global_step 156000	Train_loss: 0.4793	logloss: 0.6641	Eval_GAUC: 0.7108	Eval_AUC: 0.6996
Epoch 1 Global_step 157000	Train_loss: 0.4784	logloss: 0.6719	Eval_GAUC: 0.7113	Eval_AUC: 0.7027
Epoch 1 Global_step 158000	Train_loss: 0.4827	logloss: 0.6720	Eval_GAUC: 0.7072	Eval_AUC: 0.6979
Epoch 1 Global_step 159000	Train_loss: 0.4780	logloss: 0.6789	Eval_GAUC: 0.7052	Eval_AUC: 0.6987
Epoch 1 Global_step 160000	Train_loss: 0.4797	logloss: 0.6628	Eval_GAUC: 0.7113	Eval_AUC: 0.7019
Epoch 1 DONE	Cost time: 68726.49
Epoch 2 Global_step 161000	Train_loss: 0.3690	logloss: 0.7951	Eval_GAUC: 0.7061	Eval_AUC: 0.6491
Epoch 2 Global_step 162000	Train_loss: 0.4070	logloss: 0.8595	Eval_GAUC: 0.7064	Eval_AUC: 0.6238
Epoch 2 Global_step 163000	Train_loss: 0.3058	logloss: 0.8687	Eval_GAUC: 0.7077	Eval_AUC: 0.6379
Epoch 2 Global_step 164000	Train_loss: 0.3322	logloss: 0.8932	Eval_GAUC: 0.7042	Eval_AUC: 0.6348
Epoch 2 Global_step 165000	Train_loss: 0.3122	logloss: 0.8711	Eval_GAUC: 0.6791	Eval_AUC: 0.6215
Epoch 2 Global_step 166000	Train_loss: 0.2918	logloss: 0.8819	Eval_GAUC: 0.6931	Eval_AUC: 0.6329
Epoch 2 Global_step 167000	Train_loss: 0.3138	logloss: 0.8899	Eval_GAUC: 0.6681	Eval_AUC: 0.6149
Epoch 2 Global_step 168000	Train_loss: 0.3076	logloss: 0.9035	Eval_GAUC: 0.6835	Eval_AUC: 0.6294
Epoch 2 Global_step 169000	Train_loss: 0.2946	logloss: 0.8818	Eval_GAUC: 0.6723	Eval_AUC: 0.6251
Epoch 2 Global_step 170000	Train_loss: 0.3303	logloss: 0.8917	Eval_GAUC: 0.6915	Eval_AUC: 0.6498
Epoch 2 Global_step 171000	Train_loss: 0.3185	logloss: 0.8841	Eval_GAUC: 0.6865	Eval_AUC: 0.6380
Epoch 2 Global_step 172000	Train_loss: 0.3065	logloss: 0.8812	Eval_GAUC: 0.6933	Eval_AUC: 0.6479
Epoch 2 Global_step 173000	Train_loss: 0.3102	logloss: 0.8985	Eval_GAUC: 0.6850	Eval_AUC: 0.6375
Epoch 2 Global_step 174000	Train_loss: 0.3007	logloss: 0.8679	Eval_GAUC: 0.6900	Eval_AUC: 0.6522
Epoch 2 Global_step 175000	Train_loss: 0.3211	logloss: 0.8494	Eval_GAUC: 0.6793	Eval_AUC: 0.6324
Epoch 2 Global_step 176000	Train_loss: 0.3157	logloss: 0.8719	Eval_GAUC: 0.6890	Eval_AUC: 0.6459
Epoch 2 Global_step 177000	Train_loss: 0.3185	logloss: 0.8516	Eval_GAUC: 0.6880	Eval_AUC: 0.6457
Epoch 2 Global_step 178000	Train_loss: 0.3134	logloss: 0.9074	Eval_GAUC: 0.6803	Eval_AUC: 0.6310
Epoch 2 Global_step 179000	Train_loss: 0.3057	logloss: 0.8860	Eval_GAUC: 0.6842	Eval_AUC: 0.6344
Epoch 2 Global_step 180000	Train_loss: 0.3178	logloss: 0.8449	Eval_GAUC: 0.6789	Eval_AUC: 0.6441
Epoch 2 Global_step 181000	Train_loss: 0.3267	logloss: 0.8537	Eval_GAUC: 0.6827	Eval_AUC: 0.6426
Epoch 2 Global_step 182000	Train_loss: 0.3257	logloss: 0.8485	Eval_GAUC: 0.6857	Eval_AUC: 0.6488
Epoch 2 Global_step 183000	Train_loss: 0.3421	logloss: 0.8442	Eval_GAUC: 0.6697	Eval_AUC: 0.6369
Epoch 2 Global_step 184000	Train_loss: 0.3495	logloss: 0.8451	Eval_GAUC: 0.6814	Eval_AUC: 0.6502
Epoch 2 Global_step 185000	Train_loss: 0.3254	logloss: 0.8987	Eval_GAUC: 0.6964	Eval_AUC: 0.6540
Epoch 2 Global_step 186000	Train_loss: 0.3134	logloss: 0.8532	Eval_GAUC: 0.6899	Eval_AUC: 0.6432
Epoch 2 Global_step 187000	Train_loss: 0.3323	logloss: 0.8728	Eval_GAUC: 0.6944	Eval_AUC: 0.6616
Epoch 2 Global_step 188000	Train_loss: 0.3304	logloss: 0.8661	Eval_GAUC: 0.6756	Eval_AUC: 0.6358
Epoch 2 Global_step 189000	Train_loss: 0.3248	logloss: 0.8716	Eval_GAUC: 0.6832	Eval_AUC: 0.6395
Epoch 2 Global_step 190000	Train_loss: 0.3352	logloss: 0.8381	Eval_GAUC: 0.6885	Eval_AUC: 0.6451
Epoch 2 Global_step 191000	Train_loss: 0.3384	logloss: 0.8201	Eval_GAUC: 0.6915	Eval_AUC: 0.6542
Epoch 2 Global_step 192000	Train_loss: 0.3434	logloss: 0.8431	Eval_GAUC: 0.6886	Eval_AUC: 0.6565
Epoch 2 Global_step 193000	Train_loss: 0.3386	logloss: 0.8453	Eval_GAUC: 0.6947	Eval_AUC: 0.6538
Epoch 2 Global_step 194000	Train_loss: 0.3272	logloss: 0.8452	Eval_GAUC: 0.6822	Eval_AUC: 0.6360
Epoch 2 Global_step 195000	Train_loss: 0.3472	logloss: 0.8440	Eval_GAUC: 0.6884	Eval_AUC: 0.6490
Epoch 2 Global_step 196000	Train_loss: 0.3484	logloss: 0.8038	Eval_GAUC: 0.6937	Eval_AUC: 0.6603
Epoch 2 Global_step 197000	Train_loss: 0.3482	logloss: 0.8216	Eval_GAUC: 0.6887	Eval_AUC: 0.6518
Epoch 2 Global_step 198000	Train_loss: 0.3365	logloss: 0.8306	Eval_GAUC: 0.6830	Eval_AUC: 0.6500
Epoch 2 Global_step 199000	Train_loss: 0.3441	logloss: 0.8342	Eval_GAUC: 0.6889	Eval_AUC: 0.6543
Epoch 2 Global_step 200000	Train_loss: 0.3480	logloss: 0.8328	Eval_GAUC: 0.6896	Eval_AUC: 0.6548
Epoch 2 Global_step 201000	Train_loss: 0.3392	logloss: 0.8605	Eval_GAUC: 0.6852	Eval_AUC: 0.6474
Epoch 2 Global_step 202000	Train_loss: 0.3395	logloss: 0.8563	Eval_GAUC: 0.6832	Eval_AUC: 0.6464
Epoch 2 Global_step 203000	Train_loss: 0.3486	logloss: 0.8320	Eval_GAUC: 0.6826	Eval_AUC: 0.6525
Epoch 2 Global_step 204000	Train_loss: 0.3574	logloss: 0.8392	Eval_GAUC: 0.6755	Eval_AUC: 0.6424
Epoch 2 Global_step 205000	Train_loss: 0.3464	logloss: 0.8300	Eval_GAUC: 0.6890	Eval_AUC: 0.6549
Epoch 2 Global_step 206000	Train_loss: 0.3438	logloss: 0.8352	Eval_GAUC: 0.6827	Eval_AUC: 0.6524
Epoch 2 Global_step 207000	Train_loss: 0.3512	logloss: 0.8129	Eval_GAUC: 0.6858	Eval_AUC: 0.6523
Epoch 2 Global_step 208000	Train_loss: 0.3469	logloss: 0.8308	Eval_GAUC: 0.6757	Eval_AUC: 0.6484
Epoch 2 Global_step 209000	Train_loss: 0.3534	logloss: 0.8176	Eval_GAUC: 0.6876	Eval_AUC: 0.6605
Epoch 2 Global_step 210000	Train_loss: 0.3590	logloss: 0.8042	Eval_GAUC: 0.6866	Eval_AUC: 0.6578
Epoch 2 Global_step 211000	Train_loss: 0.3600	logloss: 0.8228	Eval_GAUC: 0.6849	Eval_AUC: 0.6508
Epoch 2 Global_step 212000	Train_loss: 0.3531	logloss: 0.8218	Eval_GAUC: 0.6901	Eval_AUC: 0.6548
Epoch 2 Global_step 213000	Train_loss: 0.3537	logloss: 0.8228	Eval_GAUC: 0.6891	Eval_AUC: 0.6535
Epoch 2 Global_step 214000	Train_loss: 0.3648	logloss: 0.8011	Eval_GAUC: 0.6765	Eval_AUC: 0.6470
Epoch 2 Global_step 215000	Train_loss: 0.3595	logloss: 0.8118	Eval_GAUC: 0.6774	Eval_AUC: 0.6498
Epoch 2 Global_step 216000	Train_loss: 0.3526	logloss: 0.8573	Eval_GAUC: 0.6814	Eval_AUC: 0.6517
Epoch 2 Global_step 217000	Train_loss: 0.3499	logloss: 0.8239	Eval_GAUC: 0.6855	Eval_AUC: 0.6595
Epoch 2 Global_step 218000	Train_loss: 0.3527	logloss: 0.8220	Eval_GAUC: 0.6875	Eval_AUC: 0.6540
Epoch 2 Global_step 219000	Train_loss: 0.3566	logloss: 0.8050	Eval_GAUC: 0.6922	Eval_AUC: 0.6591
Epoch 2 Global_step 220000	Train_loss: 0.3532	logloss: 0.8124	Eval_GAUC: 0.6848	Eval_AUC: 0.6551
Epoch 2 Global_step 221000	Train_loss: 0.3560	logloss: 0.8212	Eval_GAUC: 0.6849	Eval_AUC: 0.6530
Epoch 2 Global_step 222000	Train_loss: 0.3564	logloss: 0.8317	Eval_GAUC: 0.6921	Eval_AUC: 0.6661
Epoch 2 Global_step 223000	Train_loss: 0.3540	logloss: 0.7927	Eval_GAUC: 0.6887	Eval_AUC: 0.6561
Epoch 2 Global_step 224000	Train_loss: 0.3523	logloss: 0.8097	Eval_GAUC: 0.6819	Eval_AUC: 0.6546
Epoch 2 Global_step 225000	Train_loss: 0.3550	logloss: 0.8230	Eval_GAUC: 0.6884	Eval_AUC: 0.6676
Epoch 2 Global_step 226000	Train_loss: 0.3602	logloss: 0.7962	Eval_GAUC: 0.6925	Eval_AUC: 0.6671
Epoch 2 Global_step 227000	Train_loss: 0.3588	logloss: 0.8140	Eval_GAUC: 0.6866	Eval_AUC: 0.6633
Epoch 2 Global_step 228000	Train_loss: 0.3501	logloss: 0.8191	Eval_GAUC: 0.6926	Eval_AUC: 0.6711
Epoch 2 Global_step 229000	Train_loss: 0.3492	logloss: 0.8274	Eval_GAUC: 0.6873	Eval_AUC: 0.6588
Epoch 2 Global_step 230000	Train_loss: 0.3567	logloss: 0.8333	Eval_GAUC: 0.6700	Eval_AUC: 0.6508
Epoch 2 Global_step 231000	Train_loss: 0.3577	logloss: 0.8059	Eval_GAUC: 0.6820	Eval_AUC: 0.6618
Epoch 2 Global_step 232000	Train_loss: 0.3621	logloss: 0.7939	Eval_GAUC: 0.6843	Eval_AUC: 0.6679
Epoch 2 Global_step 233000	Train_loss: 0.3528	logloss: 0.8306	Eval_GAUC: 0.6638	Eval_AUC: 0.6484
Epoch 2 Global_step 234000	Train_loss: 0.3410	logloss: 0.8569	Eval_GAUC: 0.6769	Eval_AUC: 0.6525
Epoch 2 Global_step 235000	Train_loss: 0.3469	logloss: 0.8063	Eval_GAUC: 0.6761	Eval_AUC: 0.6503
Epoch 2 Global_step 236000	Train_loss: 0.3496	logloss: 0.7984	Eval_GAUC: 0.6895	Eval_AUC: 0.6660
Epoch 2 Global_step 237000	Train_loss: 0.3576	logloss: 0.8195	Eval_GAUC: 0.6860	Eval_AUC: 0.6607
Epoch 2 Global_step 238000	Train_loss: 0.3494	logloss: 0.8173	Eval_GAUC: 0.6771	Eval_AUC: 0.6560
Epoch 2 Global_step 239000	Train_loss: 0.3391	logloss: 0.8444	Eval_GAUC: 0.6946	Eval_AUC: 0.6700
Epoch 2 Global_step 240000	Train_loss: 0.3447	logloss: 0.8208	Eval_GAUC: 0.6737	Eval_AUC: 0.6485
Epoch 2 DONE	Cost time: 104232.84
Epoch 3 Global_step 241000	Train_loss: 0.2439	logloss: 0.9369	Eval_GAUC: 0.6772	Eval_AUC: 0.6173
Epoch 3 Global_step 242000	Train_loss: 0.2935	logloss: 0.9752	Eval_GAUC: 0.6860	Eval_AUC: 0.6144
Epoch 3 Global_step 243000	Train_loss: 0.2272	logloss: 0.9758	Eval_GAUC: 0.7119	Eval_AUC: 0.6201
Epoch 3 Global_step 244000	Train_loss: 0.2444	logloss: 1.0074	Eval_GAUC: 0.6965	Eval_AUC: 0.6156
Epoch 3 Global_step 245000	Train_loss: 0.2429	logloss: 0.9059	Eval_GAUC: 0.6951	Eval_AUC: 0.6377
Epoch 3 Global_step 246000	Train_loss: 0.2257	logloss: 0.9696	Eval_GAUC: 0.6995	Eval_AUC: 0.6302
Epoch 3 Global_step 247000	Train_loss: 0.2290	logloss: 1.0521	Eval_GAUC: 0.6724	Eval_AUC: 0.6053
Epoch 3 Global_step 248000	Train_loss: 0.2428	logloss: 0.9086	Eval_GAUC: 0.6817	Eval_AUC: 0.6358
Epoch 3 Global_step 249000	Train_loss: 0.2354	logloss: 0.9651	Eval_GAUC: 0.6721	Eval_AUC: 0.6197
Epoch 3 Global_step 250000	Train_loss: 0.2388	logloss: 0.9901	Eval_GAUC: 0.6895	Eval_AUC: 0.6266
Epoch 3 Global_step 251000	Train_loss: 0.2368	logloss: 0.9677	Eval_GAUC: 0.6871	Eval_AUC: 0.6251
Epoch 3 Global_step 252000	Train_loss: 0.2294	logloss: 1.0024	Eval_GAUC: 0.6797	Eval_AUC: 0.6311
Epoch 3 Global_step 253000	Train_loss: 0.2334	logloss: 0.9917	Eval_GAUC: 0.6837	Eval_AUC: 0.6215
Epoch 3 Global_step 254000	Train_loss: 0.2318	logloss: 0.9905	Eval_GAUC: 0.6882	Eval_AUC: 0.6302
Epoch 3 Global_step 255000	Train_loss: 0.2355	logloss: 0.9772	Eval_GAUC: 0.6806	Eval_AUC: 0.6279
Epoch 3 Global_step 256000	Train_loss: 0.2417	logloss: 0.9797	Eval_GAUC: 0.6711	Eval_AUC: 0.6262
Epoch 3 Global_step 257000	Train_loss: 0.2364	logloss: 0.9814	Eval_GAUC: 0.6730	Eval_AUC: 0.6236
Epoch 3 Global_step 258000	Train_loss: 0.2388	logloss: 0.9841	Eval_GAUC: 0.6682	Eval_AUC: 0.6140
Epoch 3 Global_step 259000	Train_loss: 0.2309	logloss: 1.0122	Eval_GAUC: 0.6736	Eval_AUC: 0.6227
Epoch 3 Global_step 260000	Train_loss: 0.2337	logloss: 0.9560	Eval_GAUC: 0.6978	Eval_AUC: 0.6512
Epoch 3 Global_step 261000	Train_loss: 0.2423	logloss: 0.9730	Eval_GAUC: 0.6829	Eval_AUC: 0.6285
Epoch 3 Global_step 262000	Train_loss: 0.2424	logloss: 0.9487	Eval_GAUC: 0.6793	Eval_AUC: 0.6295
Epoch 3 Global_step 263000	Train_loss: 0.2502	logloss: 0.9901	Eval_GAUC: 0.6782	Eval_AUC: 0.6348
Epoch 3 Global_step 264000	Train_loss: 0.2513	logloss: 0.9682	Eval_GAUC: 0.6599	Eval_AUC: 0.6128
Epoch 3 Global_step 265000	Train_loss: 0.2438	logloss: 0.9943	Eval_GAUC: 0.6685	Eval_AUC: 0.6154
Epoch 3 Global_step 266000	Train_loss: 0.2357	logloss: 0.9739	Eval_GAUC: 0.6868	Eval_AUC: 0.6329
Epoch 3 Global_step 267000	Train_loss: 0.2448	logloss: 0.9502	Eval_GAUC: 0.6531	Eval_AUC: 0.6102
Epoch 3 Global_step 268000	Train_loss: 0.2444	logloss: 1.0038	Eval_GAUC: 0.6857	Eval_AUC: 0.6379
Epoch 3 Global_step 269000	Train_loss: 0.2355	logloss: 0.9727	Eval_GAUC: 0.6702	Eval_AUC: 0.6203
Epoch 3 Global_step 270000	Train_loss: 0.2505	logloss: 0.9648	Eval_GAUC: 0.6844	Eval_AUC: 0.6296
Epoch 3 Global_step 271000	Train_loss: 0.2488	logloss: 0.9279	Eval_GAUC: 0.6890	Eval_AUC: 0.6427
Epoch 3 Global_step 272000	Train_loss: 0.2540	logloss: 0.9605	Eval_GAUC: 0.6779	Eval_AUC: 0.6365
Epoch 3 Global_step 273000	Train_loss: 0.2462	logloss: 0.9692	Eval_GAUC: 0.6615	Eval_AUC: 0.6159
Epoch 3 Global_step 274000	Train_loss: 0.2427	logloss: 1.0082	Eval_GAUC: 0.6798	Eval_AUC: 0.6313
Epoch 3 Global_step 275000	Train_loss: 0.2594	logloss: 0.9191	Eval_GAUC: 0.6808	Eval_AUC: 0.6342
Epoch 3 Global_step 276000	Train_loss: 0.2527	logloss: 0.9618	Eval_GAUC: 0.6958	Eval_AUC: 0.6518
Epoch 3 Global_step 277000	Train_loss: 0.2614	logloss: 0.9421	Eval_GAUC: 0.6967	Eval_AUC: 0.6516
Epoch 3 Global_step 278000	Train_loss: 0.2589	logloss: 0.9500	Eval_GAUC: 0.6885	Eval_AUC: 0.6458
Epoch 3 Global_step 279000	Train_loss: 0.2544	logloss: 0.9478	Eval_GAUC: 0.6838	Eval_AUC: 0.6372
Epoch 3 Global_step 280000	Train_loss: 0.2623	logloss: 0.9587	Eval_GAUC: 0.6840	Eval_AUC: 0.6389
Epoch 3 Global_step 281000	Train_loss: 0.2505	logloss: 1.0009	Eval_GAUC: 0.6662	Eval_AUC: 0.6232
Epoch 3 Global_step 282000	Train_loss: 0.2517	logloss: 0.9383	Eval_GAUC: 0.6705	Eval_AUC: 0.6293
Epoch 3 Global_step 283000	Train_loss: 0.2538	logloss: 0.9355	Eval_GAUC: 0.6860	Eval_AUC: 0.6478
Epoch 3 Global_step 284000	Train_loss: 0.2681	logloss: 0.9507	Eval_GAUC: 0.6732	Eval_AUC: 0.6356
Epoch 3 Global_step 285000	Train_loss: 0.2560	logloss: 0.9858	Eval_GAUC: 0.6887	Eval_AUC: 0.6469
Epoch 3 Global_step 286000	Train_loss: 0.2566	logloss: 0.9346	Eval_GAUC: 0.6846	Eval_AUC: 0.6421
Epoch 3 Global_step 287000	Train_loss: 0.2625	logloss: 0.9524	Eval_GAUC: 0.6752	Eval_AUC: 0.6310
Epoch 3 Global_step 288000	Train_loss: 0.2588	logloss: 0.9543	Eval_GAUC: 0.6933	Eval_AUC: 0.6519
Epoch 3 Global_step 289000	Train_loss: 0.2643	logloss: 0.9164	Eval_GAUC: 0.6957	Eval_AUC: 0.6600
Epoch 3 Global_step 290000	Train_loss: 0.2567	logloss: 0.9611	Eval_GAUC: 0.6897	Eval_AUC: 0.6507
Epoch 3 Global_step 291000	Train_loss: 0.2618	logloss: 0.9326	Eval_GAUC: 0.6777	Eval_AUC: 0.6360
Epoch 3 Global_step 292000	Train_loss: 0.2637	logloss: 0.9261	Eval_GAUC: 0.6812	Eval_AUC: 0.6360
Epoch 3 Global_step 293000	Train_loss: 0.2637	logloss: 0.9315	Eval_GAUC: 0.6815	Eval_AUC: 0.6370
Epoch 3 Global_step 294000	Train_loss: 0.2723	logloss: 0.9068	Eval_GAUC: 0.6701	Eval_AUC: 0.6326
Epoch 3 Global_step 295000	Train_loss: 0.2692	logloss: 0.9396	Eval_GAUC: 0.6740	Eval_AUC: 0.6378
Epoch 3 Global_step 296000	Train_loss: 0.2643	logloss: 0.9597	Eval_GAUC: 0.6805	Eval_AUC: 0.6465
Epoch 3 Global_step 297000	Train_loss: 0.2651	logloss: 0.9359	Eval_GAUC: 0.6749	Eval_AUC: 0.6384
Epoch 3 Global_step 298000	Train_loss: 0.2688	logloss: 0.9733	Eval_GAUC: 0.6760	Eval_AUC: 0.6371
Epoch 3 Global_step 299000	Train_loss: 0.2657	logloss: 0.9412	Eval_GAUC: 0.6796	Eval_AUC: 0.6395
Epoch 3 Global_step 300000	Train_loss: 0.2667	logloss: 0.9316	Eval_GAUC: 0.6972	Eval_AUC: 0.6611
Epoch 3 Global_step 301000	Train_loss: 0.2702	logloss: 0.9386	Eval_GAUC: 0.6848	Eval_AUC: 0.6461
Epoch 3 Global_step 302000	Train_loss: 0.2697	logloss: 0.9518	Eval_GAUC: 0.6751	Eval_AUC: 0.6398
Epoch 3 Global_step 303000	Train_loss: 0.2712	logloss: 0.9570	Eval_GAUC: 0.6704	Eval_AUC: 0.6373
Epoch 3 Global_step 304000	Train_loss: 0.2669	logloss: 0.9283	Eval_GAUC: 0.6727	Eval_AUC: 0.6404
Epoch 3 Global_step 305000	Train_loss: 0.2668	logloss: 0.9358	Eval_GAUC: 0.6906	Eval_AUC: 0.6567
Epoch 3 Global_step 306000	Train_loss: 0.2735	logloss: 0.9160	Eval_GAUC: 0.6622	Eval_AUC: 0.6353
Epoch 3 Global_step 307000	Train_loss: 0.2671	logloss: 0.9478	Eval_GAUC: 0.6648	Eval_AUC: 0.6314
Epoch 3 Global_step 308000	Train_loss: 0.2634	logloss: 0.9555	Eval_GAUC: 0.6727	Eval_AUC: 0.6431
Epoch 3 Global_step 309000	Train_loss: 0.2704	logloss: 0.9819	Eval_GAUC: 0.6644	Eval_AUC: 0.6301
Epoch 3 Global_step 310000	Train_loss: 0.2724	logloss: 0.9392	Eval_GAUC: 0.6654	Eval_AUC: 0.6398
Epoch 3 Global_step 311000	Train_loss: 0.2677	logloss: 0.9350	Eval_GAUC: 0.6786	Eval_AUC: 0.6522
Epoch 3 Global_step 312000	Train_loss: 0.2739	logloss: 0.9195	Eval_GAUC: 0.6700	Eval_AUC: 0.6450
Epoch 3 Global_step 313000	Train_loss: 0.2674	logloss: 0.9316	Eval_GAUC: 0.6675	Eval_AUC: 0.6440
Epoch 3 Global_step 314000	Train_loss: 0.2546	logloss: 0.9742	Eval_GAUC: 0.6597	Eval_AUC: 0.6329
Epoch 3 Global_step 315000	Train_loss: 0.2578	logloss: 0.9675	Eval_GAUC: 0.6566	Eval_AUC: 0.6297
Epoch 3 Global_step 316000	Train_loss: 0.2635	logloss: 0.9548	Eval_GAUC: 0.6733	Eval_AUC: 0.6444
Epoch 3 Global_step 317000	Train_loss: 0.2733	logloss: 0.9553	Eval_GAUC: 0.6824	Eval_AUC: 0.6540
Epoch 3 Global_step 318000	Train_loss: 0.2655	logloss: 0.9180	Eval_GAUC: 0.6689	Eval_AUC: 0.6420
Epoch 3 Global_step 319000	Train_loss: 0.2496	logloss: 0.9851	Eval_GAUC: 0.6817	Eval_AUC: 0.6483
Epoch 3 Global_step 320000	Train_loss: 0.2509	logloss: 0.9453	Eval_GAUC: 0.6759	Eval_AUC: 0.6448
Epoch 3 DONE	Cost time: 142681.60
Epoch 4 Global_step 321000	Train_loss: 0.1689	logloss: 1.0190	Eval_GAUC: 0.6730	Eval_AUC: 0.6209
Epoch 4 Global_step 322000	Train_loss: 0.2155	logloss: 1.0466	Eval_GAUC: 0.6791	Eval_AUC: 0.6156
Epoch 4 Global_step 323000	Train_loss: 0.1842	logloss: 1.0342	Eval_GAUC: 0.6949	Eval_AUC: 0.6198
Epoch 4 Global_step 324000	Train_loss: 0.1922	logloss: 1.1152	Eval_GAUC: 0.6991	Eval_AUC: 0.6246
Epoch 4 Global_step 325000	Train_loss: 0.1940	logloss: 1.0496	Eval_GAUC: 0.7010	Eval_AUC: 0.6367
Epoch 4 Global_step 326000	Train_loss: 0.1893	logloss: 1.0587	Eval_GAUC: 0.6844	Eval_AUC: 0.6145
Epoch 4 Global_step 327000	Train_loss: 0.1863	logloss: 1.0641	Eval_GAUC: 0.6770	Eval_AUC: 0.6063
Epoch 4 Global_step 328000	Train_loss: 0.1971	logloss: 1.0204	Eval_GAUC: 0.6912	Eval_AUC: 0.6408
Epoch 4 Global_step 329000	Train_loss: 0.1941	logloss: 1.1056	Eval_GAUC: 0.6547	Eval_AUC: 0.6039
Epoch 4 Global_step 330000	Train_loss: 0.1889	logloss: 1.0473	Eval_GAUC: 0.6801	Eval_AUC: 0.6223
Epoch 4 Global_step 331000	Train_loss: 0.1897	logloss: 1.0554	Eval_GAUC: 0.6708	Eval_AUC: 0.6138
Epoch 4 Global_step 332000	Train_loss: 0.1991	logloss: 1.1215	Eval_GAUC: 0.6796	Eval_AUC: 0.6238
Epoch 4 Global_step 333000	Train_loss: 0.1826	logloss: 1.1471	Eval_GAUC: 0.6822	Eval_AUC: 0.6164
Epoch 4 Global_step 334000	Train_loss: 0.1797	logloss: 0.9989	Eval_GAUC: 0.6911	Eval_AUC: 0.6305
Epoch 4 Global_step 335000	Train_loss: 0.1866	logloss: 1.1482	Eval_GAUC: 0.6691	Eval_AUC: 0.6189
Epoch 4 Global_step 336000	Train_loss: 0.1918	logloss: 1.0647	Eval_GAUC: 0.6757	Eval_AUC: 0.6245
Epoch 4 Global_step 337000	Train_loss: 0.1877	logloss: 1.0944	Eval_GAUC: 0.6766	Eval_AUC: 0.6282
Epoch 4 Global_step 338000	Train_loss: 0.1849	logloss: 1.1438	Eval_GAUC: 0.6694	Eval_AUC: 0.6147
Epoch 4 Global_step 339000	Train_loss: 0.1904	logloss: 1.1075	Eval_GAUC: 0.6748	Eval_AUC: 0.6240
Epoch 4 Global_step 340000	Train_loss: 0.1925	logloss: 1.1029	Eval_GAUC: 0.6652	Eval_AUC: 0.6116
Epoch 4 Global_step 341000	Train_loss: 0.2013	logloss: 1.0398	Eval_GAUC: 0.6720	Eval_AUC: 0.6168
Epoch 4 Global_step 342000	Train_loss: 0.2005	logloss: 1.0589	Eval_GAUC: 0.6868	Eval_AUC: 0.6286
Epoch 4 Global_step 343000	Train_loss: 0.2075	logloss: 1.0815	Eval_GAUC: 0.6760	Eval_AUC: 0.6267
Epoch 4 Global_step 344000	Train_loss: 0.1969	logloss: 1.1056	Eval_GAUC: 0.6789	Eval_AUC: 0.6232
Epoch 4 Global_step 345000	Train_loss: 0.1955	logloss: 1.0539	Eval_GAUC: 0.6648	Eval_AUC: 0.6087
Epoch 4 Global_step 346000	Train_loss: 0.1913	logloss: 1.1400	Eval_GAUC: 0.6748	Eval_AUC: 0.6168
Epoch 4 Global_step 347000	Train_loss: 0.1901	logloss: 1.0622	Eval_GAUC: 0.6746	Eval_AUC: 0.6208
Epoch 4 Global_step 348000	Train_loss: 0.1942	logloss: 1.0652	Eval_GAUC: 0.6797	Eval_AUC: 0.6236
Epoch 4 Global_step 349000	Train_loss: 0.1886	logloss: 1.0960	Eval_GAUC: 0.6821	Eval_AUC: 0.6245
Epoch 4 Global_step 350000	Train_loss: 0.1950	logloss: 1.0687	Eval_GAUC: 0.6758	Eval_AUC: 0.6212
Epoch 4 Global_step 351000	Train_loss: 0.1945	logloss: 1.0524	Eval_GAUC: 0.6930	Eval_AUC: 0.6407
Epoch 4 Global_step 352000	Train_loss: 0.1970	logloss: 1.0326	Eval_GAUC: 0.6686	Eval_AUC: 0.6231
Epoch 4 Global_step 353000	Train_loss: 0.2043	logloss: 1.0605	Eval_GAUC: 0.6636	Eval_AUC: 0.6149
Epoch 4 Global_step 354000	Train_loss: 0.1959	logloss: 1.0911	Eval_GAUC: 0.6758	Eval_AUC: 0.6203
Epoch 4 Global_step 355000	Train_loss: 0.2012	logloss: 1.0394	Eval_GAUC: 0.6849	Eval_AUC: 0.6352
Epoch 4 Global_step 356000	Train_loss: 0.1965	logloss: 1.0418	Eval_GAUC: 0.6784	Eval_AUC: 0.6254
Epoch 4 Global_step 357000	Train_loss: 0.2071	logloss: 1.0558	Eval_GAUC: 0.6790	Eval_AUC: 0.6298
Epoch 4 Global_step 358000	Train_loss: 0.2070	logloss: 1.0213	Eval_GAUC: 0.6756	Eval_AUC: 0.6305
Epoch 4 Global_step 359000	Train_loss: 0.1987	logloss: 1.0671	Eval_GAUC: 0.6826	Eval_AUC: 0.6335
Epoch 4 Global_step 360000	Train_loss: 0.2058	logloss: 1.0323	Eval_GAUC: 0.6884	Eval_AUC: 0.6442
Epoch 4 Global_step 361000	Train_loss: 0.1969	logloss: 1.0844	Eval_GAUC: 0.6790	Eval_AUC: 0.6321
Epoch 4 Global_step 362000	Train_loss: 0.1971	logloss: 1.0506	Eval_GAUC: 0.6565	Eval_AUC: 0.6148
