2022-04-29 21:10:53.139107: I tensorflow/core/platform/cpu_feature_guard.cc:137] Your CPU supports instructions that this TensorFlow binary was not compiled to use: SSE4.1 SSE4.2 AVX AVX2 FMA
2022-04-29 21:10:53.434624: I tensorflow/core/common_runtime/gpu/gpu_device.cc:1105] Found device 0 with properties: 
name: NVIDIA GeForce GTX 1080 major: 6 minor: 1 memoryClockRate(GHz): 1.797
pciBusID: 0000:02:00.0
totalMemory: 7.93GiB freeMemory: 3.75GiB
2022-04-29 21:10:53.434697: I tensorflow/core/common_runtime/gpu/gpu_device.cc:1195] Creating TensorFlow device (/device:GPU:0) -> (device: 0, name: NVIDIA GeForce GTX 1080, pci bus id: 0000:02:00.0, compute capability: 6.1)
hidden_units:128
numHot:40
pruning:0
item_emb(graph):True
gnn_layer:4
gnn_method:gcn_att4_rn
gcl:False
gcl_ran_num:1000
gcl_w:2.0
user_emb:False
gnn_user_emb:False
gcl_user_emb:False
start constructing adjcent table
loading item table from adj folder
loading user table from adj folder
ready
128
logloss: 0.7316	 test_gauc: 0.4801	 test_auc: 0.4827
Epoch 0 Global_step 1000	Train_loss: 0.6454	logloss: 0.6588	Eval_GAUC: 0.6585	Eval_AUC: 0.6669
Epoch 0 Global_step 2000	Train_loss: 0.6286	logloss: 0.6443	Eval_GAUC: 0.6620	Eval_AUC: 0.6664
Epoch 0 Global_step 3000	Train_loss: 0.6218	logloss: 0.6426	Eval_GAUC: 0.6606	Eval_AUC: 0.6717
Epoch 0 Global_step 4000	Train_loss: 0.6183	logloss: 0.6325	Eval_GAUC: 0.6728	Eval_AUC: 0.6835
Epoch 0 Global_step 5000	Train_loss: 0.6103	logloss: 0.6347	Eval_GAUC: 0.6751	Eval_AUC: 0.6830
Epoch 0 Global_step 6000	Train_loss: 0.6077	logloss: 0.6387	Eval_GAUC: 0.6801	Eval_AUC: 0.6840
Epoch 0 Global_step 7000	Train_loss: 0.6097	logloss: 0.6355	Eval_GAUC: 0.6838	Eval_AUC: 0.6895
Epoch 0 Global_step 8000	Train_loss: 0.6066	logloss: 0.6361	Eval_GAUC: 0.6773	Eval_AUC: 0.6788
Epoch 0 Global_step 9000	Train_loss: 0.6052	logloss: 0.6353	Eval_GAUC: 0.6810	Eval_AUC: 0.6846
Epoch 0 Global_step 10000	Train_loss: 0.6004	logloss: 0.6285	Eval_GAUC: 0.6859	Eval_AUC: 0.6930
Epoch 0 Global_step 11000	Train_loss: 0.6058	logloss: 0.6237	Eval_GAUC: 0.6924	Eval_AUC: 0.6996
Epoch 0 Global_step 12000	Train_loss: 0.6008	logloss: 0.6299	Eval_GAUC: 0.6850	Eval_AUC: 0.6903
Epoch 0 Global_step 13000	Train_loss: 0.5989	logloss: 0.6243	Eval_GAUC: 0.6885	Eval_AUC: 0.6959
Epoch 0 Global_step 14000	Train_loss: 0.5969	logloss: 0.6302	Eval_GAUC: 0.6885	Eval_AUC: 0.6937
Epoch 0 Global_step 15000	Train_loss: 0.5980	logloss: 0.6218	Eval_GAUC: 0.6955	Eval_AUC: 0.7020
Epoch 0 Global_step 16000	Train_loss: 0.5958	logloss: 0.6246	Eval_GAUC: 0.6898	Eval_AUC: 0.6975
Epoch 0 Global_step 17000	Train_loss: 0.5983	logloss: 0.6249	Eval_GAUC: 0.6930	Eval_AUC: 0.6970
Epoch 0 Global_step 18000	Train_loss: 0.5944	logloss: 0.6241	Eval_GAUC: 0.6958	Eval_AUC: 0.7004
Epoch 0 Global_step 19000	Train_loss: 0.5969	logloss: 0.6275	Eval_GAUC: 0.6905	Eval_AUC: 0.6911
Epoch 0 Global_step 20000	Train_loss: 0.5955	logloss: 0.6237	Eval_GAUC: 0.6954	Eval_AUC: 0.6987
Epoch 0 Global_step 21000	Train_loss: 0.5964	logloss: 0.6276	Eval_GAUC: 0.6924	Eval_AUC: 0.6979
Epoch 0 Global_step 22000	Train_loss: 0.5949	logloss: 0.6250	Eval_GAUC: 0.6927	Eval_AUC: 0.6978
Epoch 0 Global_step 23000	Train_loss: 0.6009	logloss: 0.6204	Eval_GAUC: 0.6971	Eval_AUC: 0.7041
Epoch 0 Global_step 24000	Train_loss: 0.5940	logloss: 0.6294	Eval_GAUC: 0.6915	Eval_AUC: 0.6945
Epoch 0 Global_step 25000	Train_loss: 0.5948	logloss: 0.6211	Eval_GAUC: 0.6976	Eval_AUC: 0.7024
Epoch 0 Global_step 26000	Train_loss: 0.5962	logloss: 0.6232	Eval_GAUC: 0.6967	Eval_AUC: 0.7011
Epoch 0 Global_step 27000	Train_loss: 0.5960	logloss: 0.6201	Eval_GAUC: 0.7023	Eval_AUC: 0.7058
Epoch 0 Global_step 28000	Train_loss: 0.5898	logloss: 0.6174	Eval_GAUC: 0.7064	Eval_AUC: 0.7101
Epoch 0 Global_step 29000	Train_loss: 0.5928	logloss: 0.6223	Eval_GAUC: 0.6990	Eval_AUC: 0.7036
Epoch 0 Global_step 30000	Train_loss: 0.5868	logloss: 0.6248	Eval_GAUC: 0.6987	Eval_AUC: 0.7017
Epoch 0 Global_step 31000	Train_loss: 0.5882	logloss: 0.6220	Eval_GAUC: 0.6987	Eval_AUC: 0.7028
Epoch 0 Global_step 32000	Train_loss: 0.5893	logloss: 0.6243	Eval_GAUC: 0.6995	Eval_AUC: 0.7011
Epoch 0 Global_step 33000	Train_loss: 0.5911	logloss: 0.6181	Eval_GAUC: 0.7039	Eval_AUC: 0.7069
Epoch 0 Global_step 34000	Train_loss: 0.5865	logloss: 0.6234	Eval_GAUC: 0.7013	Eval_AUC: 0.7032
Epoch 0 Global_step 35000	Train_loss: 0.5873	logloss: 0.6233	Eval_GAUC: 0.7036	Eval_AUC: 0.7057
Epoch 0 Global_step 36000	Train_loss: 0.5843	logloss: 0.6273	Eval_GAUC: 0.6963	Eval_AUC: 0.7003
Epoch 0 Global_step 37000	Train_loss: 0.5862	logloss: 0.6211	Eval_GAUC: 0.7020	Eval_AUC: 0.7059
Epoch 0 Global_step 38000	Train_loss: 0.5853	logloss: 0.6238	Eval_GAUC: 0.7071	Eval_AUC: 0.7111
Epoch 0 Global_step 39000	Train_loss: 0.5856	logloss: 0.6253	Eval_GAUC: 0.6994	Eval_AUC: 0.7016
Epoch 0 Global_step 40000	Train_loss: 0.5843	logloss: 0.6224	Eval_GAUC: 0.7029	Eval_AUC: 0.7060
Epoch 0 Global_step 41000	Train_loss: 0.5874	logloss: 0.6172	Eval_GAUC: 0.7062	Eval_AUC: 0.7095
Epoch 0 Global_step 42000	Train_loss: 0.5853	logloss: 0.6185	Eval_GAUC: 0.7074	Eval_AUC: 0.7098
Epoch 0 Global_step 43000	Train_loss: 0.5835	logloss: 0.6236	Eval_GAUC: 0.7011	Eval_AUC: 0.7058
Epoch 0 Global_step 44000	Train_loss: 0.5837	logloss: 0.6213	Eval_GAUC: 0.7065	Eval_AUC: 0.7083
Epoch 0 Global_step 45000	Train_loss: 0.5814	logloss: 0.6212	Eval_GAUC: 0.7037	Eval_AUC: 0.7071
Epoch 0 Global_step 46000	Train_loss: 0.5830	logloss: 0.6239	Eval_GAUC: 0.7017	Eval_AUC: 0.7040
Epoch 0 Global_step 47000	Train_loss: 0.5818	logloss: 0.6191	Eval_GAUC: 0.7059	Eval_AUC: 0.7069
Epoch 0 Global_step 48000	Train_loss: 0.5829	logloss: 0.6182	Eval_GAUC: 0.7099	Eval_AUC: 0.7103
Epoch 0 Global_step 49000	Train_loss: 0.5836	logloss: 0.6145	Eval_GAUC: 0.7125	Eval_AUC: 0.7133
Epoch 0 Global_step 50000	Train_loss: 0.5866	logloss: 0.6172	Eval_GAUC: 0.7143	Eval_AUC: 0.7125
Epoch 0 Global_step 51000	Train_loss: 0.5827	logloss: 0.6166	Eval_GAUC: 0.7108	Eval_AUC: 0.7137
Epoch 0 Global_step 52000	Train_loss: 0.5812	logloss: 0.6225	Eval_GAUC: 0.7057	Eval_AUC: 0.7080
Epoch 0 Global_step 53000	Train_loss: 0.5810	logloss: 0.6170	Eval_GAUC: 0.7070	Eval_AUC: 0.7101
Epoch 0 Global_step 54000	Train_loss: 0.5848	logloss: 0.6210	Eval_GAUC: 0.7107	Eval_AUC: 0.7095
Epoch 0 Global_step 55000	Train_loss: 0.5790	logloss: 0.6134	Eval_GAUC: 0.7124	Eval_AUC: 0.7161
Epoch 0 Global_step 56000	Train_loss: 0.5766	logloss: 0.6241	Eval_GAUC: 0.7015	Eval_AUC: 0.7037
Epoch 0 Global_step 57000	Train_loss: 0.5777	logloss: 0.6189	Eval_GAUC: 0.7072	Eval_AUC: 0.7084
Epoch 0 Global_step 58000	Train_loss: 0.5826	logloss: 0.6188	Eval_GAUC: 0.7069	Eval_AUC: 0.7085
Epoch 0 Global_step 59000	Train_loss: 0.5800	logloss: 0.6161	Eval_GAUC: 0.7142	Eval_AUC: 0.7132
Epoch 0 Global_step 60000	Train_loss: 0.5735	logloss: 0.6142	Eval_GAUC: 0.7139	Eval_AUC: 0.7151
Epoch 0 Global_step 61000	Train_loss: 0.5795	logloss: 0.6137	Eval_GAUC: 0.7153	Eval_AUC: 0.7163
Epoch 0 Global_step 62000	Train_loss: 0.5802	logloss: 0.6197	Eval_GAUC: 0.7076	Eval_AUC: 0.7089
Epoch 0 Global_step 63000	Train_loss: 0.5785	logloss: 0.6146	Eval_GAUC: 0.7131	Eval_AUC: 0.7156
Epoch 0 Global_step 64000	Train_loss: 0.5772	logloss: 0.6146	Eval_GAUC: 0.7120	Eval_AUC: 0.7145
Epoch 0 Global_step 65000	Train_loss: 0.5788	logloss: 0.6146	Eval_GAUC: 0.7110	Eval_AUC: 0.7144
Epoch 0 Global_step 66000	Train_loss: 0.5768	logloss: 0.6188	Eval_GAUC: 0.7109	Eval_AUC: 0.7104
Epoch 0 Global_step 67000	Train_loss: 0.5773	logloss: 0.6127	Eval_GAUC: 0.7160	Eval_AUC: 0.7178
Epoch 0 Global_step 68000	Train_loss: 0.5771	logloss: 0.6133	Eval_GAUC: 0.7136	Eval_AUC: 0.7157
Epoch 0 Global_step 69000	Train_loss: 0.5765	logloss: 0.6156	Eval_GAUC: 0.7125	Eval_AUC: 0.7133
Epoch 0 Global_step 70000	Train_loss: 0.5790	logloss: 0.6113	Eval_GAUC: 0.7152	Eval_AUC: 0.7188
Epoch 0 Global_step 71000	Train_loss: 0.5762	logloss: 0.6175	Eval_GAUC: 0.7102	Eval_AUC: 0.7125
Epoch 0 Global_step 72000	Train_loss: 0.5758	logloss: 0.6177	Eval_GAUC: 0.7096	Eval_AUC: 0.7117
Epoch 0 Global_step 73000	Train_loss: 0.5764	logloss: 0.6142	Eval_GAUC: 0.7121	Eval_AUC: 0.7155
Epoch 0 Global_step 74000	Train_loss: 0.5754	logloss: 0.6116	Eval_GAUC: 0.7169	Eval_AUC: 0.7184
Epoch 0 Global_step 75000	Train_loss: 0.5760	logloss: 0.6178	Eval_GAUC: 0.7090	Eval_AUC: 0.7120
Epoch 0 Global_step 76000	Train_loss: 0.5762	logloss: 0.6157	Eval_GAUC: 0.7109	Eval_AUC: 0.7120
Epoch 0 Global_step 77000	Train_loss: 0.5708	logloss: 0.6168	Eval_GAUC: 0.7135	Eval_AUC: 0.7142
Epoch 0 Global_step 78000	Train_loss: 0.5753	logloss: 0.6139	Eval_GAUC: 0.7143	Eval_AUC: 0.7161
Epoch 0 Global_step 79000	Train_loss: 0.5712	logloss: 0.6145	Eval_GAUC: 0.7146	Eval_AUC: 0.7185
Epoch 0 Global_step 80000	Train_loss: 0.5741	logloss: 0.6115	Eval_GAUC: 0.7171	Eval_AUC: 0.7198
Epoch 0 DONE	Cost time: 29367.73
Epoch 1 Global_step 81000	Train_loss: 0.5363	logloss: 0.6213	Eval_GAUC: 0.7114	Eval_AUC: 0.7113
Epoch 1 Global_step 82000	Train_loss: 0.5728	logloss: 0.6113	Eval_GAUC: 0.7202	Eval_AUC: 0.7219
Epoch 1 Global_step 83000	Train_loss: 0.5699	logloss: 0.6138	Eval_GAUC: 0.7144	Eval_AUC: 0.7170
Epoch 1 Global_step 84000	Train_loss: 0.5720	logloss: 0.6127	Eval_GAUC: 0.7159	Eval_AUC: 0.7193
Epoch 1 Global_step 85000	Train_loss: 0.5671	logloss: 0.6145	Eval_GAUC: 0.7166	Eval_AUC: 0.7182
Epoch 1 Global_step 86000	Train_loss: 0.5688	logloss: 0.6127	Eval_GAUC: 0.7161	Eval_AUC: 0.7191
Epoch 1 Global_step 87000	Train_loss: 0.5717	logloss: 0.6133	Eval_GAUC: 0.7171	Eval_AUC: 0.7184
Epoch 1 Global_step 88000	Train_loss: 0.5704	logloss: 0.6111	Eval_GAUC: 0.7200	Eval_AUC: 0.7214
Epoch 1 Global_step 89000	Train_loss: 0.5698	logloss: 0.6190	Eval_GAUC: 0.7115	Eval_AUC: 0.7114
Epoch 1 Global_step 90000	Train_loss: 0.5655	logloss: 0.6172	Eval_GAUC: 0.7115	Eval_AUC: 0.7126
Epoch 1 Global_step 91000	Train_loss: 0.5711	logloss: 0.6164	Eval_GAUC: 0.7136	Eval_AUC: 0.7141
Epoch 1 Global_step 92000	Train_loss: 0.5686	logloss: 0.6128	Eval_GAUC: 0.7179	Eval_AUC: 0.7190
Epoch 1 Global_step 93000	Train_loss: 0.5663	logloss: 0.6125	Eval_GAUC: 0.7147	Eval_AUC: 0.7189
Epoch 1 Global_step 94000	Train_loss: 0.5638	logloss: 0.6138	Eval_GAUC: 0.7182	Eval_AUC: 0.7208
Epoch 1 Global_step 95000	Train_loss: 0.5665	logloss: 0.6140	Eval_GAUC: 0.7191	Eval_AUC: 0.7201
Epoch 1 Global_step 96000	Train_loss: 0.5658	logloss: 0.6142	Eval_GAUC: 0.7139	Eval_AUC: 0.7162
Epoch 1 Global_step 97000	Train_loss: 0.5670	logloss: 0.6129	Eval_GAUC: 0.7163	Eval_AUC: 0.7180
Epoch 1 Global_step 98000	Train_loss: 0.5631	logloss: 0.6165	Eval_GAUC: 0.7099	Eval_AUC: 0.7119
Epoch 1 Global_step 99000	Train_loss: 0.5696	logloss: 0.6149	Eval_GAUC: 0.7150	Eval_AUC: 0.7167
Epoch 1 Global_step 100000	Train_loss: 0.5667	logloss: 0.6168	Eval_GAUC: 0.7121	Eval_AUC: 0.7154
Epoch 1 Global_step 101000	Train_loss: 0.5653	logloss: 0.6163	Eval_GAUC: 0.7116	Eval_AUC: 0.7142
Epoch 1 Global_step 102000	Train_loss: 0.5671	logloss: 0.6157	Eval_GAUC: 0.7162	Eval_AUC: 0.7171
Epoch 1 Global_step 103000	Train_loss: 0.5616	logloss: 0.6137	Eval_GAUC: 0.7175	Eval_AUC: 0.7192
Epoch 1 Global_step 104000	Train_loss: 0.5662	logloss: 0.6191	Eval_GAUC: 0.7117	Eval_AUC: 0.7131
Epoch 1 Global_step 105000	Train_loss: 0.5679	logloss: 0.6126	Eval_GAUC: 0.7173	Eval_AUC: 0.7184
Epoch 1 Global_step 106000	Train_loss: 0.5686	logloss: 0.6124	Eval_GAUC: 0.7187	Eval_AUC: 0.7191
Epoch 1 Global_step 107000	Train_loss: 0.5693	logloss: 0.6158	Eval_GAUC: 0.7171	Eval_AUC: 0.7175
Epoch 1 Global_step 108000	Train_loss: 0.5631	logloss: 0.6111	Eval_GAUC: 0.7241	Eval_AUC: 0.7246
Epoch 1 Global_step 109000	Train_loss: 0.5664	logloss: 0.6105	Eval_GAUC: 0.7203	Eval_AUC: 0.7235
Epoch 1 Global_step 110000	Train_loss: 0.5587	logloss: 0.6149	Eval_GAUC: 0.7202	Eval_AUC: 0.7214
Epoch 1 Global_step 111000	Train_loss: 0.5611	logloss: 0.6112	Eval_GAUC: 0.7236	Eval_AUC: 0.7257
Epoch 1 Global_step 112000	Train_loss: 0.5631	logloss: 0.6072	Eval_GAUC: 0.7238	Eval_AUC: 0.7260
Epoch 1 Global_step 113000	Train_loss: 0.5642	logloss: 0.6110	Eval_GAUC: 0.7206	Eval_AUC: 0.7222
Epoch 1 Global_step 114000	Train_loss: 0.5652	logloss: 0.6136	Eval_GAUC: 0.7190	Eval_AUC: 0.7208
Epoch 1 Global_step 115000	Train_loss: 0.5620	logloss: 0.6121	Eval_GAUC: 0.7193	Eval_AUC: 0.7220
Epoch 1 Global_step 116000	Train_loss: 0.5598	logloss: 0.6114	Eval_GAUC: 0.7189	Eval_AUC: 0.7210
Epoch 1 Global_step 117000	Train_loss: 0.5638	logloss: 0.6102	Eval_GAUC: 0.7199	Eval_AUC: 0.7228
Epoch 1 Global_step 118000	Train_loss: 0.5607	logloss: 0.6092	Eval_GAUC: 0.7223	Eval_AUC: 0.7244
Epoch 1 Global_step 119000	Train_loss: 0.5612	logloss: 0.6146	Eval_GAUC: 0.7152	Eval_AUC: 0.7174
Epoch 1 Global_step 120000	Train_loss: 0.5594	logloss: 0.6149	Eval_GAUC: 0.7199	Eval_AUC: 0.7206
Epoch 1 Global_step 121000	Train_loss: 0.5614	logloss: 0.6132	Eval_GAUC: 0.7175	Eval_AUC: 0.7207
Epoch 1 Global_step 122000	Train_loss: 0.5612	logloss: 0.6137	Eval_GAUC: 0.7169	Eval_AUC: 0.7194
Epoch 1 Global_step 123000	Train_loss: 0.5618	logloss: 0.6122	Eval_GAUC: 0.7175	Eval_AUC: 0.7213
Epoch 1 Global_step 124000	Train_loss: 0.5604	logloss: 0.6113	Eval_GAUC: 0.7202	Eval_AUC: 0.7214
Epoch 1 Global_step 125000	Train_loss: 0.5560	logloss: 0.6150	Eval_GAUC: 0.7181	Eval_AUC: 0.7190
Epoch 1 Global_step 126000	Train_loss: 0.5590	logloss: 0.6126	Eval_GAUC: 0.7225	Eval_AUC: 0.7235
Epoch 1 Global_step 127000	Train_loss: 0.5626	logloss: 0.6151	Eval_GAUC: 0.7167	Eval_AUC: 0.7183
Epoch 1 Global_step 128000	Train_loss: 0.5603	logloss: 0.6146	Eval_GAUC: 0.7168	Eval_AUC: 0.7192
Epoch 1 Global_step 129000	Train_loss: 0.5610	logloss: 0.6129	Eval_GAUC: 0.7168	Eval_AUC: 0.7188
Epoch 1 Global_step 130000	Train_loss: 0.5621	logloss: 0.6089	Eval_GAUC: 0.7226	Eval_AUC: 0.7239
Epoch 1 Global_step 131000	Train_loss: 0.5618	logloss: 0.6119	Eval_GAUC: 0.7206	Eval_AUC: 0.7221
Epoch 1 Global_step 132000	Train_loss: 0.5574	logloss: 0.6147	Eval_GAUC: 0.7205	Eval_AUC: 0.7222
Epoch 1 Global_step 133000	Train_loss: 0.5598	logloss: 0.6158	Eval_GAUC: 0.7182	Eval_AUC: 0.7204
Epoch 1 Global_step 134000	Train_loss: 0.5651	logloss: 0.6168	Eval_GAUC: 0.7197	Eval_AUC: 0.7185
Epoch 1 Global_step 135000	Train_loss: 0.5576	logloss: 0.6132	Eval_GAUC: 0.7201	Eval_AUC: 0.7214
Epoch 1 Global_step 136000	Train_loss: 0.5541	logloss: 0.6149	Eval_GAUC: 0.7123	Eval_AUC: 0.7150
Epoch 1 Global_step 137000	Train_loss: 0.5572	logloss: 0.6166	Eval_GAUC: 0.7135	Eval_AUC: 0.7159
Epoch 1 Global_step 138000	Train_loss: 0.5600	logloss: 0.6129	Eval_GAUC: 0.7177	Eval_AUC: 0.7202
Epoch 1 Global_step 139000	Train_loss: 0.5594	logloss: 0.6110	Eval_GAUC: 0.7231	Eval_AUC: 0.7240
Epoch 1 Global_step 140000	Train_loss: 0.5522	logloss: 0.6122	Eval_GAUC: 0.7212	Eval_AUC: 0.7227
Epoch 1 Global_step 141000	Train_loss: 0.5574	logloss: 0.6095	Eval_GAUC: 0.7212	Eval_AUC: 0.7237
Epoch 1 Global_step 142000	Train_loss: 0.5604	logloss: 0.6135	Eval_GAUC: 0.7198	Eval_AUC: 0.7205
Epoch 1 Global_step 143000	Train_loss: 0.5591	logloss: 0.6094	Eval_GAUC: 0.7197	Eval_AUC: 0.7226
Epoch 1 Global_step 144000	Train_loss: 0.5544	logloss: 0.6116	Eval_GAUC: 0.7208	Eval_AUC: 0.7218
Epoch 1 Global_step 145000	Train_loss: 0.5596	logloss: 0.6130	Eval_GAUC: 0.7213	Eval_AUC: 0.7216
Epoch 1 Global_step 146000	Train_loss: 0.5575	logloss: 0.6142	Eval_GAUC: 0.7193	Eval_AUC: 0.7191
Epoch 1 Global_step 147000	Train_loss: 0.5588	logloss: 0.6128	Eval_GAUC: 0.7195	Eval_AUC: 0.7215
Epoch 1 Global_step 148000	Train_loss: 0.5561	logloss: 0.6113	Eval_GAUC: 0.7209	Eval_AUC: 0.7210
Epoch 1 Global_step 149000	Train_loss: 0.5542	logloss: 0.6115	Eval_GAUC: 0.7203	Eval_AUC: 0.7198
Epoch 1 Global_step 150000	Train_loss: 0.5596	logloss: 0.6127	Eval_GAUC: 0.7178	Eval_AUC: 0.7199
Epoch 1 Global_step 151000	Train_loss: 0.5597	logloss: 0.6131	Eval_GAUC: 0.7178	Eval_AUC: 0.7189
Epoch 1 Global_step 152000	Train_loss: 0.5565	logloss: 0.6147	Eval_GAUC: 0.7179	Eval_AUC: 0.7203
Epoch 1 Global_step 153000	Train_loss: 0.5565	logloss: 0.6110	Eval_GAUC: 0.7191	Eval_AUC: 0.7220
Epoch 1 Global_step 154000	Train_loss: 0.5569	logloss: 0.6080	Eval_GAUC: 0.7220	Eval_AUC: 0.7251
Epoch 1 Global_step 155000	Train_loss: 0.5558	logloss: 0.6169	Eval_GAUC: 0.7187	Eval_AUC: 0.7198
Epoch 1 Global_step 156000	Train_loss: 0.5566	logloss: 0.6113	Eval_GAUC: 0.7202	Eval_AUC: 0.7218
Epoch 1 Global_step 157000	Train_loss: 0.5510	logloss: 0.6083	Eval_GAUC: 0.7232	Eval_AUC: 0.7253
Epoch 1 Global_step 158000	Train_loss: 0.5536	logloss: 0.6129	Eval_GAUC: 0.7184	Eval_AUC: 0.7214
Epoch 1 Global_step 159000	Train_loss: 0.5530	logloss: 0.6091	Eval_GAUC: 0.7223	Eval_AUC: 0.7261
Epoch 1 Global_step 160000	Train_loss: 0.5571	logloss: 0.6091	Eval_GAUC: 0.7259	Eval_AUC: 0.7266
Epoch 1 DONE	Cost time: 58579.82
Epoch 2 Global_step 161000	Train_loss: 0.4821	logloss: 0.6108	Eval_GAUC: 0.7221	Eval_AUC: 0.7232
Epoch 2 Global_step 162000	Train_loss: 0.5584	logloss: 0.6098	Eval_GAUC: 0.7225	Eval_AUC: 0.7245
Epoch 2 Global_step 163000	Train_loss: 0.5503	logloss: 0.6131	Eval_GAUC: 0.7240	Eval_AUC: 0.7236
Epoch 2 Global_step 164000	Train_loss: 0.5545	logloss: 0.6117	Eval_GAUC: 0.7187	Eval_AUC: 0.7219
Epoch 2 Global_step 165000	Train_loss: 0.5479	logloss: 0.6101	Eval_GAUC: 0.7219	Eval_AUC: 0.7243
Epoch 2 Global_step 166000	Train_loss: 0.5501	logloss: 0.6097	Eval_GAUC: 0.7235	Eval_AUC: 0.7251
Epoch 2 Global_step 167000	Train_loss: 0.5562	logloss: 0.6108	Eval_GAUC: 0.7255	Eval_AUC: 0.7262
Epoch 2 Global_step 168000	Train_loss: 0.5542	logloss: 0.6079	Eval_GAUC: 0.7248	Eval_AUC: 0.7265
Epoch 2 Global_step 169000	Train_loss: 0.5509	logloss: 0.6181	Eval_GAUC: 0.7208	Eval_AUC: 0.7196
Epoch 2 Global_step 170000	Train_loss: 0.5472	logloss: 0.6168	Eval_GAUC: 0.7187	Eval_AUC: 0.7182
Epoch 2 Global_step 171000	Train_loss: 0.5532	logloss: 0.6141	Eval_GAUC: 0.7204	Eval_AUC: 0.7213
Epoch 2 Global_step 172000	Train_loss: 0.5514	logloss: 0.6145	Eval_GAUC: 0.7235	Eval_AUC: 0.7235
Epoch 2 Global_step 173000	Train_loss: 0.5529	logloss: 0.6120	Eval_GAUC: 0.7218	Eval_AUC: 0.7221
Epoch 2 Global_step 174000	Train_loss: 0.5484	logloss: 0.6181	Eval_GAUC: 0.7180	Eval_AUC: 0.7195
Epoch 2 Global_step 175000	Train_loss: 0.5500	logloss: 0.6139	Eval_GAUC: 0.7204	Eval_AUC: 0.7210
Epoch 2 Global_step 176000	Train_loss: 0.5492	logloss: 0.6154	Eval_GAUC: 0.7191	Eval_AUC: 0.7209
Epoch 2 Global_step 177000	Train_loss: 0.5517	logloss: 0.6154	Eval_GAUC: 0.7182	Eval_AUC: 0.7181
Epoch 2 Global_step 178000	Train_loss: 0.5488	logloss: 0.6352	Eval_GAUC: 0.7175	Eval_AUC: 0.7132
Epoch 2 Global_step 179000	Train_loss: 0.5571	logloss: 0.6164	Eval_GAUC: 0.7159	Eval_AUC: 0.7179
Epoch 2 Global_step 180000	Train_loss: 0.5506	logloss: 0.6209	Eval_GAUC: 0.7170	Eval_AUC: 0.7167
Epoch 2 Global_step 181000	Train_loss: 0.5479	logloss: 0.6175	Eval_GAUC: 0.7212	Eval_AUC: 0.7205
Epoch 2 Global_step 182000	Train_loss: 0.5496	logloss: 0.6122	Eval_GAUC: 0.7229	Eval_AUC: 0.7234
Epoch 2 Global_step 183000	Train_loss: 0.5466	logloss: 0.6147	Eval_GAUC: 0.7206	Eval_AUC: 0.7206
Epoch 2 Global_step 184000	Train_loss: 0.5524	logloss: 0.6192	Eval_GAUC: 0.7161	Eval_AUC: 0.7150
Epoch 2 Global_step 185000	Train_loss: 0.5486	logloss: 0.6196	Eval_GAUC: 0.7189	Eval_AUC: 0.7185
Epoch 2 Global_step 186000	Train_loss: 0.5512	logloss: 0.6136	Eval_GAUC: 0.7197	Eval_AUC: 0.7215
Epoch 2 Global_step 187000	Train_loss: 0.5544	logloss: 0.6159	Eval_GAUC: 0.7233	Eval_AUC: 0.7204
Epoch 2 Global_step 188000	Train_loss: 0.5477	logloss: 0.6094	Eval_GAUC: 0.7231	Eval_AUC: 0.7263
Epoch 2 Global_step 189000	Train_loss: 0.5510	logloss: 0.6124	Eval_GAUC: 0.7218	Eval_AUC: 0.7226
Epoch 2 Global_step 190000	Train_loss: 0.5429	logloss: 0.6124	Eval_GAUC: 0.7228	Eval_AUC: 0.7235
Epoch 2 Global_step 191000	Train_loss: 0.5462	logloss: 0.6068	Eval_GAUC: 0.7269	Eval_AUC: 0.7273
Epoch 2 Global_step 192000	Train_loss: 0.5459	logloss: 0.6124	Eval_GAUC: 0.7229	Eval_AUC: 0.7226
Epoch 2 Global_step 193000	Train_loss: 0.5489	logloss: 0.6134	Eval_GAUC: 0.7242	Eval_AUC: 0.7232
Epoch 2 Global_step 194000	Train_loss: 0.5503	logloss: 0.6145	Eval_GAUC: 0.7205	Eval_AUC: 0.7216
Epoch 2 Global_step 195000	Train_loss: 0.5455	logloss: 0.6120	Eval_GAUC: 0.7220	Eval_AUC: 0.7232
Epoch 2 Global_step 196000	Train_loss: 0.5424	logloss: 0.6187	Eval_GAUC: 0.7184	Eval_AUC: 0.7172
Epoch 2 Global_step 197000	Train_loss: 0.5484	logloss: 0.6100	Eval_GAUC: 0.7250	Eval_AUC: 0.7258
Epoch 2 Global_step 198000	Train_loss: 0.5427	logloss: 0.6120	Eval_GAUC: 0.7230	Eval_AUC: 0.7246
Epoch 2 Global_step 199000	Train_loss: 0.5436	logloss: 0.6103	Eval_GAUC: 0.7238	Eval_AUC: 0.7252
Epoch 2 Global_step 200000	Train_loss: 0.5416	logloss: 0.6169	Eval_GAUC: 0.7220	Eval_AUC: 0.7214
Epoch 2 Global_step 201000	Train_loss: 0.5464	logloss: 0.6146	Eval_GAUC: 0.7195	Eval_AUC: 0.7198
Epoch 2 Global_step 202000	Train_loss: 0.5420	logloss: 0.6127	Eval_GAUC: 0.7198	Eval_AUC: 0.7224
Epoch 2 Global_step 203000	Train_loss: 0.5458	logloss: 0.6157	Eval_GAUC: 0.7202	Eval_AUC: 0.7209
Epoch 2 Global_step 204000	Train_loss: 0.5434	logloss: 0.6127	Eval_GAUC: 0.7219	Eval_AUC: 0.7228
Epoch 2 Global_step 205000	Train_loss: 0.5402	logloss: 0.6190	Eval_GAUC: 0.7181	Eval_AUC: 0.7177
Epoch 2 Global_step 206000	Train_loss: 0.5423	logloss: 0.6232	Eval_GAUC: 0.7219	Eval_AUC: 0.7182
Epoch 2 Global_step 207000	Train_loss: 0.5463	logloss: 0.6161	Eval_GAUC: 0.7191	Eval_AUC: 0.7204
Epoch 2 Global_step 208000	Train_loss: 0.5467	logloss: 0.6233	Eval_GAUC: 0.7171	Eval_AUC: 0.7164
Epoch 2 Global_step 209000	Train_loss: 0.5459	logloss: 0.6194	Eval_GAUC: 0.7176	Eval_AUC: 0.7179
Epoch 2 Global_step 210000	Train_loss: 0.5470	logloss: 0.6112	Eval_GAUC: 0.7253	Eval_AUC: 0.7259
Epoch 2 Global_step 211000	Train_loss: 0.5461	logloss: 0.6122	Eval_GAUC: 0.7216	Eval_AUC: 0.7226
Epoch 2 Global_step 212000	Train_loss: 0.5404	logloss: 0.6141	Eval_GAUC: 0.7206	Eval_AUC: 0.7221
Epoch 2 Global_step 213000	Train_loss: 0.5453	logloss: 0.6193	Eval_GAUC: 0.7162	Eval_AUC: 0.7160
Epoch 2 Global_step 214000	Train_loss: 0.5499	logloss: 0.6155	Eval_GAUC: 0.7203	Eval_AUC: 0.7194
Epoch 2 Global_step 215000	Train_loss: 0.5422	logloss: 0.6115	Eval_GAUC: 0.7248	Eval_AUC: 0.7253
Epoch 2 Global_step 216000	Train_loss: 0.5389	logloss: 0.6184	Eval_GAUC: 0.7187	Eval_AUC: 0.7193
Epoch 2 Global_step 217000	Train_loss: 0.5411	logloss: 0.6154	Eval_GAUC: 0.7185	Eval_AUC: 0.7186
Epoch 2 Global_step 218000	Train_loss: 0.5441	logloss: 0.6142	Eval_GAUC: 0.7194	Eval_AUC: 0.7206
Epoch 2 Global_step 219000	Train_loss: 0.5425	logloss: 0.6202	Eval_GAUC: 0.7189	Eval_AUC: 0.7188
Epoch 2 Global_step 220000	Train_loss: 0.5365	logloss: 0.6166	Eval_GAUC: 0.7205	Eval_AUC: 0.7220
Epoch 2 Global_step 221000	Train_loss: 0.5383	logloss: 0.6141	Eval_GAUC: 0.7200	Eval_AUC: 0.7207
Epoch 2 Global_step 222000	Train_loss: 0.5440	logloss: 0.6195	Eval_GAUC: 0.7223	Eval_AUC: 0.7200
Epoch 2 Global_step 223000	Train_loss: 0.5413	logloss: 0.6124	Eval_GAUC: 0.7229	Eval_AUC: 0.7222
Epoch 2 Global_step 224000	Train_loss: 0.5368	logloss: 0.6148	Eval_GAUC: 0.7258	Eval_AUC: 0.7238
Epoch 2 Global_step 225000	Train_loss: 0.5401	logloss: 0.6182	Eval_GAUC: 0.7219	Eval_AUC: 0.7191
Epoch 2 Global_step 226000	Train_loss: 0.5408	logloss: 0.6157	Eval_GAUC: 0.7220	Eval_AUC: 0.7215
Epoch 2 Global_step 227000	Train_loss: 0.5422	logloss: 0.6161	Eval_GAUC: 0.7245	Eval_AUC: 0.7237
Epoch 2 Global_step 228000	Train_loss: 0.5399	logloss: 0.6104	Eval_GAUC: 0.7259	Eval_AUC: 0.7258
Epoch 2 Global_step 229000	Train_loss: 0.5372	logloss: 0.6167	Eval_GAUC: 0.7213	Eval_AUC: 0.7188
Epoch 2 Global_step 230000	Train_loss: 0.5451	logloss: 0.6183	Eval_GAUC: 0.7201	Eval_AUC: 0.7191
Epoch 2 Global_step 231000	Train_loss: 0.5403	logloss: 0.6085	Eval_GAUC: 0.7271	Eval_AUC: 0.7288
Epoch 2 Global_step 232000	Train_loss: 0.5398	logloss: 0.6131	Eval_GAUC: 0.7254	Eval_AUC: 0.7253
Epoch 2 Global_step 233000	Train_loss: 0.5384	logloss: 0.6155	Eval_GAUC: 0.7219	Eval_AUC: 0.7215
Epoch 2 Global_step 234000	Train_loss: 0.5416	logloss: 0.6155	Eval_GAUC: 0.7249	Eval_AUC: 0.7227
Epoch 2 Global_step 235000	Train_loss: 0.5403	logloss: 0.6166	Eval_GAUC: 0.7202	Eval_AUC: 0.7203
Epoch 2 Global_step 236000	Train_loss: 0.5407	logloss: 0.6178	Eval_GAUC: 0.7239	Eval_AUC: 0.7217
Epoch 2 Global_step 237000	Train_loss: 0.5389	logloss: 0.6126	Eval_GAUC: 0.7211	Eval_AUC: 0.7227
Epoch 2 Global_step 238000	Train_loss: 0.5376	logloss: 0.6146	Eval_GAUC: 0.7220	Eval_AUC: 0.7223
Epoch 2 Global_step 239000	Train_loss: 0.5380	logloss: 0.6184	Eval_GAUC: 0.7241	Eval_AUC: 0.7247
Epoch 2 Global_step 240000	Train_loss: 0.5377	logloss: 0.6127	Eval_GAUC: 0.7239	Eval_AUC: 0.7246
Epoch 2 DONE	Cost time: 87747.86
Epoch 3 Global_step 241000	Train_loss: 0.4295	logloss: 0.6175	Eval_GAUC: 0.7224	Eval_AUC: 0.7221
Epoch 3 Global_step 242000	Train_loss: 0.5445	logloss: 0.6117	Eval_GAUC: 0.7246	Eval_AUC: 0.7245
Epoch 3 Global_step 243000	Train_loss: 0.5384	logloss: 0.6148	Eval_GAUC: 0.7238	Eval_AUC: 0.7230
Epoch 3 Global_step 244000	Train_loss: 0.5381	logloss: 0.6116	Eval_GAUC: 0.7244	Eval_AUC: 0.7249
Epoch 3 Global_step 245000	Train_loss: 0.5327	logloss: 0.6105	Eval_GAUC: 0.7250	Eval_AUC: 0.7273
Epoch 3 Global_step 246000	Train_loss: 0.5350	logloss: 0.6102	Eval_GAUC: 0.7269	Eval_AUC: 0.7265
Epoch 3 Global_step 247000	Train_loss: 0.5438	logloss: 0.6080	Eval_GAUC: 0.7260	Eval_AUC: 0.7269
Epoch 3 Global_step 248000	Train_loss: 0.5369	logloss: 0.6148	Eval_GAUC: 0.7256	Eval_AUC: 0.7240
Epoch 3 Global_step 249000	Train_loss: 0.5376	logloss: 0.6162	Eval_GAUC: 0.7215	Eval_AUC: 0.7196
Epoch 3 Global_step 250000	Train_loss: 0.5314	logloss: 0.6164	Eval_GAUC: 0.7237	Eval_AUC: 0.7207
Epoch 3 Global_step 251000	Train_loss: 0.5358	logloss: 0.6165	Eval_GAUC: 0.7232	Eval_AUC: 0.7210
Epoch 3 Global_step 252000	Train_loss: 0.5345	logloss: 0.6190	Eval_GAUC: 0.7233	Eval_AUC: 0.7198
Epoch 3 Global_step 253000	Train_loss: 0.5341	logloss: 0.6115	Eval_GAUC: 0.7245	Eval_AUC: 0.7254
Epoch 3 Global_step 254000	Train_loss: 0.5344	logloss: 0.6116	Eval_GAUC: 0.7241	Eval_AUC: 0.7253
Epoch 3 Global_step 255000	Train_loss: 0.5288	logloss: 0.6193	Eval_GAUC: 0.7242	Eval_AUC: 0.7217
Epoch 3 Global_step 256000	Train_loss: 0.5316	logloss: 0.6214	Eval_GAUC: 0.7212	Eval_AUC: 0.7190
Epoch 3 Global_step 257000	Train_loss: 0.5334	logloss: 0.6197	Eval_GAUC: 0.7196	Eval_AUC: 0.7189
Epoch 3 Global_step 258000	Train_loss: 0.5354	logloss: 0.6154	Eval_GAUC: 0.7258	Eval_AUC: 0.7245
Epoch 3 Global_step 259000	Train_loss: 0.5398	logloss: 0.6156	Eval_GAUC: 0.7202	Eval_AUC: 0.7208
Epoch 3 Global_step 260000	Train_loss: 0.5361	logloss: 0.6207	Eval_GAUC: 0.7196	Eval_AUC: 0.7184
Epoch 3 Global_step 261000	Train_loss: 0.5334	logloss: 0.6206	Eval_GAUC: 0.7222	Eval_AUC: 0.7198
Epoch 3 Global_step 262000	Train_loss: 0.5345	logloss: 0.6185	Eval_GAUC: 0.7231	Eval_AUC: 0.7210
Epoch 3 Global_step 263000	Train_loss: 0.5295	logloss: 0.6204	Eval_GAUC: 0.7221	Eval_AUC: 0.7210
Epoch 3 Global_step 264000	Train_loss: 0.5360	logloss: 0.6160	Eval_GAUC: 0.7204	Eval_AUC: 0.7205
Epoch 3 Global_step 265000	Train_loss: 0.5342	logloss: 0.6201	Eval_GAUC: 0.7185	Eval_AUC: 0.7178
Epoch 3 Global_step 266000	Train_loss: 0.5345	logloss: 0.6182	Eval_GAUC: 0.7209	Eval_AUC: 0.7193
Epoch 3 Global_step 267000	Train_loss: 0.5433	logloss: 0.6157	Eval_GAUC: 0.7222	Eval_AUC: 0.7205
Epoch 3 Global_step 268000	Train_loss: 0.5323	logloss: 0.6126	Eval_GAUC: 0.7248	Eval_AUC: 0.7269
Epoch 3 Global_step 269000	Train_loss: 0.5333	logloss: 0.6138	Eval_GAUC: 0.7238	Eval_AUC: 0.7242
Epoch 3 Global_step 270000	Train_loss: 0.5290	logloss: 0.6142	Eval_GAUC: 0.7241	Eval_AUC: 0.7235
Epoch 3 Global_step 271000	Train_loss: 0.5287	logloss: 0.6130	Eval_GAUC: 0.7271	Eval_AUC: 0.7267
Epoch 3 Global_step 272000	Train_loss: 0.5309	logloss: 0.6154	Eval_GAUC: 0.7258	Eval_AUC: 0.7257
Epoch 3 Global_step 273000	Train_loss: 0.5336	logloss: 0.6178	Eval_GAUC: 0.7295	Eval_AUC: 0.7272
Epoch 3 Global_step 274000	Train_loss: 0.5349	logloss: 0.6137	Eval_GAUC: 0.7254	Eval_AUC: 0.7264
Epoch 3 Global_step 275000	Train_loss: 0.5311	logloss: 0.6171	Eval_GAUC: 0.7234	Eval_AUC: 0.7210
Epoch 3 Global_step 276000	Train_loss: 0.5279	logloss: 0.6262	Eval_GAUC: 0.7241	Eval_AUC: 0.7169
Epoch 3 Global_step 277000	Train_loss: 0.5327	logloss: 0.6112	Eval_GAUC: 0.7275	Eval_AUC: 0.7290
Epoch 3 Global_step 278000	Train_loss: 0.5286	logloss: 0.6164	Eval_GAUC: 0.7261	Eval_AUC: 0.7254
Epoch 3 Global_step 279000	Train_loss: 0.5261	logloss: 0.6154	Eval_GAUC: 0.7247	Eval_AUC: 0.7241
Epoch 3 Global_step 280000	Train_loss: 0.5283	logloss: 0.6170	Eval_GAUC: 0.7239	Eval_AUC: 0.7225
Epoch 3 Global_step 281000	Train_loss: 0.5305	logloss: 0.6166	Eval_GAUC: 0.7233	Eval_AUC: 0.7238
Epoch 3 Global_step 282000	Train_loss: 0.5295	logloss: 0.6198	Eval_GAUC: 0.7230	Eval_AUC: 0.7211
Epoch 3 Global_step 283000	Train_loss: 0.5327	logloss: 0.6155	Eval_GAUC: 0.7245	Eval_AUC: 0.7249
Epoch 3 Global_step 284000	Train_loss: 0.5283	logloss: 0.6180	Eval_GAUC: 0.7258	Eval_AUC: 0.7246
Epoch 3 Global_step 285000	Train_loss: 0.5250	logloss: 0.6212	Eval_GAUC: 0.7239	Eval_AUC: 0.7217
Epoch 3 Global_step 286000	Train_loss: 0.5280	logloss: 0.6152	Eval_GAUC: 0.7252	Eval_AUC: 0.7236
Epoch 3 Global_step 287000	Train_loss: 0.5297	logloss: 0.6219	Eval_GAUC: 0.7247	Eval_AUC: 0.7228
Epoch 3 Global_step 288000	Train_loss: 0.5341	logloss: 0.6198	Eval_GAUC: 0.7246	Eval_AUC: 0.7219
Epoch 3 Global_step 289000	Train_loss: 0.5310	logloss: 0.6180	Eval_GAUC: 0.7232	Eval_AUC: 0.7199
Epoch 3 Global_step 290000	Train_loss: 0.5316	logloss: 0.6146	Eval_GAUC: 0.7233	Eval_AUC: 0.7247
Epoch 3 Global_step 291000	Train_loss: 0.5318	logloss: 0.6156	Eval_GAUC: 0.7254	Eval_AUC: 0.7250
Epoch 3 Global_step 292000	Train_loss: 0.5275	logloss: 0.6180	Eval_GAUC: 0.7223	Eval_AUC: 0.7217
Epoch 3 Global_step 293000	Train_loss: 0.5314	logloss: 0.6161	Eval_GAUC: 0.7203	Eval_AUC: 0.7213
Epoch 3 Global_step 294000	Train_loss: 0.5354	logloss: 0.6138	Eval_GAUC: 0.7252	Eval_AUC: 0.7251
Epoch 3 Global_step 295000	Train_loss: 0.5276	logloss: 0.6271	Eval_GAUC: 0.7214	Eval_AUC: 0.7191
Epoch 3 Global_step 296000	Train_loss: 0.5279	logloss: 0.6259	Eval_GAUC: 0.7220	Eval_AUC: 0.7197
Epoch 3 Global_step 297000	Train_loss: 0.5307	logloss: 0.6167	Eval_GAUC: 0.7234	Eval_AUC: 0.7232
Epoch 3 Global_step 298000	Train_loss: 0.5300	logloss: 0.6194	Eval_GAUC: 0.7232	Eval_AUC: 0.7211
Epoch 3 Global_step 299000	Train_loss: 0.5319	logloss: 0.6199	Eval_GAUC: 0.7219	Eval_AUC: 0.7200
Epoch 3 Global_step 300000	Train_loss: 0.5227	logloss: 0.6193	Eval_GAUC: 0.7253	Eval_AUC: 0.7239
Epoch 3 Global_step 301000	Train_loss: 0.5260	logloss: 0.6175	Eval_GAUC: 0.7256	Eval_AUC: 0.7234
Epoch 3 Global_step 302000	Train_loss: 0.5315	logloss: 0.6169	Eval_GAUC: 0.7257	Eval_AUC: 0.7237
Epoch 3 Global_step 303000	Train_loss: 0.5269	logloss: 0.6157	Eval_GAUC: 0.7250	Eval_AUC: 0.7250
Epoch 3 Global_step 304000	Train_loss: 0.5228	logloss: 0.6198	Eval_GAUC: 0.7241	Eval_AUC: 0.7226
Epoch 3 Global_step 305000	Train_loss: 0.5267	logloss: 0.6212	Eval_GAUC: 0.7273	Eval_AUC: 0.7231
Epoch 3 Global_step 306000	Train_loss: 0.5259	logloss: 0.6207	Eval_GAUC: 0.7239	Eval_AUC: 0.7215
Epoch 3 Global_step 307000	Train_loss: 0.5299	logloss: 0.6189	Eval_GAUC: 0.7264	Eval_AUC: 0.7248
Epoch 3 Global_step 308000	Train_loss: 0.5251	logloss: 0.6179	Eval_GAUC: 0.7243	Eval_AUC: 0.7229
Epoch 3 Global_step 309000	Train_loss: 0.5243	logloss: 0.6216	Eval_GAUC: 0.7218	Eval_AUC: 0.7190
Epoch 3 Global_step 310000	Train_loss: 0.5300	logloss: 0.6213	Eval_GAUC: 0.7236	Eval_AUC: 0.7221
Epoch 3 Global_step 311000	Train_loss: 0.5264	logloss: 0.6185	Eval_GAUC: 0.7268	Eval_AUC: 0.7248
Epoch 3 Global_step 312000	Train_loss: 0.5279	logloss: 0.6152	Eval_GAUC: 0.7249	Eval_AUC: 0.7237
Epoch 3 Global_step 313000	Train_loss: 0.5269	logloss: 0.6178	Eval_GAUC: 0.7218	Eval_AUC: 0.7227
Epoch 3 Global_step 314000	Train_loss: 0.5310	logloss: 0.6273	Eval_GAUC: 0.7224	Eval_AUC: 0.7189
Epoch 3 Global_step 315000	Train_loss: 0.5305	logloss: 0.6192	Eval_GAUC: 0.7214	Eval_AUC: 0.7216
Epoch 3 Global_step 316000	Train_loss: 0.5290	logloss: 0.6177	Eval_GAUC: 0.7245	Eval_AUC: 0.7229
Epoch 3 Global_step 317000	Train_loss: 0.5259	logloss: 0.6191	Eval_GAUC: 0.7242	Eval_AUC: 0.7249
Epoch 3 Global_step 318000	Train_loss: 0.5263	logloss: 0.6180	Eval_GAUC: 0.7240	Eval_AUC: 0.7241
Epoch 3 Global_step 319000	Train_loss: 0.5250	logloss: 0.6138	Eval_GAUC: 0.7258	Eval_AUC: 0.7265
Epoch 3 Global_step 320000	Train_loss: 0.5225	logloss: 0.6162	Eval_GAUC: 0.7264	Eval_AUC: 0.7257
Epoch 3 DONE	Cost time: 118196.47
Epoch 4 Global_step 321000	Train_loss: 0.3817	logloss: 0.6184	Eval_GAUC: 0.7263	Eval_AUC: 0.7259
Epoch 4 Global_step 322000	Train_loss: 0.5299	logloss: 0.6156	Eval_GAUC: 0.7254	Eval_AUC: 0.7244
Epoch 4 Global_step 323000	Train_loss: 0.5240	logloss: 0.6178	Eval_GAUC: 0.7243	Eval_AUC: 0.7235
Epoch 4 Global_step 324000	Train_loss: 0.5256	logloss: 0.6213	Eval_GAUC: 0.7264	Eval_AUC: 0.7239
Epoch 4 Global_step 325000	Train_loss: 0.5198	logloss: 0.6157	Eval_GAUC: 0.7271	Eval_AUC: 0.7266
Epoch 4 Global_step 326000	Train_loss: 0.5211	logloss: 0.6153	Eval_GAUC: 0.7270	Eval_AUC: 0.7255
Epoch 4 Global_step 327000	Train_loss: 0.5290	logloss: 0.6125	Eval_GAUC: 0.7249	Eval_AUC: 0.7265
Epoch 4 Global_step 328000	Train_loss: 0.5243	logloss: 0.6137	Eval_GAUC: 0.7284	Eval_AUC: 0.7279
Epoch 4 Global_step 329000	Train_loss: 0.5253	logloss: 0.6209	Eval_GAUC: 0.7242	Eval_AUC: 0.7210
Epoch 4 Global_step 330000	Train_loss: 0.5202	logloss: 0.6174	Eval_GAUC: 0.7255	Eval_AUC: 0.7247
Epoch 4 Global_step 331000	Train_loss: 0.5230	logloss: 0.6258	Eval_GAUC: 0.7214	Eval_AUC: 0.7176
Epoch 4 Global_step 332000	Train_loss: 0.5215	logloss: 0.6262	Eval_GAUC: 0.7221	Eval_AUC: 0.7177
Epoch 4 Global_step 333000	Train_loss: 0.5202	logloss: 0.6177	Eval_GAUC: 0.7257	Eval_AUC: 0.7236
Epoch 4 Global_step 334000	Train_loss: 0.5205	logloss: 0.6202	Eval_GAUC: 0.7240	Eval_AUC: 0.7217
Epoch 4 Global_step 335000	Train_loss: 0.5175	logloss: 0.6277	Eval_GAUC: 0.7230	Eval_AUC: 0.7188
Epoch 4 Global_step 336000	Train_loss: 0.5162	logloss: 0.6235	Eval_GAUC: 0.7251	Eval_AUC: 0.7209
Epoch 4 Global_step 337000	Train_loss: 0.5213	logloss: 0.6230	Eval_GAUC: 0.7235	Eval_AUC: 0.7232
Epoch 4 Global_step 338000	Train_loss: 0.5220	logloss: 0.6252	Eval_GAUC: 0.7244	Eval_AUC: 0.7213
Epoch 4 Global_step 339000	Train_loss: 0.5259	logloss: 0.6249	Eval_GAUC: 0.7218	Eval_AUC: 0.7202
Epoch 4 Global_step 340000	Train_loss: 0.5230	logloss: 0.6242	Eval_GAUC: 0.7223	Eval_AUC: 0.7197
Epoch 4 Global_step 341000	Train_loss: 0.5211	logloss: 0.6228	Eval_GAUC: 0.7241	Eval_AUC: 0.7221
Epoch 4 Global_step 342000	Train_loss: 0.5213	logloss: 0.6283	Eval_GAUC: 0.7244	Eval_AUC: 0.7195
Epoch 4 Global_step 343000	Train_loss: 0.5184	logloss: 0.6238	Eval_GAUC: 0.7206	Eval_AUC: 0.7194
Epoch 4 Global_step 344000	Train_loss: 0.5217	logloss: 0.6243	Eval_GAUC: 0.7232	Eval_AUC: 0.7207
Epoch 4 Global_step 345000	Train_loss: 0.5231	logloss: 0.6195	Eval_GAUC: 0.7253	Eval_AUC: 0.7235
Epoch 4 Global_step 346000	Train_loss: 0.5247	logloss: 0.6256	Eval_GAUC: 0.7227	Eval_AUC: 0.7191
Epoch 4 Global_step 347000	Train_loss: 0.5301	logloss: 0.6272	Eval_GAUC: 0.7221	Eval_AUC: 0.7176
Epoch 4 Global_step 348000	Train_loss: 0.5236	logloss: 0.6199	Eval_GAUC: 0.7238	Eval_AUC: 0.7227
Epoch 4 Global_step 349000	Train_loss: 0.5210	logloss: 0.6191	Eval_GAUC: 0.7252	Eval_AUC: 0.7243
Epoch 4 Global_step 350000	Train_loss: 0.5169	logloss: 0.6231	Eval_GAUC: 0.7275	Eval_AUC: 0.7245
Epoch 4 Global_step 351000	Train_loss: 0.5173	logloss: 0.6165	Eval_GAUC: 0.7265	Eval_AUC: 0.7268
Epoch 4 Global_step 352000	Train_loss: 0.5207	logloss: 0.6187	Eval_GAUC: 0.7271	Eval_AUC: 0.7263
Epoch 4 Global_step 353000	Train_loss: 0.5198	logloss: 0.6186	Eval_GAUC: 0.7294	Eval_AUC: 0.7277
Epoch 4 Global_step 354000	Train_loss: 0.5222	logloss: 0.6258	Eval_GAUC: 0.7251	Eval_AUC: 0.7205
Epoch 4 Global_step 355000	Train_loss: 0.5182	logloss: 0.6237	Eval_GAUC: 0.7244	Eval_AUC: 0.7209
Epoch 4 Global_step 356000	Train_loss: 0.5155	logloss: 0.6233	Eval_GAUC: 0.7260	Eval_AUC: 0.7225
Epoch 4 Global_step 357000	Train_loss: 0.5216	logloss: 0.6241	Eval_GAUC: 0.7225	Eval_AUC: 0.7208
Epoch 4 Global_step 358000	Train_loss: 0.5141	logloss: 0.6243	Eval_GAUC: 0.7263	Eval_AUC: 0.7221
Epoch 4 Global_step 359000	Train_loss: 0.5135	logloss: 0.6261	Eval_GAUC: 0.7266	Eval_AUC: 0.7223
Epoch 4 Global_step 360000	Train_loss: 0.5166	logloss: 0.6190	Eval_GAUC: 0.7258	Eval_AUC: 0.7248
Epoch 4 Global_step 361000	Train_loss: 0.5169	logloss: 0.6245	Eval_GAUC: 0.7250	Eval_AUC: 0.7208
Epoch 4 Global_step 362000	Train_loss: 0.5144	logloss: 0.6231	Eval_GAUC: 0.7248	Eval_AUC: 0.7229
Epoch 4 Global_step 363000	Train_loss: 0.5196	logloss: 0.6192	Eval_GAUC: 0.7238	Eval_AUC: 0.7221
Epoch 4 Global_step 364000	Train_loss: 0.5154	logloss: 0.6247	Eval_GAUC: 0.7256	Eval_AUC: 0.7235
Epoch 4 Global_step 365000	Train_loss: 0.5125	logloss: 0.6326	Eval_GAUC: 0.7219	Eval_AUC: 0.7171
Epoch 4 Global_step 366000	Train_loss: 0.5113	logloss: 0.6264	Eval_GAUC: 0.7263	Eval_AUC: 0.7215
Epoch 4 Global_step 367000	Train_loss: 0.5166	logloss: 0.6353	Eval_GAUC: 0.7239	Eval_AUC: 0.7177
Epoch 4 Global_step 368000	Train_loss: 0.5203	logloss: 0.6246	Eval_GAUC: 0.7228	Eval_AUC: 0.7200
Epoch 4 Global_step 369000	Train_loss: 0.5162	logloss: 0.6269	Eval_GAUC: 0.7240	Eval_AUC: 0.7208
Epoch 4 Global_step 370000	Train_loss: 0.5185	logloss: 0.6194	Eval_GAUC: 0.7255	Eval_AUC: 0.7252
Epoch 4 Global_step 371000	Train_loss: 0.5173	logloss: 0.6141	Eval_GAUC: 0.7276	Eval_AUC: 0.7288
Epoch 4 Global_step 372000	Train_loss: 0.5146	logloss: 0.6230	Eval_GAUC: 0.7252	Eval_AUC: 0.7233
Epoch 4 Global_step 373000	Train_loss: 0.5161	logloss: 0.6227	Eval_GAUC: 0.7223	Eval_AUC: 0.7216
Epoch 4 Global_step 374000	Train_loss: 0.5227	logloss: 0.6178	Eval_GAUC: 0.7242	Eval_AUC: 0.7234
Epoch 4 Global_step 375000	Train_loss: 0.5144	logloss: 0.6211	Eval_GAUC: 0.7246	Eval_AUC: 0.7239
Epoch 4 Global_step 376000	Train_loss: 0.5149	logloss: 0.6244	Eval_GAUC: 0.7247	Eval_AUC: 0.7229
Epoch 4 Global_step 377000	Train_loss: 0.5152	logloss: 0.6189	Eval_GAUC: 0.7229	Eval_AUC: 0.7237
Epoch 4 Global_step 378000	Train_loss: 0.5151	logloss: 0.6406	Eval_GAUC: 0.7216	Eval_AUC: 0.7153
Epoch 4 Global_step 379000	Train_loss: 0.5178	logloss: 0.6329	Eval_GAUC: 0.7218	Eval_AUC: 0.7170
Epoch 4 Global_step 380000	Train_loss: 0.5115	logloss: 0.6241	Eval_GAUC: 0.7222	Eval_AUC: 0.7210
Epoch 4 Global_step 381000	Train_loss: 0.5089	logloss: 0.6246	Eval_GAUC: 0.7234	Eval_AUC: 0.7204
Epoch 4 Global_step 382000	Train_loss: 0.5174	logloss: 0.6273	Eval_GAUC: 0.7233	Eval_AUC: 0.7209
Epoch 4 Global_step 383000	Train_loss: 0.5139	logloss: 0.6243	Eval_GAUC: 0.7246	Eval_AUC: 0.7225
Epoch 4 Global_step 384000	Train_loss: 0.5076	logloss: 0.6266	Eval_GAUC: 0.7224	Eval_AUC: 0.7220
Epoch 4 Global_step 385000	Train_loss: 0.5161	logloss: 0.6263	Eval_GAUC: 0.7235	Eval_AUC: 0.7203
Epoch 4 Global_step 386000	Train_loss: 0.5154	logloss: 0.6250	Eval_GAUC: 0.7248	Eval_AUC: 0.7206
Epoch 4 Global_step 387000	Train_loss: 0.5181	logloss: 0.6194	Eval_GAUC: 0.7244	Eval_AUC: 0.7216
Epoch 4 Global_step 388000	Train_loss: 0.5154	logloss: 0.6199	Eval_GAUC: 0.7234	Eval_AUC: 0.7230
Epoch 4 Global_step 389000	Train_loss: 0.5116	logloss: 0.6313	Eval_GAUC: 0.7239	Eval_AUC: 0.7187
Epoch 4 Global_step 390000	Train_loss: 0.5202	logloss: 0.6197	Eval_GAUC: 0.7246	Eval_AUC: 0.7232
Epoch 4 Global_step 391000	Train_loss: 0.5129	logloss: 0.6306	Eval_GAUC: 0.7253	Eval_AUC: 0.7193
Epoch 4 Global_step 392000	Train_loss: 0.5149	logloss: 0.6290	Eval_GAUC: 0.7243	Eval_AUC: 0.7192
Epoch 4 Global_step 393000	Train_loss: 0.5138	logloss: 0.6298	Eval_GAUC: 0.7216	Eval_AUC: 0.7183
Epoch 4 Global_step 394000	Train_loss: 0.5143	logloss: 0.6282	Eval_GAUC: 0.7254	Eval_AUC: 0.7207
Epoch 4 Global_step 395000	Train_loss: 0.5147	logloss: 0.6298	Eval_GAUC: 0.7202	Eval_AUC: 0.7181
Epoch 4 Global_step 396000	Train_loss: 0.5150	logloss: 0.6246	Eval_GAUC: 0.7223	Eval_AUC: 0.7212
Epoch 4 Global_step 397000	Train_loss: 0.5141	logloss: 0.6270	Eval_GAUC: 0.7213	Eval_AUC: 0.7189
Epoch 4 Global_step 398000	Train_loss: 0.5129	logloss: 0.6314	Eval_GAUC: 0.7226	Eval_AUC: 0.7189
Epoch 4 Global_step 399000	Train_loss: 0.5113	logloss: 0.6224	Eval_GAUC: 0.7261	Eval_AUC: 0.7237
Epoch 4 Global_step 400000	Train_loss: 0.5085	logloss: 0.6315	Eval_GAUC: 0.7267	Eval_AUC: 0.7227
Epoch 4 DONE	Cost time: 148955.92
Epoch 5 Global_step 401000	Train_loss: 0.3352	logloss: 0.6268	Eval_GAUC: 0.7272	Eval_AUC: 0.7234
Epoch 5 Global_step 402000	Train_loss: 0.5185	logloss: 0.6295	Eval_GAUC: 0.7223	Eval_AUC: 0.7184
Epoch 5 Global_step 403000	Train_loss: 0.5096	logloss: 0.6287	Eval_GAUC: 0.7260	Eval_AUC: 0.7217
Epoch 5 Global_step 404000	Train_loss: 0.5123	logloss: 0.6287	Eval_GAUC: 0.7250	Eval_AUC: 0.7219
Epoch 5 Global_step 405000	Train_loss: 0.5125	logloss: 0.6245	Eval_GAUC: 0.7261	Eval_AUC: 0.7234
Epoch 5 Global_step 406000	Train_loss: 0.5198	logloss: 0.6205	Eval_GAUC: 0.7228	Eval_AUC: 0.7226
Epoch 5 Global_step 407000	Train_loss: 0.5210	logloss: 0.6177	Eval_GAUC: 0.7279	Eval_AUC: 0.7267
Epoch 5 Global_step 408000	Train_loss: 0.5215	logloss: 0.6224	Eval_GAUC: 0.7267	Eval_AUC: 0.7242
Epoch 5 Global_step 409000	Train_loss: 0.5209	logloss: 0.6327	Eval_GAUC: 0.7225	Eval_AUC: 0.7162
Epoch 5 Global_step 410000	Train_loss: 0.5131	logloss: 0.6229	Eval_GAUC: 0.7262	Eval_AUC: 0.7234
Epoch 5 Global_step 411000	Train_loss: 0.5154	logloss: 0.6291	Eval_GAUC: 0.7251	Eval_AUC: 0.7198
Epoch 5 Global_step 412000	Train_loss: 0.5117	logloss: 0.6294	Eval_GAUC: 0.7237	Eval_AUC: 0.7184
Epoch 5 Global_step 413000	Train_loss: 0.5126	logloss: 0.6252	Eval_GAUC: 0.7265	Eval_AUC: 0.7239
Epoch 5 Global_step 414000	Train_loss: 0.5118	logloss: 0.6308	Eval_GAUC: 0.7238	Eval_AUC: 0.7199
Epoch 5 Global_step 415000	Train_loss: 0.5081	logloss: 0.6304	Eval_GAUC: 0.7242	Eval_AUC: 0.7205
Epoch 5 Global_step 416000	Train_loss: 0.5034	logloss: 0.6302	Eval_GAUC: 0.7244	Eval_AUC: 0.7212
Epoch 5 Global_step 417000	Train_loss: 0.5089	logloss: 0.6306	Eval_GAUC: 0.7221	Eval_AUC: 0.7184
Epoch 5 Global_step 418000	Train_loss: 0.5103	logloss: 0.6263	Eval_GAUC: 0.7253	Eval_AUC: 0.7215
Epoch 5 Global_step 419000	Train_loss: 0.5160	logloss: 0.6275	Eval_GAUC: 0.7201	Eval_AUC: 0.7181
Epoch 5 Global_step 420000	Train_loss: 0.5130	logloss: 0.6316	Eval_GAUC: 0.7197	Eval_AUC: 0.7166
Epoch 5 Global_step 421000	Train_loss: 0.5124	logloss: 0.6309	Eval_GAUC: 0.7213	Eval_AUC: 0.7171
Epoch 5 Global_step 422000	Train_loss: 0.5124	logloss: 0.6285	Eval_GAUC: 0.7238	Eval_AUC: 0.7210
Epoch 5 Global_step 423000	Train_loss: 0.5107	logloss: 0.6330	Eval_GAUC: 0.7183	Eval_AUC: 0.7144
Epoch 5 Global_step 424000	Train_loss: 0.5135	logloss: 0.6372	Eval_GAUC: 0.7188	Eval_AUC: 0.7141
Epoch 5 Global_step 425000	Train_loss: 0.5084	logloss: 0.6258	Eval_GAUC: 0.7248	Eval_AUC: 0.7227
Epoch 5 Global_step 426000	Train_loss: 0.5127	logloss: 0.6319	Eval_GAUC: 0.7229	Eval_AUC: 0.7191
Epoch 5 Global_step 427000	Train_loss: 0.5173	logloss: 0.6377	Eval_GAUC: 0.7218	Eval_AUC: 0.7163
Epoch 5 Global_step 428000	Train_loss: 0.5129	logloss: 0.6319	Eval_GAUC: 0.7260	Eval_AUC: 0.7219
Epoch 5 Global_step 429000	Train_loss: 0.5113	logloss: 0.6300	Eval_GAUC: 0.7242	Eval_AUC: 0.7194
Epoch 5 Global_step 430000	Train_loss: 0.5062	logloss: 0.6389	Eval_GAUC: 0.7246	Eval_AUC: 0.7182
Epoch 5 Global_step 431000	Train_loss: 0.5041	logloss: 0.6339	Eval_GAUC: 0.7287	Eval_AUC: 0.7244
Epoch 5 Global_step 432000	Train_loss: 0.5138	logloss: 0.6268	Eval_GAUC: 0.7273	Eval_AUC: 0.7250
Epoch 5 Global_step 433000	Train_loss: 0.5135	logloss: 0.6309	Eval_GAUC: 0.7236	Eval_AUC: 0.7222
Epoch 5 Global_step 434000	Train_loss: 0.5142	logloss: 0.6300	Eval_GAUC: 0.7224	Eval_AUC: 0.7188
Epoch 5 Global_step 435000	Train_loss: 0.5083	logloss: 0.6313	Eval_GAUC: 0.7240	Eval_AUC: 0.7185
Epoch 5 Global_step 436000	Train_loss: 0.5075	logloss: 0.6321	Eval_GAUC: 0.7233	Eval_AUC: 0.7185
Epoch 5 Global_step 437000	Train_loss: 0.5117	logloss: 0.6325	Eval_GAUC: 0.7230	Eval_AUC: 0.7180
Epoch 5 Global_step 438000	Train_loss: 0.5062	logloss: 0.6388	Eval_GAUC: 0.7234	Eval_AUC: 0.7166
Epoch 5 Global_step 439000	Train_loss: 0.5035	logloss: 0.6418	Eval_GAUC: 0.7245	Eval_AUC: 0.7171
Epoch 5 Global_step 440000	Train_loss: 0.5042	logloss: 0.6340	Eval_GAUC: 0.7234	Eval_AUC: 0.7201
Epoch 5 Global_step 441000	Train_loss: 0.5049	logloss: 0.6354	Eval_GAUC: 0.7244	Eval_AUC: 0.7185
Epoch 5 Global_step 442000	Train_loss: 0.5044	logloss: 0.6304	Eval_GAUC: 0.7226	Eval_AUC: 0.7212
Epoch 5 Global_step 443000	Train_loss: 0.5093	logloss: 0.6320	Eval_GAUC: 0.7219	Eval_AUC: 0.7171
Epoch 5 Global_step 444000	Train_loss: 0.5088	logloss: 0.6316	Eval_GAUC: 0.7247	Eval_AUC: 0.7217
Epoch 5 Global_step 445000	Train_loss: 0.5037	logloss: 0.6403	Eval_GAUC: 0.7204	Eval_AUC: 0.7145
Epoch 5 Global_step 446000	Train_loss: 0.5028	logloss: 0.6311	Eval_GAUC: 0.7251	Eval_AUC: 0.7200
Epoch 5 Global_step 447000	Train_loss: 0.5097	logloss: 0.6369	Eval_GAUC: 0.7212	Eval_AUC: 0.7163
Epoch 5 Global_step 448000	Train_loss: 0.5114	logloss: 0.6344	Eval_GAUC: 0.7226	Eval_AUC: 0.7190
Epoch 5 Global_step 449000	Train_loss: 0.5082	logloss: 0.6388	Eval_GAUC: 0.7209	Eval_AUC: 0.7159
Epoch 5 Global_step 450000	Train_loss: 0.5117	logloss: 0.6397	Eval_GAUC: 0.7211	Eval_AUC: 0.7146
Epoch 5 Global_step 451000	Train_loss: 0.5094	logloss: 0.6339	Eval_GAUC: 0.7246	Eval_AUC: 0.7209
Epoch 5 Global_step 452000	Train_loss: 0.5043	logloss: 0.6370	Eval_GAUC: 0.7229	Eval_AUC: 0.7172
